GCD

name mean std 0.95 significance
cit-HepTh_split_1, 1.49308320787, 0.085244393581, 0.0244721460313
1.44194740147
1.40086810006
1.49041363253
1.54528913914
1.37846329157
1.43919665
1.5694840413
1.5583573115
1.47565972931
1.45882493947
1.42119839361
1.76970509507
1.5001986213
1.46458339976
1.39635204672
1.34783732067
1.60912789601
1.46989799081
1.52586875292
1.45700629083
1.54009991046
1.51357478071
1.38484097314
1.44010469962
1.43309647408
1.57554256565
1.63661453718
1.57806159478
1.54613179676
1.55561365718
1.53720398542
1.43356229929
1.38969420847
1.63689198796
1.42689228419
1.57208734464
1.46918062493
1.54708593444
1.50267387261
1.53218503306
1.25670935461
1.5516098098
1.43532285724
1.54957423051
1.52544517093
1.43035245506
1.55323623513
1.46663631056
1.45194839353
1.46190696768
Output:  /tmp/outfig_cit-HepTh_split_1.pdf
GCD

name mean std 0.95 significance
cit-HepTh_split_2, 1.45818684889, 0.0724034759647, 0.0207857474557
1.40321994556
1.62475734712
1.50441920493
1.49826792428
1.42714369445
1.44299954612
1.28660793746
1.44945137125
1.35515478428
1.41723108696
1.47011195888
1.4277561011
1.44000214669
1.47448386945
1.37151755487
1.43789308629
1.49077050364
1.45262274474
1.39216249687
1.50129143895
1.43906700642
1.41619865638
1.4082048347
1.56841473331
1.38173717885
1.59915853431
1.53900502851
1.33591084428
1.39913095031
1.53422811338
1.46769871604
1.36180061226
1.46000192588
1.43445133703
1.56932132465
1.46335842417
1.54636144123
1.40867387115
1.3826265814
1.50272937849
1.34330710826
1.58268008364
1.4894543168
1.52769321104
1.40711529172
1.4430480494
1.56547959719
1.45530897604
1.52733088392
1.48198068991
Output:  /tmp/outfig_cit-HepTh_split_2.pdf
GCD

name mean std 0.95 significance
cit-HepTh_split_3, 1.37505042864, 0.0766980862615, 0.0220186535263
1.23224328071
1.2262154974
1.36485407514
1.3707210056
1.44237594936
1.29498023913
1.35679999278
1.41626553949
1.39570765797
1.48029471126
1.4140312846
1.37868289613
1.45317050277
1.32842528425
1.37230753057
1.3549612431
1.42266277565
1.32816783434
1.36287864961
1.4395728426
1.24869585695
1.5180566905
1.29090176343
1.38613004096
1.45423821375
1.40507533336
1.39575057439
1.29685616125
1.4000180544
1.54565567342
1.39926406706
1.32890450827
1.48979030584
1.29653198293
1.3091940762
1.31925394806
1.42195999872
1.38528152762
1.35312116571
1.19911167328
1.33461586259
1.35960521424
1.51725262697
1.41849864301
1.2938544224
1.45443586533
1.4912397296
1.29563079567
1.34623951073
1.36203835312
Output:  /tmp/outfig_cit-HepTh_split_3.pdf
GCD

name mean std 0.95 significance
cit-HepTh_split_4, 1.27989219977, 0.070662236368, 0.0202858686027
1.24556254846
1.36080071875
1.25059911996
1.34613439822
1.26782936393
1.34771221641
1.29187990487
1.24148323403
1.16455707853
1.30289860424
1.36126856586
1.28353443608
1.23759387989
1.26003048979
1.36232465732
1.32639029411
1.16933783421
1.24596111723
1.20626442189
1.26286620306
1.31258382438
1.25835259694
1.28226429199
1.44618285324
1.46939848424
1.30578789572
1.30810541015
1.20627747313
1.19045842572
1.29739436368
1.43811275386
1.20187959361
1.29158507262
1.33075808689
1.21598048157
1.26059630307
1.20103374303
1.24007303989
1.29171873586
1.23956454982
1.13765698783
1.37844297466
1.23198350645
1.27289027885
1.29986683103
1.15301763125
1.29746015346
1.32234838879
1.3031907527
1.27461541711
Output:  /tmp/outfig_cit-HepTh_split_4.pdf
