GCD

name mean std 0.95 significance
ws-train_split_1, 2.84087128384, 0.860997635463, 0.247177075026
3.35222760239
3.44724699164
3.38728923575
1.46811169652
1.5398272388
3.43036949705
3.43856035182
3.41511210388
3.43535239756
1.55648847532
3.44340336849
3.37335638139
3.42395915227
1.53517156536
3.41164554724
3.36265423371
3.43474115363
1.56935931163
3.39510899304
3.37292218508
3.35112307916
3.47452267716
3.36256938813
3.34695011641
3.41273365741
3.46664835525
3.41760172061
3.4178276836
1.50919439239
3.41031286507
1.55699228978
3.45004218304
1.54967681756
1.51841182222
3.41587154405
1.48481878328
1.58157776461
1.48272478755
3.45728751314
3.34810140099
3.43520550102
3.38013591421
3.43437750998
3.30859264537
1.49739589108
1.49096647086
1.56392175675
3.39578649948
3.3755797885
3.35370589049
Output:  /tmp/outfig_ws-train_split_1.pdf
GCD

name mean std 0.95 significance
ws-train_split_2, 3.00698868713, 0.773396142794, 0.222028247858
3.43567903584
1.58934000214
3.46812482182
1.50800339929
3.35704444275
3.35427840265
1.54707987757
3.44771551263
3.3626107013
3.34888269323
3.47693835257
3.48371613378
3.4072786736
3.42051615823
3.44362654496
1.60293951893
3.39051142529
3.393110212
3.45800944214
3.39897379399
3.49694336028
1.52473970372
3.42199083586
3.41568091836
3.43583697
1.56340675502
3.37151575088
3.42654983529
3.38021153731
3.44744271607
3.44575739772
3.39757736279
3.38356806705
3.40012502706
3.38657091296
3.44255713634
1.50868457532
3.35383241213
3.43141153993
1.55476889889
1.53256521064
3.36850534275
3.4747972021
3.45674527467
3.38450530419
3.44264879121
1.54575591451
3.43118074945
1.59993232043
3.42924738874
Output:  /tmp/outfig_ws-train_split_2.pdf
GCD

name mean std 0.95 significance
ws-train_split_3, 3.15736256374, 0.647690111804, 0.185940286901
3.45317546388
3.43534621324
3.37573888009
3.4099850618
3.43058883608
3.44928144694
1.56915923128
3.47620820869
1.53590740173
3.37947828655
1.49065333033
3.3642251818
3.41271007776
3.38595115063
3.39138935121
3.42440584867
3.50594316036
3.36538536695
3.36183631754
3.41886112136
3.47586694585
3.33782108617
3.3899809901
3.44414942794
3.48475606418
3.34162989506
3.51227718814
3.38445219385
3.42678368736
3.43071309098
3.4952641757
3.35739718744
3.40443027174
3.34479085715
3.43193251572
3.40894412345
3.3836003857
1.58947230398
3.44246252548
3.45505268426
3.40256017701
3.51372400504
3.4006815887
1.60579506504
3.43503661373
3.39872054354
1.50216640616
3.43004295024
3.40263753297
1.59875576751
Output:  /tmp/outfig_ws-train_split_3.pdf
GCD

name mean std 0.95 significance
ws-train_split_4, 2.99879524255, 0.770390287687, 0.221165320432
3.44752023067
3.41750898118
3.45098356803
1.59656781741
3.38794019591
1.58044756904
3.36934525815
3.403244489
3.37565969377
3.41777794549
3.46391892522
3.4664653407
1.51436189301
3.49634673514
3.37884488049
3.4255837591
1.51544703045
3.39338073903
3.44489024848
3.46809470226
3.35344524761
3.29782167879
3.42484118122
1.48900126335
3.35158725605
3.38257900318
3.44344722803
3.38015071427
3.40344113234
1.60011147924
3.39931747131
3.44854074803
3.4432595238
1.60174067936
3.39361746603
3.37596544135
3.32650276786
3.38634875941
1.55128266719
1.50495390482
3.38691103886
3.3791431571
3.39539975319
3.36666053304
3.41598011062
3.43070262364
3.46065101275
1.5149266486
3.43266479039
1.58443684334
Output:  /tmp/outfig_ws-train_split_4.pdf
