GCD

name mean std 0.95 significance
as-train-topo_split_1, 1.21931911639, 0.0860474154936, 0.0247026793097
1.51124811314
1.15019832966
1.11911536707
1.18648468185
1.20750216215
1.3568017449
1.27432020596
1.1975423216
1.26988762722
1.22113692015
1.15579294523
1.19908385312
1.10643088678
1.12495814608
1.2222862676
1.13594433508
1.18716207251
1.14846595414
1.12880611609
1.17207034126
1.10816017777
1.18968728547
1.13374252457
1.25715752553
1.28066319076
1.30104995729
1.33121500659
1.30527697811
1.14233159147
1.31324748926
1.22046122357
1.35249737459
1.25396711751
1.15657066765
1.24816048115
1.14123586728
1.28821256483
1.15382036173
1.18961432453
1.10692126922
1.33329297552
1.25960078114
1.10289957409
1.16177232672
1.39650381962
1.21607162628
1.162983847
1.23011525468
1.24327722407
1.31020701968
Output:  /tmp/outfig_as-train-topo_split_1.pdf
GCD

name mean std 0.95 significance
as-train-topo_split_2, 1.18447377589, 0.0725003855838, 0.02081356848
1.20033342194
1.36954163757
1.13926393257
1.26024693213
1.21227506795
1.16033394355
1.3270995114
1.1384090918
1.2517324731
1.17010805186
1.23154779523
1.19214658612
1.21059422572
1.25175673776
1.26638029466
1.18282980615
1.18417819486
1.14790281254
1.14638787962
1.14779522091
1.24628720257
1.24641915391
1.15777694218
1.10381158139
1.13331882436
1.15947901295
1.12940056925
1.03728619534
1.1387774497
1.04576465107
1.15261515962
1.06559297654
1.16264942502
1.34424204732
1.18492564201
1.16066184538
1.12334673244
1.18349166798
1.09005305753
1.12361357127
1.21910142255
1.24536107631
1.2264216735
1.18266088029
1.12165740106
1.0802770592
1.33486172413
1.15228107732
1.23472277779
1.24596637699
Output:  /tmp/outfig_as-train-topo_split_2.pdf

GCD


name mean std 0.95 significance
as-train-topo_split_3, 1.17373178501, 0.0693931284961, 0.0199215303528
1.09429981215
1.15584596421
1.15298173827
1.16455564571
1.10086110851
1.23948528944
1.22061913764
1.12948842704
1.24639380916
1.097059501
1.19680230675
1.13473613435
1.16572096825
1.18108825906
1.09357700459
1.12363264253
1.1154531219
1.18246395821
1.13777393212
1.1642185494
1.20597182912
1.25667255636
1.24467395516
1.10818810003
1.37815845892
1.17055521747
1.19242000078
1.20675953967
1.17780457274
1.14404892779
1.38810919573
1.13624426216
1.19116629735
1.1238903098
1.22459748618
1.18152913248
1.1080709039
1.21597464336
1.19695472786
1.03326178783
1.33692016936
1.08554791686
1.20157013797
1.09032380264
1.18170960981
1.07599006598
1.1895506155
1.18041693117
1.18210277007
1.18034801607
Output:  /tmp/outfig_as-train-topo_split_3.pdf

GCD

name mean std 0.95 significance
as-train-topo_split_4, 0.889111822328, 0.0918590309304, 0.0263710905174
0.979455951766
0.925269394532
0.863770548476
0.901317123214
0.913639656519
0.730731262342
0.84161310296
1.07884440724
0.984911593285
0.80743550496
0.949159858987
0.90217446224
0.861257921125
0.914424792415
0.852376135105
0.80600266444
0.90340371674
0.806500269422
0.806767592288
0.868235502024
0.911857524671
0.930552004131
0.894070288615
0.761265525375
0.715175443537
0.892009513921
0.870830519536
1.000109433
0.984708739577
0.879382258324
1.20521871889
0.831395220956
0.926899060908
0.813790150759
0.949470839765
0.957950081214
1.08893854878
0.787845343114
0.874816615191
0.765538770003
0.862124123354
0.917246785638
0.752117786731
0.87454952758
0.93466280583
0.8697613108
0.899379377842
0.965305091329
0.747257159978
0.894071086973
Output:  /tmp/outfig_as-train-topo_split_4.pdf
