GCD

name mean std 0.95 significance
cit-HepPh_split_1, 1.22135622695, 0.0964926633735, 0.0277013238036
1.15960561222
1.11739028754
1.21273658909
1.28059401312
1.09307154447
1.15959045654
1.31186092335
1.30799263265
1.21034831668
1.18976026387
1.13939317399
1.52236129503
1.21455515085
1.18924605611
1.11886044336
1.05361683486
1.34736116001
1.19308227144
1.25385975816
1.18115654759
1.2661374289
1.25050923684
1.09574967726
1.15936199267
1.1560853416
1.32338357939
1.38740215533
1.31367140015
1.28657302144
1.30244430846
1.26679057611
1.14871406674
1.10620297815
1.39254449919
1.13531139252
1.30498413562
1.19833717074
1.27577860224
1.24226723013
1.25866001696
0.949623040386
1.28905460828
1.16451950968
1.28706645495
1.25830081444
1.14496509749
1.27931279762
1.19914221851
1.17033248324
1.19814218135
Output:  /tmp/outfig_cit-HepPh_split_1.pdf
GCD

name mean std 0.95 significance
cit-HepPh_split_2, 1.17764851688, 0.0835408753456, 0.0239830963089
1.10784586804
1.36945966796
1.21402192882
1.22784054064
1.14342649365
1.15176432681
0.977313114964
1.1630115383
1.06113481478
1.1360791822
1.18979613965
1.14419648699
1.15240238992
1.20662537476
1.07296106994
1.14446574135
1.20995490655
1.17597508606
1.10795064503
1.22576250864
1.15636627035
1.1368855256
1.1137305591
1.30674561457
1.08887387179
1.34381130506
1.26647721399
1.034598782
1.1073072471
1.2651760484
1.18279358279
1.06004029726
1.18878659219
1.16276025957
1.30081020077
1.18615195388
1.28115830435
1.11555245836
1.09794178656
1.22948252127
1.04764741211
1.31493645256
1.22661158736
1.25654818527
1.11882758192
1.16492875801
1.30179017274
1.18521161035
1.25900336485
1.1994824986
Output:  /tmp/outfig_cit-HepPh_split_2.pdf
GCD

name mean std 0.95 significance
cit-HepPh_split_3, 1.08722135719, 0.0880601404105, 0.0252804967592
0.934681245247
0.92144643089
1.08270887631
1.09283430959
1.16147779433
0.985967332574
1.06438537242
1.14042906073
1.10407932585
1.2025227142
1.13056371051
1.08503473498
1.18609768702
1.02845268603
1.09073622088
1.06488801198
1.14228359023
1.04248132396
1.08126473765
1.15870600022
0.934379669014
1.24623455607
0.985742749522
1.08710664376
1.17663642434
1.12285267053
1.11070343016
0.999287284162
1.12656618325
1.28359304758
1.10655938808
1.0290881465
1.21476490067
1.00604972338
1.00539050469
1.0249976644
1.14598565807
1.09401002537
1.07176552046
0.886342927908
1.03883455808
1.07031770532
1.25646002741
1.13002995046
0.99348963645
1.17490581298
1.2251779587
0.985882383709
1.04688747951
1.07998406318
Output:  /tmp/outfig_cit-HepPh_split_3.pdf
GCD

name mean std 0.95 significance
cit-HepPh_split_4, 0.983990065809, 0.0829934377972, 0.0238259367461
0.949879008216
1.09181320098
0.953895427722
1.04850022632
0.970662899331
1.05821392552
0.995595571823
0.939219711039
0.847918181602
1.01084229313
1.09230921034
0.979066319348
0.931160050611
0.959903223068
1.070558206
1.03912382836
0.850828505305
0.947271736355
0.894049785014
0.979775416102
1.02282337599
0.947829752805
0.99176823011
1.17853316315
1.20725717187
1.01252986104
1.0182298359
0.902895564786
0.873990469582
1.00779626946
1.16751238675
0.896757396418
0.998981394608
1.03458404893
0.917531370566
0.948828448283
0.887312367796
0.940609203081
0.998871185025
0.949898209592
0.809270909479
1.09136594247
0.938315753361
0.965640685715
1.00977440772
0.830722533365
1.00852527507
1.03617432411
1.00656485553
0.98802217172
Output:  /tmp/outfig_cit-HepPh_split_4.pdf
