GCD

name mean std 0.95 significance
ba-train_split_1, 2.58531931368, 0.885792521157, 0.254295244773
3.40434019386
3.45640977583
2.48026706756
1.73741644761
3.44723865129
1.74393337831
3.38759568217
3.74889413897
3.42385998744
3.44393968008
1.77437370045
3.43055806138
1.68050258448
3.45046933071
1.71138777122
3.4020167844
3.44131660679
3.41248764514
3.39790172876
1.64786519381
1.68939770369
1.61098003884
1.71084373174
1.64303992241
3.44610470636
3.38912646769
1.72082053451
3.4420879058
1.84608811239
3.72374163116
1.63980869447
1.52736513278
3.45131446325
1.66826046666
3.47459800629
3.43774203797
3.55304283416
1.64109110138
1.69266700056
3.46885614783
1.692523243
1.57438666336
1.73561955698
3.4114775227
3.42228028865
1.60345674805
3.44996348417
1.63301902659
1.63672758077
1.70676051964
Output:  /tmp/outfig_ba-train_split_1.pdf
GCD

name mean std 0.95 significance
ba-train_split_2, 2.04288784823, 0.773714029992, 0.222119507607
1.59172476425
1.50523216273
1.59152202712
1.62865495083
1.71020997121
1.61619332822
1.65252443711
1.61064918501
1.57450983175
3.70904250804
3.40769533974
1.69202103541
1.62403383084
3.44575955714
1.67741805903
1.66971467054
3.41171315818
1.53107727504
1.61879382562
1.59324205278
3.43617993336
3.39919923904
1.65752010383
1.46550011555
1.68742514477
3.46428198611
1.7840083324
1.61769150136
1.47780397531
1.59124033839
1.62294301424
1.7081135167
2.51206632327
1.50039438066
1.60741850621
3.4763056802
1.52729098928
1.61232940745
3.48290037963
1.70491622802
1.56116605055
1.57617703786
1.73240559403
1.63647328322
1.70189000303
1.46117773355
1.58994646726
3.45220390027
1.71476159324
3.52092968187
Output:  /tmp/outfig_ba-train_split_2.pdf
GCD

name mean std 0.95 significance
ba-train_split_3, 2.03672415771, 0.781310587337, 0.224300343822
1.65070601136
1.49031799017
1.5720097151
3.45732928713
1.6648804889
1.37849472646
1.71906137495
1.6351695823
3.42017072377
3.46022707309
1.67532907018
1.64056454766
1.79361833611
1.44314557296
1.509679596
3.36595131311
1.65645765417
1.59506499391
3.41122827951
1.39338180788
1.60252943095
1.5438191555
3.3866431714
1.5528618489
3.44136694209
1.64480037354
1.56389405385
3.38676721109
1.478261902
1.66647624761
1.71265726882
1.62157071963
3.39885309965
1.51935554253
1.75746342678
1.75579267701
1.60112419711
1.49769365899
1.60223219329
1.75364473957
1.61004644978
1.49270989207
1.68956291815
1.63843475261
3.4239841763
1.70271025179
3.47902724148
1.46067955303
3.38165518774
1.53680145765
Output:  /tmp/outfig_ba-train_split_3.pdf
GCD

name mean std 0.95 significance
ba-train_split_4, 1.85525269791, 0.659945311962, 0.189458536434
1.60285247886
1.7322626992
1.47892813347
1.54162971268
1.35162254612
1.77652500413
1.68074444122
3.47478003731
1.53913126779
1.70009091158
1.53915037451
1.48215074612
1.67576859693
1.52830926435
1.53362530442
1.74513073394
1.60226527228
1.52463028052
1.55775175947
1.80405225927
1.64173899311
1.55524691217
1.83209148234
1.48169168381
1.50839396469
1.59795917514
1.71635838572
3.4402736927
1.62974867032
1.54696980454
1.6487936496
1.56989090166
1.61262725412
1.65317591487
1.57387647642
1.67448484262
3.48899988783
1.69067289446
1.33115891421
1.57775954937
1.52672828768
1.57033648266
3.49168081838
1.55931008954
1.47523520174
3.4760788847
1.52380353334
3.49772385833
3.44154603405
1.55687683112
Output:  /tmp/outfig_ba-train_split_4.pdf
