subgraph size: 25, train sample size: 500
split:  4
-10268.6272818 -268.627281782 1.0 119.0 0.00840336134455
train loglikelihood:-37.6927958117 test loglikelihood:-268.627281782
-10265.7875545 -265.787554497 0.999999999999 119.0 0.00840336134453
train loglikelihood:-38.1982369408 test loglikelihood:-265.787554497
-10258.3352183 -258.335218269 0.999999999999 119.0 0.00840336134453
train loglikelihood:-37.9208160143 test loglikelihood:-258.335218269
-10264.0917588 -264.091758749 1.0 119.0 0.00840336134454
train loglikelihood:-38.3802007985 test loglikelihood:-264.091758749
-10268.1296817 -268.129681689 1.0 119.0 0.00840336134454
train loglikelihood:-37.799012706 test loglikelihood:-268.129681689
log likelihood: -146.083062074
log likelihood: -38.2070775947
log likelihood: -37.6927958117
original grammar count: 1892
added grammar count: 16
smooth count:1.0
train loglikelihood:-37.6927958117
test loglikelihood:-268.627281782
subgraph size: 25, train sample size: 500
split:  4
-20327.6344315 -327.634431468 2.0 119.0 0.0168067226891
train loglikelihood:-38.0759477062 test loglikelihood:-327.634431468
-20331.3835097 -331.383509732 2.0 119.0 0.0168067226891
train loglikelihood:-38.6923766725 test loglikelihood:-331.383509732
-20325.1979213 -325.197921284 2.0 119.0 0.0168067226891
train loglikelihood:-38.5403312707 test loglikelihood:-325.197921284
-20318.6329214 -318.632921371 2.0 119.0 0.0168067226891
train loglikelihood:-38.4028855005 test loglikelihood:-318.632921371
-20330.8247293 -330.824729289 2.0 119.0 0.0168067226891
train loglikelihood:-38.2410222002 test loglikelihood:-330.824729289
log likelihood: -145.883262404
log likelihood: -38.3980084252
log likelihood: -38.0759477062
original grammar count: 1892
added grammar count: 32
smooth count:2.0
train loglikelihood:-38.0759477062
test loglikelihood:-327.634431468
subgraph size: 25, train sample size: 500
split:  4
-20333.786051 -333.78605101 2.0 118.0 0.0169491525423
train loglikelihood:-38.3979748919 test loglikelihood:-333.78605101
-20335.2555791 -335.255579048 2.0 118.0 0.0169491525424
train loglikelihood:-38.3585979591 test loglikelihood:-335.255579048
-20330.0309226 -330.030922578 2.0 118.0 0.0169491525424
train loglikelihood:-38.563607007 test loglikelihood:-330.030922578
-20328.1831704 -328.183170427 2.0 118.0 0.0169491525423
train loglikelihood:-38.3251033114 test loglikelihood:-328.183170427
-20330.6079282 -330.60792822 2.0 118.0 0.0169491525424
train loglikelihood:-38.5484461876 test loglikelihood:-330.60792822
log likelihood: -147.120104742
log likelihood: -38.6021893994
log likelihood: -38.3251033114
original grammar count: 1892
added grammar count: 20
smooth count:2.0
train loglikelihood:-38.3251033114
test loglikelihood:-328.183170427
subgraph size: 25, train sample size: 500
split:  4
-304.160695836 -304.160695836 0.0 122.0 0.0
zero smooth test num:  3
train loglikelihood:-38.1497711002 test loglikelihood:-304.160695836
-296.560388884 -296.560388884 0.0 122.0 0.0
zero smooth test num:  3
train loglikelihood:-37.6720253995 test loglikelihood:-296.560388884
-294.048400211 -294.048400211 0.0 122.0 0.0
zero smooth test num:  3
train loglikelihood:-37.4874111382 test loglikelihood:-294.048400211
-302.362547576 -302.362547576 0.0 122.0 0.0
zero smooth test num:  3
train loglikelihood:-38.4090624617 test loglikelihood:-302.362547576
-298.46393125 -298.46393125 0.0 122.0 0.0
zero smooth test num:  3
train loglikelihood:-37.702552495 test loglikelihood:-298.46393125
log likelihood: -145.262532787
log likelihood: -37.9665959432
log likelihood: -37.4874111382
original grammar count: 1892
added grammar count: 0
smooth count:0.0
train loglikelihood:-37.4874111382
test loglikelihood:-294.048400211
subgraph size: 25, train sample size: 500
split:  4
-20320.6186183 -320.618618268 2.0 117.0 0.017094017094
train loglikelihood:-38.0897406362 test loglikelihood:-320.618618268
-20292.3976943 -292.397694285 2.0 117.0 0.017094017094
train loglikelihood:-38.1213220364 test loglikelihood:-292.397694285
-20315.06185 -315.061849963 2.0 117.0 0.017094017094
train loglikelihood:-37.4458743014 test loglikelihood:-315.061849963
-20301.2637495 -301.26374951 2.0 117.0 0.017094017094
train loglikelihood:-37.5920195624 test loglikelihood:-301.26374951
-20320.7930142 -320.79301418 2.0 117.0 0.017094017094
train loglikelihood:-38.4248758322 test loglikelihood:-320.79301418
log likelihood: -151.061203338
log likelihood: -37.9192420506
log likelihood: -37.4458743014
original grammar count: 1892
added grammar count: 20
smooth count:2.0
train loglikelihood:-37.4458743014
test loglikelihood:-315.061849963
subgraph size: 25, train sample size: 500
split:  4
-20342.7794845 -342.779484473 2.0 124.0 0.0161290322581
train loglikelihood:-38.3030535387 test loglikelihood:-342.779484473
-20334.2516272 -334.251627161 2.0 124.0 0.0161290322581
train loglikelihood:-37.9198894085 test loglikelihood:-334.251627161
-20347.2584886 -347.258488576 2.0 124.0 0.0161290322581
train loglikelihood:-38.5294803779 test loglikelihood:-347.258488576
-20309.534597 -309.534597048 2.0 124.0 0.0161290322581
train loglikelihood:-37.813820733 test loglikelihood:-309.534597048
-20344.2933399 -344.293339887 2.0 124.0 0.0161290322581
train loglikelihood:-38.2834857533 test loglikelihood:-344.293339887
log likelihood: -136.968704498
log likelihood: -38.3789639001
log likelihood: -37.813820733
original grammar count: 1892
added grammar count: 32
smooth count:2.0
train loglikelihood:-37.813820733
test loglikelihood:-309.534597048
subgraph size: 25, train sample size: 500
split:  4
-10296.0544625 -296.054462466 1.0 125.0 0.00800000000001
train loglikelihood:-38.2834034585 test loglikelihood:-296.054462466
-10304.3381189 -304.338118907 1.0 125.0 0.008
train loglikelihood:-38.4271032107 test loglikelihood:-304.338118907
-10303.9568848 -303.956884767 0.999999999999 125.0 0.00799999999999
train loglikelihood:-38.5837135809 test loglikelihood:-303.956884767
-10296.1786828 -296.178682848 1.0 125.0 0.008
train loglikelihood:-38.0231844219 test loglikelihood:-296.178682848
-10299.3692299 -299.369229894 0.999999999999 125.0 0.00799999999999
train loglikelihood:-38.2081472415 test loglikelihood:-299.369229894
log likelihood: -139.248813033
log likelihood: -38.3629773298
log likelihood: -38.0231844219
original grammar count: 1892
added grammar count: 16
smooth count:1.0
train loglikelihood:-38.0231844219
test loglikelihood:-296.178682848
subgraph size: 25, train sample size: 500
split:  4
-10290.4962051 -290.496205132 1.0 126.0 0.00793650793651
train loglikelihood:-37.7029755017 test loglikelihood:-290.496205132
-10295.6822249 -295.682224912 1.0 126.0 0.00793650793651
train loglikelihood:-37.6290008734 test loglikelihood:-295.682224912
-10300.8554922 -300.855492203 1.0 126.0 0.00793650793652
train loglikelihood:-37.9724049923 test loglikelihood:-300.855492203
-10294.0718076 -294.07180763 1.0 126.0 0.00793650793651
train loglikelihood:-38.4793042152 test loglikelihood:-294.07180763
-10292.8504368 -292.850436747 1.0 126.0 0.00793650793651
train loglikelihood:-38.6327911995 test loglikelihood:-292.850436747
log likelihood: -142.362867681
log likelihood: -38.077602939
log likelihood: -37.6290008734
original grammar count: 1892
added grammar count: 16
smooth count:1.0
train loglikelihood:-37.6290008734
test loglikelihood:-295.682224912
subgraph size: 25, train sample size: 500
split:  4
-10315.7656991 -315.765699101 1.0 113.0 0.00884955752213
train loglikelihood:-38.2501575594 test loglikelihood:-315.765699101
-10305.6639287 -305.663928719 0.999999999999 113.0 0.00884955752212
train loglikelihood:-37.6472776396 test loglikelihood:-305.663928719
-10317.2766339 -317.276633859 1.0 113.0 0.00884955752212
train loglikelihood:-38.473649573 test loglikelihood:-317.276633859
-10304.2186104 -304.218610381 0.999999999999 113.0 0.00884955752212
train loglikelihood:-38.0912489201 test loglikelihood:-304.218610381
-10320.3156682 -320.31566822 1.0 113.0 0.00884955752212
train loglikelihood:-38.4817641512 test loglikelihood:-320.31566822
log likelihood: -147.530978333
log likelihood: -38.1766746239
log likelihood: -37.6472776396
original grammar count: 1892
added grammar count: 16
smooth count:0.999999999999
train loglikelihood:-37.6472776396
test loglikelihood:-305.663928719
subgraph size: 25, train sample size: 500
split:  4
-10370.0050903 -370.005090298 1.0 124.0 0.00806451612904
train loglikelihood:-38.3163974281 test loglikelihood:-370.005090298
-10358.0439373 -358.043937282 1.0 124.0 0.00806451612904
train loglikelihood:-37.9459844117 test loglikelihood:-358.043937282
-10369.7166102 -369.716610225 1.0 124.0 0.00806451612904
train loglikelihood:-38.4839654863 test loglikelihood:-369.716610225
-10364.036781 -364.036781006 1.0 124.0 0.00806451612904
train loglikelihood:-37.6656108029 test loglikelihood:-364.036781006
-10350.5310653 -350.53106529 0.999999999998 124.0 0.00806451612902
train loglikelihood:-38.2165986086 test loglikelihood:-350.53106529
log likelihood: -150.877134931
log likelihood: -38.1296857099
log likelihood: -37.6656108029
original grammar count: 1892
added grammar count: 16
smooth count:1.0
train loglikelihood:-37.6656108029
test loglikelihood:-364.036781006
subgraph size: 25, train sample size: 500
split:  4
-350.083491059 -350.083491059 0.0 128.0 0.0
zero smooth test num:  10
train loglikelihood:-38.3617784711 test loglikelihood:-350.083491059
-339.7093146 -339.7093146 0.0 128.0 0.0
zero smooth test num:  10
train loglikelihood:-38.3619437574 test loglikelihood:-339.7093146
-349.356453498 -349.356453498 0.0 128.0 0.0
zero smooth test num:  10
train loglikelihood:-38.5774816662 test loglikelihood:-349.356453498
-342.218235342 -342.218235342 0.0 128.0 0.0
zero smooth test num:  10
train loglikelihood:-37.7960339439 test loglikelihood:-342.218235342
-348.96961614 -348.96961614 0.0 128.0 0.0
zero smooth test num:  10
train loglikelihood:-38.0627435054 test loglikelihood:-348.96961614
log likelihood: -149.264931683
log likelihood: -38.3182330086
log likelihood: -37.7960339439
original grammar count: 1892
added grammar count: 0
smooth count:0.0
train loglikelihood:-37.7960339439
test loglikelihood:-342.218235342
subgraph size: 25, train sample size: 500
split:  4
-293.45978661 -293.45978661 0.0 124.0 0.0
zero smooth test num:  11
train loglikelihood:-38.4268950933 test loglikelihood:-293.45978661
-274.153468098 -274.153468098 0.0 124.0 0.0
zero smooth test num:  11
train loglikelihood:-37.1941559676 test loglikelihood:-274.153468098
-294.441430407 -294.441430407 0.0 124.0 0.0
zero smooth test num:  11
train loglikelihood:-38.5743484266 test loglikelihood:-294.441430407
-291.056305846 -291.056305846 0.0 124.0 0.0
zero smooth test num:  11
train loglikelihood:-38.5773084598 test loglikelihood:-291.056305846
-291.820342421 -291.820342421 0.0 124.0 0.0
zero smooth test num:  11
train loglikelihood:-38.2727174932 test loglikelihood:-291.820342421
log likelihood: -150.515780535
log likelihood: -37.7971501847
log likelihood: -37.1941559676
original grammar count: 1892
added grammar count: 0
smooth count:0.0
train loglikelihood:-37.1941559676
test loglikelihood:-274.153468098
subgraph size: 25, train sample size: 500
split:  4
-304.462055145 -304.462055145 0.0 120.0 0.0
zero smooth test num:  12
train loglikelihood:-38.570440374 test loglikelihood:-304.462055145
-301.888022012 -301.888022012 0.0 120.0 0.0
zero smooth test num:  12
train loglikelihood:-37.743694627 test loglikelihood:-301.888022012
-308.277881449 -308.277881449 0.0 120.0 0.0
zero smooth test num:  12
train loglikelihood:-38.5485694973 test loglikelihood:-308.277881449
-308.765484003 -308.765484003 0.0 120.0 0.0
zero smooth test num:  12
train loglikelihood:-38.4855070277 test loglikelihood:-308.765484003
-293.184841059 -293.184841059 0.0 120.0 0.0
zero smooth test num:  12
train loglikelihood:-37.3720129025 test loglikelihood:-293.184841059
log likelihood: -145.148496304
log likelihood: -37.8837001655
log likelihood: -37.3720129025
original grammar count: 1892
added grammar count: 0
smooth count:0.0
train loglikelihood:-37.3720129025
test loglikelihood:-293.184841059
subgraph size: 25, train sample size: 500
split:  4
-10309.7412476 -309.741247613 1.0 123.0 0.00813008130082
train loglikelihood:-37.7012139297 test loglikelihood:-309.741247613
-10309.6341414 -309.634141442 1.0 123.0 0.00813008130081
train loglikelihood:-38.2852338617 test loglikelihood:-309.634141442
-10320.437811 -320.437810992 0.999999999999 123.0 0.00813008130081
train loglikelihood:-38.1730040762 test loglikelihood:-320.437810992
-10310.6224506 -310.622450614 1.0 123.0 0.00813008130082
train loglikelihood:-37.3041790449 test loglikelihood:-310.622450614
-10307.6395082 -307.639508188 1.0 123.0 0.00813008130082
train loglikelihood:-37.7444911978 test loglikelihood:-307.639508188
log likelihood: -152.223973899
log likelihood: -37.7569035312
log likelihood: -37.3041790449
original grammar count: 1892
added grammar count: 4
smooth count:1.0
train loglikelihood:-37.3041790449
test loglikelihood:-310.622450614
subgraph size: 25, train sample size: 500
split:  4
-10270.0827834 -270.082783401 1.0 120.0 0.00833333333334
train loglikelihood:-38.1995482655 test loglikelihood:-270.082783401
-10261.011968 -261.011968053 0.999999999998 120.0 0.00833333333332
train loglikelihood:-37.6094335744 test loglikelihood:-261.011968053
-10265.2217045 -265.221704555 0.999999999998 120.0 0.00833333333332
train loglikelihood:-37.7745231092 test loglikelihood:-265.221704555
-10268.6096569 -268.609656949 0.999999999999 120.0 0.00833333333333
train loglikelihood:-38.0243769752 test loglikelihood:-268.609656949
-10268.4726882 -268.472688175 0.999999999999 120.0 0.00833333333333
train loglikelihood:-38.3909602621 test loglikelihood:-268.472688175
log likelihood: -141.551030442
log likelihood: -38.0353533991
log likelihood: -37.6094335744
original grammar count: 1892
added grammar count: 16
smooth count:0.999999999998
train loglikelihood:-37.6094335744
test loglikelihood:-261.011968053
subgraph size: 25, train sample size: 500
split:  4
-283.244017834 -283.244017834 0.0 116.0 0.0
zero smooth test num:  15
train loglikelihood:-38.2165029622 test loglikelihood:-283.244017834
-288.908073677 -288.908073677 0.0 116.0 0.0
zero smooth test num:  15
train loglikelihood:-38.5244744263 test loglikelihood:-288.908073677
-285.756206863 -285.756206863 0.0 116.0 0.0
zero smooth test num:  15
train loglikelihood:-38.2888492393 test loglikelihood:-285.756206863
-281.012128162 -281.012128162 0.0 116.0 0.0
zero smooth test num:  15
train loglikelihood:-38.0765284714 test loglikelihood:-281.012128162
-286.845830559 -286.845830559 0.0 116.0 0.0
zero smooth test num:  15
train loglikelihood:-37.7071072463 test loglikelihood:-286.845830559
log likelihood: -153.974901274
log likelihood: -38.2001308394
log likelihood: -37.7071072463
original grammar count: 1892
added grammar count: 0
smooth count:0.0
train loglikelihood:-37.7071072463
test loglikelihood:-286.845830559
subgraph size: 25, train sample size: 500
split:  4
-317.033668257 -317.033668257 0.0 121.0 0.0
zero smooth test num:  16
train loglikelihood:-38.0755877208 test loglikelihood:-317.033668257
-333.849182579 -333.849182579 0.0 121.0 0.0
zero smooth test num:  16
train loglikelihood:-37.7055721072 test loglikelihood:-333.849182579
-322.212289212 -322.212289212 0.0 121.0 0.0
zero smooth test num:  16
train loglikelihood:-38.5309468475 test loglikelihood:-322.212289212
-330.628748065 -330.628748065 0.0 121.0 0.0
zero smooth test num:  16
train loglikelihood:-38.2866494955 test loglikelihood:-330.628748065
-309.849815909 -309.849815909 0.0 121.0 0.0
zero smooth test num:  16
train loglikelihood:-38.3599016275 test loglikelihood:-309.849815909
log likelihood: -143.788256286
log likelihood: -38.1476833899
log likelihood: -37.7055721072
original grammar count: 1892
added grammar count: 0
smooth count:0.0
train loglikelihood:-37.7055721072
test loglikelihood:-333.849182579
subgraph size: 25, train sample size: 500
split:  4
-350.287246547 -350.287246547 0.0 121.0 0.0
zero smooth test num:  17
train loglikelihood:-37.7735724004 test loglikelihood:-350.287246547
-357.3112556 -357.3112556 0.0 121.0 0.0
zero smooth test num:  17
train loglikelihood:-38.3293058953 test loglikelihood:-357.3112556
-338.87202947 -338.87202947 0.0 121.0 0.0
zero smooth test num:  17
train loglikelihood:-38.417326189 test loglikelihood:-338.87202947
-359.694786364 -359.694786364 0.0 121.0 0.0
zero smooth test num:  17
train loglikelihood:-38.6717490315 test loglikelihood:-359.694786364
-355.042229509 -355.042229509 0.0 121.0 0.0
zero smooth test num:  17
train loglikelihood:-38.584985928 test loglikelihood:-355.042229509
log likelihood: -151.890048913
log likelihood: -38.17426459
log likelihood: -37.7735724004
original grammar count: 1892
added grammar count: 0
smooth count:0.0
train loglikelihood:-37.7735724004
test loglikelihood:-350.287246547
subgraph size: 25, train sample size: 500
split:  4
-10323.2047589 -323.204758984 0.999999999996 119.0 0.00840336134451
train loglikelihood:-38.101469141 test loglikelihood:-323.204758984
-10325.9516491 -325.951649101 1.0 119.0 0.00840336134455
train loglikelihood:-37.9042112806 test loglikelihood:-325.951649101
-10313.577737 -313.577736992 1.0 119.0 0.00840336134454
train loglikelihood:-37.9976351352 test loglikelihood:-313.577736992
-10320.1135214 -320.113521389 1.0 119.0 0.00840336134454
train loglikelihood:-38.1308358837 test loglikelihood:-320.113521389
-10319.8972596 -319.897259644 0.999999999998 119.0 0.00840336134452
train loglikelihood:-37.7579380034 test loglikelihood:-319.897259644
log likelihood: -139.917608968
log likelihood: -38.2180860733
log likelihood: -37.7579380034
original grammar count: 1892
added grammar count: 16
smooth count:0.999999999998
train loglikelihood:-37.7579380034
test loglikelihood:-319.897259644
subgraph size: 25, train sample size: 500
split:  4
-10261.4848695 -261.484869507 1.0 116.0 0.00862068965517
train loglikelihood:-38.1551101797 test loglikelihood:-261.484869507
-10265.8214109 -265.821410882 1.0 116.0 0.00862068965518
train loglikelihood:-38.3251290077 test loglikelihood:-265.821410882
-10262.5405537 -262.540553743 1.0 116.0 0.00862068965517
train loglikelihood:-38.6129602609 test loglikelihood:-262.540553743
-10263.24193 -263.241929921 1.0 116.0 0.00862068965519
train loglikelihood:-38.4548198502 test loglikelihood:-263.241929921
-10258.1960295 -258.196029477 1.0 116.0 0.00862068965518
train loglikelihood:-38.0338261643 test loglikelihood:-258.196029477
log likelihood: -136.960111146
log likelihood: -38.3917836242
log likelihood: -38.0338261643
original grammar count: 1892
added grammar count: 16
smooth count:1.0
train loglikelihood:-38.0338261643
test loglikelihood:-258.196029477
subgraph size: 25, train sample size: 500
split:  4
-342.881839141 -342.881839141 0.0 117.0 0.0
zero smooth test num:  20
train loglikelihood:-38.4951527197 test loglikelihood:-342.881839141
-341.362100322 -341.362100322 0.0 117.0 0.0
zero smooth test num:  20
train loglikelihood:-38.5701122235 test loglikelihood:-341.362100322
-342.067207112 -342.067207112 0.0 117.0 0.0
zero smooth test num:  20
train loglikelihood:-38.6707113428 test loglikelihood:-342.067207112
-339.896472962 -339.896472962 0.0 117.0 0.0
zero smooth test num:  20
train loglikelihood:-38.4253953343 test loglikelihood:-339.896472962
-327.313094236 -327.313094236 0.0 117.0 0.0
zero smooth test num:  20
train loglikelihood:-37.8586136875 test loglikelihood:-327.313094236
log likelihood: -142.895663127
log likelihood: -38.3696812692
log likelihood: -37.8586136875
original grammar count: 1892
added grammar count: 0
smooth count:0.0
train loglikelihood:-37.8586136875
test loglikelihood:-327.313094236
subgraph size: 25, train sample size: 500
split:  4
-298.622091349 -298.622091349 0.0 118.0 0.0
zero smooth test num:  21
train loglikelihood:-37.7655835054 test loglikelihood:-298.622091349
-299.980416725 -299.980416725 0.0 118.0 0.0
zero smooth test num:  21
train loglikelihood:-38.2979870805 test loglikelihood:-299.980416725
-294.880914659 -294.880914659 0.0 118.0 0.0
zero smooth test num:  21
train loglikelihood:-37.7580225984 test loglikelihood:-294.880914659
-315.798006938 -315.798006938 0.0 118.0 0.0
zero smooth test num:  21
train loglikelihood:-38.5641998574 test loglikelihood:-315.798006938
-308.43110653 -308.43110653 0.0 118.0 0.0
zero smooth test num:  21
train loglikelihood:-38.0974727835 test loglikelihood:-308.43110653
log likelihood: -139.439811237
log likelihood: -38.2770207964
log likelihood: -37.7580225984
original grammar count: 1892
added grammar count: 0
smooth count:0.0
train loglikelihood:-37.7580225984
test loglikelihood:-294.880914659
subgraph size: 25, train sample size: 500
split:  4
-277.479523109 -277.479523109 0.0 120.0 0.0
zero smooth test num:  22
train loglikelihood:-37.8079740223 test loglikelihood:-277.479523109
-283.708457599 -283.708457599 0.0 120.0 0.0
zero smooth test num:  22
train loglikelihood:-37.8849596821 test loglikelihood:-283.708457599
-277.064467733 -277.064467733 0.0 120.0 0.0
zero smooth test num:  22
train loglikelihood:-38.1047113342 test loglikelihood:-277.064467733
-282.142956889 -282.142956889 0.0 120.0 0.0
zero smooth test num:  22
train loglikelihood:-38.3791474483 test loglikelihood:-282.142956889
-280.791542882 -280.791542882 0.0 120.0 0.0
zero smooth test num:  22
train loglikelihood:-38.3650401479 test loglikelihood:-280.791542882
log likelihood: -143.330848409
log likelihood: -38.2749934099
log likelihood: -37.8079740223
original grammar count: 1892
added grammar count: 0
smooth count:0.0
train loglikelihood:-37.8079740223
test loglikelihood:-277.479523109
subgraph size: 25, train sample size: 500
split:  4
-357.731434734 -357.731434734 0.0 113.0 0.0
zero smooth test num:  23
train loglikelihood:-37.6862559622 test loglikelihood:-357.731434734
-338.305705687 -338.305705687 0.0 113.0 0.0
zero smooth test num:  23
train loglikelihood:-38.2442848523 test loglikelihood:-338.305705687
-357.827167006 -357.827167006 0.0 113.0 0.0
zero smooth test num:  23
train loglikelihood:-38.6222344946 test loglikelihood:-357.827167006
-357.666644398 -357.666644398 0.0 113.0 0.0
zero smooth test num:  23
train loglikelihood:-38.3457095547 test loglikelihood:-357.666644398
-360.380115424 -360.380115424 0.0 113.0 0.0
zero smooth test num:  23
train loglikelihood:-38.6505321767 test loglikelihood:-360.380115424
log likelihood: -142.546273828
log likelihood: -38.11335539
log likelihood: -37.6862559622
original grammar count: 1892
added grammar count: 0
smooth count:0.0
train loglikelihood:-37.6862559622
test loglikelihood:-357.731434734
subgraph size: 25, train sample size: 500
split:  4
-20297.859648 -297.859647985 2.0 116.0 0.0172413793103
train loglikelihood:-38.5477556181 test loglikelihood:-297.859647985
-20291.8608687 -291.860868699 2.0 116.0 0.0172413793103
train loglikelihood:-37.9116573812 test loglikelihood:-291.860868699
-20299.3628364 -299.362836436 2.0 116.0 0.0172413793103
train loglikelihood:-38.4823415711 test loglikelihood:-299.362836436
-20294.7120338 -294.712033862 2.0 116.0 0.0172413793103
train loglikelihood:-38.3184095279 test loglikelihood:-294.712033862
-20295.1105094 -295.110509425 2.0 116.0 0.0172413793103
train loglikelihood:-38.4507949042 test loglikelihood:-295.110509425
log likelihood: -142.531643459
log likelihood: -38.2964418108
log likelihood: -37.9116573812
original grammar count: 1892
added grammar count: 4
smooth count:2.0
train loglikelihood:-37.9116573812
test loglikelihood:-291.860868699
subgraph size: 25, train sample size: 500
split:  4
-10277.9479935 -277.947993477 1.0 118.0 0.0084745762712
train loglikelihood:-38.5816065907 test loglikelihood:-277.947993477
-10263.1593778 -263.159377786 1.0 118.0 0.00847457627119
train loglikelihood:-37.5242946221 test loglikelihood:-263.159377786
-10272.3188348 -272.318834792 1.0 118.0 0.00847457627119
train loglikelihood:-38.0811217084 test loglikelihood:-272.318834792
-10274.8268639 -274.826863952 0.999999999999 118.0 0.00847457627118
train loglikelihood:-37.818610018 test loglikelihood:-274.826863952
-10273.8329811 -273.832981074 1.0 118.0 0.0084745762712
train loglikelihood:-37.679915155 test loglikelihood:-273.832981074
log likelihood: -148.425787016
log likelihood: -38.0601405781
log likelihood: -37.5242946221
original grammar count: 1892
added grammar count: 16
smooth count:1.0
train loglikelihood:-37.5242946221
test loglikelihood:-263.159377786
subgraph size: 25, train sample size: 500
split:  4
-316.692313659 -316.692313659 0.0 115.0 0.0
zero smooth test num:  26
train loglikelihood:-38.4183854443 test loglikelihood:-316.692313659
-314.982548672 -314.982548672 0.0 115.0 0.0
zero smooth test num:  26
train loglikelihood:-38.4356764451 test loglikelihood:-314.982548672
-315.085894695 -315.085894695 0.0 115.0 0.0
zero smooth test num:  26
train loglikelihood:-38.2657409205 test loglikelihood:-315.085894695
-316.808883846 -316.808883846 0.0 115.0 0.0
zero smooth test num:  26
train loglikelihood:-38.5616783569 test loglikelihood:-316.808883846
-315.595566114 -315.595566114 0.0 115.0 0.0
zero smooth test num:  26
train loglikelihood:-38.4166845635 test loglikelihood:-315.595566114
log likelihood: -138.647392075
log likelihood: -38.5979873281
log likelihood: -38.2657409205
original grammar count: 1892
added grammar count: 0
smooth count:0.0
train loglikelihood:-38.2657409205
test loglikelihood:-315.085894695
subgraph size: 25, train sample size: 500
split:  4
-373.567576397 -373.567576397 0.0 114.0 0.0
zero smooth test num:  27
train loglikelihood:-38.3094246319 test loglikelihood:-373.567576397
-369.196233188 -369.196233188 0.0 114.0 0.0
zero smooth test num:  27
train loglikelihood:-38.6565068603 test loglikelihood:-369.196233188
-352.380673682 -352.380673682 0.0 114.0 0.0
zero smooth test num:  27
train loglikelihood:-37.9866650643 test loglikelihood:-352.380673682
-382.667978116 -382.667978116 0.0 114.0 0.0
zero smooth test num:  27
train loglikelihood:-38.6540050117 test loglikelihood:-382.667978116
-376.060986101 -376.060986101 0.0 114.0 0.0
zero smooth test num:  27
train loglikelihood:-38.4494999198 test loglikelihood:-376.060986101
log likelihood: -148.765211803
log likelihood: -38.4048283626
log likelihood: -37.9866650643
original grammar count: 1892
added grammar count: 0
smooth count:0.0
train loglikelihood:-37.9866650643
test loglikelihood:-352.380673682
subgraph size: 25, train sample size: 500
split:  4
-349.259383368 -349.259383368 0.0 114.0 0.0
zero smooth test num:  28
train loglikelihood:-38.1780923017 test loglikelihood:-349.259383368
-345.92503946 -345.92503946 0.0 114.0 0.0
zero smooth test num:  28
train loglikelihood:-37.9588400049 test loglikelihood:-345.92503946
-354.557122229 -354.557122229 0.0 114.0 0.0
zero smooth test num:  28
train loglikelihood:-37.7663990471 test loglikelihood:-354.557122229
-341.453859038 -341.453859038 0.0 114.0 0.0
zero smooth test num:  28
train loglikelihood:-38.1902883492 test loglikelihood:-341.453859038
-353.33405495 -353.33405495 0.0 114.0 0.0
zero smooth test num:  28
train loglikelihood:-38.2016753967 test loglikelihood:-353.33405495
log likelihood: -147.740572282
log likelihood: -38.2046589661
log likelihood: -37.7663990471
original grammar count: 1892
added grammar count: 0
smooth count:0.0
train loglikelihood:-37.7663990471
test loglikelihood:-354.557122229
subgraph size: 25, train sample size: 500
split:  4
-266.110384695 -266.110384695 0.0 118.0 0.0
zero smooth test num:  29
train loglikelihood:-38.5402300853 test loglikelihood:-266.110384695
-267.470655839 -267.470655839 0.0 118.0 0.0
zero smooth test num:  29
train loglikelihood:-38.3998212395 test loglikelihood:-267.470655839
-258.614118776 -258.614118776 0.0 118.0 0.0
zero smooth test num:  29
train loglikelihood:-37.6514057156 test loglikelihood:-258.614118776
-273.37410678 -273.37410678 0.0 118.0 0.0
zero smooth test num:  29
train loglikelihood:-37.9437885977 test loglikelihood:-273.37410678
-270.869365962 -270.869365962 0.0 118.0 0.0
zero smooth test num:  29
train loglikelihood:-38.562295975 test loglikelihood:-270.869365962
log likelihood: -144.271254256
log likelihood: -38.1542522838
log likelihood: -37.6514057156
original grammar count: 1892
added grammar count: 0
smooth count:0.0
train loglikelihood:-37.6514057156
test loglikelihood:-258.614118776
subgraph size: 25, train sample size: 500
split:  4
-20289.6823486 -289.682348576 2.0 118.0 0.0169491525424
train loglikelihood:-37.1281357634 test loglikelihood:-289.682348576
-20298.601421 -298.601420961 2.0 118.0 0.0169491525424
train loglikelihood:-37.7145753079 test loglikelihood:-298.601420961
-20285.7328337 -285.732833759 2.0 118.0 0.0169491525424
train loglikelihood:-37.9254174524 test loglikelihood:-285.732833759
-20300.3897596 -300.389759572 2.0 118.0 0.0169491525424
train loglikelihood:-37.7644046604 test loglikelihood:-300.389759572
-20304.418773 -304.418773008 2.0 118.0 0.0169491525424
train loglikelihood:-38.4159385224 test loglikelihood:-304.418773008
log likelihood: -146.413717064
log likelihood: -37.7192603808
log likelihood: -37.1281357634
original grammar count: 1892
added grammar count: 20
smooth count:2.0
train loglikelihood:-37.1281357634
test loglikelihood:-289.682348576
subgraph size: 25, train sample size: 500
split:  4
-296.122114047 -296.122114047 0.0 121.0 0.0
zero smooth test num:  31
train loglikelihood:-38.6044883936 test loglikelihood:-296.122114047
-294.746650878 -294.746650878 0.0 121.0 0.0
zero smooth test num:  31
train loglikelihood:-38.498612689 test loglikelihood:-294.746650878
-292.826629205 -292.826629205 0.0 121.0 0.0
zero smooth test num:  31
train loglikelihood:-38.609408724 test loglikelihood:-292.826629205
-289.70868425 -289.70868425 0.0 121.0 0.0
zero smooth test num:  31
train loglikelihood:-38.0526777783 test loglikelihood:-289.70868425
-293.77010217 -293.77010217 0.0 121.0 0.0
zero smooth test num:  31
train loglikelihood:-37.737002293 test loglikelihood:-293.77010217
log likelihood: -144.556098576
log likelihood: -38.1579018466
log likelihood: -37.737002293
original grammar count: 1892
added grammar count: 0
smooth count:0.0
train loglikelihood:-37.737002293
test loglikelihood:-293.77010217
subgraph size: 25, train sample size: 500
split:  4
-272.843859873 -272.843859873 0.0 119.0 0.0
zero smooth test num:  32
train loglikelihood:-38.3482244446 test loglikelihood:-272.843859873
-278.361055833 -278.361055833 0.0 119.0 0.0
zero smooth test num:  32
train loglikelihood:-38.2681736816 test loglikelihood:-278.361055833
-271.077877954 -271.077877954 0.0 119.0 0.0
zero smooth test num:  32
train loglikelihood:-38.2694856122 test loglikelihood:-271.077877954
-266.270734917 -266.270734917 0.0 119.0 0.0
zero smooth test num:  32
train loglikelihood:-38.2242628472 test loglikelihood:-266.270734917
-273.522909187 -273.522909187 0.0 119.0 0.0
zero smooth test num:  32
train loglikelihood:-38.5932696707 test loglikelihood:-273.522909187
log likelihood: -141.256639011
log likelihood: -38.480263018
log likelihood: -38.2242628472
original grammar count: 1892
added grammar count: 0
smooth count:0.0
train loglikelihood:-38.2242628472
test loglikelihood:-266.270734917
subgraph size: 25, train sample size: 500
split:  4
-319.822504396 -319.822504396 0.0 122.0 0.0
zero smooth test num:  33
train loglikelihood:-37.9867428802 test loglikelihood:-319.822504396
-326.150451085 -326.150451085 0.0 122.0 0.0
zero smooth test num:  33
train loglikelihood:-37.9216892285 test loglikelihood:-326.150451085
-319.962951673 -319.962951673 0.0 122.0 0.0
zero smooth test num:  33
train loglikelihood:-38.3542339215 test loglikelihood:-319.962951673
-302.95253889 -302.95253889 0.0 122.0 0.0
zero smooth test num:  33
train loglikelihood:-37.9640738465 test loglikelihood:-302.95253889
-327.066994746 -327.066994746 0.0 122.0 0.0
zero smooth test num:  33
train loglikelihood:-38.6282722889 test loglikelihood:-327.066994746
log likelihood: -138.494770107
log likelihood: -38.3306167681
log likelihood: -37.9216892285
original grammar count: 1892
added grammar count: 0
smooth count:0.0
train loglikelihood:-37.9216892285
test loglikelihood:-326.150451085
subgraph size: 25, train sample size: 500
split:  4
-285.399049375 -285.399049375 0.0 121.0 0.0
zero smooth test num:  34
train loglikelihood:-37.9333016211 test loglikelihood:-285.399049375
-284.63923459 -284.63923459 0.0 121.0 0.0
zero smooth test num:  34
train loglikelihood:-37.6200000067 test loglikelihood:-284.63923459
-277.07494976 -277.07494976 0.0 121.0 0.0
zero smooth test num:  34
train loglikelihood:-38.5562294261 test loglikelihood:-277.07494976
-286.900663694 -286.900663694 0.0 121.0 0.0
zero smooth test num:  34
train loglikelihood:-38.1303293929 test loglikelihood:-286.900663694
-291.6633086 -291.6633086 0.0 121.0 0.0
zero smooth test num:  34
train loglikelihood:-37.70003368 test loglikelihood:-291.6633086
log likelihood: -155.975240127
log likelihood: -38.1142801319
log likelihood: -37.6200000067
original grammar count: 1892
added grammar count: 0
smooth count:0.0
train loglikelihood:-37.6200000067
test loglikelihood:-284.63923459
subgraph size: 25, train sample size: 500
split:  4
-10332.9665239 -332.966523905 1.0 119.0 0.00840336134456
train loglikelihood:-37.769971244 test loglikelihood:-332.966523905
-10331.1027051 -331.102705106 1.0 119.0 0.00840336134455
train loglikelihood:-38.3777572389 test loglikelihood:-331.102705106
-10337.5493523 -337.549352259 1.0 119.0 0.00840336134454
train loglikelihood:-38.4197270456 test loglikelihood:-337.549352259
-10342.2737367 -342.273736652 1.0 119.0 0.00840336134454
train loglikelihood:-37.6206728419 test loglikelihood:-342.273736652
-10340.8752015 -340.875201488 1.0 119.0 0.00840336134455
train loglikelihood:-37.9785592738 test loglikelihood:-340.875201488
log likelihood: -148.357973294
log likelihood: -38.1491042334
log likelihood: -37.6206728419
original grammar count: 1892
added grammar count: 16
smooth count:1.0
train loglikelihood:-37.6206728419
test loglikelihood:-342.273736652
subgraph size: 25, train sample size: 500
split:  4
-321.515957943 -321.515957943 0.0 118.0 0.0
zero smooth test num:  36
train loglikelihood:-38.4647552905 test loglikelihood:-321.515957943
-308.969179005 -308.969179005 0.0 118.0 0.0
zero smooth test num:  36
train loglikelihood:-37.5944861501 test loglikelihood:-308.969179005
-315.101516168 -315.101516168 0.0 118.0 0.0
zero smooth test num:  36
train loglikelihood:-38.0754907473 test loglikelihood:-315.101516168
-311.727067302 -311.727067302 0.0 118.0 0.0
zero smooth test num:  36
train loglikelihood:-38.2122472572 test loglikelihood:-311.727067302
-315.475356955 -315.475356955 0.0 118.0 0.0
zero smooth test num:  36
train loglikelihood:-38.5499991789 test loglikelihood:-315.475356955
log likelihood: -141.901357335
log likelihood: -38.1335568832
log likelihood: -37.5944861501
original grammar count: 1892
added grammar count: 0
smooth count:0.0
train loglikelihood:-37.5944861501
test loglikelihood:-308.969179005
subgraph size: 25, train sample size: 500
split:  4
-323.631678861 -323.631678861 0.0 121.0 0.0
zero smooth test num:  37
train loglikelihood:-38.2127257722 test loglikelihood:-323.631678861
-324.495801685 -324.495801685 0.0 121.0 0.0
zero smooth test num:  37
train loglikelihood:-38.1073557783 test loglikelihood:-324.495801685
-319.65210897 -319.65210897 0.0 121.0 0.0
zero smooth test num:  37
train loglikelihood:-38.315385163 test loglikelihood:-319.65210897
-328.091393025 -328.091393025 0.0 121.0 0.0
zero smooth test num:  37
train loglikelihood:-37.9781934196 test loglikelihood:-328.091393025
-324.291954188 -324.291954188 0.0 121.0 0.0
zero smooth test num:  37
train loglikelihood:-38.6188329935 test loglikelihood:-324.291954188
log likelihood: -153.819562409
log likelihood: -38.3015032668
log likelihood: -37.9781934196
original grammar count: 1892
added grammar count: 0
smooth count:0.0
train loglikelihood:-37.9781934196
test loglikelihood:-328.091393025
subgraph size: 25, train sample size: 500
split:  4
-10308.2312267 -308.231226723 1.0 118.0 0.00847457627119
train loglikelihood:-38.3218037299 test loglikelihood:-308.231226723
-10305.6941199 -305.694119898 0.999999999999 118.0 0.00847457627118
train loglikelihood:-38.2603760253 test loglikelihood:-305.694119898
-10302.6791365 -302.679136511 1.0 118.0 0.00847457627119
train loglikelihood:-38.3593378765 test loglikelihood:-302.679136511
-10307.8364276 -307.836427582 1.0 118.0 0.00847457627119
train loglikelihood:-38.4666909061 test loglikelihood:-307.836427582
-10308.225557 -308.225556957 1.0 118.0 0.00847457627118
train loglikelihood:-38.0286907199 test loglikelihood:-308.225556957
log likelihood: -139.004583772
log likelihood: -38.3615290782
log likelihood: -38.0286907199
original grammar count: 1892
added grammar count: 4
smooth count:1.0
train loglikelihood:-38.0286907199
test loglikelihood:-308.225556957
subgraph size: 25, train sample size: 500
split:  4
-313.623794166 -313.623794166 0.0 122.0 0.0
zero smooth test num:  39
train loglikelihood:-38.3816526493 test loglikelihood:-313.623794166
-315.253703914 -315.253703914 0.0 122.0 0.0
zero smooth test num:  39
train loglikelihood:-37.9039980705 test loglikelihood:-315.253703914
-318.52349956 -318.52349956 0.0 122.0 0.0
zero smooth test num:  39
train loglikelihood:-37.6939915921 test loglikelihood:-318.52349956
-317.160896037 -317.160896037 0.0 122.0 0.0
zero smooth test num:  39
train loglikelihood:-37.9861693871 test loglikelihood:-317.160896037
-308.886889229 -308.886889229 0.0 122.0 0.0
zero smooth test num:  39
train loglikelihood:-37.7473418956 test loglikelihood:-308.886889229
log likelihood: -149.911245557
log likelihood: -38.2621950876
log likelihood: -37.6939915921
original grammar count: 1892
added grammar count: 0
smooth count:0.0
train loglikelihood:-37.6939915921
test loglikelihood:-318.52349956
subgraph size: 25, train sample size: 500
split:  4
-10299.1926926 -299.192692629 0.999999999999 122.0 0.00819672131147
train loglikelihood:-38.3270728298 test loglikelihood:-299.192692629
-10307.6832329 -307.683232921 1.0 122.0 0.00819672131148
train loglikelihood:-37.8074363807 test loglikelihood:-307.683232921
-10305.5271813 -305.527181276 1.0 122.0 0.00819672131148
train loglikelihood:-38.4828474493 test loglikelihood:-305.527181276
-10297.9212742 -297.921274218 1.0 122.0 0.00819672131147
train loglikelihood:-38.3232584783 test loglikelihood:-297.921274218
-10310.0685749 -310.068574973 0.999999999997 122.0 0.00819672131145
train loglikelihood:-38.3447566179 test loglikelihood:-310.068574973
log likelihood: -142.686862678
log likelihood: -38.2503377201
log likelihood: -37.8074363807
original grammar count: 1892
added grammar count: 16
smooth count:1.0
train loglikelihood:-37.8074363807
test loglikelihood:-307.683232921
subgraph size: 25, train sample size: 500
split:  4
-316.48366926 -316.48366926 0.0 123.0 0.0
zero smooth test num:  41
train loglikelihood:-38.5987895093 test loglikelihood:-316.48366926
-318.199874574 -318.199874574 0.0 123.0 0.0
zero smooth test num:  41
train loglikelihood:-38.5103258649 test loglikelihood:-318.199874574
-314.774357382 -314.774357382 0.0 123.0 0.0
zero smooth test num:  41
train loglikelihood:-37.9838966029 test loglikelihood:-314.774357382
-309.103507276 -309.103507276 0.0 123.0 0.0
zero smooth test num:  41
train loglikelihood:-37.9022118789 test loglikelihood:-309.103507276
-317.605475952 -317.605475952 0.0 123.0 0.0
zero smooth test num:  41
train loglikelihood:-37.7632470524 test loglikelihood:-317.605475952
log likelihood: -151.551698692
log likelihood: -38.2483376196
log likelihood: -37.7632470524
original grammar count: 1892
added grammar count: 0
smooth count:0.0
train loglikelihood:-37.7632470524
test loglikelihood:-317.605475952
subgraph size: 25, train sample size: 500
split:  4
-10273.8063753 -273.806375287 0.999999999999 122.0 0.00819672131147
train loglikelihood:-38.0705519979 test loglikelihood:-273.806375287
-10276.7461213 -276.746121279 1.0 122.0 0.00819672131147
train loglikelihood:-38.5081717514 test loglikelihood:-276.746121279
-10278.9075151 -278.907515132 0.999999999999 122.0 0.00819672131147
train loglikelihood:-38.0133615293 test loglikelihood:-278.907515132
-10260.1035627 -260.103562727 1.0 122.0 0.00819672131148
train loglikelihood:-37.3748251886 test loglikelihood:-260.103562727
-10274.6717178 -274.671717759 1.0 122.0 0.00819672131148
train loglikelihood:-37.9498119546 test loglikelihood:-274.671717759
log likelihood: -153.707796071
log likelihood: -37.9138155775
log likelihood: -37.3748251886
original grammar count: 1892
added grammar count: 4
smooth count:1.0
train loglikelihood:-37.3748251886
test loglikelihood:-260.103562727
subgraph size: 25, train sample size: 500
split:  4
-308.750980694 -308.750980694 0.0 121.0 0.0
zero smooth test num:  43
train loglikelihood:-38.6015807315 test loglikelihood:-308.750980694
-315.792158162 -315.792158162 0.0 121.0 0.0
zero smooth test num:  43
train loglikelihood:-38.0964419164 test loglikelihood:-315.792158162
-303.129180466 -303.129180466 0.0 121.0 0.0
zero smooth test num:  43
train loglikelihood:-38.0426058874 test loglikelihood:-303.129180466
-311.356695951 -311.356695951 0.0 121.0 0.0
zero smooth test num:  43
train loglikelihood:-38.5544037156 test loglikelihood:-311.356695951
-316.610595254 -316.610595254 0.0 121.0 0.0
zero smooth test num:  43
train loglikelihood:-38.7145627579 test loglikelihood:-316.610595254
log likelihood: -139.25874584
log likelihood: -38.4077902103
log likelihood: -38.0426058874
original grammar count: 1892
added grammar count: 0
smooth count:0.0
train loglikelihood:-38.0426058874
test loglikelihood:-303.129180466
subgraph size: 25, train sample size: 500
split:  4
-308.390753892 -308.390753892 0.0 124.0 0.0
zero smooth test num:  44
train loglikelihood:-37.9643975791 test loglikelihood:-308.390753892
-311.441146084 -311.441146084 0.0 124.0 0.0
zero smooth test num:  44
train loglikelihood:-38.3746919858 test loglikelihood:-311.441146084
-312.139970235 -312.139970235 0.0 124.0 0.0
zero smooth test num:  44
train loglikelihood:-38.3219346787 test loglikelihood:-312.139970235
-312.230228123 -312.230228123 0.0 124.0 0.0
zero smooth test num:  44
train loglikelihood:-38.1272737977 test loglikelihood:-312.230228123
-312.131620839 -312.131620839 0.0 124.0 0.0
zero smooth test num:  44
train loglikelihood:-38.2163555523 test loglikelihood:-312.131620839
log likelihood: -139.951128306
log likelihood: -38.3523632
log likelihood: -37.9643975791
original grammar count: 1892
added grammar count: 0
smooth count:0.0
train loglikelihood:-37.9643975791
test loglikelihood:-308.390753892
subgraph size: 25, train sample size: 500
split:  4
-328.962361439 -328.962361439 0.0 117.0 0.0
zero smooth test num:  45
train loglikelihood:-38.5875406817 test loglikelihood:-328.962361439
-332.185309259 -332.185309259 0.0 117.0 0.0
zero smooth test num:  45
train loglikelihood:-38.457009427 test loglikelihood:-332.185309259
-327.063671068 -327.063671068 0.0 117.0 0.0
zero smooth test num:  45
train loglikelihood:-38.5808576172 test loglikelihood:-327.063671068
-337.645586994 -337.645586994 0.0 117.0 0.0
zero smooth test num:  45
train loglikelihood:-38.24036568 test loglikelihood:-337.645586994
-311.314645438 -311.314645438 0.0 117.0 0.0
zero smooth test num:  45
train loglikelihood:-38.0788325053 test loglikelihood:-311.314645438
log likelihood: -139.076681513
log likelihood: -38.4791854439
log likelihood: -38.0788325053
original grammar count: 1892
added grammar count: 0
smooth count:0.0
train loglikelihood:-38.0788325053
test loglikelihood:-311.314645438
subgraph size: 25, train sample size: 500
split:  4
-10314.061848 -314.061848054 0.999999999997 119.0 0.00840336134453
train loglikelihood:-37.6553963207 test loglikelihood:-314.061848054
-10319.7611251 -319.761125052 1.0 119.0 0.00840336134455
train loglikelihood:-38.6496612078 test loglikelihood:-319.761125052
-10311.5097499 -311.509749937 0.999999999999 119.0 0.00840336134453
train loglikelihood:-38.5673236853 test loglikelihood:-311.509749937
-10313.3970385 -313.397038496 0.999999999999 119.0 0.00840336134453
train loglikelihood:-37.8320900998 test loglikelihood:-313.397038496
-10317.9076467 -317.907646732 0.999999999998 119.0 0.00840336134453
train loglikelihood:-38.4943946637 test loglikelihood:-317.907646732
log likelihood: -145.950993115
log likelihood: -38.1173941722
log likelihood: -37.6553963207
original grammar count: 1892
added grammar count: 16
smooth count:0.999999999997
train loglikelihood:-37.6553963207
test loglikelihood:-314.061848054
subgraph size: 25, train sample size: 500
split:  4
-10361.4868255 -361.486825512 1.0 115.0 0.00869565217391
train loglikelihood:-38.2664589828 test loglikelihood:-361.486825512
-10354.1400101 -354.140010136 1.0 115.0 0.00869565217392
train loglikelihood:-38.048670648 test loglikelihood:-354.140010136
-10346.2214917 -346.221491698 1.0 115.0 0.00869565217393
train loglikelihood:-38.4193551356 test loglikelihood:-346.221491698
-10360.0376149 -360.037614893 1.0 115.0 0.00869565217392
train loglikelihood:-37.9397974453 test loglikelihood:-360.037614893
-10364.0507397 -364.050739718 0.999999999998 115.0 0.0086956521739
train loglikelihood:-38.6152375121 test loglikelihood:-364.050739718
log likelihood: -142.508984779
log likelihood: -38.3428848546
log likelihood: -37.9397974453
original grammar count: 1892
added grammar count: 16
smooth count:1.0
train loglikelihood:-37.9397974453
test loglikelihood:-360.037614893
subgraph size: 25, train sample size: 500
split:  4
-360.127650637 -360.127650637 0.0 123.0 0.0
zero smooth test num:  48
train loglikelihood:-38.417715885 test loglikelihood:-360.127650637
-365.822398807 -365.822398807 0.0 123.0 0.0
zero smooth test num:  48
train loglikelihood:-38.4808362004 test loglikelihood:-365.822398807
-368.369115724 -368.369115724 0.0 123.0 0.0
zero smooth test num:  48
train loglikelihood:-38.2969598786 test loglikelihood:-368.369115724
-365.484361009 -365.484361009 0.0 123.0 0.0
zero smooth test num:  48
train loglikelihood:-37.8685440845 test loglikelihood:-365.484361009
-363.752727435 -363.752727435 0.0 123.0 0.0
zero smooth test num:  48
train loglikelihood:-38.0841085472 test loglikelihood:-363.752727435
log likelihood: -145.95514208
log likelihood: -38.2807761421
log likelihood: -37.8685440845
original grammar count: 1892
added grammar count: 0
smooth count:0.0
train loglikelihood:-37.8685440845
test loglikelihood:-365.484361009
subgraph size: 25, train sample size: 500
split:  4
-20376.2111897 -376.211189681 2.0 120.0 0.0166666666667
train loglikelihood:-38.6216068346 test loglikelihood:-376.211189681
-20366.5633243 -366.563324288 2.0 120.0 0.0166666666667
train loglikelihood:-38.4725255665 test loglikelihood:-366.563324288
-20366.9368769 -366.936876901 2.0 120.0 0.0166666666667
train loglikelihood:-38.5484419889 test loglikelihood:-366.936876901
-20367.6590373 -367.659037282 2.0 120.0 0.0166666666667
train loglikelihood:-38.2556023517 test loglikelihood:-367.659037282
-20352.3118674 -352.3118674 2.0 120.0 0.0166666666667
train loglikelihood:-38.0668963426 test loglikelihood:-352.3118674
log likelihood: -143.644357389
log likelihood: -38.4622728521
log likelihood: -38.0668963426
original grammar count: 1892
added grammar count: 20
smooth count:2.0
train loglikelihood:-38.0668963426
test loglikelihood:-352.3118674
subgraph size: 25, train sample size: 500
split:  4
-312.762454864 -312.762454864 0.0 121.0 0.0
zero smooth test num:  50
train loglikelihood:-37.8579109419 test loglikelihood:-312.762454864
-304.130765696 -304.130765696 0.0 121.0 0.0
zero smooth test num:  50
train loglikelihood:-38.5317441607 test loglikelihood:-304.130765696
-300.403956043 -300.403956043 0.0 121.0 0.0
zero smooth test num:  50
train loglikelihood:-37.9577242979 test loglikelihood:-300.403956043
-312.805626578 -312.805626578 0.0 121.0 0.0
zero smooth test num:  50
train loglikelihood:-38.3290860366 test loglikelihood:-312.805626578
-314.870661722 -314.870661722 0.0 121.0 0.0
zero smooth test num:  50
train loglikelihood:-38.2511587437 test loglikelihood:-314.870661722
log likelihood: -152.741637206
log likelihood: -38.3090835103
log likelihood: -37.8579109419
original grammar count: 1892
added grammar count: 0
smooth count:0.0
train loglikelihood:-37.8579109419
test loglikelihood:-312.762454864
subgraph size: 25, train sample size: 500
split:  4
-10363.7167177 -363.716717728 0.999999999999 122.0 0.00819672131147
train loglikelihood:-38.1988497644 test loglikelihood:-363.716717728
-10370.6643858 -370.664385816 1.0 122.0 0.00819672131148
train loglikelihood:-38.4859521853 test loglikelihood:-370.664385816
-10361.7600743 -361.760074275 1.0 122.0 0.00819672131149
train loglikelihood:-37.9929854217 test loglikelihood:-361.760074275
-10361.1515054 -361.151505427 1.0 122.0 0.00819672131149
train loglikelihood:-38.5277825514 test loglikelihood:-361.151505427
-10369.5198052 -369.519805198 1.0 122.0 0.00819672131148
train loglikelihood:-38.6587573925 test loglikelihood:-369.519805198
log likelihood: -144.365885451
log likelihood: -38.3448464045
log likelihood: -37.9929854217
original grammar count: 1892
added grammar count: 16
smooth count:1.0
train loglikelihood:-37.9929854217
test loglikelihood:-361.760074275
subgraph size: 25, train sample size: 500
split:  4
-289.061698902 -289.061698902 0.0 115.0 0.0
zero smooth test num:  52
train loglikelihood:-38.4784556477 test loglikelihood:-289.061698902
-283.057940834 -283.057940834 0.0 115.0 0.0
zero smooth test num:  52
train loglikelihood:-37.6343142137 test loglikelihood:-283.057940834
-278.817307177 -278.817307177 0.0 115.0 0.0
zero smooth test num:  52
train loglikelihood:-38.5235489922 test loglikelihood:-278.817307177
-288.229306103 -288.229306103 0.0 115.0 0.0
zero smooth test num:  52
train loglikelihood:-38.3619031618 test loglikelihood:-288.229306103
-277.584154062 -277.584154062 0.0 115.0 0.0
zero smooth test num:  52
train loglikelihood:-37.8972493741 test loglikelihood:-277.584154062
log likelihood: -146.40897912
log likelihood: -38.1671965527
log likelihood: -37.6343142137
original grammar count: 1892
added grammar count: 0
smooth count:0.0
train loglikelihood:-37.6343142137
test loglikelihood:-283.057940834
subgraph size: 25, train sample size: 500
split:  4
-10318.6157257 -318.615725731 1.0 114.0 0.00877192982456
train loglikelihood:-37.9007756841 test loglikelihood:-318.615725731
-10306.5870801 -306.587080142 0.999999999998 114.0 0.00877192982455
train loglikelihood:-38.1051968399 test loglikelihood:-306.587080142
-10318.3215563 -318.321556292 1.0 114.0 0.00877192982458
train loglikelihood:-38.3108900025 test loglikelihood:-318.321556292
-10323.9638011 -323.963801089 0.999999999999 114.0 0.00877192982455
train loglikelihood:-38.0353885075 test loglikelihood:-323.963801089
-10319.2516501 -319.25165005 1.0 114.0 0.00877192982457
train loglikelihood:-38.0530845667 test loglikelihood:-319.25165005
log likelihood: -139.543392452
log likelihood: -38.302431888
log likelihood: -37.9007756841
original grammar count: 1892
added grammar count: 16
smooth count:1.0
train loglikelihood:-37.9007756841
test loglikelihood:-318.615725731
subgraph size: 25, train sample size: 500
split:  4
-10343.8365331 -343.836533126 1.0 112.0 0.00892857142857
train loglikelihood:-38.5795113135 test loglikelihood:-343.836533126
-10338.0609603 -338.060960313 1.0 112.0 0.00892857142857
train loglikelihood:-38.5871998608 test loglikelihood:-338.060960313
-10335.8813463 -335.881346345 1.0 112.0 0.00892857142857
train loglikelihood:-37.7745229252 test loglikelihood:-335.881346345
-10329.7805145 -329.78051451 0.999999999998 112.0 0.00892857142856
train loglikelihood:-38.4030977614 test loglikelihood:-329.78051451
-10338.0955104 -338.095510404 1.0 112.0 0.00892857142857
train loglikelihood:-38.4033568473 test loglikelihood:-338.095510404
log likelihood: -146.902261271
log likelihood: -38.2502821377
log likelihood: -37.7745229252
original grammar count: 1892
added grammar count: 16
smooth count:1.0
train loglikelihood:-37.7745229252
test loglikelihood:-335.881346345
subgraph size: 25, train sample size: 500
split:  4
-20334.4097753 -334.409775355 2.0 118.0 0.0169491525424
train loglikelihood:-38.2893108284 test loglikelihood:-334.409775355
-20327.77266 -327.772660022 2.0 118.0 0.0169491525424
train loglikelihood:-38.6180413381 test loglikelihood:-327.772660022
-20323.1281574 -323.128157446 2.0 118.0 0.0169491525424
train loglikelihood:-38.2524465203 test loglikelihood:-323.128157446
-20333.2602148 -333.260214796 2.0 118.0 0.0169491525424
train loglikelihood:-38.5562120704 test loglikelihood:-333.260214796
-20335.4677014 -335.467701419 2.0 118.0 0.0169491525424
train loglikelihood:-38.6295363377 test loglikelihood:-335.467701419
log likelihood: -139.94980886
log likelihood: -38.5170139431
log likelihood: -38.2524465203
original grammar count: 1892
added grammar count: 20
smooth count:2.0
train loglikelihood:-38.2524465203
test loglikelihood:-323.128157446
subgraph size: 25, train sample size: 500
split:  4
-332.46251547 -332.46251547 0.0 116.0 0.0
zero smooth test num:  56
train loglikelihood:-38.5944468713 test loglikelihood:-332.46251547
-333.271623124 -333.271623124 0.0 116.0 0.0
zero smooth test num:  56
train loglikelihood:-38.5434165213 test loglikelihood:-333.271623124
-333.9689962 -333.9689962 0.0 116.0 0.0
zero smooth test num:  56
train loglikelihood:-38.3468683878 test loglikelihood:-333.9689962
-329.959930771 -329.959930771 0.0 116.0 0.0
zero smooth test num:  56
train loglikelihood:-38.3997496801 test loglikelihood:-329.959930771
-328.113373907 -328.113373907 0.0 116.0 0.0
zero smooth test num:  56
train loglikelihood:-37.9962779022 test loglikelihood:-328.113373907
log likelihood: -141.040442292
log likelihood: -38.3938380019
log likelihood: -37.9962779022
original grammar count: 1892
added grammar count: 0
smooth count:0.0
train loglikelihood:-37.9962779022
test loglikelihood:-328.113373907
subgraph size: 25, train sample size: 500
split:  4
-341.727922941 -341.727922941 0.0 117.0 0.0
zero smooth test num:  57
train loglikelihood:-37.9740722796 test loglikelihood:-341.727922941
-343.608265244 -343.608265244 0.0 117.0 0.0
zero smooth test num:  57
train loglikelihood:-38.2443604133 test loglikelihood:-343.608265244
-344.132677422 -344.132677422 0.0 117.0 0.0
zero smooth test num:  57
train loglikelihood:-38.232940235 test loglikelihood:-344.132677422
-333.736317217 -333.736317217 0.0 117.0 0.0
zero smooth test num:  57
train loglikelihood:-38.2191946058 test loglikelihood:-333.736317217
-334.88988367 -334.88988367 0.0 117.0 0.0
zero smooth test num:  57
train loglikelihood:-37.4560352726 test loglikelihood:-334.88988367
log likelihood: -147.103308332
log likelihood: -37.9557865099
log likelihood: -37.4560352726
original grammar count: 1892
added grammar count: 0
smooth count:0.0
train loglikelihood:-37.4560352726
test loglikelihood:-334.88988367
subgraph size: 25, train sample size: 500
split:  4
-10290.4896356 -290.489635595 1.0 122.0 0.00819672131147
train loglikelihood:-37.774921939 test loglikelihood:-290.489635595
-10301.3664702 -301.366470248 1.0 122.0 0.00819672131148
train loglikelihood:-38.4077239624 test loglikelihood:-301.366470248
-10291.3612424 -291.361242385 1.0 122.0 0.00819672131148
train loglikelihood:-38.3233110191 test loglikelihood:-291.361242385
-10288.8563376 -288.856337632 0.999999999999 122.0 0.00819672131147
train loglikelihood:-37.811957647 test loglikelihood:-288.856337632
-10297.1126998 -297.112699823 1.0 122.0 0.00819672131147
train loglikelihood:-38.0432018206 test loglikelihood:-297.112699823
log likelihood: -145.654090212
log likelihood: -38.2403724164
log likelihood: -37.774921939
original grammar count: 1892
added grammar count: 4
smooth count:1.0
train loglikelihood:-37.774921939
test loglikelihood:-290.489635595
subgraph size: 25, train sample size: 500
split:  4
-10282.7553642 -282.755364243 0.999999999999 126.0 0.0079365079365
train loglikelihood:-37.6487249889 test loglikelihood:-282.755364243
-10281.8050799 -281.805079881 1.0 126.0 0.00793650793652
train loglikelihood:-37.8820208756 test loglikelihood:-281.805079881
-10279.4614817 -279.461481672 1.0 126.0 0.00793650793651
train loglikelihood:-37.5381261245 test loglikelihood:-279.461481672
-10287.7333464 -287.733346413 1.0 126.0 0.00793650793651
train loglikelihood:-38.4117384158 test loglikelihood:-287.733346413
-10282.8013747 -282.801374732 1.0 126.0 0.00793650793652
train loglikelihood:-37.5977374195 test loglikelihood:-282.801374732
log likelihood: -145.546172942
log likelihood: -37.9972262466
log likelihood: -37.5381261245
original grammar count: 1892
added grammar count: 16
smooth count:1.0
train loglikelihood:-37.5381261245
test loglikelihood:-279.461481672
subgraph size: 25, train sample size: 500
split:  4
-10333.4502104 -333.450210379 0.999999999999 115.0 0.00869565217391
train loglikelihood:-38.187120495 test loglikelihood:-333.450210379
-10329.2511451 -329.251145131 1.0 115.0 0.00869565217391
train loglikelihood:-38.4300871278 test loglikelihood:-329.251145131
-10330.8577429 -330.857742852 1.0 115.0 0.00869565217391
train loglikelihood:-38.1144569284 test loglikelihood:-330.857742852
-10324.0579712 -324.057971171 0.999999999999 115.0 0.0086956521739
train loglikelihood:-38.0945212989 test loglikelihood:-324.057971171
-10338.8440296 -338.84402965 0.999999999999 115.0 0.0086956521739
train loglikelihood:-38.3466332387 test loglikelihood:-338.84402965
log likelihood: -137.023575067
log likelihood: -38.4481544427
log likelihood: -38.0945212989
original grammar count: 1892
added grammar count: 4
smooth count:0.999999999999
train loglikelihood:-38.0945212989
test loglikelihood:-324.057971171
subgraph size: 25, train sample size: 500
split:  4
-318.85147385 -318.85147385 0.0 114.0 0.0
zero smooth test num:  61
train loglikelihood:-38.30021191 test loglikelihood:-318.85147385
-312.563708594 -312.563708594 0.0 114.0 0.0
zero smooth test num:  61
train loglikelihood:-38.3089280793 test loglikelihood:-312.563708594
-315.799424333 -315.799424333 0.0 114.0 0.0
zero smooth test num:  61
train loglikelihood:-38.4047332844 test loglikelihood:-315.799424333
-316.399368502 -316.399368502 0.0 114.0 0.0
zero smooth test num:  61
train loglikelihood:-38.6272678696 test loglikelihood:-316.399368502
-315.234420905 -315.234420905 0.0 114.0 0.0
zero smooth test num:  61
train loglikelihood:-38.4772917198 test loglikelihood:-315.234420905
log likelihood: -149.40275776
log likelihood: -38.5372268782
log likelihood: -38.30021191
original grammar count: 1892
added grammar count: 0
smooth count:0.0
train loglikelihood:-38.30021191
test loglikelihood:-318.85147385
subgraph size: 25, train sample size: 500
split:  4
-299.650029454 -299.650029454 0.0 117.0 0.0
zero smooth test num:  62
train loglikelihood:-37.7559715979 test loglikelihood:-299.650029454
-295.306172682 -295.306172682 0.0 117.0 0.0
zero smooth test num:  62
train loglikelihood:-37.4136717282 test loglikelihood:-295.306172682
-286.945309296 -286.945309296 0.0 117.0 0.0
zero smooth test num:  62
train loglikelihood:-38.1770011935 test loglikelihood:-286.945309296
-303.232519017 -303.232519017 0.0 117.0 0.0
zero smooth test num:  62
train loglikelihood:-38.3232754255 test loglikelihood:-303.232519017
-291.444680576 -291.444680576 0.0 117.0 0.0
zero smooth test num:  62
train loglikelihood:-38.5022096507 test loglikelihood:-291.444680576
log likelihood: -153.798251536
log likelihood: -37.9598281411
log likelihood: -37.4136717282
original grammar count: 1892
added grammar count: 0
smooth count:0.0
train loglikelihood:-37.4136717282
test loglikelihood:-295.306172682
subgraph size: 25, train sample size: 500
split:  4
-337.549048231 -337.549048231 0.0 120.0 0.0
zero smooth test num:  63
train loglikelihood:-38.1675851052 test loglikelihood:-337.549048231
-343.311316897 -343.311316897 0.0 120.0 0.0
zero smooth test num:  63
train loglikelihood:-38.3628451844 test loglikelihood:-343.311316897
-337.111238819 -337.111238819 0.0 120.0 0.0
zero smooth test num:  63
train loglikelihood:-37.7388623846 test loglikelihood:-337.111238819
-337.487427548 -337.487427548 0.0 120.0 0.0
zero smooth test num:  63
train loglikelihood:-38.2218889396 test loglikelihood:-337.487427548
-316.738868341 -316.738868341 0.0 120.0 0.0
zero smooth test num:  63
train loglikelihood:-37.9189479712 test loglikelihood:-316.738868341
log likelihood: -144.039553659
log likelihood: -38.1792750028
log likelihood: -37.7388623846
original grammar count: 1892
added grammar count: 0
smooth count:0.0
train loglikelihood:-37.7388623846
test loglikelihood:-337.111238819
subgraph size: 25, train sample size: 500
split:  4
-10290.4406371 -290.440637144 0.999999999999 118.0 0.00847457627119
train loglikelihood:-38.3737961545 test loglikelihood:-290.440637144
-10297.0679597 -297.067959736 0.999999999998 118.0 0.00847457627117
train loglikelihood:-38.4854869868 test loglikelihood:-297.067959736
-10287.8063174 -287.806317353 1.0 118.0 0.00847457627118
train loglikelihood:-38.1168990717 test loglikelihood:-287.806317353
-10288.7720671 -288.772067085 0.999999999999 118.0 0.00847457627118
train loglikelihood:-37.762235257 test loglikelihood:-288.772067085
-10300.7864232 -300.786423177 1.0 118.0 0.00847457627121
train loglikelihood:-37.9466637356 test loglikelihood:-300.786423177
log likelihood: -147.535215346
log likelihood: -38.2451559044
log likelihood: -37.762235257
original grammar count: 1892
added grammar count: 16
smooth count:0.999999999999
train loglikelihood:-37.762235257
test loglikelihood:-288.772067085
subgraph size: 25, train sample size: 500
split:  4
-10298.1480637 -298.14806372 1.0 129.0 0.0077519379845
train loglikelihood:-37.7663513262 test loglikelihood:-298.14806372
-10293.9391907 -293.939190706 0.999999999999 129.0 0.00775193798449
train loglikelihood:-37.5669125863 test loglikelihood:-293.939190706
-10290.698539 -290.698539053 1.0 129.0 0.00775193798449
train loglikelihood:-37.8265668959 test loglikelihood:-290.698539053
-10302.565648 -302.565648036 1.0 129.0 0.0077519379845
train loglikelihood:-37.63406155 test loglikelihood:-302.565648036
-10302.8370226 -302.83702262 1.0 129.0 0.0077519379845
train loglikelihood:-38.1853974706 test loglikelihood:-302.83702262
log likelihood: -155.229958624
log likelihood: -38.0455764582
log likelihood: -37.5669125863
original grammar count: 1892
added grammar count: 4
smooth count:0.999999999999
train loglikelihood:-37.5669125863
test loglikelihood:-293.939190706
subgraph size: 25, train sample size: 500
split:  4
-10346.9626826 -346.962682585 1.0 111.0 0.00900900900901
train loglikelihood:-38.404553706 test loglikelihood:-346.962682585
-10328.6769483 -328.676948289 1.0 111.0 0.00900900900901
train loglikelihood:-37.8012491737 test loglikelihood:-328.676948289
-10334.1990439 -334.199043876 1.0 111.0 0.00900900900901
train loglikelihood:-38.3379006856 test loglikelihood:-334.199043876
-10338.7264226 -338.726422614 1.0 111.0 0.00900900900901
train loglikelihood:-38.2843893092 test loglikelihood:-338.726422614
-10326.853564 -326.853564021 1.0 111.0 0.009009009009
train loglikelihood:-38.474483199 test loglikelihood:-326.853564021
log likelihood: -143.528027944
log likelihood: -38.2740957629
log likelihood: -37.8012491737
original grammar count: 1892
added grammar count: 4
smooth count:1.0
train loglikelihood:-37.8012491737
test loglikelihood:-328.676948289
subgraph size: 25, train sample size: 500
split:  4
-10335.5337114 -335.533711392 1.0 115.0 0.00869565217392
train loglikelihood:-37.4950913005 test loglikelihood:-335.533711392
-10339.9501224 -339.950122434 1.0 115.0 0.00869565217392
train loglikelihood:-38.1550136576 test loglikelihood:-339.950122434
-10365.6831967 -365.68319673 1.0 115.0 0.00869565217391
train loglikelihood:-37.3543488617 test loglikelihood:-365.68319673
-10362.0493966 -362.049396577 1.0 115.0 0.00869565217391
train loglikelihood:-38.0474557733 test loglikelihood:-362.049396577
-10367.0241998 -367.024199777 1.0 115.0 0.00869565217392
train loglikelihood:-38.1697522447 test loglikelihood:-367.024199777
log likelihood: -147.5623995
log likelihood: -37.8334456511
log likelihood: -37.3543488617
original grammar count: 1892
added grammar count: 4
smooth count:1.0
train loglikelihood:-37.3543488617
test loglikelihood:-365.68319673
subgraph size: 25, train sample size: 500
split:  4
-20320.2698159 -320.269815893 2.0 117.0 0.017094017094
train loglikelihood:-37.6426752682 test loglikelihood:-320.269815893
-20332.3281118 -332.328111773 2.0 117.0 0.017094017094
train loglikelihood:-38.0119599201 test loglikelihood:-332.328111773
-20335.9967858 -335.996785855 2.0 117.0 0.017094017094
train loglikelihood:-38.1799673645 test loglikelihood:-335.996785855
-20331.5534991 -331.553499076 2.0 117.0 0.017094017094
train loglikelihood:-38.228263488 test loglikelihood:-331.553499076
-20343.596281 -343.596280952 2.0 117.0 0.017094017094
train loglikelihood:-38.1111978407 test loglikelihood:-343.596280952
log likelihood: -138.543290665
log likelihood: -38.1922087294
log likelihood: -37.6426752682
original grammar count: 1892
added grammar count: 4
smooth count:2.0
train loglikelihood:-37.6426752682
test loglikelihood:-320.269815893
subgraph size: 25, train sample size: 500
split:  4
-302.089504431 -302.089504431 0.0 121.0 0.0
zero smooth test num:  69
train loglikelihood:-37.9103917169 test loglikelihood:-302.089504431
-303.169393757 -303.169393757 0.0 121.0 0.0
zero smooth test num:  69
train loglikelihood:-38.2891413817 test loglikelihood:-303.169393757
-301.593851136 -301.593851136 0.0 121.0 0.0
zero smooth test num:  69
train loglikelihood:-38.4020073161 test loglikelihood:-301.593851136
-295.73446975 -295.73446975 0.0 121.0 0.0
zero smooth test num:  69
train loglikelihood:-37.8779432627 test loglikelihood:-295.73446975
-298.023521083 -298.023521083 0.0 121.0 0.0
zero smooth test num:  69
train loglikelihood:-38.295367858 test loglikelihood:-298.023521083
log likelihood: -145.388199516
log likelihood: -38.3671440119
log likelihood: -37.8779432627
original grammar count: 1892
added grammar count: 0
smooth count:0.0
train loglikelihood:-37.8779432627
test loglikelihood:-295.73446975
subgraph size: 25, train sample size: 500
split:  4
-20310.9673726 -310.967372631 2.0 129.0 0.015503875969
train loglikelihood:-38.562746364 test loglikelihood:-310.967372631
-20318.2284263 -318.228426266 2.0 129.0 0.015503875969
train loglikelihood:-38.0493380314 test loglikelihood:-318.228426266
-20315.8214992 -315.821499177 2.0 129.0 0.015503875969
train loglikelihood:-38.4406174968 test loglikelihood:-315.821499177
-20292.5543627 -292.554362649 2.0 129.0 0.015503875969
train loglikelihood:-38.2362634324 test loglikelihood:-292.554362649
-20306.2692459 -306.269245912 2.0 129.0 0.015503875969
train loglikelihood:-37.7534413742 test loglikelihood:-306.269245912
log likelihood: -145.286135063
log likelihood: -38.2108626788
log likelihood: -37.7534413742
original grammar count: 1892
added grammar count: 16
smooth count:2.0
train loglikelihood:-37.7534413742
test loglikelihood:-306.269245912
subgraph size: 25, train sample size: 500
split:  4
-10269.3873429 -269.387342913 0.999999999999 122.0 0.00819672131147
train loglikelihood:-38.4594996889 test loglikelihood:-269.387342913
-10268.6388203 -268.638820292 0.999999999999 122.0 0.00819672131147
train loglikelihood:-38.2798940441 test loglikelihood:-268.638820292
-10270.2847919 -270.284791872 1.0 122.0 0.00819672131147
train loglikelihood:-38.4150459937 test loglikelihood:-270.284791872
-10273.5425463 -273.54254632 0.999999999999 122.0 0.00819672131146
train loglikelihood:-38.2753303032 test loglikelihood:-273.54254632
-10262.5172551 -262.517255096 0.999999999997 122.0 0.00819672131146
train loglikelihood:-37.5909164905 test loglikelihood:-262.517255096
log likelihood: -144.025658797
log likelihood: -38.1216681995
log likelihood: -37.5909164905
original grammar count: 1892
added grammar count: 16
smooth count:0.999999999997
train loglikelihood:-37.5909164905
test loglikelihood:-262.517255096
subgraph size: 25, train sample size: 500
split:  4
-10286.5425412 -286.54254122 0.999999999998 121.0 0.0082644628099
train loglikelihood:-38.5872607763 test loglikelihood:-286.54254122
-10279.0034043 -279.003404294 0.999999999998 121.0 0.00826446280991
train loglikelihood:-38.2756142956 test loglikelihood:-279.003404294
-10280.9645255 -280.964525485 0.999999999999 121.0 0.00826446280991
train loglikelihood:-38.2910091962 test loglikelihood:-280.964525485
-10281.6635363 -281.663536283 1.0 121.0 0.00826446280992
train loglikelihood:-38.4628549671 test loglikelihood:-281.663536283
-10282.5675219 -282.567521849 1.0 121.0 0.00826446280992
train loglikelihood:-38.6602493622 test loglikelihood:-282.567521849
log likelihood: -138.75691789
log likelihood: -38.562141858
log likelihood: -38.2756142956
original grammar count: 1892
added grammar count: 16
smooth count:0.999999999998
train loglikelihood:-38.2756142956
test loglikelihood:-279.003404294
subgraph size: 25, train sample size: 500
split:  4
-10292.8908781 -292.890878155 0.999999999999 116.0 0.00862068965517
train loglikelihood:-38.6315133552 test loglikelihood:-292.890878155
-10289.6198966 -289.619896644 0.999999999999 116.0 0.00862068965516
train loglikelihood:-37.8688623971 test loglikelihood:-289.619896644
-10289.7720711 -289.772071108 1.0 116.0 0.00862068965519
train loglikelihood:-37.8033338444 test loglikelihood:-289.772071108
-10299.5043789 -299.504378857 1.0 116.0 0.00862068965518
train loglikelihood:-38.5145002275 test loglikelihood:-299.504378857
-10299.4076613 -299.407661244 1.0 116.0 0.00862068965518
train loglikelihood:-38.3188454444 test loglikelihood:-299.407661244
log likelihood: -153.516033277
log likelihood: -38.2351589103
log likelihood: -37.8033338444
original grammar count: 1892
added grammar count: 16
smooth count:1.0
train loglikelihood:-37.8033338444
test loglikelihood:-289.772071108
subgraph size: 25, train sample size: 500
split:  4
-320.565715177 -320.565715177 0.0 119.0 0.0
zero smooth test num:  74
train loglikelihood:-37.7257980442 test loglikelihood:-320.565715177
-319.366435592 -319.366435592 0.0 119.0 0.0
zero smooth test num:  74
train loglikelihood:-38.2256969224 test loglikelihood:-319.366435592
-319.17290585 -319.17290585 0.0 119.0 0.0
zero smooth test num:  74
train loglikelihood:-37.5439741697 test loglikelihood:-319.17290585
-309.195291333 -309.195291333 0.0 119.0 0.0
zero smooth test num:  74
train loglikelihood:-38.5792158479 test loglikelihood:-309.195291333
-322.829863784 -322.829863784 0.0 119.0 0.0
zero smooth test num:  74
train loglikelihood:-38.6751218992 test loglikelihood:-322.829863784
log likelihood: -149.345783481
log likelihood: -38.050294391
log likelihood: -37.5439741697
original grammar count: 1892
added grammar count: 0
smooth count:0.0
train loglikelihood:-37.5439741697
test loglikelihood:-319.17290585
subgraph size: 25, train sample size: 500
split:  4
-10318.0277526 -318.027752656 0.999999999999 117.0 0.00854700854701
train loglikelihood:-38.0352220488 test loglikelihood:-318.027752656
-10305.6398669 -305.639866921 1.0 117.0 0.00854700854701
train loglikelihood:-38.4537382343 test loglikelihood:-305.639866921
-10314.9642356 -314.964235566 1.0 117.0 0.00854700854701
train loglikelihood:-37.7480977233 test loglikelihood:-314.964235566
-10320.2313642 -320.231364174 1.0 117.0 0.00854700854702
train loglikelihood:-38.2383326427 test loglikelihood:-320.231364174
-10323.3234636 -323.323463551 1.0 117.0 0.00854700854702
train loglikelihood:-38.3949075711 test loglikelihood:-323.323463551
log likelihood: -140.182598287
log likelihood: -38.2127367823
log likelihood: -37.7480977233
original grammar count: 1892
added grammar count: 16
smooth count:1.0
train loglikelihood:-37.7480977233
test loglikelihood:-314.964235566
subgraph size: 25, train sample size: 500
split:  4
-10281.1726751 -281.172675067 1.0 120.0 0.00833333333333
train loglikelihood:-38.0546463849 test loglikelihood:-281.172675067
-10279.8141326 -279.814132651 0.999999999999 120.0 0.00833333333333
train loglikelihood:-38.4684940785 test loglikelihood:-279.814132651
-10281.0898442 -281.089844143 1.0 120.0 0.00833333333335
train loglikelihood:-38.4993787625 test loglikelihood:-281.089844143
-10280.4662697 -280.466269721 1.0 120.0 0.00833333333335
train loglikelihood:-38.3708569354 test loglikelihood:-280.466269721
-10275.2868101 -275.286810072 1.0 120.0 0.00833333333334
train loglikelihood:-38.3127257088 test loglikelihood:-275.286810072
log likelihood: -143.812131703
log likelihood: -38.424958646
log likelihood: -38.0546463849
original grammar count: 1892
added grammar count: 16
smooth count:1.0
train loglikelihood:-38.0546463849
test loglikelihood:-281.172675067
subgraph size: 25, train sample size: 500
split:  4
-20278.8339308 -278.833930811 2.0 118.0 0.0169491525424
train loglikelihood:-38.4853884522 test loglikelihood:-278.833930811
-20280.1812822 -280.181282263 2.0 118.0 0.0169491525424
train loglikelihood:-38.6035354758 test loglikelihood:-280.181282263
-20280.1168093 -280.116809275 2.0 118.0 0.0169491525423
train loglikelihood:-37.5415358055 test loglikelihood:-280.116809275
-20276.3213733 -276.321373265 2.0 118.0 0.0169491525424
train loglikelihood:-37.7476011451 test loglikelihood:-276.321373265
-20273.1805457 -273.180545684 2.0 118.0 0.0169491525424
train loglikelihood:-38.4732298043 test loglikelihood:-273.180545684
log likelihood: -147.253376557
log likelihood: -37.9535813948
log likelihood: -37.5415358055
original grammar count: 1892
added grammar count: 32
smooth count:2.0
train loglikelihood:-37.5415358055
test loglikelihood:-280.116809275
subgraph size: 25, train sample size: 500
split:  4
-10290.1992272 -290.199227192 0.999999999997 118.0 0.00847457627117
train loglikelihood:-38.6027939227 test loglikelihood:-290.199227192
-10289.6726469 -289.672646913 1.0 118.0 0.00847457627119
train loglikelihood:-38.2275519106 test loglikelihood:-289.672646913
-10292.423813 -292.423812941 1.0 118.0 0.0084745762712
train loglikelihood:-38.49763673 test loglikelihood:-292.423812941
-10286.4564698 -286.456469735 1.0 118.0 0.00847457627119
train loglikelihood:-38.3792375726 test loglikelihood:-286.456469735
-10292.9803598 -292.980359776 1.0 118.0 0.0084745762712
train loglikelihood:-37.996004559 test loglikelihood:-292.980359776
log likelihood: -138.516520825
log likelihood: -38.3201987132
log likelihood: -37.996004559
original grammar count: 1892
added grammar count: 16
smooth count:1.0
train loglikelihood:-37.996004559
test loglikelihood:-292.980359776
subgraph size: 25, train sample size: 500
split:  4
-10302.3589582 -302.358958193 1.0 130.0 0.00769230769231
train loglikelihood:-38.5424594528 test loglikelihood:-302.358958193
-10296.2048541 -296.204854114 0.999999999998 130.0 0.0076923076923
train loglikelihood:-38.4308059027 test loglikelihood:-296.204854114
-10299.5623256 -299.562325625 1.0 130.0 0.00769230769231
train loglikelihood:-38.2763781681 test loglikelihood:-299.562325625
-10306.018434 -306.018433964 1.0 130.0 0.00769230769232
train loglikelihood:-38.434497875 test loglikelihood:-306.018433964
-10305.6101639 -305.61016392 1.0 130.0 0.00769230769232
train loglikelihood:-38.3025657904 test loglikelihood:-305.61016392
log likelihood: -143.5046563
log likelihood: -38.5241213765
log likelihood: -38.2763781681
original grammar count: 1892
added grammar count: 16
smooth count:1.0
train loglikelihood:-38.2763781681
test loglikelihood:-299.562325625
subgraph size: 25, train sample size: 500
split:  4
-10306.0762908 -306.076290812 1.0 120.0 0.00833333333334
train loglikelihood:-38.5917914451 test loglikelihood:-306.076290812
-10295.4752716 -295.475271629 1.0 120.0 0.00833333333334
train loglikelihood:-38.2160672029 test loglikelihood:-295.475271629
-10295.2604051 -295.260405077 1.0 120.0 0.00833333333333
train loglikelihood:-37.8477725423 test loglikelihood:-295.260405077
-10302.0308977 -302.030897652 1.0 120.0 0.00833333333334
train loglikelihood:-38.4172952565 test loglikelihood:-302.030897652
-10301.3460078 -301.346007768 1.0 120.0 0.00833333333333
train loglikelihood:-37.4448112702 test loglikelihood:-301.346007768
log likelihood: -149.189321866
log likelihood: -37.9980278274
log likelihood: -37.4448112702
original grammar count: 1892
added grammar count: 16
smooth count:1.0
train loglikelihood:-37.4448112702
test loglikelihood:-301.346007768
subgraph size: 25, train sample size: 500
split:  4
-305.325395965 -305.325395965 0.0 123.0 0.0
zero smooth test num:  81
train loglikelihood:-38.6623061214 test loglikelihood:-305.325395965
-315.441598689 -315.441598689 0.0 123.0 0.0
zero smooth test num:  81
train loglikelihood:-38.4792821986 test loglikelihood:-315.441598689
-309.091036201 -309.091036201 0.0 123.0 0.0
zero smooth test num:  81
train loglikelihood:-38.1846053792 test loglikelihood:-309.091036201
-311.802614823 -311.802614823 0.0 123.0 0.0
zero smooth test num:  81
train loglikelihood:-37.5824044272 test loglikelihood:-311.802614823
-305.393085433 -305.393085433 0.0 123.0 0.0
zero smooth test num:  81
train loglikelihood:-37.6035548346 test loglikelihood:-305.393085433
log likelihood: -147.982054978
log likelihood: -38.0931033698
log likelihood: -37.5824044272
original grammar count: 1892
added grammar count: 0
smooth count:0.0
train loglikelihood:-37.5824044272
test loglikelihood:-311.802614823
subgraph size: 25, train sample size: 500
split:  4
-251.722253666 -251.722253666 0.0 125.0 0.0
zero smooth test num:  82
train loglikelihood:-38.4605199379 test loglikelihood:-251.722253666
-240.995941544 -240.995941544 0.0 125.0 0.0
zero smooth test num:  82
train loglikelihood:-38.4895765752 test loglikelihood:-240.995941544
-242.697676777 -242.697676777 0.0 125.0 0.0
zero smooth test num:  82
train loglikelihood:-38.5432334714 test loglikelihood:-242.697676777
-249.855777125 -249.855777125 0.0 125.0 0.0
zero smooth test num:  82
train loglikelihood:-38.3520968385 test loglikelihood:-249.855777125
-245.92626291 -245.92626291 0.0 125.0 0.0
zero smooth test num:  82
train loglikelihood:-37.7058813309 test loglikelihood:-245.92626291
log likelihood: -141.898683047
log likelihood: -38.0997751831
log likelihood: -37.7058813309
original grammar count: 1892
added grammar count: 0
smooth count:0.0
train loglikelihood:-37.7058813309
test loglikelihood:-245.92626291
subgraph size: 25, train sample size: 500
split:  4
-20314.2713236 -314.271323562 2.0 124.0 0.0161290322581
train loglikelihood:-38.4622408793 test loglikelihood:-314.271323562
-20307.4316537 -307.431653755 2.0 124.0 0.0161290322581
train loglikelihood:-37.901073254 test loglikelihood:-307.431653755
-20299.1097047 -299.109704668 2.0 124.0 0.0161290322581
train loglikelihood:-37.2129512469 test loglikelihood:-299.109704668
-20308.5579513 -308.557951296 2.0 124.0 0.0161290322581
train loglikelihood:-37.712141923 test loglikelihood:-308.557951296
-20293.1396957 -293.139695695 2.0 124.0 0.0161290322581
train loglikelihood:-38.50934858 test loglikelihood:-293.139695695
log likelihood: -145.058373655
log likelihood: -37.7629608127
log likelihood: -37.2129512469
original grammar count: 1892
added grammar count: 20
smooth count:2.0
train loglikelihood:-37.2129512469
test loglikelihood:-299.109704668
subgraph size: 25, train sample size: 500
split:  4
-309.943435951 -309.943435951 0.0 121.0 0.0
zero smooth test num:  84
train loglikelihood:-38.0331747265 test loglikelihood:-309.943435951
-306.390821892 -306.390821892 0.0 121.0 0.0
zero smooth test num:  84
train loglikelihood:-38.4690439848 test loglikelihood:-306.390821892
-284.38242094 -284.38242094 0.0 121.0 0.0
zero smooth test num:  84
train loglikelihood:-37.4419380395 test loglikelihood:-284.38242094
-304.616213435 -304.616213435 0.0 121.0 0.0
zero smooth test num:  84
train loglikelihood:-37.7554548391 test loglikelihood:-304.616213435
-294.416226257 -294.416226257 0.0 121.0 0.0
zero smooth test num:  84
train loglikelihood:-38.5233751564 test loglikelihood:-294.416226257
log likelihood: -156.269668923
log likelihood: -38.0755751567
log likelihood: -37.4419380395
original grammar count: 1892
added grammar count: 0
smooth count:0.0
train loglikelihood:-37.4419380395
test loglikelihood:-284.38242094
subgraph size: 25, train sample size: 500
split:  4
-302.603442026 -302.603442026 0.0 116.0 0.0
zero smooth test num:  85
train loglikelihood:-38.527937217 test loglikelihood:-302.603442026
-304.785252121 -304.785252121 0.0 116.0 0.0
zero smooth test num:  85
train loglikelihood:-38.4205776215 test loglikelihood:-304.785252121
-309.847222215 -309.847222215 0.0 116.0 0.0
zero smooth test num:  85
train loglikelihood:-38.6814878182 test loglikelihood:-309.847222215
-309.712819913 -309.712819913 0.0 116.0 0.0
zero smooth test num:  85
train loglikelihood:-37.7682772704 test loglikelihood:-309.712819913
-301.922300893 -301.922300893 0.0 116.0 0.0
zero smooth test num:  85
train loglikelihood:-38.4542983984 test loglikelihood:-301.922300893
log likelihood: -140.725773752
log likelihood: -38.2136586148
log likelihood: -37.7682772704
original grammar count: 1892
added grammar count: 0
smooth count:0.0
train loglikelihood:-37.7682772704
test loglikelihood:-309.712819913
subgraph size: 25, train sample size: 500
split:  4
-10327.3914855 -327.391485515 0.999999999999 119.0 0.00840336134453
train loglikelihood:-37.8997618604 test loglikelihood:-327.391485515
-10333.3061341 -333.306134128 1.0 119.0 0.00840336134455
train loglikelihood:-37.7852904136 test loglikelihood:-333.306134128
-10340.7027654 -340.702765351 1.0 119.0 0.00840336134454
train loglikelihood:-38.5571187223 test loglikelihood:-340.702765351
-10333.1449564 -333.144956419 1.0 119.0 0.00840336134455
train loglikelihood:-38.1214666398 test loglikelihood:-333.144956419
-10333.6259808 -333.625980752 1.0 119.0 0.00840336134454
train loglikelihood:-37.570020279 test loglikelihood:-333.625980752
log likelihood: -149.349287791
log likelihood: -38.0224723642
log likelihood: -37.570020279
original grammar count: 1892
added grammar count: 16
smooth count:1.0
train loglikelihood:-37.570020279
test loglikelihood:-333.625980752
subgraph size: 25, train sample size: 500
split:  4
-20305.3087424 -305.308742413 2.0 117.0 0.017094017094
train loglikelihood:-38.0375659954 test loglikelihood:-305.308742413
-20317.8866959 -317.886695883 2.0 117.0 0.017094017094
train loglikelihood:-38.6477907625 test loglikelihood:-317.886695883
-20312.9998534 -312.999853384 2.0 117.0 0.017094017094
train loglikelihood:-38.2425789816 test loglikelihood:-312.999853384
-20299.6676698 -299.66766983 2.0 117.0 0.017094017094
train loglikelihood:-37.2651166099 test loglikelihood:-299.66766983
-20315.9979495 -315.997949527 2.0 117.0 0.017094017094
train loglikelihood:-38.4304885459 test loglikelihood:-315.997949527
log likelihood: -149.214675771
log likelihood: -37.7135860431
log likelihood: -37.2651166099
original grammar count: 1892
added grammar count: 4
smooth count:2.0
train loglikelihood:-37.2651166099
test loglikelihood:-299.66766983
subgraph size: 25, train sample size: 500
split:  4
-302.461999487 -302.461999487 0.0 126.0 0.0
zero smooth test num:  88
train loglikelihood:-37.9331457362 test loglikelihood:-302.461999487
-313.854955171 -313.854955171 0.0 126.0 0.0
zero smooth test num:  88
train loglikelihood:-38.6690312186 test loglikelihood:-313.854955171
-313.193818958 -313.193818958 0.0 126.0 0.0
zero smooth test num:  88
train loglikelihood:-38.6371302224 test loglikelihood:-313.193818958
-298.012472404 -298.012472404 0.0 126.0 0.0
zero smooth test num:  88
train loglikelihood:-38.1701164724 test loglikelihood:-298.012472404
-312.463749023 -312.463749023 0.0 126.0 0.0
zero smooth test num:  88
train loglikelihood:-38.2566864139 test loglikelihood:-312.463749023
log likelihood: -145.429186632
log likelihood: -38.310315933
log likelihood: -37.9331457362
original grammar count: 1892
added grammar count: 0
smooth count:0.0
train loglikelihood:-37.9331457362
test loglikelihood:-302.461999487
subgraph size: 25, train sample size: 500
split:  4
-315.815906398 -315.815906398 0.0 123.0 0.0
zero smooth test num:  89
train loglikelihood:-38.2683914211 test loglikelihood:-315.815906398
-322.548923792 -322.548923792 0.0 123.0 0.0
zero smooth test num:  89
train loglikelihood:-38.0989952431 test loglikelihood:-322.548923792
-319.336534255 -319.336534255 0.0 123.0 0.0
zero smooth test num:  89
train loglikelihood:-38.4916837823 test loglikelihood:-319.336534255
-313.352808482 -313.352808482 0.0 123.0 0.0
zero smooth test num:  89
train loglikelihood:-37.823059903 test loglikelihood:-313.352808482
-316.956750057 -316.956750057 0.0 123.0 0.0
zero smooth test num:  89
train loglikelihood:-38.1742924927 test loglikelihood:-316.956750057
log likelihood: -139.683579988
log likelihood: -38.2411832296
log likelihood: -37.823059903
original grammar count: 1892
added grammar count: 0
smooth count:0.0
train loglikelihood:-37.823059903
test loglikelihood:-313.352808482
subgraph size: 25, train sample size: 500
split:  4
-309.276199256 -309.276199256 0.0 122.0 0.0
zero smooth test num:  90
train loglikelihood:-38.3953340666 test loglikelihood:-309.276199256
-306.584904752 -306.584904752 0.0 122.0 0.0
zero smooth test num:  90
train loglikelihood:-38.4437118164 test loglikelihood:-306.584904752
-298.707240902 -298.707240902 0.0 122.0 0.0
zero smooth test num:  90
train loglikelihood:-37.7341637483 test loglikelihood:-298.707240902
-289.964893909 -289.964893909 0.0 122.0 0.0
zero smooth test num:  90
train loglikelihood:-37.429940528 test loglikelihood:-289.964893909
-303.483314783 -303.483314783 0.0 122.0 0.0
zero smooth test num:  90
train loglikelihood:-37.9132734889 test loglikelihood:-303.483314783
log likelihood: -151.478278523
log likelihood: -38.0679746321
log likelihood: -37.429940528
original grammar count: 1892
added grammar count: 0
smooth count:0.0
train loglikelihood:-37.429940528
test loglikelihood:-289.964893909
subgraph size: 25, train sample size: 500
split:  4
-10325.7205715 -325.720571472 1.0 115.0 0.00869565217391
train loglikelihood:-37.567008734 test loglikelihood:-325.720571472
-10325.6597829 -325.659782898 1.0 115.0 0.00869565217391
train loglikelihood:-38.1622197174 test loglikelihood:-325.659782898
-10316.195379 -316.195379041 1.0 115.0 0.00869565217391
train loglikelihood:-37.6996426806 test loglikelihood:-316.195379041
-10319.5452094 -319.545209412 1.0 115.0 0.00869565217392
train loglikelihood:-38.3237707738 test loglikelihood:-319.545209412
-10317.0324784 -317.032478405 0.999999999999 115.0 0.00869565217391
train loglikelihood:-38.4223134256 test loglikelihood:-317.032478405
log likelihood: -144.150678666
log likelihood: -38.0888426857
log likelihood: -37.567008734
original grammar count: 1892
added grammar count: 4
smooth count:1.0
train loglikelihood:-37.567008734
test loglikelihood:-325.720571472
subgraph size: 25, train sample size: 500
split:  4
-287.593134754 -287.593134754 0.0 121.0 0.0
zero smooth test num:  92
train loglikelihood:-38.6191575753 test loglikelihood:-287.593134754
-280.080413332 -280.080413332 0.0 121.0 0.0
zero smooth test num:  92
train loglikelihood:-37.7356052894 test loglikelihood:-280.080413332
-280.874148586 -280.874148586 0.0 121.0 0.0
zero smooth test num:  92
train loglikelihood:-38.6252742829 test loglikelihood:-280.874148586
-282.394133374 -282.394133374 0.0 121.0 0.0
zero smooth test num:  92
train loglikelihood:-37.5723715866 test loglikelihood:-282.394133374
-286.949996245 -286.949996245 0.0 121.0 0.0
zero smooth test num:  92
train loglikelihood:-38.2100669422 test loglikelihood:-286.949996245
log likelihood: -145.352182182
log likelihood: -38.1863883703
log likelihood: -37.5723715866
original grammar count: 1892
added grammar count: 0
smooth count:0.0
train loglikelihood:-37.5723715866
test loglikelihood:-282.394133374
subgraph size: 25, train sample size: 500
split:  4
-291.704210817 -291.704210817 0.0 118.0 0.0
zero smooth test num:  93
train loglikelihood:-38.1814984517 test loglikelihood:-291.704210817
-296.552335852 -296.552335852 0.0 118.0 0.0
zero smooth test num:  93
train loglikelihood:-37.5700383352 test loglikelihood:-296.552335852
-289.869013456 -289.869013456 0.0 118.0 0.0
zero smooth test num:  93
train loglikelihood:-38.3030164306 test loglikelihood:-289.869013456
-293.951623495 -293.951623495 0.0 118.0 0.0
zero smooth test num:  93
train loglikelihood:-38.6273098122 test loglikelihood:-293.951623495
-286.836170605 -286.836170605 0.0 118.0 0.0
zero smooth test num:  93
train loglikelihood:-37.8938257242 test loglikelihood:-286.836170605
log likelihood: -146.062248142
log likelihood: -38.1111765257
log likelihood: -37.5700383352
original grammar count: 1892
added grammar count: 0
smooth count:0.0
train loglikelihood:-37.5700383352
test loglikelihood:-296.552335852
subgraph size: 25, train sample size: 500
split:  4
-330.470286427 -330.470286427 0.0 120.0 0.0
zero smooth test num:  94
train loglikelihood:-38.4600322846 test loglikelihood:-330.470286427
-338.855891447 -338.855891447 0.0 120.0 0.0
zero smooth test num:  94
train loglikelihood:-38.6566033256 test loglikelihood:-338.855891447
-340.622226994 -340.622226994 0.0 120.0 0.0
zero smooth test num:  94
train loglikelihood:-38.1994193131 test loglikelihood:-340.622226994
-327.521150781 -327.521150781 0.0 120.0 0.0
zero smooth test num:  94
train loglikelihood:-38.5047395978 test loglikelihood:-327.521150781
-340.441784517 -340.441784517 0.0 120.0 0.0
zero smooth test num:  94
train loglikelihood:-38.5023668384 test loglikelihood:-340.441784517
log likelihood: -142.141961009
log likelihood: -38.4969498967
log likelihood: -38.1994193131
original grammar count: 1892
added grammar count: 0
smooth count:0.0
train loglikelihood:-38.1994193131
test loglikelihood:-340.622226994
subgraph size: 25, train sample size: 500
split:  4
-305.743592002 -305.743592002 0.0 117.0 0.0
zero smooth test num:  95
train loglikelihood:-37.8841063902 test loglikelihood:-305.743592002
-313.833303862 -313.833303862 0.0 117.0 0.0
zero smooth test num:  95
train loglikelihood:-38.2332217794 test loglikelihood:-313.833303862
-315.422449159 -315.422449159 0.0 117.0 0.0
zero smooth test num:  95
train loglikelihood:-37.7531909319 test loglikelihood:-315.422449159
-324.297198097 -324.297198097 0.0 117.0 0.0
zero smooth test num:  95
train loglikelihood:-38.6017448 test loglikelihood:-324.297198097
-323.2538544 -323.2538544 0.0 117.0 0.0
zero smooth test num:  95
train loglikelihood:-38.4068018691 test loglikelihood:-323.2538544
log likelihood: -149.105327601
log likelihood: -38.24406501
log likelihood: -37.7531909319
original grammar count: 1892
added grammar count: 0
smooth count:0.0
train loglikelihood:-37.7531909319
test loglikelihood:-315.422449159
subgraph size: 25, train sample size: 500
split:  4
-10328.2873959 -328.287395936 1.0 116.0 0.00862068965518
train loglikelihood:-38.5684383426 test loglikelihood:-328.287395936
-10336.6935627 -336.693562667 0.999999999999 116.0 0.00862068965516
train loglikelihood:-38.1991968383 test loglikelihood:-336.693562667
-10329.7180129 -329.718012897 1.0 116.0 0.00862068965518
train loglikelihood:-37.4790714651 test loglikelihood:-329.718012897
-10347.3171374 -347.317137374 0.999999999999 116.0 0.00862068965516
train loglikelihood:-38.6228217258 test loglikelihood:-347.317137374
-10336.5929778 -336.592977795 0.999999999999 116.0 0.00862068965516
train loglikelihood:-38.6136103204 test loglikelihood:-336.592977795
log likelihood: -161.631598098
log likelihood: -37.9485160782
log likelihood: -37.4790714651
original grammar count: 1892
added grammar count: 16
smooth count:1.0
train loglikelihood:-37.4790714651
test loglikelihood:-329.718012897
subgraph size: 25, train sample size: 500
split:  4
-20297.5936642 -297.593664185 2.0 120.0 0.0166666666667
train loglikelihood:-38.1795796295 test loglikelihood:-297.593664185
-20294.1776348 -294.177634862 2.0 120.0 0.0166666666667
train loglikelihood:-38.4217206033 test loglikelihood:-294.177634862
-20286.3614212 -286.361421199 2.0 120.0 0.0166666666667
train loglikelihood:-38.0182502061 test loglikelihood:-286.361421199
-20293.6364401 -293.636440126 2.0 120.0 0.0166666666667
train loglikelihood:-38.5264576878 test loglikelihood:-293.636440126
-20290.1024679 -290.102467862 2.0 120.0 0.0166666666667
train loglikelihood:-37.9377872194 test loglikelihood:-290.102467862
log likelihood: -136.508510646
log likelihood: -38.4076149132
log likelihood: -37.9377872194
original grammar count: 1892
added grammar count: 32
smooth count:2.0
train loglikelihood:-37.9377872194
test loglikelihood:-290.102467862
subgraph size: 25, train sample size: 500
split:  4
-278.549237233 -278.549237233 0.0 121.0 0.0
zero smooth test num:  98
train loglikelihood:-38.2758893528 test loglikelihood:-278.549237233
-278.682504278 -278.682504278 0.0 121.0 0.0
zero smooth test num:  98
train loglikelihood:-38.426906309 test loglikelihood:-278.682504278
-264.607694373 -264.607694373 0.0 121.0 0.0
zero smooth test num:  98
train loglikelihood:-38.2694542103 test loglikelihood:-264.607694373
-279.640802707 -279.640802707 0.0 121.0 0.0
zero smooth test num:  98
train loglikelihood:-37.7999134661 test loglikelihood:-279.640802707
-265.116094415 -265.116094415 0.0 121.0 0.0
zero smooth test num:  98
train loglikelihood:-37.5580245229 test loglikelihood:-265.116094415
log likelihood: -139.882854027
log likelihood: -38.1011009316
log likelihood: -37.5580245229
original grammar count: 1892
added grammar count: 0
smooth count:0.0
train loglikelihood:-37.5580245229
test loglikelihood:-265.116094415
subgraph size: 25, train sample size: 500
split:  4
-342.55236278 -342.55236278 0.0 117.0 0.0
zero smooth test num:  99
train loglikelihood:-38.3461726123 test loglikelihood:-342.55236278
-324.82399284 -324.82399284 0.0 117.0 0.0
zero smooth test num:  99
train loglikelihood:-38.4366075692 test loglikelihood:-324.82399284
-331.948560007 -331.948560007 0.0 117.0 0.0
zero smooth test num:  99
train loglikelihood:-37.9744226162 test loglikelihood:-331.948560007
-344.693747331 -344.693747331 0.0 117.0 0.0
zero smooth test num:  99
train loglikelihood:-38.5179380499 test loglikelihood:-344.693747331
-345.893559534 -345.893559534 0.0 117.0 0.0
zero smooth test num:  99
train loglikelihood:-38.1338834937 test loglikelihood:-345.893559534
log likelihood: -138.974900371
log likelihood: -38.3705002355
log likelihood: -37.9744226162
original grammar count: 1892
added grammar count: 0
smooth count:0.0
train loglikelihood:-37.9744226162
test loglikelihood:-331.948560007
