subgraph size: 25, train sample size: 500
split:  2
-10262.5404929 -262.540492937 1.0 119.0 0.00840336134454
train loglikelihood:-38.1260503133 test loglikelihood:-262.540492937
-10273.7910531 -273.791053119 1.0 119.0 0.00840336134454
train loglikelihood:-38.2575794783 test loglikelihood:-273.791053119
-10270.7901488 -270.790148787 1.0 119.0 0.00840336134454
train loglikelihood:-38.4621961179 test loglikelihood:-270.790148787
-10271.4982751 -271.498275115 1.0 119.0 0.00840336134454
train loglikelihood:-38.0884774083 test loglikelihood:-271.498275115
-10266.2048828 -266.204882759 1.0 119.0 0.00840336134454
train loglikelihood:-37.8706331444 test loglikelihood:-266.204882759
log likelihood: -135.243418829
log likelihood: -38.4387999461
log likelihood: -37.8706331444
original grammar count: 270
added grammar count: 4
smooth count:1.0
train loglikelihood:-37.8706331444
test loglikelihood:-266.204882759
subgraph size: 25, train sample size: 500
split:  2
-20329.2362363 -329.236236277 2.0 119.0 0.0168067226891
train loglikelihood:-38.3235947628 test loglikelihood:-329.236236277
-20335.511672 -335.511672042 2.0 119.0 0.0168067226891
train loglikelihood:-38.5474998722 test loglikelihood:-335.511672042
-20313.8848243 -313.884824304 2.0 119.0 0.0168067226891
train loglikelihood:-38.5882118704 test loglikelihood:-313.884824304
-20333.7359357 -333.735935673 2.0 119.0 0.0168067226891
train loglikelihood:-38.3254972162 test loglikelihood:-333.735935673
-20331.3303385 -331.330338484 2.0 119.0 0.0168067226891
train loglikelihood:-38.7417855846 test loglikelihood:-331.330338484
log likelihood: -115.714519675
log likelihood: -38.5688705056
log likelihood: -38.3235947628
original grammar count: 270
added grammar count: 8
smooth count:2.0
train loglikelihood:-38.3235947628
test loglikelihood:-329.236236277
subgraph size: 25, train sample size: 500
split:  2
-20345.1723707 -345.172370671 2.0 118.0 0.0169491525424
train loglikelihood:-38.710804602 test loglikelihood:-345.172370671
-20311.9093056 -311.909305603 2.0 118.0 0.0169491525424
train loglikelihood:-37.9345059779 test loglikelihood:-311.909305603
-20338.745422 -338.745422031 2.0 118.0 0.0169491525424
train loglikelihood:-38.5479391517 test loglikelihood:-338.745422031
-20327.8629751 -327.862975087 2.0 118.0 0.0169491525424
train loglikelihood:-38.3742422288 test loglikelihood:-327.862975087
-20324.4460252 -324.446025165 2.0 118.0 0.0169491525424
train loglikelihood:-38.4418294647 test loglikelihood:-324.446025165
log likelihood: -120.521873127
log likelihood: -38.3100981361
log likelihood: -37.9345059779
original grammar count: 270
added grammar count: 6
smooth count:2.0
train loglikelihood:-37.9345059779
test loglikelihood:-311.909305603
subgraph size: 25, train sample size: 500
split:  2
-309.068226492 -309.068226492 0.0 122.0 0.0
zero smooth test num:  3
train loglikelihood:-38.3353318056 test loglikelihood:-309.068226492
-305.701535852 -305.701535852 0.0 122.0 0.0
zero smooth test num:  3
train loglikelihood:-38.7567520533 test loglikelihood:-305.701535852
-300.733975534 -300.733975534 0.0 122.0 0.0
zero smooth test num:  3
train loglikelihood:-38.6006591356 test loglikelihood:-300.733975534
-309.125481374 -309.125481374 0.0 122.0 0.0
zero smooth test num:  3
train loglikelihood:-38.582633008 test loglikelihood:-309.125481374
-310.095955916 -310.095955916 0.0 122.0 0.0
zero smooth test num:  3
train loglikelihood:-38.5735334864 test loglikelihood:-310.095955916
log likelihood: -117.010458201
log likelihood: -38.556986222
log likelihood: -38.3353318056
original grammar count: 270
added grammar count: 0
smooth count:0.0
train loglikelihood:-38.3353318056
test loglikelihood:-309.068226492
subgraph size: 25, train sample size: 500
split:  2
-20320.5039255 -320.503925535 2.0 117.0 0.017094017094
train loglikelihood:-38.4252831308 test loglikelihood:-320.503925535
-20320.0648029 -320.064802883 2.0 117.0 0.017094017094
train loglikelihood:-37.9632150264 test loglikelihood:-320.064802883
-20321.5886447 -321.588644674 2.0 117.0 0.017094017094
train loglikelihood:-38.7055300048 test loglikelihood:-321.588644674
-20320.8796382 -320.87963819 2.0 117.0 0.017094017094
train loglikelihood:-38.5496878875 test loglikelihood:-320.87963819
-20326.1132598 -326.113259782 2.0 117.0 0.017094017094
train loglikelihood:-38.6073547453 test loglikelihood:-326.113259782
log likelihood: -129.346881605
log likelihood: -38.2204179403
log likelihood: -37.9632150264
original grammar count: 270
added grammar count: 6
smooth count:2.0
train loglikelihood:-37.9632150264
test loglikelihood:-320.064802883
subgraph size: 25, train sample size: 500
split:  2
-20360.3381008 -360.338100822 2.0 124.0 0.0161290322581
train loglikelihood:-38.6738803081 test loglikelihood:-360.338100822
-20352.4166113 -352.416611259 2.0 124.0 0.0161290322581
train loglikelihood:-38.3548763299 test loglikelihood:-352.416611259
-20329.370435 -329.370434967 2.0 124.0 0.0161290322581
train loglikelihood:-38.4280617454 test loglikelihood:-329.370434967
-20362.8132095 -362.813209499 2.0 124.0 0.016129032258
train loglikelihood:-38.6832462732 test loglikelihood:-362.813209499
-20329.575905 -329.575904963 2.0 124.0 0.0161290322581
train loglikelihood:-38.4093313765 test loglikelihood:-329.575904963
log likelihood: -129.669454768
log likelihood: -38.6221151944
log likelihood: -38.3548763299
original grammar count: 270
added grammar count: 8
smooth count:2.0
train loglikelihood:-38.3548763299
test loglikelihood:-352.416611259
subgraph size: 25, train sample size: 500
split:  2
-10309.8916698 -309.891669855 0.999999999999 125.0 0.00799999999999
train loglikelihood:-38.5389696185 test loglikelihood:-309.891669855
-10309.2406291 -309.240629146 1.0 125.0 0.008
train loglikelihood:-38.0020964427 test loglikelihood:-309.240629146
-10307.5848513 -307.584851279 0.999999999999 125.0 0.008
train loglikelihood:-37.7671883353 test loglikelihood:-307.584851279
-10288.9906293 -288.990629244 1.0 125.0 0.00800000000001
train loglikelihood:-37.8561757366 test loglikelihood:-288.990629244
-10310.4245911 -310.424591152 0.999999999999 125.0 0.00799999999999
train loglikelihood:-38.6290813176 test loglikelihood:-310.424591152
log likelihood: -134.777469686
log likelihood: -38.0902982368
log likelihood: -37.7671883353
original grammar count: 270
added grammar count: 4
smooth count:0.999999999999
train loglikelihood:-37.7671883353
test loglikelihood:-307.584851279
subgraph size: 25, train sample size: 500
split:  2
-10280.0251453 -280.025145301 0.999999999999 126.0 0.0079365079365
train loglikelihood:-38.4125127426 test loglikelihood:-280.025145301
-10305.9125252 -305.912525243 1.0 126.0 0.00793650793651
train loglikelihood:-38.380609071 test loglikelihood:-305.912525243
-10277.3680905 -277.368090479 0.999999999999 126.0 0.0079365079365
train loglikelihood:-38.3499623851 test loglikelihood:-277.368090479
-10272.9657396 -272.965739561 1.0 126.0 0.00793650793651
train loglikelihood:-38.0962035367 test loglikelihood:-272.965739561
-10301.6006909 -301.6006909 1.0 126.0 0.00793650793651
train loglikelihood:-38.6311656392 test loglikelihood:-301.6006909
log likelihood: -124.656350123
log likelihood: -38.4942707391
log likelihood: -38.0962035367
original grammar count: 270
added grammar count: 4
smooth count:1.0
train loglikelihood:-38.0962035367
test loglikelihood:-272.965739561
subgraph size: 25, train sample size: 500
split:  2
-10328.7728164 -328.772816431 1.0 113.0 0.00884955752213
train loglikelihood:-38.6677073119 test loglikelihood:-328.772816431
-10318.1355443 -318.135544348 1.0 113.0 0.00884955752212
train loglikelihood:-37.9272185768 test loglikelihood:-318.135544348
-10323.993754 -323.993754016 1.0 113.0 0.00884955752212
train loglikelihood:-38.7005130891 test loglikelihood:-323.993754016
-10307.9954063 -307.995406343 1.0 113.0 0.00884955752212
train loglikelihood:-38.5986599228 test loglikelihood:-307.995406343
-10321.3520189 -321.352018923 1.0 113.0 0.00884955752213
train loglikelihood:-38.6374813579 test loglikelihood:-321.352018923
log likelihood: -127.022039922
log likelihood: -38.3798268495
log likelihood: -37.9272185768
original grammar count: 270
added grammar count: 4
smooth count:1.0
train loglikelihood:-37.9272185768
test loglikelihood:-318.135544348
subgraph size: 25, train sample size: 500
split:  2
-10361.7299025 -361.729902504 1.0 124.0 0.00806451612903
train loglikelihood:-38.5794057049 test loglikelihood:-361.729902504
-10375.8862589 -375.886258909 1.0 124.0 0.00806451612903
train loglikelihood:-38.278037025 test loglikelihood:-375.886258909
-10371.0927451 -371.092745086 1.0 124.0 0.00806451612904
train loglikelihood:-38.4003322802 test loglikelihood:-371.092745086
-10372.4068153 -372.406815256 0.999999999999 124.0 0.00806451612903
train loglikelihood:-38.4083168087 test loglikelihood:-372.406815256
-10370.1618964 -370.161896454 0.999999999999 124.0 0.00806451612903
train loglikelihood:-38.7282718538 test loglikelihood:-370.161896454
log likelihood: -129.317905136
log likelihood: -38.5169149881
log likelihood: -38.278037025
original grammar count: 270
added grammar count: 4
smooth count:1.0
train loglikelihood:-38.278037025
test loglikelihood:-375.886258909
subgraph size: 25, train sample size: 500
split:  2
-358.173018421 -358.173018421 0.0 128.0 0.0
zero smooth test num:  10
train loglikelihood:-38.1612467072 test loglikelihood:-358.173018421
-330.332926777 -330.332926777 0.0 128.0 0.0
zero smooth test num:  10
train loglikelihood:-38.4252061514 test loglikelihood:-330.332926777
-361.363850812 -361.363850812 0.0 128.0 0.0
zero smooth test num:  10
train loglikelihood:-37.7672712127 test loglikelihood:-361.363850812
-342.064987126 -342.064987126 0.0 128.0 0.0
zero smooth test num:  10
train loglikelihood:-38.1939576251 test loglikelihood:-342.064987126
-357.547325229 -357.547325229 0.0 128.0 0.0
zero smooth test num:  10
train loglikelihood:-37.9848453413 test loglikelihood:-357.547325229
log likelihood: -116.075879171
log likelihood: -38.0739057198
log likelihood: -37.7672712127
original grammar count: 270
added grammar count: 0
smooth count:0.0
train loglikelihood:-37.7672712127
test loglikelihood:-361.363850812
subgraph size: 25, train sample size: 500
split:  2
-293.333222607 -293.333222607 0.0 124.0 0.0
zero smooth test num:  11
train loglikelihood:-38.5607189484 test loglikelihood:-293.333222607
-295.379216462 -295.379216462 0.0 124.0 0.0
zero smooth test num:  11
train loglikelihood:-38.6817695835 test loglikelihood:-295.379216462
-297.201155395 -297.201155395 0.0 124.0 0.0
zero smooth test num:  11
train loglikelihood:-38.5016205147 test loglikelihood:-297.201155395
-298.47045723 -298.47045723 0.0 124.0 0.0
zero smooth test num:  11
train loglikelihood:-38.6154208355 test loglikelihood:-298.47045723
-298.475424444 -298.475424444 0.0 124.0 0.0
zero smooth test num:  11
train loglikelihood:-38.4124016957 test loglikelihood:-298.475424444
log likelihood: -130.66517547
log likelihood: -38.7043917257
log likelihood: -38.4124016957
original grammar count: 270
added grammar count: 0
smooth count:0.0
train loglikelihood:-38.4124016957
test loglikelihood:-298.475424444
subgraph size: 25, train sample size: 500
split:  2
-308.584943064 -308.584943064 0.0 120.0 0.0
zero smooth test num:  12
train loglikelihood:-38.7157365461 test loglikelihood:-308.584943064
-308.48797727 -308.48797727 0.0 120.0 0.0
zero smooth test num:  12
train loglikelihood:-38.4139548072 test loglikelihood:-308.48797727
-296.816859725 -296.816859725 0.0 120.0 0.0
zero smooth test num:  12
train loglikelihood:-38.0624152468 test loglikelihood:-296.816859725
-305.200379001 -305.200379001 0.0 120.0 0.0
zero smooth test num:  12
train loglikelihood:-38.1196177521 test loglikelihood:-305.200379001
-305.500000566 -305.500000566 0.0 120.0 0.0
zero smooth test num:  12
train loglikelihood:-38.1308564464 test loglikelihood:-305.500000566
log likelihood: -115.900626103
log likelihood: -38.5651129873
log likelihood: -38.0624152468
original grammar count: 270
added grammar count: 0
smooth count:0.0
train loglikelihood:-38.0624152468
test loglikelihood:-296.816859725
subgraph size: 25, train sample size: 500
split:  2
-10294.2775019 -294.277501906 0.999999999999 123.0 0.00813008130081
train loglikelihood:-37.96562124 test loglikelihood:-294.277501906
-10319.4714124 -319.471412368 1.0 123.0 0.00813008130081
train loglikelihood:-38.418170896 test loglikelihood:-319.471412368
-10321.7967845 -321.796784496 1.0 123.0 0.00813008130081
train loglikelihood:-38.6846694155 test loglikelihood:-321.796784496
-10330.156701 -330.156700984 1.0 123.0 0.00813008130082
train loglikelihood:-38.6417491655 test loglikelihood:-330.156700984
-10331.6101323 -331.610132333 1.0 123.0 0.00813008130081
train loglikelihood:-38.4465528563 test loglikelihood:-331.610132333
log likelihood: -119.840271673
log likelihood: -38.4429749058
log likelihood: -37.96562124
original grammar count: 270
added grammar count: 2
smooth count:0.999999999999
train loglikelihood:-37.96562124
test loglikelihood:-294.277501906
subgraph size: 25, train sample size: 500
split:  2
-10276.8282974 -276.828297374 0.999999999999 120.0 0.00833333333333
train loglikelihood:-38.756127579 test loglikelihood:-276.828297374
-10276.4112779 -276.411277901 1.0 120.0 0.00833333333333
train loglikelihood:-38.6229675148 test loglikelihood:-276.411277901
-10275.3063985 -275.306398544 0.999999999999 120.0 0.00833333333333
train loglikelihood:-38.4213761698 test loglikelihood:-275.306398544
-10265.6726508 -265.67265082 0.999999999999 120.0 0.00833333333333
train loglikelihood:-38.1251730163 test loglikelihood:-265.67265082
-10273.5311223 -273.53112232 1.0 120.0 0.00833333333333
train loglikelihood:-37.7189492761 test loglikelihood:-273.53112232
log likelihood: -122.105966018
log likelihood: -38.0751843532
log likelihood: -37.7189492761
original grammar count: 270
added grammar count: 4
smooth count:1.0
train loglikelihood:-37.7189492761
test loglikelihood:-273.53112232
subgraph size: 25, train sample size: 500
split:  2
-290.887556552 -290.887556552 0.0 116.0 0.0
zero smooth test num:  15
train loglikelihood:-38.7478777981 test loglikelihood:-290.887556552
-270.002795092 -270.002795092 0.0 116.0 0.0
zero smooth test num:  15
train loglikelihood:-38.2153251301 test loglikelihood:-270.002795092
-290.571055548 -290.571055548 0.0 116.0 0.0
zero smooth test num:  15
train loglikelihood:-38.7368897996 test loglikelihood:-290.571055548
-278.760575694 -278.760575694 0.0 116.0 0.0
zero smooth test num:  15
train loglikelihood:-38.4635869372 test loglikelihood:-278.760575694
-285.987091277 -285.987091277 0.0 116.0 0.0
zero smooth test num:  15
train loglikelihood:-38.1797931939 test loglikelihood:-285.987091277
log likelihood: -126.497395121
log likelihood: -38.4348843609
log likelihood: -38.1797931939
original grammar count: 270
added grammar count: 0
smooth count:0.0
train loglikelihood:-38.1797931939
test loglikelihood:-285.987091277
subgraph size: 25, train sample size: 500
split:  2
-331.28422484 -331.28422484 0.0 121.0 0.0
zero smooth test num:  16
train loglikelihood:-37.5056802921 test loglikelihood:-331.28422484
-333.611067375 -333.611067375 0.0 121.0 0.0
zero smooth test num:  16
train loglikelihood:-38.237120874 test loglikelihood:-333.611067375
-325.148998994 -325.148998994 0.0 121.0 0.0
zero smooth test num:  16
train loglikelihood:-38.6530912984 test loglikelihood:-325.148998994
-322.719171797 -322.719171797 0.0 121.0 0.0
zero smooth test num:  16
train loglikelihood:-38.3106873924 test loglikelihood:-322.719171797
-306.681358612 -306.681358612 0.0 121.0 0.0
zero smooth test num:  16
train loglikelihood:-38.0183682135 test loglikelihood:-306.681358612
log likelihood: -125.853529539
log likelihood: -37.9281765943
log likelihood: -37.5056802921
original grammar count: 270
added grammar count: 0
smooth count:0.0
train loglikelihood:-37.5056802921
test loglikelihood:-331.28422484
subgraph size: 25, train sample size: 500
split:  2
-365.578558581 -365.578558581 0.0 121.0 0.0
zero smooth test num:  17
train loglikelihood:-38.7798352771 test loglikelihood:-365.578558581
-363.817559355 -363.817559355 0.0 121.0 0.0
zero smooth test num:  17
train loglikelihood:-38.6527603001 test loglikelihood:-363.817559355
-354.23682463 -354.23682463 0.0 121.0 0.0
zero smooth test num:  17
train loglikelihood:-38.175466828 test loglikelihood:-354.23682463
-360.657483821 -360.657483821 0.0 121.0 0.0
zero smooth test num:  17
train loglikelihood:-38.2454223843 test loglikelihood:-360.657483821
-357.008448417 -357.008448417 0.0 121.0 0.0
zero smooth test num:  17
train loglikelihood:-38.4857283794 test loglikelihood:-357.008448417
log likelihood: -129.23707815
log likelihood: -38.5610370474
log likelihood: -38.175466828
original grammar count: 270
added grammar count: 0
smooth count:0.0
train loglikelihood:-38.175466828
test loglikelihood:-354.23682463
subgraph size: 25, train sample size: 500
split:  2
-10331.9478363 -331.947836257 1.0 119.0 0.00840336134455
train loglikelihood:-38.4956377552 test loglikelihood:-331.947836257
-10329.5391371 -329.539137136 0.999999999999 119.0 0.00840336134453
train loglikelihood:-38.6240250065 test loglikelihood:-329.539137136
-10301.9194893 -301.919489335 1.0 119.0 0.00840336134455
train loglikelihood:-38.4086452127 test loglikelihood:-301.919489335
-10331.1702162 -331.170216162 1.0 119.0 0.00840336134453
train loglikelihood:-38.6908650716 test loglikelihood:-331.170216162
-10318.5609637 -318.560963705 1.0 119.0 0.00840336134454
train loglikelihood:-38.6128646136 test loglikelihood:-318.560963705
log likelihood: -121.983507128
log likelihood: -38.7396531165
log likelihood: -38.4086452127
original grammar count: 270
added grammar count: 4
smooth count:1.0
train loglikelihood:-38.4086452127
test loglikelihood:-301.919489335
subgraph size: 25, train sample size: 500
split:  2
-10263.3431988 -263.343198815 1.0 116.0 0.00862068965518
train loglikelihood:-38.1384612147 test loglikelihood:-263.343198815
-10266.8937381 -266.893738121 1.0 116.0 0.00862068965517
train loglikelihood:-38.6530907322 test loglikelihood:-266.893738121
-10258.8438955 -258.843895525 1.0 116.0 0.00862068965518
train loglikelihood:-38.3503688599 test loglikelihood:-258.843895525
-10255.182541 -255.182540985 1.0 116.0 0.00862068965517
train loglikelihood:-38.5082278338 test loglikelihood:-255.182540985
-10255.1455848 -255.145584802 0.999999999999 116.0 0.00862068965516
train loglikelihood:-38.4065058152 test loglikelihood:-255.145584802
log likelihood: -123.838999161
log likelihood: -38.4064076301
log likelihood: -38.1384612147
original grammar count: 270
added grammar count: 4
smooth count:1.0
train loglikelihood:-38.1384612147
test loglikelihood:-263.343198815
subgraph size: 25, train sample size: 500
split:  2
-347.53973864 -347.53973864 0.0 117.0 0.0
zero smooth test num:  20
train loglikelihood:-38.0053632156 test loglikelihood:-347.53973864
-343.061189133 -343.061189133 0.0 117.0 0.0
zero smooth test num:  20
train loglikelihood:-37.764299282 test loglikelihood:-343.061189133
-346.523815693 -346.523815693 0.0 117.0 0.0
zero smooth test num:  20
train loglikelihood:-38.6619981235 test loglikelihood:-346.523815693
-341.749298134 -341.749298134 0.0 117.0 0.0
zero smooth test num:  20
train loglikelihood:-38.4532193227 test loglikelihood:-341.749298134
-331.957990767 -331.957990767 0.0 117.0 0.0
zero smooth test num:  20
train loglikelihood:-38.5679211736 test loglikelihood:-331.957990767
log likelihood: -116.625372915
log likelihood: -38.1887432427
log likelihood: -37.764299282
original grammar count: 270
added grammar count: 0
smooth count:0.0
train loglikelihood:-37.764299282
test loglikelihood:-343.061189133
subgraph size: 25, train sample size: 500
split:  2
-314.245446998 -314.245446998 0.0 118.0 0.0
zero smooth test num:  21
train loglikelihood:-38.5791084942 test loglikelihood:-314.245446998
-296.941192309 -296.941192309 0.0 118.0 0.0
zero smooth test num:  21
train loglikelihood:-37.7537170903 test loglikelihood:-296.941192309
-292.847513009 -292.847513009 0.0 118.0 0.0
zero smooth test num:  21
train loglikelihood:-38.0300681004 test loglikelihood:-292.847513009
-316.693586155 -316.693586155 0.0 118.0 0.0
zero smooth test num:  21
train loglikelihood:-37.3553765383 test loglikelihood:-316.693586155
-294.497720441 -294.497720441 0.0 118.0 0.0
zero smooth test num:  21
train loglikelihood:-38.5327643205 test loglikelihood:-294.497720441
log likelihood: -140.956260424
log likelihood: -37.6401069995
log likelihood: -37.3553765383
original grammar count: 270
added grammar count: 0
smooth count:0.0
train loglikelihood:-37.3553765383
test loglikelihood:-316.693586155
subgraph size: 25, train sample size: 500
split:  2
-274.121082338 -274.121082338 0.0 120.0 0.0
zero smooth test num:  22
train loglikelihood:-38.3639338907 test loglikelihood:-274.121082338
-285.421977729 -285.421977729 0.0 120.0 0.0
zero smooth test num:  22
train loglikelihood:-38.4694727346 test loglikelihood:-285.421977729
-288.779945664 -288.779945664 0.0 120.0 0.0
zero smooth test num:  22
train loglikelihood:-38.7136638644 test loglikelihood:-288.779945664
-289.409573991 -289.409573991 0.0 120.0 0.0
zero smooth test num:  22
train loglikelihood:-38.7411555934 test loglikelihood:-289.409573991
-285.546320935 -285.546320935 0.0 120.0 0.0
zero smooth test num:  22
train loglikelihood:-38.0632202475 test loglikelihood:-285.546320935
log likelihood: -125.968023797
log likelihood: -38.3791797524
log likelihood: -38.0632202475
original grammar count: 270
added grammar count: 0
smooth count:0.0
train loglikelihood:-38.0632202475
test loglikelihood:-285.546320935
subgraph size: 25, train sample size: 500
split:  2
-354.120345181 -354.120345181 0.0 113.0 0.0
zero smooth test num:  23
train loglikelihood:-37.9795437309 test loglikelihood:-354.120345181
-355.115744324 -355.115744324 0.0 113.0 0.0
zero smooth test num:  23
train loglikelihood:-38.186609776 test loglikelihood:-355.115744324
-346.029968572 -346.029968572 0.0 113.0 0.0
zero smooth test num:  23
train loglikelihood:-38.5957606931 test loglikelihood:-346.029968572
-362.150677968 -362.150677968 0.0 113.0 0.0
zero smooth test num:  23
train loglikelihood:-38.5693078468 test loglikelihood:-362.150677968
-365.939984025 -365.939984025 0.0 113.0 0.0
zero smooth test num:  23
train loglikelihood:-38.6743318019 test loglikelihood:-365.939984025
log likelihood: -113.735077313
log likelihood: -38.290014785
log likelihood: -37.9795437309
original grammar count: 270
added grammar count: 0
smooth count:0.0
train loglikelihood:-37.9795437309
test loglikelihood:-354.120345181
subgraph size: 25, train sample size: 500
split:  2
-20291.0345364 -291.034536418 2.0 116.0 0.0172413793103
train loglikelihood:-37.7757929505 test loglikelihood:-291.034536418
-20301.4672563 -301.46725627 2.0 116.0 0.0172413793104
train loglikelihood:-38.5668076845 test loglikelihood:-301.46725627
-20301.1883042 -301.188304208 2.0 116.0 0.0172413793104
train loglikelihood:-38.5077044399 test loglikelihood:-301.188304208
-20299.133276 -299.133276037 2.0 116.0 0.0172413793103
train loglikelihood:-38.6748032383 test loglikelihood:-299.133276037
-20296.6908312 -296.69083116 2.0 116.0 0.0172413793103
train loglikelihood:-38.2031655741 test loglikelihood:-296.69083116
log likelihood: -124.150900155
log likelihood: -38.1828120724
log likelihood: -37.7757929505
original grammar count: 270
added grammar count: 2
smooth count:2.0
train loglikelihood:-37.7757929505
test loglikelihood:-291.034536418
subgraph size: 25, train sample size: 500
split:  2
-10280.1137827 -280.11378268 1.0 118.0 0.00847457627119
train loglikelihood:-38.6993914596 test loglikelihood:-280.11378268
-10280.7144115 -280.71441155 0.999999999999 118.0 0.00847457627118
train loglikelihood:-38.7137390439 test loglikelihood:-280.71441155
-10281.5153855 -281.515385552 1.0 118.0 0.00847457627118
train loglikelihood:-38.73525631 test loglikelihood:-281.515385552
-10279.9168764 -279.916876359 1.0 118.0 0.00847457627119
train loglikelihood:-38.1958578526 test loglikelihood:-279.916876359
-10279.5500308 -279.550030832 1.0 118.0 0.00847457627118
train loglikelihood:-38.5409771673 test loglikelihood:-279.550030832
log likelihood: -116.218784135
log likelihood: -38.5550540257
log likelihood: -38.1958578526
original grammar count: 270
added grammar count: 4
smooth count:1.0
train loglikelihood:-38.1958578526
test loglikelihood:-279.916876359
subgraph size: 25, train sample size: 500
split:  2
-313.67680923 -313.67680923 0.0 115.0 0.0
zero smooth test num:  26
train loglikelihood:-37.5902144825 test loglikelihood:-313.67680923
-314.760122822 -314.760122822 0.0 115.0 0.0
zero smooth test num:  26
train loglikelihood:-38.384133104 test loglikelihood:-314.760122822
-314.139192836 -314.139192836 0.0 115.0 0.0
zero smooth test num:  26
train loglikelihood:-38.0738705908 test loglikelihood:-314.139192836
-323.557173982 -323.557173982 0.0 115.0 0.0
zero smooth test num:  26
train loglikelihood:-37.7488861229 test loglikelihood:-323.557173982
-327.435809693 -327.435809693 0.0 115.0 0.0
zero smooth test num:  26
train loglikelihood:-38.6149292834 test loglikelihood:-327.435809693
log likelihood: -117.966990821
log likelihood: -37.9172824706
log likelihood: -37.5902144825
original grammar count: 270
added grammar count: 0
smooth count:0.0
train loglikelihood:-37.5902144825
test loglikelihood:-313.67680923
subgraph size: 25, train sample size: 500
split:  2
-385.738051624 -385.738051624 0.0 114.0 0.0
zero smooth test num:  27
train loglikelihood:-38.6383999348 test loglikelihood:-385.738051624
-384.63134607 -384.63134607 0.0 114.0 0.0
zero smooth test num:  27
train loglikelihood:-38.6508248196 test loglikelihood:-384.63134607
-388.140935847 -388.140935847 0.0 114.0 0.0
zero smooth test num:  27
train loglikelihood:-38.7051128426 test loglikelihood:-388.140935847
-385.22955637 -385.22955637 0.0 114.0 0.0
zero smooth test num:  27
train loglikelihood:-38.6493067246 test loglikelihood:-385.22955637
-361.570331363 -361.570331363 0.0 114.0 0.0
zero smooth test num:  27
train loglikelihood:-38.2543238296 test loglikelihood:-361.570331363
log likelihood: -155.16633523
log likelihood: -38.6208905355
log likelihood: -38.2543238296
original grammar count: 270
added grammar count: 0
smooth count:0.0
train loglikelihood:-38.2543238296
test loglikelihood:-361.570331363
subgraph size: 25, train sample size: 500
split:  2
-357.829808232 -357.829808232 0.0 114.0 0.0
zero smooth test num:  28
train loglikelihood:-38.5269090219 test loglikelihood:-357.829808232
-360.778857811 -360.778857811 0.0 114.0 0.0
zero smooth test num:  28
train loglikelihood:-38.6182685764 test loglikelihood:-360.778857811
-360.380746798 -360.380746798 0.0 114.0 0.0
zero smooth test num:  28
train loglikelihood:-38.4543630729 test loglikelihood:-360.380746798
-355.503051341 -355.503051341 0.0 114.0 0.0
zero smooth test num:  28
train loglikelihood:-38.5700554772 test loglikelihood:-355.503051341
-357.730354193 -357.730354193 0.0 114.0 0.0
zero smooth test num:  28
train loglikelihood:-37.4786262981 test loglikelihood:-357.730354193
log likelihood: -124.09843255
log likelihood: -37.8357517784
log likelihood: -37.4786262981
original grammar count: 270
added grammar count: 0
smooth count:0.0
train loglikelihood:-37.4786262981
test loglikelihood:-357.730354193
subgraph size: 25, train sample size: 500
split:  2
-239.183472452 -239.183472452 0.0 118.0 0.0
zero smooth test num:  29
train loglikelihood:-36.7289371274 test loglikelihood:-239.183472452
-264.493930686 -264.493930686 0.0 118.0 0.0
zero smooth test num:  29
train loglikelihood:-38.0220529512 test loglikelihood:-264.493930686
-273.960394666 -273.960394666 0.0 118.0 0.0
zero smooth test num:  29
train loglikelihood:-38.6301460618 test loglikelihood:-273.960394666
-273.492206297 -273.492206297 0.0 118.0 0.0
zero smooth test num:  29
train loglikelihood:-38.748307491 test loglikelihood:-273.492206297
-267.180420587 -267.180420587 0.0 118.0 0.0
zero smooth test num:  29
train loglikelihood:-38.3400610389 test loglikelihood:-267.180420587
log likelihood: -124.621320682
log likelihood: -37.5123856144
log likelihood: -36.7289371274
original grammar count: 270
added grammar count: 0
smooth count:0.0
train loglikelihood:-36.7289371274
test loglikelihood:-239.183472452
subgraph size: 25, train sample size: 500
split:  2
-20310.4294669 -310.429466865 2.0 118.0 0.0169491525424
train loglikelihood:-38.5073162633 test loglikelihood:-310.429466865
-20294.3631125 -294.363112538 2.0 118.0 0.0169491525424
train loglikelihood:-38.3640421985 test loglikelihood:-294.363112538
-20311.479908 -311.47990797 2.0 118.0 0.0169491525424
train loglikelihood:-38.6871070252 test loglikelihood:-311.47990797
-20307.6830978 -307.6830978 2.0 118.0 0.0169491525424
train loglikelihood:-38.675741818 test loglikelihood:-307.6830978
-20306.6513693 -306.651369319 2.0 118.0 0.0169491525424
train loglikelihood:-38.1653970053 test loglikelihood:-306.651369319
log likelihood: -113.982268268
log likelihood: -38.4637474778
log likelihood: -38.1653970053
original grammar count: 270
added grammar count: 6
smooth count:2.0
train loglikelihood:-38.1653970053
test loglikelihood:-306.651369319
subgraph size: 25, train sample size: 500
split:  2
-298.218314691 -298.218314691 0.0 121.0 0.0
zero smooth test num:  31
train loglikelihood:-38.7153604587 test loglikelihood:-298.218314691
-293.988541834 -293.988541834 0.0 121.0 0.0
zero smooth test num:  31
train loglikelihood:-38.6599791504 test loglikelihood:-293.988541834
-298.530854659 -298.530854659 0.0 121.0 0.0
zero smooth test num:  31
train loglikelihood:-38.7302437098 test loglikelihood:-298.530854659
-282.388002616 -282.388002616 0.0 121.0 0.0
zero smooth test num:  31
train loglikelihood:-38.1257913007 test loglikelihood:-282.388002616
-303.384689092 -303.384689092 0.0 121.0 0.0
zero smooth test num:  31
train loglikelihood:-38.7373991963 test loglikelihood:-303.384689092
log likelihood: -118.274667845
log likelihood: -38.4610749405
log likelihood: -38.1257913007
original grammar count: 270
added grammar count: 0
smooth count:0.0
train loglikelihood:-38.1257913007
test loglikelihood:-282.388002616
subgraph size: 25, train sample size: 500
split:  2
-275.347707112 -275.347707112 0.0 119.0 0.0
zero smooth test num:  32
train loglikelihood:-38.6358352854 test loglikelihood:-275.347707112
-273.917670746 -273.917670746 0.0 119.0 0.0
zero smooth test num:  32
train loglikelihood:-37.8544009926 test loglikelihood:-273.917670746
-278.09333934 -278.09333934 0.0 119.0 0.0
zero smooth test num:  32
train loglikelihood:-38.4925257691 test loglikelihood:-278.09333934
-278.092007334 -278.092007334 0.0 119.0 0.0
zero smooth test num:  32
train loglikelihood:-37.9243036907 test loglikelihood:-278.092007334
-278.950931005 -278.950931005 0.0 119.0 0.0
zero smooth test num:  32
train loglikelihood:-38.4036246446 test loglikelihood:-278.950931005
log likelihood: -132.934288276
log likelihood: -38.2666039931
log likelihood: -37.8544009926
original grammar count: 270
added grammar count: 0
smooth count:0.0
train loglikelihood:-37.8544009926
test loglikelihood:-273.917670746
subgraph size: 25, train sample size: 500
split:  2
-300.327296545 -300.327296545 0.0 122.0 0.0
zero smooth test num:  33
train loglikelihood:-38.3190209135 test loglikelihood:-300.327296545
-326.215034227 -326.215034227 0.0 122.0 0.0
zero smooth test num:  33
train loglikelihood:-38.2245150149 test loglikelihood:-326.215034227
-321.831113487 -321.831113487 0.0 122.0 0.0
zero smooth test num:  33
train loglikelihood:-38.6089967059 test loglikelihood:-321.831113487
-319.465713359 -319.465713359 0.0 122.0 0.0
zero smooth test num:  33
train loglikelihood:-38.3905365059 test loglikelihood:-319.465713359
-328.96776331 -328.96776331 0.0 122.0 0.0
zero smooth test num:  33
train loglikelihood:-38.7561750153 test loglikelihood:-328.96776331
log likelihood: -128.890081981
log likelihood: -38.5343883255
log likelihood: -38.2245150149
original grammar count: 270
added grammar count: 0
smooth count:0.0
train loglikelihood:-38.2245150149
test loglikelihood:-326.215034227
subgraph size: 25, train sample size: 500
split:  2
-284.049470396 -284.049470396 0.0 121.0 0.0
zero smooth test num:  34
train loglikelihood:-38.4702981627 test loglikelihood:-284.049470396
-295.222181505 -295.222181505 0.0 121.0 0.0
zero smooth test num:  34
train loglikelihood:-38.7213033316 test loglikelihood:-295.222181505
-284.364331276 -284.364331276 0.0 121.0 0.0
zero smooth test num:  34
train loglikelihood:-38.026900086 test loglikelihood:-284.364331276
-272.879073912 -272.879073912 0.0 121.0 0.0
zero smooth test num:  34
train loglikelihood:-37.8602085958 test loglikelihood:-272.879073912
-296.35559313 -296.35559313 0.0 121.0 0.0
zero smooth test num:  34
train loglikelihood:-38.7179539801 test loglikelihood:-296.35559313
log likelihood: -112.915257
log likelihood: -38.2655408791
log likelihood: -37.8602085958
original grammar count: 270
added grammar count: 0
smooth count:0.0
train loglikelihood:-37.8602085958
test loglikelihood:-272.879073912
subgraph size: 25, train sample size: 500
split:  2
-10351.5973988 -351.597398825 1.0 119.0 0.00840336134454
train loglikelihood:-38.5337593253 test loglikelihood:-351.597398825
-10340.6982823 -340.698282278 1.0 119.0 0.00840336134454
train loglikelihood:-37.7149803506 test loglikelihood:-340.698282278
-10314.2399738 -314.239973783 1.0 119.0 0.00840336134454
train loglikelihood:-38.1695756369 test loglikelihood:-314.239973783
-10324.9033774 -324.903377364 1.0 119.0 0.00840336134453
train loglikelihood:-37.332144785 test loglikelihood:-324.903377364
-10334.1136343 -334.113634291 1.0 119.0 0.00840336134454
train loglikelihood:-38.6060901971 test loglikelihood:-334.113634291
log likelihood: -146.501427573
log likelihood: -37.7850147665
log likelihood: -37.332144785
original grammar count: 270
added grammar count: 4
smooth count:1.0
train loglikelihood:-37.332144785
test loglikelihood:-324.903377364
subgraph size: 25, train sample size: 500
split:  2
-322.304473265 -322.304473265 0.0 118.0 0.0
zero smooth test num:  36
train loglikelihood:-38.8232759316 test loglikelihood:-322.304473265
-326.794910677 -326.794910677 0.0 118.0 0.0
zero smooth test num:  36
train loglikelihood:-38.4065751007 test loglikelihood:-326.794910677
-315.372640859 -315.372640859 0.0 118.0 0.0
zero smooth test num:  36
train loglikelihood:-38.3054122977 test loglikelihood:-315.372640859
-327.778087764 -327.778087764 0.0 118.0 0.0
zero smooth test num:  36
train loglikelihood:-38.5975818807 test loglikelihood:-327.778087764
-318.899717849 -318.899717849 0.0 118.0 0.0
zero smooth test num:  36
train loglikelihood:-38.2539027691 test loglikelihood:-318.899717849
log likelihood: -111.37613137
log likelihood: -38.4636630277
log likelihood: -38.2539027691
original grammar count: 270
added grammar count: 0
smooth count:0.0
train loglikelihood:-38.2539027691
test loglikelihood:-318.899717849
subgraph size: 25, train sample size: 500
split:  2
-313.400424705 -313.400424705 0.0 121.0 0.0
zero smooth test num:  37
train loglikelihood:-37.9854886697 test loglikelihood:-313.400424705
-319.716451765 -319.716451765 0.0 121.0 0.0
zero smooth test num:  37
train loglikelihood:-38.3773733841 test loglikelihood:-319.716451765
-328.098431319 -328.098431319 0.0 121.0 0.0
zero smooth test num:  37
train loglikelihood:-37.4329498498 test loglikelihood:-328.098431319
-326.391789965 -326.391789965 0.0 121.0 0.0
zero smooth test num:  37
train loglikelihood:-38.6875676596 test loglikelihood:-326.391789965
-326.215691472 -326.215691472 0.0 121.0 0.0
zero smooth test num:  37
train loglikelihood:-38.6729920937 test loglikelihood:-326.215691472
log likelihood: -124.132368601
log likelihood: -37.806267244
log likelihood: -37.4329498498
original grammar count: 270
added grammar count: 0
smooth count:0.0
train loglikelihood:-37.4329498498
test loglikelihood:-328.098431319
subgraph size: 25, train sample size: 500
split:  2
-10313.6365937 -313.636593723 1.0 118.0 0.00847457627119
train loglikelihood:-38.6045278344 test loglikelihood:-313.636593723
-10293.8809607 -293.880960702 1.0 118.0 0.00847457627118
train loglikelihood:-38.4065743645 test loglikelihood:-293.880960702
-10311.6451858 -311.645185766 1.0 118.0 0.00847457627119
train loglikelihood:-38.2305575312 test loglikelihood:-311.645185766
-10314.5277833 -314.52778329 1.0 118.0 0.0084745762712
train loglikelihood:-38.6755177889 test loglikelihood:-314.52778329
-10297.3081477 -297.308147696 1.0 118.0 0.00847457627118
train loglikelihood:-38.1669917927 test loglikelihood:-297.308147696
log likelihood: -112.072050089
log likelihood: -38.4175642823
log likelihood: -38.1669917927
original grammar count: 270
added grammar count: 2
smooth count:1.0
train loglikelihood:-38.1669917927
test loglikelihood:-297.308147696
subgraph size: 25, train sample size: 500
split:  2
-325.93278498 -325.93278498 0.0 122.0 0.0
zero smooth test num:  39
train loglikelihood:-38.4576953259 test loglikelihood:-325.93278498
-322.192878404 -322.192878404 0.0 122.0 0.0
zero smooth test num:  39
train loglikelihood:-38.4927277458 test loglikelihood:-322.192878404
-314.67556105 -314.67556105 0.0 122.0 0.0
zero smooth test num:  39
train loglikelihood:-38.1013113383 test loglikelihood:-314.67556105
-315.501501236 -315.501501236 0.0 122.0 0.0
zero smooth test num:  39
train loglikelihood:-38.4737409304 test loglikelihood:-315.501501236
-288.113780261 -288.113780261 0.0 122.0 0.0
zero smooth test num:  39
train loglikelihood:-38.0301492379 test loglikelihood:-288.113780261
log likelihood: -111.442425907
log likelihood: -38.4028701864
log likelihood: -38.0301492379
original grammar count: 270
added grammar count: 0
smooth count:0.0
train loglikelihood:-38.0301492379
test loglikelihood:-288.113780261
subgraph size: 25, train sample size: 500
split:  2
-10291.5368746 -291.53687463 0.999999999999 122.0 0.00819672131147
train loglikelihood:-38.3242075356 test loglikelihood:-291.53687463
-10307.2183253 -307.218325264 1.0 122.0 0.00819672131147
train loglikelihood:-38.6836218016 test loglikelihood:-307.218325264
-10309.9506677 -309.950667652 1.0 122.0 0.00819672131148
train loglikelihood:-38.7326208021 test loglikelihood:-309.950667652
-10294.4918464 -294.491846387 1.0 122.0 0.00819672131148
train loglikelihood:-38.4557414638 test loglikelihood:-294.491846387
-10306.424009 -306.424008958 1.0 122.0 0.00819672131148
train loglikelihood:-38.6124957099 test loglikelihood:-306.424008958
log likelihood: -118.379316657
log likelihood: -38.5729246047
log likelihood: -38.3242075356
original grammar count: 270
added grammar count: 4
smooth count:0.999999999999
train loglikelihood:-38.3242075356
test loglikelihood:-291.53687463
subgraph size: 25, train sample size: 500
split:  2
-330.148440181 -330.148440181 0.0 123.0 0.0
zero smooth test num:  41
train loglikelihood:-38.7443356938 test loglikelihood:-330.148440181
-324.539815618 -324.539815618 0.0 123.0 0.0
zero smooth test num:  41
train loglikelihood:-37.3369727223 test loglikelihood:-324.539815618
-318.140780136 -318.140780136 0.0 123.0 0.0
zero smooth test num:  41
train loglikelihood:-38.2642840564 test loglikelihood:-318.140780136
-328.215491403 -328.215491403 0.0 123.0 0.0
zero smooth test num:  41
train loglikelihood:-38.547232659 test loglikelihood:-328.215491403
-329.689732695 -329.689732695 0.0 123.0 0.0
zero smooth test num:  41
train loglikelihood:-38.7330112422 test loglikelihood:-329.689732695
log likelihood: -128.637967275
log likelihood: -37.7758251396
log likelihood: -37.3369727223
original grammar count: 270
added grammar count: 0
smooth count:0.0
train loglikelihood:-37.3369727223
test loglikelihood:-324.539815618
subgraph size: 25, train sample size: 500
split:  2
-10277.8315739 -277.831573892 0.999999999999 122.0 0.00819672131147
train loglikelihood:-38.5017733332 test loglikelihood:-277.831573892
-10276.5478368 -276.54783676 1.0 122.0 0.00819672131147
train loglikelihood:-38.4737997949 test loglikelihood:-276.54783676
-10274.2762646 -274.276264584 1.0 122.0 0.00819672131147
train loglikelihood:-38.4312169064 test loglikelihood:-274.276264584
-10279.337886 -279.337885998 1.0 122.0 0.00819672131147
train loglikelihood:-38.5300141421 test loglikelihood:-279.337885998
-10280.517904 -280.517903966 1.0 122.0 0.00819672131148
train loglikelihood:-38.0465490875 test loglikelihood:-280.517903966
log likelihood: -130.686583001
log likelihood: -38.5973759933
log likelihood: -38.0465490875
original grammar count: 270
added grammar count: 2
smooth count:1.0
train loglikelihood:-38.0465490875
test loglikelihood:-280.517903966
subgraph size: 25, train sample size: 500
split:  2
-318.624543939 -318.624543939 0.0 121.0 0.0
zero smooth test num:  43
train loglikelihood:-38.4608917883 test loglikelihood:-318.624543939
-318.646693 -318.646693 0.0 121.0 0.0
zero smooth test num:  43
train loglikelihood:-38.6767817983 test loglikelihood:-318.646693
-310.230270879 -310.230270879 0.0 121.0 0.0
zero smooth test num:  43
train loglikelihood:-38.1357300433 test loglikelihood:-310.230270879
-292.477090713 -292.477090713 0.0 121.0 0.0
zero smooth test num:  43
train loglikelihood:-37.5886506406 test loglikelihood:-292.477090713
-313.518065261 -313.518065261 0.0 121.0 0.0
zero smooth test num:  43
train loglikelihood:-38.6421567443 test loglikelihood:-313.518065261
log likelihood: -120.125130696
log likelihood: -38.035942065
log likelihood: -37.5886506406
original grammar count: 270
added grammar count: 0
smooth count:0.0
train loglikelihood:-37.5886506406
test loglikelihood:-292.477090713
subgraph size: 25, train sample size: 500
split:  2
-310.709404846 -310.709404846 0.0 124.0 0.0
zero smooth test num:  44
train loglikelihood:-38.3594349929 test loglikelihood:-310.709404846
-307.129243692 -307.129243692 0.0 124.0 0.0
zero smooth test num:  44
train loglikelihood:-38.6698216055 test loglikelihood:-307.129243692
-321.346957444 -321.346957444 0.0 124.0 0.0
zero smooth test num:  44
train loglikelihood:-38.657746906 test loglikelihood:-321.346957444
-317.868633818 -317.868633818 0.0 124.0 0.0
zero smooth test num:  44
train loglikelihood:-38.3383618606 test loglikelihood:-317.868633818
-319.563435579 -319.563435579 0.0 124.0 0.0
zero smooth test num:  44
train loglikelihood:-38.678239014 test loglikelihood:-319.563435579
log likelihood: -132.753804285
log likelihood: -38.5202478497
log likelihood: -38.3383618606
original grammar count: 270
added grammar count: 0
smooth count:0.0
train loglikelihood:-38.3383618606
test loglikelihood:-317.868633818
subgraph size: 25, train sample size: 500
split:  2
-299.219371294 -299.219371294 0.0 117.0 0.0
zero smooth test num:  45
train loglikelihood:-37.6401152523 test loglikelihood:-299.219371294
-335.439404704 -335.439404704 0.0 117.0 0.0
zero smooth test num:  45
train loglikelihood:-38.2335953394 test loglikelihood:-335.439404704
-334.743924146 -334.743924146 0.0 117.0 0.0
zero smooth test num:  45
train loglikelihood:-38.4718570188 test loglikelihood:-334.743924146
-332.334241945 -332.334241945 0.0 117.0 0.0
zero smooth test num:  45
train loglikelihood:-38.5969186046 test loglikelihood:-332.334241945
-338.0963976 -338.0963976 0.0 117.0 0.0
zero smooth test num:  45
train loglikelihood:-38.7500191692 test loglikelihood:-338.0963976
log likelihood: -122.277928271
log likelihood: -38.2247639209
log likelihood: -37.6401152523
original grammar count: 270
added grammar count: 0
smooth count:0.0
train loglikelihood:-37.6401152523
test loglikelihood:-299.219371294
subgraph size: 25, train sample size: 500
split:  2
-10299.4784235 -299.478423483 0.999999999999 119.0 0.00840336134453
train loglikelihood:-38.3109128949 test loglikelihood:-299.478423483
-10323.0384652 -323.038465227 1.0 119.0 0.00840336134454
train loglikelihood:-38.5046716257 test loglikelihood:-323.038465227
-10318.6641319 -318.664131928 1.0 119.0 0.00840336134455
train loglikelihood:-38.2246425737 test loglikelihood:-318.664131928
-10320.3367087 -320.336708712 1.0 119.0 0.00840336134454
train loglikelihood:-38.1672909284 test loglikelihood:-320.336708712
-10291.9086384 -291.90863842 1.0 119.0 0.00840336134453
train loglikelihood:-37.4090558098 test loglikelihood:-291.90863842
log likelihood: -120.732093014
log likelihood: -38.0614040792
log likelihood: -37.4090558098
original grammar count: 270
added grammar count: 4
smooth count:1.0
train loglikelihood:-37.4090558098
test loglikelihood:-291.90863842
subgraph size: 25, train sample size: 500
split:  2
-10353.9087183 -353.9087183 1.0 115.0 0.00869565217392
train loglikelihood:-37.9713209237 test loglikelihood:-353.9087183
-10357.4407239 -357.440723903 1.0 115.0 0.00869565217392
train loglikelihood:-38.687599021 test loglikelihood:-357.440723903
-10369.609536 -369.609536035 1.0 115.0 0.00869565217392
train loglikelihood:-38.6976967503 test loglikelihood:-369.609536035
-10369.4005672 -369.400567218 0.999999999999 115.0 0.00869565217391
train loglikelihood:-38.7049971979 test loglikelihood:-369.400567218
-10360.9486182 -360.948618161 1.0 115.0 0.00869565217392
train loglikelihood:-38.3230086952 test loglikelihood:-360.948618161
log likelihood: -118.977770746
log likelihood: -38.303021228
log likelihood: -37.9713209237
original grammar count: 270
added grammar count: 4
smooth count:1.0
train loglikelihood:-37.9713209237
test loglikelihood:-353.9087183
subgraph size: 25, train sample size: 500
split:  2
-376.789358416 -376.789358416 0.0 123.0 0.0
zero smooth test num:  48
train loglikelihood:-38.4060725894 test loglikelihood:-376.789358416
-343.624520867 -343.624520867 0.0 123.0 0.0
zero smooth test num:  48
train loglikelihood:-38.4827981957 test loglikelihood:-343.624520867
-360.425383853 -360.425383853 0.0 123.0 0.0
zero smooth test num:  48
train loglikelihood:-38.6550569437 test loglikelihood:-360.425383853
-339.481211705 -339.481211705 0.0 123.0 0.0
zero smooth test num:  48
train loglikelihood:-37.4075105775 test loglikelihood:-339.481211705
-354.045050873 -354.045050873 0.0 123.0 0.0
zero smooth test num:  48
train loglikelihood:-38.5480033163 test loglikelihood:-354.045050873
log likelihood: -116.270782108
log likelihood: -37.9032712902
log likelihood: -37.4075105775
original grammar count: 270
added grammar count: 0
smooth count:0.0
train loglikelihood:-37.4075105775
test loglikelihood:-339.481211705
subgraph size: 25, train sample size: 500
split:  2
-20371.815723 -371.815723019 2.0 120.0 0.0166666666667
train loglikelihood:-38.6300972636 test loglikelihood:-371.815723019
-20374.1495785 -374.149578555 2.0 120.0 0.0166666666667
train loglikelihood:-38.5895312418 test loglikelihood:-374.149578555
-20368.6093155 -368.60931556 2.0 120.0 0.0166666666666
train loglikelihood:-37.7731119839 test loglikelihood:-368.60931556
-20356.6929274 -356.692927435 2.0 120.0 0.0166666666667
train loglikelihood:-38.631476697 test loglikelihood:-356.692927435
-20377.4642577 -377.464257685 2.0 120.0 0.0166666666667
train loglikelihood:-38.7681493378 test loglikelihood:-377.464257685
log likelihood: -116.887846145
log likelihood: -38.1796561059
log likelihood: -37.7731119839
original grammar count: 270
added grammar count: 6
smooth count:2.0
train loglikelihood:-37.7731119839
test loglikelihood:-368.60931556
subgraph size: 25, train sample size: 500
split:  2
-290.372855795 -290.372855795 0.0 121.0 0.0
zero smooth test num:  50
train loglikelihood:-38.2377289911 test loglikelihood:-290.372855795
-303.722570424 -303.722570424 0.0 121.0 0.0
zero smooth test num:  50
train loglikelihood:-38.6094699366 test loglikelihood:-303.722570424
-316.658984854 -316.658984854 0.0 121.0 0.0
zero smooth test num:  50
train loglikelihood:-38.4253268687 test loglikelihood:-316.658984854
-320.857987054 -320.857987054 0.0 121.0 0.0
zero smooth test num:  50
train loglikelihood:-37.7507901924 test loglikelihood:-320.857987054
-315.576776509 -315.576776509 0.0 121.0 0.0
zero smooth test num:  50
train loglikelihood:-38.2278108396 test loglikelihood:-315.576776509
log likelihood: -125.980344286
log likelihood: -38.2781345269
log likelihood: -37.7507901924
original grammar count: 270
added grammar count: 0
smooth count:0.0
train loglikelihood:-37.7507901924
test loglikelihood:-320.857987054
subgraph size: 25, train sample size: 500
split:  2
-10366.7422284 -366.742228437 0.999999999999 122.0 0.00819672131147
train loglikelihood:-38.5872481898 test loglikelihood:-366.742228437
-10334.4942707 -334.494270742 0.999999999999 122.0 0.00819672131147
train loglikelihood:-37.9424028856 test loglikelihood:-334.494270742
-10320.3387553 -320.338755337 1.0 122.0 0.00819672131148
train loglikelihood:-37.3431821045 test loglikelihood:-320.338755337
-10355.9712701 -355.971270077 0.999999999999 122.0 0.00819672131147
train loglikelihood:-38.4777100445 test loglikelihood:-355.971270077
-10373.6459927 -373.645992718 1.0 122.0 0.00819672131148
train loglikelihood:-38.1905644352 test loglikelihood:-373.645992718
log likelihood: -115.199126902
log likelihood: -38.0871237222
log likelihood: -37.3431821045
original grammar count: 270
added grammar count: 4
smooth count:1.0
train loglikelihood:-37.3431821045
test loglikelihood:-320.338755337
subgraph size: 25, train sample size: 500
split:  2
-267.242999883 -267.242999883 0.0 115.0 0.0
zero smooth test num:  52
train loglikelihood:-38.2803004733 test loglikelihood:-267.242999883
-277.077623238 -277.077623238 0.0 115.0 0.0
zero smooth test num:  52
train loglikelihood:-38.0741613431 test loglikelihood:-277.077623238
-297.058805237 -297.058805237 0.0 115.0 0.0
zero smooth test num:  52
train loglikelihood:-38.7157699814 test loglikelihood:-297.058805237
-297.228033977 -297.228033977 0.0 115.0 0.0
zero smooth test num:  52
train loglikelihood:-38.7483949791 test loglikelihood:-297.228033977
-294.664321701 -294.664321701 0.0 115.0 0.0
zero smooth test num:  52
train loglikelihood:-38.6340431899 test loglikelihood:-294.664321701
log likelihood: -118.594531986
log likelihood: -38.3682394867
log likelihood: -38.0741613431
original grammar count: 270
added grammar count: 0
smooth count:0.0
train loglikelihood:-38.0741613431
test loglikelihood:-277.077623238
subgraph size: 25, train sample size: 500
split:  2
-10323.2517004 -323.251700377 1.0 114.0 0.00877192982456
train loglikelihood:-38.6219352616 test loglikelihood:-323.251700377
-10322.2513251 -322.251325144 1.0 114.0 0.00877192982456
train loglikelihood:-38.0846508784 test loglikelihood:-322.251325144
-10329.4552858 -329.455285857 0.999999999999 114.0 0.00877192982456
train loglikelihood:-38.5870333855 test loglikelihood:-329.455285857
-10323.4167652 -323.41676524 1.0 114.0 0.00877192982457
train loglikelihood:-38.4704643867 test loglikelihood:-323.41676524
-10327.0989838 -327.098983778 0.999999999999 114.0 0.00877192982456
train loglikelihood:-37.4883802587 test loglikelihood:-327.098983778
log likelihood: -116.878871365
log likelihood: -37.9080975281
log likelihood: -37.4883802587
original grammar count: 270
added grammar count: 4
smooth count:0.999999999999
train loglikelihood:-37.4883802587
test loglikelihood:-327.098983778
subgraph size: 25, train sample size: 500
split:  2
-10325.9530822 -325.953082173 1.0 112.0 0.00892857142858
train loglikelihood:-38.5929336776 test loglikelihood:-325.953082173
-10343.5047063 -343.504706286 1.0 112.0 0.00892857142858
train loglikelihood:-38.4806777147 test loglikelihood:-343.504706286
-10345.4388371 -345.438837076 1.0 112.0 0.00892857142857
train loglikelihood:-38.6411099572 test loglikelihood:-345.438837076
-10327.7111959 -327.711195889 1.0 112.0 0.00892857142857
train loglikelihood:-38.447943453 test loglikelihood:-327.711195889
-10345.0728347 -345.072834727 1.0 112.0 0.00892857142858
train loglikelihood:-37.911345567 test loglikelihood:-345.072834727
log likelihood: -127.597601918
log likelihood: -38.2134947341
log likelihood: -37.911345567
original grammar count: 270
added grammar count: 4
smooth count:1.0
train loglikelihood:-37.911345567
test loglikelihood:-345.072834727
subgraph size: 25, train sample size: 500
split:  2
-20339.5100218 -339.510021841 2.0 118.0 0.0169491525424
train loglikelihood:-37.5648035247 test loglikelihood:-339.510021841
-20338.769828 -338.769828009 2.0 118.0 0.0169491525424
train loglikelihood:-38.4569402154 test loglikelihood:-338.769828009
-20336.3891487 -336.389148696 2.0 118.0 0.0169491525424
train loglikelihood:-38.5026120056 test loglikelihood:-336.389148696
-20340.7079406 -340.70794064 2.0 118.0 0.0169491525424
train loglikelihood:-38.6075486154 test loglikelihood:-340.70794064
-20323.7756049 -323.775604952 2.0 118.0 0.0169491525423
train loglikelihood:-38.4571036667 test loglikelihood:-323.775604952
log likelihood: -139.52124037
log likelihood: -37.8836761863
log likelihood: -37.5648035247
original grammar count: 270
added grammar count: 6
smooth count:2.0
train loglikelihood:-37.5648035247
test loglikelihood:-339.510021841
subgraph size: 25, train sample size: 500
split:  2
-339.075116148 -339.075116148 0.0 116.0 0.0
zero smooth test num:  56
train loglikelihood:-38.2829435452 test loglikelihood:-339.075116148
-342.561241499 -342.561241499 0.0 116.0 0.0
zero smooth test num:  56
train loglikelihood:-38.6603108924 test loglikelihood:-342.561241499
-334.252610066 -334.252610066 0.0 116.0 0.0
zero smooth test num:  56
train loglikelihood:-37.6802304387 test loglikelihood:-334.252610066
-340.77403971 -340.77403971 0.0 116.0 0.0
zero smooth test num:  56
train loglikelihood:-38.7473511497 test loglikelihood:-340.77403971
-322.664121774 -322.664121774 0.0 116.0 0.0
zero smooth test num:  56
train loglikelihood:-37.6246619264 test loglikelihood:-322.664121774
log likelihood: -134.598905183
log likelihood: -38.0646690938
log likelihood: -37.6246619264
original grammar count: 270
added grammar count: 0
smooth count:0.0
train loglikelihood:-37.6246619264
test loglikelihood:-322.664121774
subgraph size: 25, train sample size: 500
split:  2
-342.793547574 -342.793547574 0.0 117.0 0.0
zero smooth test num:  57
train loglikelihood:-38.3336139193 test loglikelihood:-342.793547574
-339.378042891 -339.378042891 0.0 117.0 0.0
zero smooth test num:  57
train loglikelihood:-38.4139659456 test loglikelihood:-339.378042891
-350.265895015 -350.265895015 0.0 117.0 0.0
zero smooth test num:  57
train loglikelihood:-38.4837717183 test loglikelihood:-350.265895015
-349.459902344 -349.459902344 0.0 117.0 0.0
zero smooth test num:  57
train loglikelihood:-38.4817334266 test loglikelihood:-349.459902344
-345.76094065 -345.76094065 0.0 117.0 0.0
zero smooth test num:  57
train loglikelihood:-37.5959063408 test loglikelihood:-345.76094065
log likelihood: -119.644277289
log likelihood: -38.1203986381
log likelihood: -37.5959063408
original grammar count: 270
added grammar count: 0
smooth count:0.0
train loglikelihood:-37.5959063408
test loglikelihood:-345.76094065
subgraph size: 25, train sample size: 500
split:  2
-10297.7963256 -297.796325557 0.999999999999 122.0 0.00819672131147
train loglikelihood:-38.5650140618 test loglikelihood:-297.796325557
-10292.3094743 -292.309474274 1.0 122.0 0.00819672131147
train loglikelihood:-38.2415395963 test loglikelihood:-292.309474274
-10301.8202643 -301.820264323 1.0 122.0 0.00819672131147
train loglikelihood:-38.617993257 test loglikelihood:-301.820264323
-10306.5155604 -306.515560384 1.0 122.0 0.00819672131148
train loglikelihood:-38.3284216688 test loglikelihood:-306.515560384
-10305.9563209 -305.95632094 1.0 122.0 0.00819672131148
train loglikelihood:-38.4019706207 test loglikelihood:-305.95632094
log likelihood: -114.734110786
log likelihood: -38.5040943721
log likelihood: -38.2415395963
original grammar count: 270
added grammar count: 2
smooth count:1.0
train loglikelihood:-38.2415395963
test loglikelihood:-292.309474274
subgraph size: 25, train sample size: 500
split:  2
-10280.109255 -280.109255019 1.0 126.0 0.00793650793651
train loglikelihood:-38.1706851268 test loglikelihood:-280.109255019
-10287.8585323 -287.858532345 1.0 126.0 0.00793650793651
train loglikelihood:-38.514105663 test loglikelihood:-287.858532345
-10290.8415622 -290.84156224 1.0 126.0 0.0079365079365
train loglikelihood:-38.4260091285 test loglikelihood:-290.84156224
-10283.2125869 -283.212586934 1.0 126.0 0.00793650793651
train loglikelihood:-38.5395970453 test loglikelihood:-283.212586934
-10292.6040858 -292.604085842 1.0 126.0 0.00793650793651
train loglikelihood:-38.1425773934 test loglikelihood:-292.604085842
log likelihood: -114.258683957
log likelihood: -38.3649495198
log likelihood: -38.1425773934
original grammar count: 270
added grammar count: 4
smooth count:1.0
train loglikelihood:-38.1425773934
test loglikelihood:-292.604085842
subgraph size: 25, train sample size: 500
split:  2
-10345.3266751 -345.326675084 1.0 115.0 0.00869565217391
train loglikelihood:-38.4419903427 test loglikelihood:-345.326675084
-10341.6245177 -341.624517746 1.0 115.0 0.00869565217391
train loglikelihood:-38.6929784581 test loglikelihood:-341.624517746
-10324.683844 -324.683844053 0.999999999999 115.0 0.0086956521739
train loglikelihood:-38.5265737304 test loglikelihood:-324.683844053
-10344.7762581 -344.77625805 1.0 115.0 0.00869565217391
train loglikelihood:-38.5955848581 test loglikelihood:-344.77625805
-10339.7702249 -339.770224845 1.0 115.0 0.00869565217392
train loglikelihood:-38.4947388971 test loglikelihood:-339.770224845
log likelihood: -112.445484815
log likelihood: -38.6640296413
log likelihood: -38.4419903427
original grammar count: 270
added grammar count: 2
smooth count:1.0
train loglikelihood:-38.4419903427
test loglikelihood:-345.326675084
subgraph size: 25, train sample size: 500
split:  2
-318.37412601 -318.37412601 0.0 114.0 0.0
zero smooth test num:  61
train loglikelihood:-38.4395169251 test loglikelihood:-318.37412601
-318.297226082 -318.297226082 0.0 114.0 0.0
zero smooth test num:  61
train loglikelihood:-37.7493973785 test loglikelihood:-318.297226082
-317.497541765 -317.497541765 0.0 114.0 0.0
zero smooth test num:  61
train loglikelihood:-38.6822812725 test loglikelihood:-317.497541765
-316.964935113 -316.964935113 0.0 114.0 0.0
zero smooth test num:  61
train loglikelihood:-38.526763244 test loglikelihood:-316.964935113
-314.577713488 -314.577713488 0.0 114.0 0.0
zero smooth test num:  61
train loglikelihood:-38.579129811 test loglikelihood:-314.577713488
log likelihood: -134.64794797
log likelihood: -38.2606344656
log likelihood: -37.7493973785
original grammar count: 270
added grammar count: 0
smooth count:0.0
train loglikelihood:-37.7493973785
test loglikelihood:-318.297226082
subgraph size: 25, train sample size: 500
split:  2
-297.515980993 -297.515980993 0.0 117.0 0.0
zero smooth test num:  62
train loglikelihood:-38.6489311441 test loglikelihood:-297.515980993
-308.857506995 -308.857506995 0.0 117.0 0.0
zero smooth test num:  62
train loglikelihood:-38.6785864412 test loglikelihood:-308.857506995
-304.924504547 -304.924504547 0.0 117.0 0.0
zero smooth test num:  62
train loglikelihood:-38.09906128 test loglikelihood:-304.924504547
-291.338044069 -291.338044069 0.0 117.0 0.0
zero smooth test num:  62
train loglikelihood:-38.1922233199 test loglikelihood:-291.338044069
-296.878714718 -296.878714718 0.0 117.0 0.0
zero smooth test num:  62
train loglikelihood:-38.6754090629 test loglikelihood:-296.878714718
log likelihood: -126.825314849
log likelihood: -38.4085321876
log likelihood: -38.09906128
original grammar count: 270
added grammar count: 0
smooth count:0.0
train loglikelihood:-38.09906128
test loglikelihood:-304.924504547
subgraph size: 25, train sample size: 500
split:  2
-309.553359226 -309.553359226 0.0 120.0 0.0
zero smooth test num:  63
train loglikelihood:-37.9523162406 test loglikelihood:-309.553359226
-337.126443278 -337.126443278 0.0 120.0 0.0
zero smooth test num:  63
train loglikelihood:-38.2311919374 test loglikelihood:-337.126443278
-322.914245691 -322.914245691 0.0 120.0 0.0
zero smooth test num:  63
train loglikelihood:-38.5559266291 test loglikelihood:-322.914245691
-346.661460555 -346.661460555 0.0 120.0 0.0
zero smooth test num:  63
train loglikelihood:-38.6849091747 test loglikelihood:-346.661460555
-304.415860156 -304.415860156 0.0 120.0 0.0
zero smooth test num:  63
train loglikelihood:-37.6789668117 test loglikelihood:-304.415860156
log likelihood: -113.527119658
log likelihood: -38.2370219819
log likelihood: -37.6789668117
original grammar count: 270
added grammar count: 0
smooth count:0.0
train loglikelihood:-37.6789668117
test loglikelihood:-304.415860156
subgraph size: 25, train sample size: 500
split:  2
-10302.6812129 -302.681212897 1.0 118.0 0.00847457627119
train loglikelihood:-38.52013366 test loglikelihood:-302.681212897
-10292.8468741 -292.84687408 1.0 118.0 0.00847457627118
train loglikelihood:-37.2114123608 test loglikelihood:-292.84687408
-10300.4218007 -300.42180074 1.0 118.0 0.00847457627118
train loglikelihood:-38.6278079306 test loglikelihood:-300.42180074
-10309.1671405 -309.167140484 1.0 118.0 0.00847457627119
train loglikelihood:-38.7365055409 test loglikelihood:-309.167140484
-10304.8108917 -304.810891678 0.999999999999 118.0 0.00847457627118
train loglikelihood:-38.5307617563 test loglikelihood:-304.810891678
log likelihood: -148.939325256
log likelihood: -37.7495017943
log likelihood: -37.2114123608
original grammar count: 270
added grammar count: 4
smooth count:1.0
train loglikelihood:-37.2114123608
test loglikelihood:-292.84687408
subgraph size: 25, train sample size: 500
split:  2
-10307.6711364 -307.671136389 0.999999999999 129.0 0.0077519379845
train loglikelihood:-38.2137855369 test loglikelihood:-307.671136389
-10296.4318457 -296.431845703 1.0 129.0 0.0077519379845
train loglikelihood:-38.4604783501 test loglikelihood:-296.431845703
-10293.5129708 -293.512970791 1.0 129.0 0.0077519379845
train loglikelihood:-38.4600177486 test loglikelihood:-293.512970791
-10311.8038873 -311.803887264 1.0 129.0 0.00775193798449
train loglikelihood:-38.4659699727 test loglikelihood:-311.803887264
-10307.2027558 -307.202755792 1.0 129.0 0.00775193798449
train loglikelihood:-38.255696238 test loglikelihood:-307.202755792
log likelihood: -136.289322176
log likelihood: -38.4359634441
log likelihood: -38.2137855369
original grammar count: 270
added grammar count: 2
smooth count:0.999999999999
train loglikelihood:-38.2137855369
test loglikelihood:-307.671136389
subgraph size: 25, train sample size: 500
split:  2
-10338.1792974 -338.179297357 1.0 111.0 0.00900900900902
train loglikelihood:-38.4163397329 test loglikelihood:-338.179297357
-10338.4025274 -338.402527432 1.0 111.0 0.00900900900901
train loglikelihood:-38.3234348838 test loglikelihood:-338.402527432
-10342.6567329 -342.656732927 1.0 111.0 0.009009009009
train loglikelihood:-37.9680673284 test loglikelihood:-342.656732927
-10342.0714245 -342.071424503 1.0 111.0 0.009009009009
train loglikelihood:-38.2664502488 test loglikelihood:-342.071424503
-10350.1541849 -350.15418487 1.0 111.0 0.00900900900901
train loglikelihood:-38.5698579016 test loglikelihood:-350.15418487
log likelihood: -124.820136602
log likelihood: -38.3046975448
log likelihood: -37.9680673284
original grammar count: 270
added grammar count: 2
smooth count:1.0
train loglikelihood:-37.9680673284
test loglikelihood:-342.656732927
subgraph size: 25, train sample size: 500
split:  2
-10373.0970756 -373.097075629 1.0 115.0 0.00869565217392
train loglikelihood:-38.728265644 test loglikelihood:-373.097075629
-10373.350267 -373.350267041 1.0 115.0 0.00869565217391
train loglikelihood:-37.6583354778 test loglikelihood:-373.350267041
-10376.5545943 -376.554594254 1.0 115.0 0.00869565217391
train loglikelihood:-38.6905964335 test loglikelihood:-376.554594254
-10363.2182087 -363.218208742 1.0 115.0 0.00869565217391
train loglikelihood:-38.5750382432 test loglikelihood:-363.218208742
-10367.4733817 -367.473381719 1.0 115.0 0.00869565217392
train loglikelihood:-38.6667747389 test loglikelihood:-367.473381719
log likelihood: -125.834482886
log likelihood: -38.0403408284
log likelihood: -37.6583354778
original grammar count: 270
added grammar count: 2
smooth count:1.0
train loglikelihood:-37.6583354778
test loglikelihood:-373.350267041
subgraph size: 25, train sample size: 500
split:  2
-20338.4851693 -338.485169294 2.0 117.0 0.017094017094
train loglikelihood:-38.1949313275 test loglikelihood:-338.485169294
-20327.5500922 -327.550092184 2.0 117.0 0.017094017094
train loglikelihood:-38.5596261339 test loglikelihood:-327.550092184
-20346.91571 -346.915710025 2.0 117.0 0.017094017094
train loglikelihood:-38.7329768606 test loglikelihood:-346.915710025
-20339.9765281 -339.976528133 2.0 117.0 0.017094017094
train loglikelihood:-38.6618689534 test loglikelihood:-339.976528133
-20350.0989565 -350.098956534 2.0 117.0 0.017094017094
train loglikelihood:-38.7011760057 test loglikelihood:-350.098956534
log likelihood: -123.762780859
log likelihood: -38.4318760976
log likelihood: -38.1949313275
original grammar count: 270
added grammar count: 2
smooth count:2.0
train loglikelihood:-38.1949313275
test loglikelihood:-338.485169294
subgraph size: 25, train sample size: 500
split:  2
-299.401361816 -299.401361816 0.0 121.0 0.0
zero smooth test num:  69
train loglikelihood:-38.6437066907 test loglikelihood:-299.401361816
-306.219212498 -306.219212498 0.0 121.0 0.0
zero smooth test num:  69
train loglikelihood:-38.2371539865 test loglikelihood:-306.219212498
-300.709649988 -300.709649988 0.0 121.0 0.0
zero smooth test num:  69
train loglikelihood:-38.6157309201 test loglikelihood:-300.709649988
-297.905337422 -297.905337422 0.0 121.0 0.0
zero smooth test num:  69
train loglikelihood:-37.5326401193 test loglikelihood:-297.905337422
-305.766906323 -305.766906323 0.0 121.0 0.0
zero smooth test num:  69
train loglikelihood:-37.8242599988 test loglikelihood:-305.766906323
log likelihood: -125.082774507
log likelihood: -37.9945823591
log likelihood: -37.5326401193
original grammar count: 270
added grammar count: 0
smooth count:0.0
train loglikelihood:-37.5326401193
test loglikelihood:-297.905337422
subgraph size: 25, train sample size: 500
split:  2
-20316.4746044 -316.474604448 2.0 129.0 0.015503875969
train loglikelihood:-38.5343483973 test loglikelihood:-316.474604448
-20319.6619337 -319.661933712 2.0 129.0 0.015503875969
train loglikelihood:-37.4855510423 test loglikelihood:-319.661933712
-20317.3342581 -317.334258083 2.0 129.0 0.015503875969
train loglikelihood:-38.6451694468 test loglikelihood:-317.334258083
-20310.1201465 -310.120146504 2.0 129.0 0.015503875969
train loglikelihood:-38.6335120207 test loglikelihood:-310.120146504
-20306.8755456 -306.875545606 2.0 129.0 0.015503875969
train loglikelihood:-37.7921186416 test loglikelihood:-306.875545606
log likelihood: -115.864923735
log likelihood: -37.7720878664
log likelihood: -37.4855510423
original grammar count: 270
added grammar count: 4
smooth count:2.0
train loglikelihood:-37.4855510423
test loglikelihood:-319.661933712
subgraph size: 25, train sample size: 500
split:  2
-10266.525636 -266.525636028 0.999999999999 122.0 0.00819672131147
train loglikelihood:-38.2263603926 test loglikelihood:-266.525636028
-10270.8312573 -270.831257319 1.0 122.0 0.00819672131148
train loglikelihood:-37.9758746392 test loglikelihood:-270.831257319
-10274.6570837 -274.657083644 1.0 122.0 0.00819672131149
train loglikelihood:-38.6539050617 test loglikelihood:-274.657083644
-10272.8516462 -272.851646203 1.0 122.0 0.00819672131148
train loglikelihood:-38.3795710821 test loglikelihood:-272.851646203
-10276.5178728 -276.517872828 0.999999999999 122.0 0.00819672131147
train loglikelihood:-38.3860374328 test loglikelihood:-276.517872828
log likelihood: -119.298378181
log likelihood: -38.2941077343
log likelihood: -37.9758746392
original grammar count: 270
added grammar count: 4
smooth count:1.0
train loglikelihood:-37.9758746392
test loglikelihood:-270.831257319
subgraph size: 25, train sample size: 500
split:  2
-10271.7392883 -271.739288278 1.0 121.0 0.00826446280991
train loglikelihood:-37.562859151 test loglikelihood:-271.739288278
-10284.8807923 -284.880792282 0.999999999999 121.0 0.00826446280991
train loglikelihood:-38.3993366605 test loglikelihood:-284.880792282
-10290.3998567 -290.399856685 1.0 121.0 0.00826446280992
train loglikelihood:-38.5346420892 test loglikelihood:-290.399856685
-10293.1663367 -293.166336749 0.999999999999 121.0 0.00826446280991
train loglikelihood:-38.6055508237 test loglikelihood:-293.166336749
-10282.3452533 -282.345253322 1.0 121.0 0.00826446280992
train loglikelihood:-37.8003385363 test loglikelihood:-282.345253322
log likelihood: -122.276349805
log likelihood: -38.2142674947
log likelihood: -37.562859151
original grammar count: 270
added grammar count: 4
smooth count:1.0
train loglikelihood:-37.562859151
test loglikelihood:-271.739288278
subgraph size: 25, train sample size: 500
split:  2
-10300.7220815 -300.722081518 0.999999999999 116.0 0.00862068965517
train loglikelihood:-38.369780005 test loglikelihood:-300.722081518
-10301.8595829 -301.859582904 1.0 116.0 0.00862068965517
train loglikelihood:-38.332878422 test loglikelihood:-301.859582904
-10307.7633667 -307.763366688 1.0 116.0 0.00862068965517
train loglikelihood:-38.5943701733 test loglikelihood:-307.763366688
-10303.8441703 -303.844170297 1.0 116.0 0.00862068965518
train loglikelihood:-38.8244967539 test loglikelihood:-303.844170297
-10292.5632509 -292.563250874 1.0 116.0 0.00862068965517
train loglikelihood:-38.4730520503 test loglikelihood:-292.563250874
log likelihood: -115.427721062
log likelihood: -38.4559913943
log likelihood: -38.332878422
original grammar count: 270
added grammar count: 4
smooth count:1.0
train loglikelihood:-38.332878422
test loglikelihood:-301.859582904
subgraph size: 25, train sample size: 500
split:  2
-326.367594434 -326.367594434 0.0 119.0 0.0
zero smooth test num:  74
train loglikelihood:-37.7265555846 test loglikelihood:-326.367594434
-318.133899613 -318.133899613 0.0 119.0 0.0
zero smooth test num:  74
train loglikelihood:-38.1882852425 test loglikelihood:-318.133899613
-319.171347287 -319.171347287 0.0 119.0 0.0
zero smooth test num:  74
train loglikelihood:-38.375284017 test loglikelihood:-319.171347287
-331.84939583 -331.84939583 0.0 119.0 0.0
zero smooth test num:  74
train loglikelihood:-38.6676914778 test loglikelihood:-331.84939583
-316.961850389 -316.961850389 0.0 119.0 0.0
zero smooth test num:  74
train loglikelihood:-38.4801830088 test loglikelihood:-316.961850389
log likelihood: -117.269463232
log likelihood: -38.0228613475
log likelihood: -37.7265555846
original grammar count: 270
added grammar count: 0
smooth count:0.0
train loglikelihood:-37.7265555846
test loglikelihood:-326.367594434
subgraph size: 25, train sample size: 500
split:  2
-10310.1116774 -310.11167735 1.0 117.0 0.00854700854701
train loglikelihood:-38.1759425532 test loglikelihood:-310.11167735
-10325.8169929 -325.816992851 1.0 117.0 0.00854700854701
train loglikelihood:-38.661250092 test loglikelihood:-325.816992851
-10320.7309036 -320.73090357 1.0 117.0 0.00854700854701
train loglikelihood:-38.5285743541 test loglikelihood:-320.73090357
-10315.9317986 -315.931798666 0.999999999998 117.0 0.008547008547
train loglikelihood:-38.4095689881 test loglikelihood:-315.931798666
-10323.7998174 -323.799817377 1.0 117.0 0.00854700854701
train loglikelihood:-37.6645175649 test loglikelihood:-323.799817377
log likelihood: -122.532015342
log likelihood: -38.1112511258
log likelihood: -37.6645175649
original grammar count: 270
added grammar count: 4
smooth count:1.0
train loglikelihood:-37.6645175649
test loglikelihood:-323.799817377
subgraph size: 25, train sample size: 500
split:  2
-10277.0282908 -277.028290792 0.999999999999 120.0 0.00833333333333
train loglikelihood:-37.402994194 test loglikelihood:-277.028290792
-10280.9447161 -280.944716144 1.0 120.0 0.00833333333333
train loglikelihood:-37.5994173603 test loglikelihood:-280.944716144
-10283.2252011 -283.225201105 0.999999999999 120.0 0.00833333333333
train loglikelihood:-38.5359517198 test loglikelihood:-283.225201105
-10271.4451927 -271.445192675 0.999999999999 120.0 0.00833333333334
train loglikelihood:-38.5238016928 test loglikelihood:-271.445192675
-10280.5228799 -280.522879882 0.999999999999 120.0 0.00833333333332
train loglikelihood:-38.4960613793 test loglikelihood:-280.522879882
log likelihood: -122.17596912
log likelihood: -37.7722281547
log likelihood: -37.402994194
original grammar count: 270
added grammar count: 4
smooth count:0.999999999999
train loglikelihood:-37.402994194
test loglikelihood:-277.028290792
subgraph size: 25, train sample size: 500
split:  2
-20274.0499757 -274.04997573 2.0 118.0 0.0169491525424
train loglikelihood:-38.6121142278 test loglikelihood:-274.04997573
-20267.680132 -267.68013203 2.0 118.0 0.0169491525424
train loglikelihood:-37.7012315597 test loglikelihood:-267.68013203
-20283.0181559 -283.018155855 2.0 118.0 0.0169491525424
train loglikelihood:-38.4070222499 test loglikelihood:-283.018155855
-20260.3009091 -260.300909056 2.0 118.0 0.0169491525424
train loglikelihood:-38.3711997083 test loglikelihood:-260.300909056
-20274.2519748 -274.251974799 2.0 118.0 0.0169491525424
train loglikelihood:-38.5667185254 test loglikelihood:-274.251974799
log likelihood: -126.291620454
log likelihood: -38.3096619916
log likelihood: -37.7012315597
original grammar count: 270
added grammar count: 8
smooth count:2.0
train loglikelihood:-37.7012315597
test loglikelihood:-267.68013203
subgraph size: 25, train sample size: 500
split:  2
-10298.7123181 -298.712318106 1.0 118.0 0.0084745762712
train loglikelihood:-38.5908949515 test loglikelihood:-298.712318106
-10300.7792323 -300.779232344 0.999999999999 118.0 0.00847457627118
train loglikelihood:-37.420080256 test loglikelihood:-300.779232344
-10298.9576299 -298.957629863 1.0 118.0 0.00847457627119
train loglikelihood:-38.690213615 test loglikelihood:-298.957629863
-10284.3663257 -284.366325725 0.999999999999 118.0 0.00847457627119
train loglikelihood:-38.1116496039 test loglikelihood:-284.366325725
-10296.9000226 -296.900022552 1.0 118.0 0.00847457627119
train loglikelihood:-38.2381584506 test loglikelihood:-296.900022552
log likelihood: -118.963164977
log likelihood: -37.8364950992
log likelihood: -37.420080256
original grammar count: 270
added grammar count: 4
smooth count:0.999999999999
train loglikelihood:-37.420080256
test loglikelihood:-300.779232344
subgraph size: 25, train sample size: 500
split:  2
-10313.6175843 -313.617584344 1.0 130.0 0.0076923076923
train loglikelihood:-38.6074292283 test loglikelihood:-313.617584344
-10310.1454424 -310.145442429 1.0 130.0 0.0076923076923
train loglikelihood:-38.7413148583 test loglikelihood:-310.145442429
-10308.6459288 -308.64592875 1.0 130.0 0.00769230769231
train loglikelihood:-38.546038777 test loglikelihood:-308.64592875
-10296.8399314 -296.839931386 1.0 130.0 0.00769230769231
train loglikelihood:-38.2433434159 test loglikelihood:-296.839931386
-10307.7798313 -307.779831268 1.0 130.0 0.00769230769231
train loglikelihood:-38.598988199 test loglikelihood:-307.779831268
log likelihood: -109.968161716
log likelihood: -38.4828373014
log likelihood: -38.2433434159
original grammar count: 270
added grammar count: 4
smooth count:1.0
train loglikelihood:-38.2433434159
test loglikelihood:-296.839931386
subgraph size: 25, train sample size: 500
split:  2
-10307.6549794 -307.654979393 1.0 120.0 0.00833333333334
train loglikelihood:-38.4664797305 test loglikelihood:-307.654979393
-10302.9208832 -302.92088326 0.999999999999 120.0 0.00833333333332
train loglikelihood:-38.1972588018 test loglikelihood:-302.92088326
-10299.6142527 -299.614252657 1.0 120.0 0.00833333333333
train loglikelihood:-37.9532773854 test loglikelihood:-299.614252657
-10269.9318049 -269.93180488 1.0 120.0 0.00833333333334
train loglikelihood:-37.1393618343 test loglikelihood:-269.93180488
-10297.8342886 -297.834288605 1.0 120.0 0.00833333333334
train loglikelihood:-37.5173418175 test loglikelihood:-297.834288605
log likelihood: -139.927374697
log likelihood: -37.849570771
log likelihood: -37.1393618343
original grammar count: 270
added grammar count: 4
smooth count:1.0
train loglikelihood:-37.1393618343
test loglikelihood:-269.93180488
subgraph size: 25, train sample size: 500
split:  2
-308.536482839 -308.536482839 0.0 123.0 0.0
zero smooth test num:  81
train loglikelihood:-38.4499024656 test loglikelihood:-308.536482839
-287.1547777 -287.1547777 0.0 123.0 0.0
zero smooth test num:  81
train loglikelihood:-38.2558885068 test loglikelihood:-287.1547777
-312.861703466 -312.861703466 0.0 123.0 0.0
zero smooth test num:  81
train loglikelihood:-38.0207816387 test loglikelihood:-312.861703466
-316.606630758 -316.606630758 0.0 123.0 0.0
zero smooth test num:  81
train loglikelihood:-38.1474391014 test loglikelihood:-316.606630758
-315.955566689 -315.955566689 0.0 123.0 0.0
zero smooth test num:  81
train loglikelihood:-38.0290674209 test loglikelihood:-315.955566689
log likelihood: -126.938815582
log likelihood: -38.277007652
log likelihood: -38.0207816387
original grammar count: 270
added grammar count: 0
smooth count:0.0
train loglikelihood:-38.0207816387
test loglikelihood:-312.861703466
subgraph size: 25, train sample size: 500
split:  2
-254.884253633 -254.884253633 0.0 125.0 0.0
zero smooth test num:  82
train loglikelihood:-38.7604993973 test loglikelihood:-254.884253633
-241.070765415 -241.070765415 0.0 125.0 0.0
zero smooth test num:  82
train loglikelihood:-38.0627701482 test loglikelihood:-241.070765415
-238.779918986 -238.779918986 0.0 125.0 0.0
zero smooth test num:  82
train loglikelihood:-38.325906729 test loglikelihood:-238.779918986
-251.077567392 -251.077567392 0.0 125.0 0.0
zero smooth test num:  82
train loglikelihood:-38.1722678295 test loglikelihood:-251.077567392
-246.061437122 -246.061437122 0.0 125.0 0.0
zero smooth test num:  82
train loglikelihood:-38.0596392014 test loglikelihood:-246.061437122
log likelihood: -118.921498096
log likelihood: -38.3494452454
log likelihood: -38.0596392014
original grammar count: 270
added grammar count: 0
smooth count:0.0
train loglikelihood:-38.0596392014
test loglikelihood:-246.061437122
subgraph size: 25, train sample size: 500
split:  2
-20316.2671776 -316.26717758 2.0 124.0 0.0161290322581
train loglikelihood:-38.5430689237 test loglikelihood:-316.26717758
-20304.2858556 -304.285855539 2.0 124.0 0.0161290322581
train loglikelihood:-37.484087008 test loglikelihood:-304.285855539
-20316.3680044 -316.368004424 2.0 124.0 0.0161290322581
train loglikelihood:-38.7322702331 test loglikelihood:-316.368004424
-20318.586229 -318.586228995 2.0 124.0 0.0161290322581
train loglikelihood:-37.9497967632 test loglikelihood:-318.586228995
-20314.8618951 -314.861895079 2.0 124.0 0.0161290322581
train loglikelihood:-38.6214680504 test loglikelihood:-314.861895079
log likelihood: -118.425720913
log likelihood: -37.9969029827
log likelihood: -37.484087008
original grammar count: 270
added grammar count: 6
smooth count:2.0
train loglikelihood:-37.484087008
test loglikelihood:-304.285855539
subgraph size: 25, train sample size: 500
split:  2
-311.587372544 -311.587372544 0.0 121.0 0.0
zero smooth test num:  84
train loglikelihood:-38.6915079368 test loglikelihood:-311.587372544
-283.464062294 -283.464062294 0.0 121.0 0.0
zero smooth test num:  84
train loglikelihood:-38.4869537318 test loglikelihood:-283.464062294
-298.220014288 -298.220014288 0.0 121.0 0.0
zero smooth test num:  84
train loglikelihood:-38.493897373 test loglikelihood:-298.220014288
-293.41648683 -293.41648683 0.0 121.0 0.0
zero smooth test num:  84
train loglikelihood:-38.5609852907 test loglikelihood:-293.41648683
-295.902074703 -295.902074703 0.0 121.0 0.0
zero smooth test num:  84
train loglikelihood:-38.6032481654 test loglikelihood:-295.902074703
log likelihood: -129.418863217
log likelihood: -38.7263085955
log likelihood: -38.4869537318
original grammar count: 270
added grammar count: 0
smooth count:0.0
train loglikelihood:-38.4869537318
test loglikelihood:-283.464062294
subgraph size: 25, train sample size: 500
split:  2
-306.28213673 -306.28213673 0.0 116.0 0.0
zero smooth test num:  85
train loglikelihood:-38.6324449159 test loglikelihood:-306.28213673
-309.706210773 -309.706210773 0.0 116.0 0.0
zero smooth test num:  85
train loglikelihood:-38.6769933771 test loglikelihood:-309.706210773
-314.176911151 -314.176911151 0.0 116.0 0.0
zero smooth test num:  85
train loglikelihood:-38.6013308329 test loglikelihood:-314.176911151
-303.937754806 -303.937754806 0.0 116.0 0.0
zero smooth test num:  85
train loglikelihood:-38.5003450686 test loglikelihood:-303.937754806
-304.181963772 -304.181963772 0.0 116.0 0.0
zero smooth test num:  85
train loglikelihood:-38.3756035517 test loglikelihood:-304.181963772
log likelihood: -122.016421612
log likelihood: -38.5457343131
log likelihood: -38.3756035517
original grammar count: 270
added grammar count: 0
smooth count:0.0
train loglikelihood:-38.3756035517
test loglikelihood:-304.181963772
subgraph size: 25, train sample size: 500
split:  2
-10315.8710444 -315.871044435 1.0 119.0 0.00840336134454
train loglikelihood:-38.4493292983 test loglikelihood:-315.871044435
-10322.7080277 -322.708027705 1.0 119.0 0.00840336134453
train loglikelihood:-38.5980923438 test loglikelihood:-322.708027705
-10299.1695766 -299.169576566 1.0 119.0 0.00840336134454
train loglikelihood:-37.7813256591 test loglikelihood:-299.169576566
-10330.3587823 -330.358782323 1.0 119.0 0.00840336134455
train loglikelihood:-38.4638425828 test loglikelihood:-330.358782323
-10325.0961711 -325.096171139 1.0 119.0 0.00840336134454
train loglikelihood:-38.3330281485 test loglikelihood:-325.096171139
log likelihood: -120.863769074
log likelihood: -38.2130636596
log likelihood: -37.7813256591
original grammar count: 270
added grammar count: 4
smooth count:1.0
train loglikelihood:-37.7813256591
test loglikelihood:-299.169576566
subgraph size: 25, train sample size: 500
split:  2
-20321.29624 -321.296239969 2.0 117.0 0.017094017094
train loglikelihood:-38.5451374672 test loglikelihood:-321.296239969
-20311.3036124 -311.303612425 2.0 117.0 0.017094017094
train loglikelihood:-38.1663382645 test loglikelihood:-311.303612425
-20304.2267219 -304.226721849 2.0 117.0 0.017094017094
train loglikelihood:-38.4204474608 test loglikelihood:-304.226721849
-20317.8412503 -317.841250298 2.0 117.0 0.017094017094
train loglikelihood:-38.5839553758 test loglikelihood:-317.841250298
-20316.8763062 -316.876306245 2.0 117.0 0.017094017094
train loglikelihood:-38.3926150125 test loglikelihood:-316.876306245
log likelihood: -127.072406926
log likelihood: -38.4357239224
log likelihood: -38.1663382645
original grammar count: 270
added grammar count: 2
smooth count:2.0
train loglikelihood:-38.1663382645
test loglikelihood:-311.303612425
subgraph size: 25, train sample size: 500
split:  2
-293.707967284 -293.707967284 0.0 126.0 0.0
zero smooth test num:  88
train loglikelihood:-38.2032992604 test loglikelihood:-293.707967284
-298.605345073 -298.605345073 0.0 126.0 0.0
zero smooth test num:  88
train loglikelihood:-38.1764997644 test loglikelihood:-298.605345073
-312.006230913 -312.006230913 0.0 126.0 0.0
zero smooth test num:  88
train loglikelihood:-38.7676313169 test loglikelihood:-312.006230913
-314.247875779 -314.247875779 0.0 126.0 0.0
zero smooth test num:  88
train loglikelihood:-38.5450703319 test loglikelihood:-314.247875779
-302.924440706 -302.924440706 0.0 126.0 0.0
zero smooth test num:  88
train loglikelihood:-38.608593709 test loglikelihood:-302.924440706
log likelihood: -111.023173694
log likelihood: -38.4023140321
log likelihood: -38.1764997644
original grammar count: 270
added grammar count: 0
smooth count:0.0
train loglikelihood:-38.1764997644
test loglikelihood:-298.605345073
subgraph size: 25, train sample size: 500
split:  2
-329.800432097 -329.800432097 0.0 123.0 0.0
zero smooth test num:  89
train loglikelihood:-38.7083353734 test loglikelihood:-329.800432097
-327.575286137 -327.575286137 0.0 123.0 0.0
zero smooth test num:  89
train loglikelihood:-38.660193639 test loglikelihood:-327.575286137
-327.19195406 -327.19195406 0.0 123.0 0.0
zero smooth test num:  89
train loglikelihood:-38.6117219585 test loglikelihood:-327.19195406
-324.804500844 -324.804500844 0.0 123.0 0.0
zero smooth test num:  89
train loglikelihood:-38.5427822648 test loglikelihood:-324.804500844
-330.131179843 -330.131179843 0.0 123.0 0.0
zero smooth test num:  89
train loglikelihood:-38.6811038902 test loglikelihood:-330.131179843
log likelihood: -112.539888283
log likelihood: -38.7185989072
log likelihood: -38.5427822648
original grammar count: 270
added grammar count: 0
smooth count:0.0
train loglikelihood:-38.5427822648
test loglikelihood:-324.804500844
subgraph size: 25, train sample size: 500
split:  2
-315.071200133 -315.071200133 0.0 122.0 0.0
zero smooth test num:  90
train loglikelihood:-38.6087757427 test loglikelihood:-315.071200133
-297.459016433 -297.459016433 0.0 122.0 0.0
zero smooth test num:  90
train loglikelihood:-38.5283142561 test loglikelihood:-297.459016433
-313.457622938 -313.457622938 0.0 122.0 0.0
zero smooth test num:  90
train loglikelihood:-38.4378424248 test loglikelihood:-313.457622938
-310.246568414 -310.246568414 0.0 122.0 0.0
zero smooth test num:  90
train loglikelihood:-38.4953756804 test loglikelihood:-310.246568414
-319.098336369 -319.098336369 0.0 122.0 0.0
zero smooth test num:  90
train loglikelihood:-38.6552187055 test loglikelihood:-319.098336369
log likelihood: -124.096534751
log likelihood: -38.6058566606
log likelihood: -38.4378424248
original grammar count: 270
added grammar count: 0
smooth count:0.0
train loglikelihood:-38.4378424248
test loglikelihood:-313.457622938
subgraph size: 25, train sample size: 500
split:  2
-10332.6742876 -332.674287645 1.0 115.0 0.00869565217391
train loglikelihood:-38.3504103508 test loglikelihood:-332.674287645
-10336.66075 -336.660749966 1.0 115.0 0.00869565217392
train loglikelihood:-38.225551077 test loglikelihood:-336.660749966
-10319.6489855 -319.648985515 0.999999999999 115.0 0.00869565217391
train loglikelihood:-38.5709383098 test loglikelihood:-319.648985515
-10311.5883588 -311.58835877 1.0 115.0 0.00869565217391
train loglikelihood:-37.6994477395 test loglikelihood:-311.58835877
-10323.3397624 -323.339762443 1.0 115.0 0.00869565217391
train loglikelihood:-38.195380641 test loglikelihood:-323.339762443
log likelihood: -117.958718501
log likelihood: -38.185640939
log likelihood: -37.6994477395
original grammar count: 270
added grammar count: 2
smooth count:1.0
train loglikelihood:-37.6994477395
test loglikelihood:-311.58835877
subgraph size: 25, train sample size: 500
split:  2
-267.222324517 -267.222324517 0.0 121.0 0.0
zero smooth test num:  92
train loglikelihood:-37.0439449255 test loglikelihood:-267.222324517
-284.100619991 -284.100619991 0.0 121.0 0.0
zero smooth test num:  92
train loglikelihood:-38.2100276578 test loglikelihood:-284.100619991
-289.010315697 -289.010315697 0.0 121.0 0.0
zero smooth test num:  92
train loglikelihood:-38.0979372365 test loglikelihood:-289.010315697
-292.213005486 -292.213005486 0.0 121.0 0.0
zero smooth test num:  92
train loglikelihood:-38.6380931336 test loglikelihood:-292.213005486
-283.450419843 -283.450419843 0.0 121.0 0.0
zero smooth test num:  92
train loglikelihood:-38.6616993995 test loglikelihood:-283.450419843
log likelihood: -121.777113536
log likelihood: -37.6510067175
log likelihood: -37.0439449255
original grammar count: 270
added grammar count: 0
smooth count:0.0
train loglikelihood:-37.0439449255
test loglikelihood:-267.222324517
subgraph size: 25, train sample size: 500
split:  2
-297.440225793 -297.440225793 0.0 118.0 0.0
zero smooth test num:  93
train loglikelihood:-38.6392582406 test loglikelihood:-297.440225793
-299.07183147 -299.07183147 0.0 118.0 0.0
zero smooth test num:  93
train loglikelihood:-38.6831153091 test loglikelihood:-299.07183147
-300.807630493 -300.807630493 0.0 118.0 0.0
zero smooth test num:  93
train loglikelihood:-38.2335412568 test loglikelihood:-300.807630493
-300.157010038 -300.157010038 0.0 118.0 0.0
zero smooth test num:  93
train loglikelihood:-38.4604126661 test loglikelihood:-300.157010038
-290.019767353 -290.019767353 0.0 118.0 0.0
zero smooth test num:  93
train loglikelihood:-37.5181740334 test loglikelihood:-290.019767353
log likelihood: -116.118745644
log likelihood: -37.9701930241
log likelihood: -37.5181740334
original grammar count: 270
added grammar count: 0
smooth count:0.0
train loglikelihood:-37.5181740334
test loglikelihood:-290.019767353
subgraph size: 25, train sample size: 500
split:  2
-343.42241788 -343.42241788 0.0 120.0 0.0
zero smooth test num:  94
train loglikelihood:-38.6689551358 test loglikelihood:-343.42241788
-347.544003787 -347.544003787 0.0 120.0 0.0
zero smooth test num:  94
train loglikelihood:-38.5387268273 test loglikelihood:-347.544003787
-344.295124041 -344.295124041 0.0 120.0 0.0
zero smooth test num:  94
train loglikelihood:-38.6665407997 test loglikelihood:-344.295124041
-352.799912477 -352.799912477 0.0 120.0 0.0
zero smooth test num:  94
train loglikelihood:-37.686939714 test loglikelihood:-352.799912477
-318.516795203 -318.516795203 0.0 120.0 0.0
zero smooth test num:  94
train loglikelihood:-37.7375856326 test loglikelihood:-318.516795203
log likelihood: -114.980007694
log likelihood: -38.0823925376
log likelihood: -37.686939714
original grammar count: 270
added grammar count: 0
smooth count:0.0
train loglikelihood:-37.686939714
test loglikelihood:-352.799912477
subgraph size: 25, train sample size: 500
split:  2
-309.579103542 -309.579103542 0.0 117.0 0.0
zero smooth test num:  95
train loglikelihood:-38.2001859534 test loglikelihood:-309.579103542
-326.391984452 -326.391984452 0.0 117.0 0.0
zero smooth test num:  95
train loglikelihood:-38.4042444719 test loglikelihood:-326.391984452
-327.542122557 -327.542122557 0.0 117.0 0.0
zero smooth test num:  95
train loglikelihood:-38.643033088 test loglikelihood:-327.542122557
-315.500217313 -315.500217313 0.0 117.0 0.0
zero smooth test num:  95
train loglikelihood:-38.3909125507 test loglikelihood:-315.500217313
-322.058285491 -322.058285491 0.0 117.0 0.0
zero smooth test num:  95
train loglikelihood:-38.1932757887 test loglikelihood:-322.058285491
log likelihood: -118.46176095
log likelihood: -38.5599720074
log likelihood: -38.1932757887
original grammar count: 270
added grammar count: 0
smooth count:0.0
train loglikelihood:-38.1932757887
test loglikelihood:-322.058285491
subgraph size: 25, train sample size: 500
split:  2
-10347.138626 -347.138626012 1.0 116.0 0.00862068965518
train loglikelihood:-38.6589620476 test loglikelihood:-347.138626012
-10353.3844451 -353.3844451 0.999999999999 116.0 0.00862068965517
train loglikelihood:-38.6896419733 test loglikelihood:-353.3844451
-10325.2608183 -325.260818326 1.0 116.0 0.00862068965517
train loglikelihood:-38.3996087449 test loglikelihood:-325.260818326
-10322.1490284 -322.149028358 1.0 116.0 0.00862068965517
train loglikelihood:-38.485968481 test loglikelihood:-322.149028358
-10346.8551723 -346.855172328 1.0 116.0 0.00862068965518
train loglikelihood:-38.5400777534 test loglikelihood:-346.855172328
log likelihood: -109.013677394
log likelihood: -38.6409455914
log likelihood: -38.3996087449
original grammar count: 270
added grammar count: 4
smooth count:1.0
train loglikelihood:-38.3996087449
test loglikelihood:-325.260818326
subgraph size: 25, train sample size: 500
split:  2
-20289.7966603 -289.796660322 2.0 120.0 0.0166666666667
train loglikelihood:-38.5902570542 test loglikelihood:-289.796660322
-20289.0968977 -289.096897704 2.0 120.0 0.0166666666667
train loglikelihood:-38.6228511651 test loglikelihood:-289.096897704
-20302.9107886 -302.910788608 2.0 120.0 0.0166666666667
train loglikelihood:-38.1990711476 test loglikelihood:-302.910788608
-20284.2215682 -284.221568236 2.0 120.0 0.0166666666667
train loglikelihood:-38.5436925883 test loglikelihood:-284.221568236
-20301.7423511 -301.742351096 2.0 120.0 0.0166666666667
train loglikelihood:-38.69959236 test loglikelihood:-301.742351096
log likelihood: -120.918551303
log likelihood: -38.4877443798
log likelihood: -38.1990711476
original grammar count: 270
added grammar count: 8
smooth count:2.0
train loglikelihood:-38.1990711476
test loglikelihood:-302.910788608
subgraph size: 25, train sample size: 500
split:  2
-281.544113864 -281.544113864 0.0 121.0 0.0
zero smooth test num:  98
train loglikelihood:-38.1906156899 test loglikelihood:-281.544113864
-273.479368993 -273.479368993 0.0 121.0 0.0
zero smooth test num:  98
train loglikelihood:-38.5606290855 test loglikelihood:-273.479368993
-275.109139819 -275.109139819 0.0 121.0 0.0
zero smooth test num:  98
train loglikelihood:-38.5871131473 test loglikelihood:-275.109139819
-274.967524338 -274.967524338 0.0 121.0 0.0
zero smooth test num:  98
train loglikelihood:-38.6597937838 test loglikelihood:-274.967524338
-273.198453952 -273.198453952 0.0 121.0 0.0
zero smooth test num:  98
train loglikelihood:-37.5192427753 test loglikelihood:-273.198453952
log likelihood: -131.116175415
log likelihood: -38.0171405569
log likelihood: -37.5192427753
original grammar count: 270
added grammar count: 0
smooth count:0.0
train loglikelihood:-37.5192427753
test loglikelihood:-273.198453952
subgraph size: 25, train sample size: 500
split:  2
-357.61945174 -357.61945174 0.0 117.0 0.0
zero smooth test num:  99
train loglikelihood:-38.4346387759 test loglikelihood:-357.61945174
-352.224945316 -352.224945316 0.0 117.0 0.0
zero smooth test num:  99
train loglikelihood:-38.1228603717 test loglikelihood:-352.224945316
-326.775470187 -326.775470187 0.0 117.0 0.0
zero smooth test num:  99
train loglikelihood:-37.2676525542 test loglikelihood:-326.775470187
-343.819427476 -343.819427476 0.0 117.0 0.0
zero smooth test num:  99
train loglikelihood:-37.7106379021 test loglikelihood:-343.819427476
-351.775709229 -351.775709229 0.0 117.0 0.0
zero smooth test num:  99
train loglikelihood:-38.6648884207 test loglikelihood:-351.775709229
log likelihood: -121.772014734
log likelihood: -37.681002713
log likelihood: -37.2676525542
original grammar count: 270
added grammar count: 0
smooth count:0.0
train loglikelihood:-37.2676525542
test loglikelihood:-326.775470187
