subgraph size: 25, train sample size: 500
split:  3
-139.326666812 -139.326666812 0.0 155.0 0.0
zero smooth test num:  0
train loglikelihood:-38.0607146376 test loglikelihood:-139.326666812
-140.232006091 -140.232006091 0.0 155.0 0.0
zero smooth test num:  0
train loglikelihood:-38.0823408551 test loglikelihood:-140.232006091
-142.887336424 -142.887336424 0.0 155.0 0.0
zero smooth test num:  0
train loglikelihood:-38.6124643232 test loglikelihood:-142.887336424
-140.683750501 -140.683750501 0.0 155.0 0.0
zero smooth test num:  0
train loglikelihood:-38.2408382683 test loglikelihood:-140.683750501
-142.479902815 -142.479902815 0.0 155.0 0.0
zero smooth test num:  0
train loglikelihood:-38.5804577386 test loglikelihood:-142.479902815
log likelihood: -133.777135969
log likelihood: -38.3621922301
log likelihood: -38.0607146376
original grammar count: 834
added grammar count: 0
smooth count:0.0
train loglikelihood:-38.0607146376
test loglikelihood:-139.326666812
subgraph size: 25, train sample size: 500
split:  3
-114.585547169 -114.585547169 0.0 168.0 0.0
zero smooth test num:  1
train loglikelihood:-36.9834755869 test loglikelihood:-114.585547169
-121.730303052 -121.730303052 0.0 168.0 0.0
zero smooth test num:  1
train loglikelihood:-38.572029057 test loglikelihood:-121.730303052
-121.88051006 -121.88051006 0.0 168.0 0.0
zero smooth test num:  1
train loglikelihood:-38.6047118403 test loglikelihood:-121.88051006
-118.298841397 -118.298841397 0.0 168.0 0.0
zero smooth test num:  1
train loglikelihood:-38.0319562205 test loglikelihood:-118.298841397
-120.391817634 -120.391817634 0.0 168.0 0.0
zero smooth test num:  1
train loglikelihood:-38.5678150194 test loglikelihood:-120.391817634
log likelihood: -143.119388755
log likelihood: -37.6843487465
log likelihood: -36.9834755869
original grammar count: 834
added grammar count: 0
smooth count:0.0
train loglikelihood:-36.9834755869
test loglikelihood:-114.585547169
subgraph size: 25, train sample size: 500
split:  3
-159.792506742 -159.792506742 0.0 150.0 0.0
zero smooth test num:  2
train loglikelihood:-37.5949591368 test loglikelihood:-159.792506742
-160.835210452 -160.835210452 0.0 150.0 0.0
zero smooth test num:  2
train loglikelihood:-37.4044708798 test loglikelihood:-160.835210452
-160.77189944 -160.77189944 0.0 150.0 0.0
zero smooth test num:  2
train loglikelihood:-37.4922754932 test loglikelihood:-160.77189944
-166.528198317 -166.528198317 0.0 150.0 0.0
zero smooth test num:  2
train loglikelihood:-38.5816211151 test loglikelihood:-166.528198317
-162.402808524 -162.402808524 0.0 150.0 0.0
zero smooth test num:  2
train loglikelihood:-38.1642058366 test loglikelihood:-162.402808524
log likelihood: -139.712365708
log likelihood: -37.8375936586
log likelihood: -37.4044708798
original grammar count: 834
added grammar count: 0
smooth count:0.0
train loglikelihood:-37.4044708798
test loglikelihood:-160.835210452
subgraph size: 25, train sample size: 500
split:  3
-160.863556571 -160.863556571 0.0 138.0 0.0
zero smooth test num:  3
train loglikelihood:-38.6242528478 test loglikelihood:-160.863556571
-160.366066543 -160.366066543 0.0 138.0 0.0
zero smooth test num:  3
train loglikelihood:-38.5654374812 test loglikelihood:-160.366066543
-160.313914757 -160.313914757 0.0 138.0 0.0
zero smooth test num:  3
train loglikelihood:-38.4857791079 test loglikelihood:-160.313914757
-159.680239786 -159.680239786 0.0 138.0 0.0
zero smooth test num:  3
train loglikelihood:-38.4206150901 test loglikelihood:-159.680239786
-158.274926972 -158.274926972 0.0 138.0 0.0
zero smooth test num:  3
train loglikelihood:-38.1763897638 test loglikelihood:-158.274926972
log likelihood: -139.399192081
log likelihood: -38.4606485072
log likelihood: -38.1763897638
original grammar count: 834
added grammar count: 0
smooth count:0.0
train loglikelihood:-38.1763897638
test loglikelihood:-158.274926972
subgraph size: 25, train sample size: 500
split:  3
-166.801900496 -166.801900496 0.0 150.0 0.0
zero smooth test num:  4
train loglikelihood:-38.4492075943 test loglikelihood:-166.801900496
-165.611486241 -165.611486241 0.0 150.0 0.0
zero smooth test num:  4
train loglikelihood:-38.4345021865 test loglikelihood:-165.611486241
-158.767753164 -158.767753164 0.0 150.0 0.0
zero smooth test num:  4
train loglikelihood:-37.8488166523 test loglikelihood:-158.767753164
-164.750827102 -164.750827102 0.0 150.0 0.0
zero smooth test num:  4
train loglikelihood:-38.3505411952 test loglikelihood:-164.750827102
-164.956066051 -164.956066051 0.0 150.0 0.0
zero smooth test num:  4
train loglikelihood:-38.3454094238 test loglikelihood:-164.956066051
log likelihood: -131.361394041
log likelihood: -38.356254602
log likelihood: -37.8488166523
original grammar count: 834
added grammar count: 0
smooth count:0.0
train loglikelihood:-37.8488166523
test loglikelihood:-158.767753164
subgraph size: 25, train sample size: 500
split:  3
-139.159295482 -139.159295482 0.0 161.0 0.0
zero smooth test num:  5
train loglikelihood:-37.8677649246 test loglikelihood:-139.159295482
-147.426205696 -147.426205696 0.0 161.0 0.0
zero smooth test num:  5
train loglikelihood:-38.5870747128 test loglikelihood:-147.426205696
-145.58838994 -145.58838994 0.0 161.0 0.0
zero smooth test num:  5
train loglikelihood:-38.2534631003 test loglikelihood:-145.58838994
-143.597924898 -143.597924898 0.0 161.0 0.0
zero smooth test num:  5
train loglikelihood:-38.3001686683 test loglikelihood:-143.597924898
-145.245050347 -145.245050347 0.0 161.0 0.0
zero smooth test num:  5
train loglikelihood:-38.4988176161 test loglikelihood:-145.245050347
log likelihood: -133.283128965
log likelihood: -38.2577474312
log likelihood: -37.8677649246
original grammar count: 834
added grammar count: 0
smooth count:0.0
train loglikelihood:-37.8677649246
test loglikelihood:-139.159295482
subgraph size: 25, train sample size: 500
split:  3
-154.250038696 -154.250038696 0.0 146.0 0.0
zero smooth test num:  6
train loglikelihood:-38.1039332186 test loglikelihood:-154.250038696
-156.335314439 -156.335314439 0.0 146.0 0.0
zero smooth test num:  6
train loglikelihood:-38.6433236318 test loglikelihood:-156.335314439
-156.426982764 -156.426982764 0.0 146.0 0.0
zero smooth test num:  6
train loglikelihood:-38.5951606937 test loglikelihood:-156.426982764
-155.935545446 -155.935545446 0.0 146.0 0.0
zero smooth test num:  6
train loglikelihood:-38.3253391025 test loglikelihood:-155.935545446
-154.208244296 -154.208244296 0.0 146.0 0.0
zero smooth test num:  6
train loglikelihood:-38.3253857449 test loglikelihood:-154.208244296
log likelihood: -134.450999304
log likelihood: -38.4211892444
log likelihood: -38.1039332186
original grammar count: 834
added grammar count: 0
smooth count:0.0
train loglikelihood:-38.1039332186
test loglikelihood:-154.250038696
subgraph size: 25, train sample size: 500
split:  3
-154.759505231 -154.759505231 0.0 134.0 0.0
zero smooth test num:  7
train loglikelihood:-38.5057603455 test loglikelihood:-154.759505231
-151.774091138 -151.774091138 0.0 134.0 0.0
zero smooth test num:  7
train loglikelihood:-37.9230453254 test loglikelihood:-151.774091138
-152.639283298 -152.639283298 0.0 134.0 0.0
zero smooth test num:  7
train loglikelihood:-38.1056459177 test loglikelihood:-152.639283298
-154.635056996 -154.635056996 0.0 134.0 0.0
zero smooth test num:  7
train loglikelihood:-38.5785703595 test loglikelihood:-154.635056996
-152.764342209 -152.764342209 0.0 134.0 0.0
zero smooth test num:  7
train loglikelihood:-38.0703321696 test loglikelihood:-152.764342209
log likelihood: -139.643668829
log likelihood: -38.3059525981
log likelihood: -37.9230453254
original grammar count: 834
added grammar count: 0
smooth count:0.0
train loglikelihood:-37.9230453254
test loglikelihood:-151.774091138
subgraph size: 25, train sample size: 500
split:  3
-175.15867335 -175.15867335 0.0 144.0 0.0
zero smooth test num:  8
train loglikelihood:-38.6598344663 test loglikelihood:-175.15867335
-171.774001936 -171.774001936 0.0 144.0 0.0
zero smooth test num:  8
train loglikelihood:-37.9364471123 test loglikelihood:-171.774001936
-174.150443271 -174.150443271 0.0 144.0 0.0
zero smooth test num:  8
train loglikelihood:-38.5255303005 test loglikelihood:-174.150443271
-173.954509902 -173.954509902 0.0 144.0 0.0
zero smooth test num:  8
train loglikelihood:-38.3998230374 test loglikelihood:-173.954509902
-169.348384348 -169.348384348 0.0 144.0 0.0
zero smooth test num:  8
train loglikelihood:-38.1500632397 test loglikelihood:-169.348384348
log likelihood: -133.179540055
log likelihood: -38.3606844987
log likelihood: -37.9364471123
original grammar count: 834
added grammar count: 0
smooth count:0.0
train loglikelihood:-37.9364471123
test loglikelihood:-171.774001936
subgraph size: 25, train sample size: 500
split:  3
-154.392593529 -154.392593529 0.0 143.0 0.0
zero smooth test num:  9
train loglikelihood:-38.4503766512 test loglikelihood:-154.392593529
-154.847516869 -154.847516869 0.0 143.0 0.0
zero smooth test num:  9
train loglikelihood:-38.6674717439 test loglikelihood:-154.847516869
-154.354013562 -154.354013562 0.0 143.0 0.0
zero smooth test num:  9
train loglikelihood:-38.4473939241 test loglikelihood:-154.354013562
-153.488460212 -153.488460212 0.0 143.0 0.0
zero smooth test num:  9
train loglikelihood:-38.320024888 test loglikelihood:-153.488460212
-155.095440684 -155.095440684 0.0 143.0 0.0
zero smooth test num:  9
train loglikelihood:-38.49769563 test loglikelihood:-155.095440684
log likelihood: -132.588865828
log likelihood: -38.5278075713
log likelihood: -38.320024888
original grammar count: 834
added grammar count: 0
smooth count:0.0
train loglikelihood:-38.320024888
test loglikelihood:-153.488460212
subgraph size: 25, train sample size: 500
split:  3
-157.439140957 -157.439140957 0.0 156.0 0.0
zero smooth test num:  10
train loglikelihood:-37.4349653282 test loglikelihood:-157.439140957
-162.833549441 -162.833549441 0.0 156.0 0.0
zero smooth test num:  10
train loglikelihood:-38.5166607552 test loglikelihood:-162.833549441
-160.20491245 -160.20491245 0.0 156.0 0.0
zero smooth test num:  10
train loglikelihood:-37.927361199 test loglikelihood:-160.20491245
-160.066297328 -160.066297328 0.0 156.0 0.0
zero smooth test num:  10
train loglikelihood:-37.8805474508 test loglikelihood:-160.066297328
-164.477291091 -164.477291091 0.0 156.0 0.0
zero smooth test num:  10
train loglikelihood:-38.665983401 test loglikelihood:-164.477291091
log likelihood: -135.278109007
log likelihood: -37.9732012248
log likelihood: -37.4349653282
original grammar count: 834
added grammar count: 0
smooth count:0.0
train loglikelihood:-37.4349653282
test loglikelihood:-157.439140957
subgraph size: 25, train sample size: 500
split:  3
-140.052231435 -140.052231435 0.0 152.0 0.0
zero smooth test num:  11
train loglikelihood:-38.2721196772 test loglikelihood:-140.052231435
-135.084301672 -135.084301672 0.0 152.0 0.0
zero smooth test num:  11
train loglikelihood:-37.958146938 test loglikelihood:-135.084301672
-135.144523383 -135.144523383 0.0 152.0 0.0
zero smooth test num:  11
train loglikelihood:-37.6563716622 test loglikelihood:-135.144523383
-141.318700165 -141.318700165 0.0 152.0 0.0
zero smooth test num:  11
train loglikelihood:-38.5903849418 test loglikelihood:-141.318700165
-138.591843853 -138.591843853 0.0 152.0 0.0
zero smooth test num:  11
train loglikelihood:-38.1437857674 test loglikelihood:-138.591843853
log likelihood: -137.048575672
log likelihood: -38.1898604199
log likelihood: -37.6563716622
original grammar count: 834
added grammar count: 0
smooth count:0.0
train loglikelihood:-37.6563716622
test loglikelihood:-135.144523383
subgraph size: 25, train sample size: 500
split:  3
-139.023981947 -139.023981947 0.0 150.0 0.0
zero smooth test num:  12
train loglikelihood:-38.4164711016 test loglikelihood:-139.023981947
-138.482217634 -138.482217634 0.0 150.0 0.0
zero smooth test num:  12
train loglikelihood:-38.2438938379 test loglikelihood:-138.482217634
-136.836385931 -136.836385931 0.0 150.0 0.0
zero smooth test num:  12
train loglikelihood:-37.9010371266 test loglikelihood:-136.836385931
-138.281628628 -138.281628628 0.0 150.0 0.0
zero smooth test num:  12
train loglikelihood:-38.3211657363 test loglikelihood:-138.281628628
-140.949329104 -140.949329104 0.0 150.0 0.0
zero smooth test num:  12
train loglikelihood:-38.6081741717 test loglikelihood:-140.949329104
log likelihood: -128.529199323
log likelihood: -38.2795830092
log likelihood: -37.9010371266
original grammar count: 834
added grammar count: 0
smooth count:0.0
train loglikelihood:-37.9010371266
test loglikelihood:-136.836385931
subgraph size: 25, train sample size: 500
split:  3
-152.767184298 -152.767184298 0.0 153.0 0.0
zero smooth test num:  13
train loglikelihood:-38.345616397 test loglikelihood:-152.767184298
-154.427359791 -154.427359791 0.0 153.0 0.0
zero smooth test num:  13
train loglikelihood:-38.6710265182 test loglikelihood:-154.427359791
-151.636916862 -151.636916862 0.0 153.0 0.0
zero smooth test num:  13
train loglikelihood:-38.4397130455 test loglikelihood:-151.636916862
-150.901709188 -150.901709188 0.0 153.0 0.0
zero smooth test num:  13
train loglikelihood:-38.1364875952 test loglikelihood:-150.901709188
-148.836879885 -148.836879885 0.0 153.0 0.0
zero smooth test num:  13
train loglikelihood:-37.7797407349 test loglikelihood:-148.836879885
log likelihood: -138.815489772
log likelihood: -38.2572638644
log likelihood: -37.7797407349
original grammar count: 834
added grammar count: 0
smooth count:0.0
train loglikelihood:-37.7797407349
test loglikelihood:-148.836879885
subgraph size: 25, train sample size: 500
split:  3
-134.152535579 -134.152535579 0.0 159.0 0.0
zero smooth test num:  14
train loglikelihood:-38.4147276694 test loglikelihood:-134.152535579
-132.697879668 -132.697879668 0.0 159.0 0.0
zero smooth test num:  14
train loglikelihood:-38.3460677913 test loglikelihood:-132.697879668
-133.385645132 -133.385645132 0.0 159.0 0.0
zero smooth test num:  14
train loglikelihood:-38.2641377983 test loglikelihood:-133.385645132
-135.263784115 -135.263784115 0.0 159.0 0.0
zero smooth test num:  14
train loglikelihood:-38.690475869 test loglikelihood:-135.263784115
-133.266459623 -133.266459623 0.0 159.0 0.0
zero smooth test num:  14
train loglikelihood:-38.384418029 test loglikelihood:-133.266459623
log likelihood: -131.879072612
log likelihood: -38.5405987291
log likelihood: -38.2641377983
original grammar count: 834
added grammar count: 0
smooth count:0.0
train loglikelihood:-38.2641377983
test loglikelihood:-133.385645132
subgraph size: 25, train sample size: 500
split:  3
-145.220435543 -145.220435543 0.0 149.0 0.0
zero smooth test num:  15
train loglikelihood:-38.601938064 test loglikelihood:-145.220435543
-141.828705327 -141.828705327 0.0 149.0 0.0
zero smooth test num:  15
train loglikelihood:-37.7783482755 test loglikelihood:-141.828705327
-142.806766687 -142.806766687 0.0 149.0 0.0
zero smooth test num:  15
train loglikelihood:-38.1528641696 test loglikelihood:-142.806766687
-144.319264841 -144.319264841 0.0 149.0 0.0
zero smooth test num:  15
train loglikelihood:-38.314112429 test loglikelihood:-144.319264841
-144.16198767 -144.16198767 0.0 149.0 0.0
zero smooth test num:  15
train loglikelihood:-38.2950302125 test loglikelihood:-144.16198767
log likelihood: -144.104865863
log likelihood: -38.3062334416
log likelihood: -37.7783482755
original grammar count: 834
added grammar count: 0
smooth count:0.0
train loglikelihood:-37.7783482755
test loglikelihood:-141.828705327
subgraph size: 25, train sample size: 500
split:  3
-163.366578258 -163.366578258 0.0 155.0 0.0
zero smooth test num:  16
train loglikelihood:-38.7108466447 test loglikelihood:-163.366578258
-160.04663099 -160.04663099 0.0 155.0 0.0
zero smooth test num:  16
train loglikelihood:-38.218770558 test loglikelihood:-160.04663099
-160.847688576 -160.847688576 0.0 155.0 0.0
zero smooth test num:  16
train loglikelihood:-38.6552494069 test loglikelihood:-160.847688576
-161.892445689 -161.892445689 0.0 155.0 0.0
zero smooth test num:  16
train loglikelihood:-38.3234631679 test loglikelihood:-161.892445689
-161.996030427 -161.996030427 0.0 155.0 0.0
zero smooth test num:  16
train loglikelihood:-38.5794354276 test loglikelihood:-161.996030427
log likelihood: -130.791476716
log likelihood: -38.5533729667
log likelihood: -38.218770558
original grammar count: 834
added grammar count: 0
smooth count:0.0
train loglikelihood:-38.218770558
test loglikelihood:-160.04663099
subgraph size: 25, train sample size: 500
split:  3
-10155.2342578 -155.234257788 1.0 157.0 0.00636942675159
train loglikelihood:-38.378894263 test loglikelihood:-155.234257788
-10154.1724473 -154.172447264 1.0 157.0 0.00636942675159
train loglikelihood:-38.5532955579 test loglikelihood:-154.172447264
-10150.1221134 -150.122113372 0.999999999999 157.0 0.00636942675159
train loglikelihood:-38.0570223371 test loglikelihood:-150.122113372
-10150.2231693 -150.223169265 1.0 157.0 0.00636942675159
train loglikelihood:-38.1319811349 test loglikelihood:-150.223169265
-10151.504513 -151.50451299 1.0 157.0 0.0063694267516
train loglikelihood:-38.2541124366 test loglikelihood:-151.50451299
log likelihood: -126.462168432
log likelihood: -38.3933391066
log likelihood: -38.0570223371
original grammar count: 834
added grammar count: 9
smooth count:0.999999999999
train loglikelihood:-38.0570223371
test loglikelihood:-150.122113372
subgraph size: 25, train sample size: 500
split:  3
-154.265020914 -154.265020914 0.0 150.0 0.0
zero smooth test num:  18
train loglikelihood:-38.3880765624 test loglikelihood:-154.265020914
-157.658709497 -157.658709497 0.0 150.0 0.0
zero smooth test num:  18
train loglikelihood:-38.642352181 test loglikelihood:-157.658709497
-150.731311635 -150.731311635 0.0 150.0 0.0
zero smooth test num:  18
train loglikelihood:-37.744503651 test loglikelihood:-150.731311635
-155.765175117 -155.765175117 0.0 150.0 0.0
zero smooth test num:  18
train loglikelihood:-38.3380513031 test loglikelihood:-155.765175117
-157.081828897 -157.081828897 0.0 150.0 0.0
zero smooth test num:  18
train loglikelihood:-38.5395072298 test loglikelihood:-157.081828897
log likelihood: -143.750807658
log likelihood: -38.1963824919
log likelihood: -37.744503651
original grammar count: 834
added grammar count: 0
smooth count:0.0
train loglikelihood:-37.744503651
test loglikelihood:-150.731311635
subgraph size: 25, train sample size: 500
split:  3
-160.264156341 -160.264156341 0.0 145.0 0.0
zero smooth test num:  19
train loglikelihood:-38.6159333033 test loglikelihood:-160.264156341
-160.404410773 -160.404410773 0.0 145.0 0.0
zero smooth test num:  19
train loglikelihood:-38.6492242935 test loglikelihood:-160.404410773
-160.555957262 -160.555957262 0.0 145.0 0.0
zero smooth test num:  19
train loglikelihood:-38.5727346238 test loglikelihood:-160.555957262
-158.415335117 -158.415335117 0.0 145.0 0.0
zero smooth test num:  19
train loglikelihood:-37.7974133289 test loglikelihood:-158.415335117
-158.750097272 -158.750097272 0.0 145.0 0.0
zero smooth test num:  19
train loglikelihood:-38.309848747 test loglikelihood:-158.750097272
log likelihood: -138.865622527
log likelihood: -38.0949480181
log likelihood: -37.7974133289
original grammar count: 834
added grammar count: 0
smooth count:0.0
train loglikelihood:-37.7974133289
test loglikelihood:-158.415335117
subgraph size: 25, train sample size: 500
split:  3
-164.682694883 -164.682694883 0.0 147.0 0.0
zero smooth test num:  20
train loglikelihood:-38.1791843805 test loglikelihood:-164.682694883
-168.746947903 -168.746947903 0.0 147.0 0.0
zero smooth test num:  20
train loglikelihood:-38.667524245 test loglikelihood:-168.746947903
-168.621601363 -168.621601363 0.0 147.0 0.0
zero smooth test num:  20
train loglikelihood:-38.6741594672 test loglikelihood:-168.621601363
-166.672494775 -166.672494775 0.0 147.0 0.0
zero smooth test num:  20
train loglikelihood:-38.4384993126 test loglikelihood:-166.672494775
-161.444455813 -161.444455813 0.0 147.0 0.0
zero smooth test num:  20
train loglikelihood:-37.2821095633 test loglikelihood:-161.444455813
log likelihood: -151.345608317
log likelihood: -37.7685647199
log likelihood: -37.2821095633
original grammar count: 834
added grammar count: 0
smooth count:0.0
train loglikelihood:-37.2821095633
test loglikelihood:-161.444455813
subgraph size: 25, train sample size: 500
split:  3
-147.043871521 -147.043871521 0.0 156.0 0.0
zero smooth test num:  21
train loglikelihood:-38.1335653113 test loglikelihood:-147.043871521
-143.913792984 -143.913792984 0.0 156.0 0.0
zero smooth test num:  21
train loglikelihood:-37.5037585087 test loglikelihood:-143.913792984
-143.089383967 -143.089383967 0.0 156.0 0.0
zero smooth test num:  21
train loglikelihood:-37.3089201301 test loglikelihood:-143.089383967
-151.080883318 -151.080883318 0.0 156.0 0.0
zero smooth test num:  21
train loglikelihood:-38.6079727764 test loglikelihood:-151.080883318
-146.866559504 -146.866559504 0.0 156.0 0.0
zero smooth test num:  21
train loglikelihood:-38.1317117269 test loglikelihood:-146.866559504
log likelihood: -139.275259882
log likelihood: -37.7808351418
log likelihood: -37.3089201301
original grammar count: 834
added grammar count: 0
smooth count:0.0
train loglikelihood:-37.3089201301
test loglikelihood:-143.089383967
subgraph size: 25, train sample size: 500
split:  3
-149.600129577 -149.600129577 0.0 140.0 0.0
zero smooth test num:  22
train loglikelihood:-38.6032045687 test loglikelihood:-149.600129577
-149.660742364 -149.660742364 0.0 140.0 0.0
zero smooth test num:  22
train loglikelihood:-38.6692066862 test loglikelihood:-149.660742364
-150.124480021 -150.124480021 0.0 140.0 0.0
zero smooth test num:  22
train loglikelihood:-38.6461584456 test loglikelihood:-150.124480021
-145.398819724 -145.398819724 0.0 140.0 0.0
zero smooth test num:  22
train loglikelihood:-37.8440060125 test loglikelihood:-145.398819724
-149.527263362 -149.527263362 0.0 140.0 0.0
zero smooth test num:  22
train loglikelihood:-38.5651658306 test loglikelihood:-149.527263362
log likelihood: -133.71297694
log likelihood: -38.1526588506
log likelihood: -37.8440060125
original grammar count: 834
added grammar count: 0
smooth count:0.0
train loglikelihood:-37.8440060125
test loglikelihood:-145.398819724
subgraph size: 25, train sample size: 500
split:  3
-159.572321781 -159.572321781 0.0 139.0 0.0
zero smooth test num:  23
train loglikelihood:-38.2590867625 test loglikelihood:-159.572321781
-162.494145874 -162.494145874 0.0 139.0 0.0
zero smooth test num:  23
train loglikelihood:-38.6041426646 test loglikelihood:-162.494145874
-162.089962407 -162.089962407 0.0 139.0 0.0
zero smooth test num:  23
train loglikelihood:-38.4735774947 test loglikelihood:-162.089962407
-160.898167092 -160.898167092 0.0 139.0 0.0
zero smooth test num:  23
train loglikelihood:-38.3712330232 test loglikelihood:-160.898167092
-156.98171042 -156.98171042 0.0 139.0 0.0
zero smooth test num:  23
train loglikelihood:-37.4610007353 test loglikelihood:-156.98171042
log likelihood: -149.991631151
log likelihood: -38.0247134635
log likelihood: -37.4610007353
original grammar count: 834
added grammar count: 0
smooth count:0.0
train loglikelihood:-37.4610007353
test loglikelihood:-156.98171042
subgraph size: 25, train sample size: 500
split:  3
-159.741224658 -159.741224658 0.0 142.0 0.0
zero smooth test num:  24
train loglikelihood:-38.6044976123 test loglikelihood:-159.741224658
-158.033904946 -158.033904946 0.0 142.0 0.0
zero smooth test num:  24
train loglikelihood:-37.8571609402 test loglikelihood:-158.033904946
-159.999321921 -159.999321921 0.0 142.0 0.0
zero smooth test num:  24
train loglikelihood:-38.4090434868 test loglikelihood:-159.999321921
-159.235595532 -159.235595532 0.0 142.0 0.0
zero smooth test num:  24
train loglikelihood:-38.2122855388 test loglikelihood:-159.235595532
-160.180661352 -160.180661352 0.0 142.0 0.0
zero smooth test num:  24
train loglikelihood:-38.5874865259 test loglikelihood:-160.180661352
log likelihood: -137.920671562
log likelihood: -38.2582608007
log likelihood: -37.8571609402
original grammar count: 834
added grammar count: 0
smooth count:0.0
train loglikelihood:-37.8571609402
test loglikelihood:-158.033904946
subgraph size: 25, train sample size: 500
split:  3
-193.029100423 -193.029100423 0.0 151.0 0.0
zero smooth test num:  25
train loglikelihood:-37.777258859 test loglikelihood:-193.029100423
-199.916472689 -199.916472689 0.0 151.0 0.0
zero smooth test num:  25
train loglikelihood:-38.6828997268 test loglikelihood:-199.916472689
-191.704262071 -191.704262071 0.0 151.0 0.0
zero smooth test num:  25
train loglikelihood:-38.2056051786 test loglikelihood:-191.704262071
-193.199440215 -193.199440215 0.0 151.0 0.0
zero smooth test num:  25
train loglikelihood:-38.3962589008 test loglikelihood:-193.199440215
-192.121625148 -192.121625148 0.0 151.0 0.0
zero smooth test num:  25
train loglikelihood:-38.5306542687 test loglikelihood:-192.121625148
log likelihood: -133.530725227
log likelihood: -38.2521543806
log likelihood: -37.777258859
original grammar count: 834
added grammar count: 0
smooth count:0.0
train loglikelihood:-37.777258859
test loglikelihood:-193.029100423
subgraph size: 25, train sample size: 500
split:  3
-152.596087924 -152.596087924 0.0 156.0 0.0
zero smooth test num:  26
train loglikelihood:-37.642228236 test loglikelihood:-152.596087924
-156.661531788 -156.661531788 0.0 156.0 0.0
zero smooth test num:  26
train loglikelihood:-38.2975043679 test loglikelihood:-156.661531788
-159.716268596 -159.716268596 0.0 156.0 0.0
zero smooth test num:  26
train loglikelihood:-38.7264514718 test loglikelihood:-159.716268596
-155.19347665 -155.19347665 0.0 156.0 0.0
zero smooth test num:  26
train loglikelihood:-38.2520028729 test loglikelihood:-155.19347665
-149.153510253 -149.153510253 0.0 156.0 0.0
zero smooth test num:  26
train loglikelihood:-37.2625457001 test loglikelihood:-149.153510253
log likelihood: -148.201531298
log likelihood: -37.9298922357
log likelihood: -37.2625457001
original grammar count: 834
added grammar count: 0
smooth count:0.0
train loglikelihood:-37.2625457001
test loglikelihood:-149.153510253
subgraph size: 25, train sample size: 500
split:  3
-151.37792034 -151.37792034 0.0 148.0 0.0
zero smooth test num:  27
train loglikelihood:-38.4981271604 test loglikelihood:-151.37792034
-148.885444885 -148.885444885 0.0 148.0 0.0
zero smooth test num:  27
train loglikelihood:-38.0845315723 test loglikelihood:-148.885444885
-153.321775507 -153.321775507 0.0 148.0 0.0
zero smooth test num:  27
train loglikelihood:-38.6473978899 test loglikelihood:-153.321775507
-150.727193735 -150.727193735 0.0 148.0 0.0
zero smooth test num:  27
train loglikelihood:-38.2723922246 test loglikelihood:-150.727193735
-149.538112374 -149.538112374 0.0 148.0 0.0
zero smooth test num:  27
train loglikelihood:-38.3128046076 test loglikelihood:-149.538112374
log likelihood: -153.167348982
log likelihood: -38.4161605842
log likelihood: -38.0845315723
original grammar count: 834
added grammar count: 0
smooth count:0.0
train loglikelihood:-38.0845315723
test loglikelihood:-148.885444885
subgraph size: 25, train sample size: 500
split:  3
-198.59337512 -198.59337512 0.0 147.0 0.0
zero smooth test num:  28
train loglikelihood:-38.6211210049 test loglikelihood:-198.59337512
-193.273827561 -193.273827561 0.0 147.0 0.0
zero smooth test num:  28
train loglikelihood:-37.8894782838 test loglikelihood:-193.273827561
-191.91895706 -191.91895706 0.0 147.0 0.0
zero smooth test num:  28
train loglikelihood:-37.9135829276 test loglikelihood:-191.91895706
-197.590980415 -197.590980415 0.0 147.0 0.0
zero smooth test num:  28
train loglikelihood:-38.6493254289 test loglikelihood:-197.590980415
-193.810641422 -193.810641422 0.0 147.0 0.0
zero smooth test num:  28
train loglikelihood:-38.4240455392 test loglikelihood:-193.810641422
log likelihood: -132.755144943
log likelihood: -38.2682391592
log likelihood: -37.8894782838
original grammar count: 834
added grammar count: 0
smooth count:0.0
train loglikelihood:-37.8894782838
test loglikelihood:-193.273827561
subgraph size: 25, train sample size: 500
split:  3
-10198.8244611 -198.82446108 0.999999999999 148.0 0.00675675675675
train loglikelihood:-38.5479238296 test loglikelihood:-198.82446108
-10190.9192483 -190.919248251 1.0 148.0 0.00675675675676
train loglikelihood:-38.3594971264 test loglikelihood:-190.919248251
-10197.3947309 -197.394730853 1.0 148.0 0.00675675675675
train loglikelihood:-38.2735950633 test loglikelihood:-197.394730853
-10201.4843907 -201.484390713 1.0 148.0 0.00675675675677
train loglikelihood:-38.4801551995 test loglikelihood:-201.484390713
-10200.2340325 -200.234032523 1.0 148.0 0.00675675675676
train loglikelihood:-38.6146636158 test loglikelihood:-200.234032523
log likelihood: -135.580676875
log likelihood: -38.5359616725
log likelihood: -38.2735950633
original grammar count: 834
added grammar count: 9
smooth count:1.0
train loglikelihood:-38.2735950633
test loglikelihood:-197.394730853
subgraph size: 25, train sample size: 500
split:  3
-142.367686626 -142.367686626 0.0 146.0 0.0
zero smooth test num:  30
train loglikelihood:-38.2126087321 test loglikelihood:-142.367686626
-144.319323205 -144.319323205 0.0 146.0 0.0
zero smooth test num:  30
train loglikelihood:-38.635091061 test loglikelihood:-144.319323205
-144.33643944 -144.33643944 0.0 146.0 0.0
zero smooth test num:  30
train loglikelihood:-38.5267752176 test loglikelihood:-144.33643944
-144.001829811 -144.001829811 0.0 146.0 0.0
zero smooth test num:  30
train loglikelihood:-38.5761274095 test loglikelihood:-144.001829811
-143.87409737 -143.87409737 0.0 146.0 0.0
zero smooth test num:  30
train loglikelihood:-38.5843529174 test loglikelihood:-143.87409737
log likelihood: -135.988627866
log likelihood: -38.4865172863
log likelihood: -38.2126087321
original grammar count: 834
added grammar count: 0
smooth count:0.0
train loglikelihood:-38.2126087321
test loglikelihood:-142.367686626
subgraph size: 25, train sample size: 500
split:  3
-10167.5030946 -167.503094608 1.0 140.0 0.00714285714286
train loglikelihood:-38.627472283 test loglikelihood:-167.503094608
-10165.4049276 -165.404927605 1.0 140.0 0.00714285714286
train loglikelihood:-38.0745195983 test loglikelihood:-165.404927605
-10165.8945324 -165.894532385 1.0 140.0 0.00714285714286
train loglikelihood:-38.3261700904 test loglikelihood:-165.894532385
-10164.4133611 -164.413361125 1.0 140.0 0.00714285714286
train loglikelihood:-38.3733671754 test loglikelihood:-164.413361125
-10166.1060349 -166.106034892 1.0 140.0 0.00714285714287
train loglikelihood:-38.3738255059 test loglikelihood:-166.106034892
log likelihood: -142.407044857
log likelihood: -38.3735749648
log likelihood: -38.0745195983
original grammar count: 834
added grammar count: 9
smooth count:1.0
train loglikelihood:-38.0745195983
test loglikelihood:-165.404927605
subgraph size: 25, train sample size: 500
split:  3
-173.601186837 -173.601186837 0.0 153.0 0.0
zero smooth test num:  32
train loglikelihood:-37.7777948416 test loglikelihood:-173.601186837
-178.952618978 -178.952618978 0.0 153.0 0.0
zero smooth test num:  32
train loglikelihood:-38.6371144673 test loglikelihood:-178.952618978
-177.560284075 -177.560284075 0.0 153.0 0.0
zero smooth test num:  32
train loglikelihood:-38.0726731545 test loglikelihood:-177.560284075
-179.380519465 -179.380519465 0.0 153.0 0.0
zero smooth test num:  32
train loglikelihood:-38.5546098799 test loglikelihood:-179.380519465
-177.954076716 -177.954076716 0.0 153.0 0.0
zero smooth test num:  32
train loglikelihood:-38.4519796438 test loglikelihood:-177.954076716
log likelihood: -131.666370045
log likelihood: -38.1961102682
log likelihood: -37.7777948416
original grammar count: 834
added grammar count: 0
smooth count:0.0
train loglikelihood:-37.7777948416
test loglikelihood:-173.601186837
subgraph size: 25, train sample size: 500
split:  3
-173.463588685 -173.463588685 0.0 150.0 0.0
zero smooth test num:  33
train loglikelihood:-38.2618977273 test loglikelihood:-173.463588685
-171.01746707 -171.01746707 0.0 150.0 0.0
zero smooth test num:  33
train loglikelihood:-38.3484836966 test loglikelihood:-171.01746707
-169.920575724 -169.920575724 0.0 150.0 0.0
zero smooth test num:  33
train loglikelihood:-37.5984282531 test loglikelihood:-169.920575724
-170.412590942 -170.412590942 0.0 150.0 0.0
zero smooth test num:  33
train loglikelihood:-37.5808790282 test loglikelihood:-170.412590942
-175.132135548 -175.132135548 0.0 150.0 0.0
zero smooth test num:  33
train loglikelihood:-38.703790352 test loglikelihood:-175.132135548
log likelihood: -137.714672798
log likelihood: -38.0956526525
log likelihood: -37.5808790282
original grammar count: 834
added grammar count: 0
smooth count:0.0
train loglikelihood:-37.5808790282
test loglikelihood:-170.412590942
subgraph size: 25, train sample size: 500
split:  3
-162.430039456 -162.430039456 0.0 154.0 0.0
zero smooth test num:  34
train loglikelihood:-38.5087264237 test loglikelihood:-162.430039456
-163.507195729 -163.507195729 0.0 154.0 0.0
zero smooth test num:  34
train loglikelihood:-38.6217041748 test loglikelihood:-163.507195729
-155.462596485 -155.462596485 0.0 154.0 0.0
zero smooth test num:  34
train loglikelihood:-37.4735705187 test loglikelihood:-155.462596485
-161.844089415 -161.844089415 0.0 154.0 0.0
zero smooth test num:  34
train loglikelihood:-38.6977621659 test loglikelihood:-161.844089415
-160.6170746 -160.6170746 0.0 154.0 0.0
zero smooth test num:  34
train loglikelihood:-38.5731498117 test loglikelihood:-160.6170746
log likelihood: -135.14864731
log likelihood: -37.9345335334
log likelihood: -37.4735705187
original grammar count: 834
added grammar count: 0
smooth count:0.0
train loglikelihood:-37.4735705187
test loglikelihood:-155.462596485
subgraph size: 25, train sample size: 500
split:  3
-145.320716115 -145.320716115 0.0 152.0 0.0
zero smooth test num:  35
train loglikelihood:-38.0769821929 test loglikelihood:-145.320716115
-147.424347463 -147.424347463 0.0 152.0 0.0
zero smooth test num:  35
train loglikelihood:-38.3684727723 test loglikelihood:-147.424347463
-145.636201666 -145.636201666 0.0 152.0 0.0
zero smooth test num:  35
train loglikelihood:-38.0850911858 test loglikelihood:-145.636201666
-145.105589993 -145.105589993 0.0 152.0 0.0
zero smooth test num:  35
train loglikelihood:-37.9107876871 test loglikelihood:-145.105589993
-148.093826499 -148.093826499 0.0 152.0 0.0
zero smooth test num:  35
train loglikelihood:-38.4114558284 test loglikelihood:-148.093826499
log likelihood: -140.941816997
log likelihood: -38.3543272949
log likelihood: -37.9107876871
original grammar count: 834
added grammar count: 0
smooth count:0.0
train loglikelihood:-37.9107876871
test loglikelihood:-145.105589993
subgraph size: 25, train sample size: 500
split:  3
-170.226089846 -170.226089846 0.0 140.0 0.0
zero smooth test num:  36
train loglikelihood:-38.2291274067 test loglikelihood:-170.226089846
-172.614579427 -172.614579427 0.0 140.0 0.0
zero smooth test num:  36
train loglikelihood:-38.6138996681 test loglikelihood:-172.614579427
-171.969269849 -171.969269849 0.0 140.0 0.0
zero smooth test num:  36
train loglikelihood:-38.5621609917 test loglikelihood:-171.969269849
-162.62299173 -162.62299173 0.0 140.0 0.0
zero smooth test num:  36
train loglikelihood:-37.3025063655 test loglikelihood:-162.62299173
-170.799109128 -170.799109128 0.0 140.0 0.0
zero smooth test num:  36
train loglikelihood:-38.3790344429 test loglikelihood:-170.799109128
log likelihood: -141.396548514
log likelihood: -37.69559549
log likelihood: -37.3025063655
original grammar count: 834
added grammar count: 0
smooth count:0.0
train loglikelihood:-37.3025063655
test loglikelihood:-162.62299173
subgraph size: 25, train sample size: 500
split:  3
-155.861390251 -155.861390251 0.0 147.0 0.0
zero smooth test num:  37
train loglikelihood:-37.6355859779 test loglikelihood:-155.861390251
-157.648708875 -157.648708875 0.0 147.0 0.0
zero smooth test num:  37
train loglikelihood:-38.2218497 test loglikelihood:-157.648708875
-159.883757513 -159.883757513 0.0 147.0 0.0
zero smooth test num:  37
train loglikelihood:-38.1480128926 test loglikelihood:-159.883757513
-156.523035716 -156.523035716 0.0 147.0 0.0
zero smooth test num:  37
train loglikelihood:-37.3688902279 test loglikelihood:-156.523035716
-162.606987072 -162.606987072 0.0 147.0 0.0
zero smooth test num:  37
train loglikelihood:-38.6325774189 test loglikelihood:-162.606987072
log likelihood: -131.717487543
log likelihood: -37.8274452733
log likelihood: -37.3688902279
original grammar count: 834
added grammar count: 0
smooth count:0.0
train loglikelihood:-37.3688902279
test loglikelihood:-156.523035716
subgraph size: 25, train sample size: 500
split:  3
-167.3113797 -167.3113797 0.0 146.0 0.0
zero smooth test num:  38
train loglikelihood:-38.6587252422 test loglikelihood:-167.3113797
-157.294814693 -157.294814693 0.0 146.0 0.0
zero smooth test num:  38
train loglikelihood:-37.6002398269 test loglikelihood:-157.294814693
-165.181938995 -165.181938995 0.0 146.0 0.0
zero smooth test num:  38
train loglikelihood:-38.2575893875 test loglikelihood:-165.181938995
-167.455405943 -167.455405943 0.0 146.0 0.0
zero smooth test num:  38
train loglikelihood:-38.5318805517 test loglikelihood:-167.455405943
-166.489227142 -166.489227142 0.0 146.0 0.0
zero smooth test num:  38
train loglikelihood:-38.6699511881 test loglikelihood:-166.489227142
log likelihood: -135.679785061
log likelihood: -38.1483764207
log likelihood: -37.6002398269
original grammar count: 834
added grammar count: 0
smooth count:0.0
train loglikelihood:-37.6002398269
test loglikelihood:-157.294814693
subgraph size: 25, train sample size: 500
split:  3
-136.25580572 -136.25580572 0.0 163.0 0.0
zero smooth test num:  39
train loglikelihood:-38.5760091234 test loglikelihood:-136.25580572
-130.343913679 -130.343913679 0.0 163.0 0.0
zero smooth test num:  39
train loglikelihood:-37.466910293 test loglikelihood:-130.343913679
-134.959537925 -134.959537925 0.0 163.0 0.0
zero smooth test num:  39
train loglikelihood:-38.3472253197 test loglikelihood:-134.959537925
-137.134583692 -137.134583692 0.0 163.0 0.0
zero smooth test num:  39
train loglikelihood:-38.6132859876 test loglikelihood:-137.134583692
-137.61666629 -137.61666629 0.0 163.0 0.0
zero smooth test num:  39
train loglikelihood:-38.6735056664 test loglikelihood:-137.61666629
log likelihood: -134.423147171
log likelihood: -38.0102349591
log likelihood: -37.466910293
original grammar count: 834
added grammar count: 0
smooth count:0.0
train loglikelihood:-37.466910293
test loglikelihood:-130.343913679
subgraph size: 25, train sample size: 500
split:  3
-181.602768892 -181.602768892 0.0 136.0 0.0
zero smooth test num:  40
train loglikelihood:-38.4368744451 test loglikelihood:-181.602768892
-179.462258873 -179.462258873 0.0 136.0 0.0
zero smooth test num:  40
train loglikelihood:-38.0210522306 test loglikelihood:-179.462258873
-181.296955438 -181.296955438 0.0 136.0 0.0
zero smooth test num:  40
train loglikelihood:-38.4944843072 test loglikelihood:-181.296955438
-180.026801363 -180.026801363 0.0 136.0 0.0
zero smooth test num:  40
train loglikelihood:-37.9556270349 test loglikelihood:-180.026801363
-179.79207106 -179.79207106 0.0 136.0 0.0
zero smooth test num:  40
train loglikelihood:-38.2481206319 test loglikelihood:-179.79207106
log likelihood: -139.327131272
log likelihood: -38.3269817687
log likelihood: -37.9556270349
original grammar count: 834
added grammar count: 0
smooth count:0.0
train loglikelihood:-37.9556270349
test loglikelihood:-180.026801363
subgraph size: 25, train sample size: 500
split:  3
-162.593862862 -162.593862862 0.0 154.0 0.0
zero smooth test num:  41
train loglikelihood:-38.5338552874 test loglikelihood:-162.593862862
-161.445271116 -161.445271116 0.0 154.0 0.0
zero smooth test num:  41
train loglikelihood:-38.139823812 test loglikelihood:-161.445271116
-160.343226888 -160.343226888 0.0 154.0 0.0
zero smooth test num:  41
train loglikelihood:-38.4017379336 test loglikelihood:-160.343226888
-158.224585071 -158.224585071 0.0 154.0 0.0
zero smooth test num:  41
train loglikelihood:-37.2928053208 test loglikelihood:-158.224585071
-162.551384622 -162.551384622 0.0 154.0 0.0
zero smooth test num:  41
train loglikelihood:-38.6272593186 test loglikelihood:-162.551384622
log likelihood: -145.739060713
log likelihood: -37.6871518072
log likelihood: -37.2928053208
original grammar count: 834
added grammar count: 0
smooth count:0.0
train loglikelihood:-37.2928053208
test loglikelihood:-158.224585071
subgraph size: 25, train sample size: 500
split:  3
-162.132234171 -162.132234171 0.0 143.0 0.0
zero smooth test num:  42
train loglikelihood:-37.7149273061 test loglikelihood:-162.132234171
-167.354890199 -167.354890199 0.0 143.0 0.0
zero smooth test num:  42
train loglikelihood:-38.5313068085 test loglikelihood:-167.354890199
-164.691306502 -164.691306502 0.0 143.0 0.0
zero smooth test num:  42
train loglikelihood:-38.0959421252 test loglikelihood:-164.691306502
-161.623910133 -161.623910133 0.0 143.0 0.0
zero smooth test num:  42
train loglikelihood:-38.0544500276 test loglikelihood:-161.623910133
-168.455056729 -168.455056729 0.0 143.0 0.0
zero smooth test num:  42
train loglikelihood:-38.4078545968 test loglikelihood:-168.455056729
log likelihood: -133.586260565
log likelihood: -38.2221496508
log likelihood: -37.7149273061
original grammar count: 834
added grammar count: 0
smooth count:0.0
train loglikelihood:-37.7149273061
test loglikelihood:-162.132234171
subgraph size: 25, train sample size: 500
split:  3
-154.7242867 -154.7242867 0.0 138.0 0.0
zero smooth test num:  43
train loglikelihood:-38.1777662929 test loglikelihood:-154.7242867
-156.644103256 -156.644103256 0.0 138.0 0.0
zero smooth test num:  43
train loglikelihood:-38.6391343127 test loglikelihood:-156.644103256
-156.537293272 -156.537293272 0.0 138.0 0.0
zero smooth test num:  43
train loglikelihood:-38.4246231237 test loglikelihood:-156.537293272
-156.952412504 -156.952412504 0.0 138.0 0.0
zero smooth test num:  43
train loglikelihood:-38.616529188 test loglikelihood:-156.952412504
-157.040398142 -157.040398142 0.0 138.0 0.0
zero smooth test num:  43
train loglikelihood:-38.6765428903 test loglikelihood:-157.040398142
log likelihood: -146.123918321
log likelihood: -38.5530118528
log likelihood: -38.1777662929
original grammar count: 834
added grammar count: 0
smooth count:0.0
train loglikelihood:-38.1777662929
test loglikelihood:-154.7242867
subgraph size: 25, train sample size: 500
split:  3
-156.769908314 -156.769908314 0.0 159.0 0.0
zero smooth test num:  44
train loglikelihood:-38.4123946069 test loglikelihood:-156.769908314
-155.964140375 -155.964140375 0.0 159.0 0.0
zero smooth test num:  44
train loglikelihood:-38.6499318821 test loglikelihood:-155.964140375
-149.836744488 -149.836744488 0.0 159.0 0.0
zero smooth test num:  44
train loglikelihood:-38.012848534 test loglikelihood:-149.836744488
-152.720756643 -152.720756643 0.0 159.0 0.0
zero smooth test num:  44
train loglikelihood:-37.9848949712 test loglikelihood:-152.720756643
-153.739717304 -153.739717304 0.0 159.0 0.0
zero smooth test num:  44
train loglikelihood:-38.3963560414 test loglikelihood:-153.739717304
log likelihood: -141.333027572
log likelihood: -38.3685367157
log likelihood: -37.9848949712
original grammar count: 834
added grammar count: 0
smooth count:0.0
train loglikelihood:-37.9848949712
test loglikelihood:-152.720756643
subgraph size: 25, train sample size: 500
split:  3
-153.298741907 -153.298741907 0.0 135.0 0.0
zero smooth test num:  45
train loglikelihood:-38.1075203654 test loglikelihood:-153.298741907
-156.515665199 -156.515665199 0.0 135.0 0.0
zero smooth test num:  45
train loglikelihood:-38.5983867248 test loglikelihood:-156.515665199
-156.380032332 -156.380032332 0.0 135.0 0.0
zero smooth test num:  45
train loglikelihood:-38.6581007546 test loglikelihood:-156.380032332
-155.832665374 -155.832665374 0.0 135.0 0.0
zero smooth test num:  45
train loglikelihood:-38.3610705402 test loglikelihood:-155.832665374
-156.307252335 -156.307252335 0.0 135.0 0.0
zero smooth test num:  45
train loglikelihood:-38.609988992 test loglikelihood:-156.307252335
log likelihood: -145.11711127
log likelihood: -38.5259190758
log likelihood: -38.1075203654
original grammar count: 834
added grammar count: 0
smooth count:0.0
train loglikelihood:-38.1075203654
test loglikelihood:-153.298741907
subgraph size: 25, train sample size: 500
split:  3
-132.955654228 -132.955654228 0.0 158.0 0.0
zero smooth test num:  46
train loglikelihood:-38.5372994271 test loglikelihood:-132.955654228
-131.761759245 -131.761759245 0.0 158.0 0.0
zero smooth test num:  46
train loglikelihood:-38.484819876 test loglikelihood:-131.761759245
-127.975638607 -127.975638607 0.0 158.0 0.0
zero smooth test num:  46
train loglikelihood:-37.7688460748 test loglikelihood:-127.975638607
-129.671675223 -129.671675223 0.0 158.0 0.0
zero smooth test num:  46
train loglikelihood:-38.1283358465 test loglikelihood:-129.671675223
-126.07608739 -126.07608739 0.0 158.0 0.0
zero smooth test num:  46
train loglikelihood:-37.4287183447 test loglikelihood:-126.07608739
log likelihood: -130.701845684
log likelihood: -38.0385102883
log likelihood: -37.4287183447
original grammar count: 834
added grammar count: 0
smooth count:0.0
train loglikelihood:-37.4287183447
test loglikelihood:-126.07608739
subgraph size: 25, train sample size: 500
split:  3
-149.643777799 -149.643777799 0.0 144.0 0.0
zero smooth test num:  47
train loglikelihood:-37.540884473 test loglikelihood:-149.643777799
-154.773824156 -154.773824156 0.0 144.0 0.0
zero smooth test num:  47
train loglikelihood:-38.2004079055 test loglikelihood:-154.773824156
-150.116645887 -150.116645887 0.0 144.0 0.0
zero smooth test num:  47
train loglikelihood:-37.6722167253 test loglikelihood:-150.116645887
-155.792901505 -155.792901505 0.0 144.0 0.0
zero smooth test num:  47
train loglikelihood:-38.4619185481 test loglikelihood:-155.792901505
-154.258166697 -154.258166697 0.0 144.0 0.0
zero smooth test num:  47
train loglikelihood:-38.2976942514 test loglikelihood:-154.258166697
log likelihood: -149.252008771
log likelihood: -38.0363425909
log likelihood: -37.540884473
original grammar count: 834
added grammar count: 0
smooth count:0.0
train loglikelihood:-37.540884473
test loglikelihood:-149.643777799
subgraph size: 25, train sample size: 500
split:  3
-166.630766319 -166.630766319 0.0 153.0 0.0
zero smooth test num:  48
train loglikelihood:-38.1791967087 test loglikelihood:-166.630766319
-171.553605546 -171.553605546 0.0 153.0 0.0
zero smooth test num:  48
train loglikelihood:-38.5368496582 test loglikelihood:-171.553605546
-169.940640372 -169.940640372 0.0 153.0 0.0
zero smooth test num:  48
train loglikelihood:-38.5395162239 test loglikelihood:-169.940640372
-172.474220057 -172.474220057 0.0 153.0 0.0
zero smooth test num:  48
train loglikelihood:-38.576594875 test loglikelihood:-172.474220057
-162.302394366 -162.302394366 0.0 153.0 0.0
zero smooth test num:  48
train loglikelihood:-37.3269838467 test loglikelihood:-162.302394366
log likelihood: -142.983338009
log likelihood: -37.905905363
log likelihood: -37.3269838467
original grammar count: 834
added grammar count: 0
smooth count:0.0
train loglikelihood:-37.3269838467
test loglikelihood:-162.302394366
subgraph size: 25, train sample size: 500
split:  3
-157.562868144 -157.562868144 0.0 150.0 0.0
zero smooth test num:  49
train loglikelihood:-38.424998155 test loglikelihood:-157.562868144
-156.571353432 -156.571353432 0.0 150.0 0.0
zero smooth test num:  49
train loglikelihood:-38.5101391005 test loglikelihood:-156.571353432
-158.243554813 -158.243554813 0.0 150.0 0.0
zero smooth test num:  49
train loglikelihood:-38.6580678481 test loglikelihood:-158.243554813
-156.622425691 -156.622425691 0.0 150.0 0.0
zero smooth test num:  49
train loglikelihood:-38.2987798573 test loglikelihood:-156.622425691
-155.559045874 -155.559045874 0.0 150.0 0.0
zero smooth test num:  49
train loglikelihood:-37.8197228259 test loglikelihood:-155.559045874
log likelihood: -134.585281378
log likelihood: -38.3151095008
log likelihood: -37.8197228259
original grammar count: 834
added grammar count: 0
smooth count:0.0
train loglikelihood:-37.8197228259
test loglikelihood:-155.559045874
subgraph size: 25, train sample size: 500
split:  3
-140.789271138 -140.789271138 0.0 149.0 0.0
zero smooth test num:  50
train loglikelihood:-37.6446605431 test loglikelihood:-140.789271138
-140.690971399 -140.690971399 0.0 149.0 0.0
zero smooth test num:  50
train loglikelihood:-37.8316415101 test loglikelihood:-140.690971399
-141.33170433 -141.33170433 0.0 149.0 0.0
zero smooth test num:  50
train loglikelihood:-38.384342079 test loglikelihood:-141.33170433
-142.092529483 -142.092529483 0.0 149.0 0.0
zero smooth test num:  50
train loglikelihood:-38.3616142196 test loglikelihood:-142.092529483
-142.458871294 -142.458871294 0.0 149.0 0.0
zero smooth test num:  50
train loglikelihood:-38.6304422379 test loglikelihood:-142.458871294
log likelihood: -139.984978449
log likelihood: -38.1158573565
log likelihood: -37.6446605431
original grammar count: 834
added grammar count: 0
smooth count:0.0
train loglikelihood:-37.6446605431
test loglikelihood:-140.789271138
subgraph size: 25, train sample size: 500
split:  3
-188.754061778 -188.754061778 0.0 136.0 0.0
zero smooth test num:  51
train loglikelihood:-37.9527497709 test loglikelihood:-188.754061778
-195.627915597 -195.627915597 0.0 136.0 0.0
zero smooth test num:  51
train loglikelihood:-38.1844895195 test loglikelihood:-195.627915597
-193.196239665 -193.196239665 0.0 136.0 0.0
zero smooth test num:  51
train loglikelihood:-38.2052910924 test loglikelihood:-193.196239665
-195.827273779 -195.827273779 0.0 136.0 0.0
zero smooth test num:  51
train loglikelihood:-38.2076500545 test loglikelihood:-195.827273779
-193.367528687 -193.367528687 0.0 136.0 0.0
zero smooth test num:  51
train loglikelihood:-38.1938523894 test loglikelihood:-193.367528687
log likelihood: -139.920637789
log likelihood: -38.4275029608
log likelihood: -37.9527497709
original grammar count: 834
added grammar count: 0
smooth count:0.0
train loglikelihood:-37.9527497709
test loglikelihood:-188.754061778
subgraph size: 25, train sample size: 500
split:  3
-123.321337885 -123.321337885 0.0 158.0 0.0
zero smooth test num:  52
train loglikelihood:-37.4021039298 test loglikelihood:-123.321337885
-124.815343692 -124.815343692 0.0 158.0 0.0
zero smooth test num:  52
train loglikelihood:-38.0300421668 test loglikelihood:-124.815343692
-127.299556925 -127.299556925 0.0 158.0 0.0
zero smooth test num:  52
train loglikelihood:-38.3473502967 test loglikelihood:-127.299556925
-126.19515385 -126.19515385 0.0 158.0 0.0
zero smooth test num:  52
train loglikelihood:-38.1801309142 test loglikelihood:-126.19515385
-129.439700328 -129.439700328 0.0 158.0 0.0
zero smooth test num:  52
train loglikelihood:-38.5392572598 test loglikelihood:-129.439700328
log likelihood: -132.16115557
log likelihood: -38.0395885364
log likelihood: -37.4021039298
original grammar count: 834
added grammar count: 0
smooth count:0.0
train loglikelihood:-37.4021039298
test loglikelihood:-123.321337885
subgraph size: 25, train sample size: 500
split:  3
-10204.6646681 -204.664668084 0.999999999999 145.0 0.00689655172414
train loglikelihood:-38.437680203 test loglikelihood:-204.664668084
-10209.7466646 -209.746664604 1.0 145.0 0.00689655172415
train loglikelihood:-38.5120373022 test loglikelihood:-209.746664604
-10196.5270507 -196.527050671 1.0 145.0 0.00689655172414
train loglikelihood:-38.1055820596 test loglikelihood:-196.527050671
-10205.9493091 -205.949309063 1.0 145.0 0.00689655172414
train loglikelihood:-38.1892441207 test loglikelihood:-205.949309063
-10206.8297875 -206.829787458 1.0 145.0 0.00689655172415
train loglikelihood:-38.561154635 test loglikelihood:-206.829787458
log likelihood: -132.133049671
log likelihood: -38.4738423736
log likelihood: -38.1055820596
original grammar count: 834
added grammar count: 9
smooth count:1.0
train loglikelihood:-38.1055820596
test loglikelihood:-196.527050671
subgraph size: 25, train sample size: 500
split:  3
-170.627201812 -170.627201812 0.0 140.0 0.0
zero smooth test num:  54
train loglikelihood:-37.5696110249 test loglikelihood:-170.627201812
-173.257798258 -173.257798258 0.0 140.0 0.0
zero smooth test num:  54
train loglikelihood:-38.0823292039 test loglikelihood:-173.257798258
-172.315655506 -172.315655506 0.0 140.0 0.0
zero smooth test num:  54
train loglikelihood:-37.7938749836 test loglikelihood:-172.315655506
-175.333423052 -175.333423052 0.0 140.0 0.0
zero smooth test num:  54
train loglikelihood:-38.3928725192 test loglikelihood:-175.333423052
-177.118425009 -177.118425009 0.0 140.0 0.0
zero smooth test num:  54
train loglikelihood:-38.6081238775 test loglikelihood:-177.118425009
log likelihood: -129.725467327
log likelihood: -38.1063619609
log likelihood: -37.5696110249
original grammar count: 834
added grammar count: 0
smooth count:0.0
train loglikelihood:-37.5696110249
test loglikelihood:-170.627201812
subgraph size: 25, train sample size: 500
split:  3
-156.244634515 -156.244634515 0.0 155.0 0.0
zero smooth test num:  55
train loglikelihood:-38.4603638428 test loglikelihood:-156.244634515
-152.590297374 -152.590297374 0.0 155.0 0.0
zero smooth test num:  55
train loglikelihood:-38.1963881915 test loglikelihood:-152.590297374
-154.413463736 -154.413463736 0.0 155.0 0.0
zero smooth test num:  55
train loglikelihood:-38.3403809829 test loglikelihood:-154.413463736
-153.649719175 -153.649719175 0.0 155.0 0.0
zero smooth test num:  55
train loglikelihood:-38.412023743 test loglikelihood:-153.649719175
-157.262003815 -157.262003815 0.0 155.0 0.0
zero smooth test num:  55
train loglikelihood:-38.5091515793 test loglikelihood:-157.262003815
log likelihood: -128.884733435
log likelihood: -38.51466946
log likelihood: -38.1963881915
original grammar count: 834
added grammar count: 0
smooth count:0.0
train loglikelihood:-38.1963881915
test loglikelihood:-152.590297374
subgraph size: 25, train sample size: 500
split:  3
-146.609352279 -146.609352279 0.0 157.0 0.0
zero smooth test num:  56
train loglikelihood:-38.2060375758 test loglikelihood:-146.609352279
-140.508649212 -140.508649212 0.0 157.0 0.0
zero smooth test num:  56
train loglikelihood:-37.5708357429 test loglikelihood:-140.508649212
-151.219638127 -151.219638127 0.0 157.0 0.0
zero smooth test num:  56
train loglikelihood:-38.7470555074 test loglikelihood:-151.219638127
-150.608593978 -150.608593978 0.0 157.0 0.0
zero smooth test num:  56
train loglikelihood:-38.6471938759 test loglikelihood:-150.608593978
-145.262618809 -145.262618809 0.0 157.0 0.0
zero smooth test num:  56
train loglikelihood:-38.1326841556 test loglikelihood:-145.262618809
log likelihood: -148.708132651
log likelihood: -38.1086165664
log likelihood: -37.5708357429
original grammar count: 834
added grammar count: 0
smooth count:0.0
train loglikelihood:-37.5708357429
test loglikelihood:-140.508649212
subgraph size: 25, train sample size: 500
split:  3
-161.594331874 -161.594331874 0.0 156.0 0.0
zero smooth test num:  57
train loglikelihood:-38.5179358966 test loglikelihood:-161.594331874
-162.747143858 -162.747143858 0.0 156.0 0.0
zero smooth test num:  57
train loglikelihood:-38.505137471 test loglikelihood:-162.747143858
-155.63222787 -155.63222787 0.0 156.0 0.0
zero smooth test num:  57
train loglikelihood:-37.3868457356 test loglikelihood:-155.63222787
-163.227067589 -163.227067589 0.0 156.0 0.0
zero smooth test num:  57
train loglikelihood:-38.621443436 test loglikelihood:-163.227067589
-162.820718629 -162.820718629 0.0 156.0 0.0
zero smooth test num:  57
train loglikelihood:-38.5748804566 test loglikelihood:-162.820718629
log likelihood: -133.273477452
log likelihood: -37.7059078764
log likelihood: -37.3868457356
original grammar count: 834
added grammar count: 0
smooth count:0.0
train loglikelihood:-37.3868457356
test loglikelihood:-155.63222787
subgraph size: 25, train sample size: 500
split:  3
-145.603813042 -145.603813042 0.0 145.0 0.0
zero smooth test num:  58
train loglikelihood:-38.6068666164 test loglikelihood:-145.603813042
-142.673908779 -142.673908779 0.0 145.0 0.0
zero smooth test num:  58
train loglikelihood:-38.2561531169 test loglikelihood:-142.673908779
-143.271855285 -143.271855285 0.0 145.0 0.0
zero smooth test num:  58
train loglikelihood:-38.0692922697 test loglikelihood:-143.271855285
-145.81795765 -145.81795765 0.0 145.0 0.0
zero smooth test num:  58
train loglikelihood:-38.5045292215 test loglikelihood:-145.81795765
-145.756118383 -145.756118383 0.0 145.0 0.0
zero smooth test num:  58
train loglikelihood:-38.4928835175 test loglikelihood:-145.756118383
log likelihood: -133.346969302
log likelihood: -38.4339724147
log likelihood: -38.0692922697
original grammar count: 834
added grammar count: 0
smooth count:0.0
train loglikelihood:-38.0692922697
test loglikelihood:-143.271855285
subgraph size: 25, train sample size: 500
split:  3
-135.096423717 -135.096423717 0.0 153.0 0.0
zero smooth test num:  59
train loglikelihood:-37.5685742686 test loglikelihood:-135.096423717
-138.889882467 -138.889882467 0.0 153.0 0.0
zero smooth test num:  59
train loglikelihood:-38.3398960735 test loglikelihood:-138.889882467
-135.805517595 -135.805517595 0.0 153.0 0.0
zero smooth test num:  59
train loglikelihood:-37.8500223741 test loglikelihood:-135.805517595
-135.911899733 -135.911899733 0.0 153.0 0.0
zero smooth test num:  59
train loglikelihood:-37.9957921177 test loglikelihood:-135.911899733
-140.865420912 -140.865420912 0.0 153.0 0.0
zero smooth test num:  59
train loglikelihood:-38.6958837303 test loglikelihood:-140.865420912
log likelihood: -143.678104101
log likelihood: -38.0323993061
log likelihood: -37.5685742686
original grammar count: 834
added grammar count: 0
smooth count:0.0
train loglikelihood:-37.5685742686
test loglikelihood:-135.096423717
subgraph size: 25, train sample size: 500
split:  3
-150.875643527 -150.875643527 0.0 140.0 0.0
zero smooth test num:  60
train loglikelihood:-38.5878973062 test loglikelihood:-150.875643527
-149.927861451 -149.927861451 0.0 140.0 0.0
zero smooth test num:  60
train loglikelihood:-38.3973880693 test loglikelihood:-149.927861451
-149.342474528 -149.342474528 0.0 140.0 0.0
zero smooth test num:  60
train loglikelihood:-38.4677310567 test loglikelihood:-149.342474528
-147.640879087 -147.640879087 0.0 140.0 0.0
zero smooth test num:  60
train loglikelihood:-37.7708582591 test loglikelihood:-147.640879087
-150.781495651 -150.781495651 0.0 140.0 0.0
zero smooth test num:  60
train loglikelihood:-38.4210518342 test loglikelihood:-150.781495651
log likelihood: -135.311479517
log likelihood: -38.2473711203
log likelihood: -37.7708582591
original grammar count: 834
added grammar count: 0
smooth count:0.0
train loglikelihood:-37.7708582591
test loglikelihood:-147.640879087
subgraph size: 25, train sample size: 500
split:  3
-149.796290817 -149.796290817 0.0 147.0 0.0
zero smooth test num:  61
train loglikelihood:-38.1188380527 test loglikelihood:-149.796290817
-150.953799176 -150.953799176 0.0 147.0 0.0
zero smooth test num:  61
train loglikelihood:-38.6666698195 test loglikelihood:-150.953799176
-150.792773347 -150.792773347 0.0 147.0 0.0
zero smooth test num:  61
train loglikelihood:-38.5098456199 test loglikelihood:-150.792773347
-150.139456396 -150.139456396 0.0 147.0 0.0
zero smooth test num:  61
train loglikelihood:-38.4064854025 test loglikelihood:-150.139456396
-148.904384034 -148.904384034 0.0 147.0 0.0
zero smooth test num:  61
train loglikelihood:-38.231886992 test loglikelihood:-148.904384034
log likelihood: -134.743519555
log likelihood: -38.4327117664
log likelihood: -38.1188380527
original grammar count: 834
added grammar count: 0
smooth count:0.0
train loglikelihood:-38.1188380527
test loglikelihood:-149.796290817
subgraph size: 25, train sample size: 500
split:  3
-149.620998141 -149.620998141 0.0 142.0 0.0
zero smooth test num:  62
train loglikelihood:-38.3392290728 test loglikelihood:-149.620998141
-150.939013612 -150.939013612 0.0 142.0 0.0
zero smooth test num:  62
train loglikelihood:-38.5168486512 test loglikelihood:-150.939013612
-146.134154689 -146.134154689 0.0 142.0 0.0
zero smooth test num:  62
train loglikelihood:-37.3411206363 test loglikelihood:-146.134154689
-150.378082149 -150.378082149 0.0 142.0 0.0
zero smooth test num:  62
train loglikelihood:-38.5587084037 test loglikelihood:-150.378082149
-147.470748691 -147.470748691 0.0 142.0 0.0
zero smooth test num:  62
train loglikelihood:-37.798154838 test loglikelihood:-147.470748691
log likelihood: -136.062934591
log likelihood: -37.7693831729
log likelihood: -37.3411206363
original grammar count: 834
added grammar count: 0
smooth count:0.0
train loglikelihood:-37.3411206363
test loglikelihood:-146.134154689
subgraph size: 25, train sample size: 500
split:  3
-116.474150805 -116.474150805 0.0 164.0 0.0
zero smooth test num:  63
train loglikelihood:-37.5500412595 test loglikelihood:-116.474150805
-122.500043589 -122.500043589 0.0 164.0 0.0
zero smooth test num:  63
train loglikelihood:-38.5516882552 test loglikelihood:-122.500043589
-118.254288903 -118.254288903 0.0 164.0 0.0
zero smooth test num:  63
train loglikelihood:-37.9652456201 test loglikelihood:-118.254288903
-117.128613992 -117.128613992 0.0 164.0 0.0
zero smooth test num:  63
train loglikelihood:-37.8562601709 test loglikelihood:-117.128613992
-123.690780293 -123.690780293 0.0 164.0 0.0
zero smooth test num:  63
train loglikelihood:-38.6442750215 test loglikelihood:-123.690780293
log likelihood: -135.984882978
log likelihood: -38.0977097186
log likelihood: -37.5500412595
original grammar count: 834
added grammar count: 0
smooth count:0.0
train loglikelihood:-37.5500412595
test loglikelihood:-116.474150805
subgraph size: 25, train sample size: 500
split:  3
-139.612350206 -139.612350206 0.0 160.0 0.0
zero smooth test num:  64
train loglikelihood:-38.0685705397 test loglikelihood:-139.612350206
-137.45404366 -137.45404366 0.0 160.0 0.0
zero smooth test num:  64
train loglikelihood:-37.379263498 test loglikelihood:-137.45404366
-145.643917796 -145.643917796 0.0 160.0 0.0
zero smooth test num:  64
train loglikelihood:-38.5291849675 test loglikelihood:-145.643917796
-145.029438409 -145.029438409 0.0 160.0 0.0
zero smooth test num:  64
train loglikelihood:-38.5130233894 test loglikelihood:-145.029438409
-141.793522216 -141.793522216 0.0 160.0 0.0
zero smooth test num:  64
train loglikelihood:-38.1148506387 test loglikelihood:-141.793522216
log likelihood: -137.659343556
log likelihood: -37.6658617825
log likelihood: -37.379263498
original grammar count: 834
added grammar count: 0
smooth count:0.0
train loglikelihood:-37.379263498
test loglikelihood:-137.45404366
subgraph size: 25, train sample size: 500
split:  3
-135.249175198 -135.249175198 0.0 156.0 0.0
zero smooth test num:  65
train loglikelihood:-38.666686877 test loglikelihood:-135.249175198
-133.546081268 -133.546081268 0.0 156.0 0.0
zero smooth test num:  65
train loglikelihood:-38.3385381929 test loglikelihood:-133.546081268
-132.259818216 -132.259818216 0.0 156.0 0.0
zero smooth test num:  65
train loglikelihood:-38.2888676853 test loglikelihood:-132.259818216
-131.925481899 -131.925481899 0.0 156.0 0.0
zero smooth test num:  65
train loglikelihood:-37.9726463377 test loglikelihood:-131.925481899
-134.735208109 -134.735208109 0.0 156.0 0.0
zero smooth test num:  65
train loglikelihood:-38.5752434123 test loglikelihood:-134.735208109
log likelihood: -134.186590055
log likelihood: -38.4216966031
log likelihood: -37.9726463377
original grammar count: 834
added grammar count: 0
smooth count:0.0
train loglikelihood:-37.9726463377
test loglikelihood:-131.925481899
subgraph size: 25, train sample size: 500
split:  3
-146.109202014 -146.109202014 0.0 171.0 0.0
zero smooth test num:  66
train loglikelihood:-38.4519086741 test loglikelihood:-146.109202014
-143.524803274 -143.524803274 0.0 171.0 0.0
zero smooth test num:  66
train loglikelihood:-37.8461353561 test loglikelihood:-143.524803274
-144.760085102 -144.760085102 0.0 171.0 0.0
zero smooth test num:  66
train loglikelihood:-38.502129191 test loglikelihood:-144.760085102
-141.989436157 -141.989436157 0.0 171.0 0.0
zero smooth test num:  66
train loglikelihood:-37.9712691704 test loglikelihood:-141.989436157
-147.380802775 -147.380802775 0.0 171.0 0.0
zero smooth test num:  66
train loglikelihood:-38.5505060079 test loglikelihood:-147.380802775
log likelihood: -146.829884179
log likelihood: -38.2337285268
log likelihood: -37.8461353561
original grammar count: 834
added grammar count: 0
smooth count:0.0
train loglikelihood:-37.8461353561
test loglikelihood:-143.524803274
subgraph size: 25, train sample size: 500
split:  3
-142.433089552 -142.433089552 0.0 160.0 0.0
zero smooth test num:  67
train loglikelihood:-38.5406577275 test loglikelihood:-142.433089552
-141.338168617 -141.338168617 0.0 160.0 0.0
zero smooth test num:  67
train loglikelihood:-38.1663436825 test loglikelihood:-141.338168617
-141.794312659 -141.794312659 0.0 160.0 0.0
zero smooth test num:  67
train loglikelihood:-38.4746802539 test loglikelihood:-141.794312659
-140.228766728 -140.228766728 0.0 160.0 0.0
zero smooth test num:  67
train loglikelihood:-37.7485330505 test loglikelihood:-140.228766728
-142.797139488 -142.797139488 0.0 160.0 0.0
zero smooth test num:  67
train loglikelihood:-38.5646397793 test loglikelihood:-142.797139488
log likelihood: -131.930867154
log likelihood: -38.2720264291
log likelihood: -37.7485330505
original grammar count: 834
added grammar count: 0
smooth count:0.0
train loglikelihood:-37.7485330505
test loglikelihood:-140.228766728
subgraph size: 25, train sample size: 500
split:  3
-153.36688653 -153.36688653 0.0 150.0 0.0
zero smooth test num:  68
train loglikelihood:-37.6354945893 test loglikelihood:-153.36688653
-155.718155427 -155.718155427 0.0 150.0 0.0
zero smooth test num:  68
train loglikelihood:-38.2395282622 test loglikelihood:-155.718155427
-154.574018479 -154.574018479 0.0 150.0 0.0
zero smooth test num:  68
train loglikelihood:-37.9108663029 test loglikelihood:-154.574018479
-155.502581029 -155.502581029 0.0 150.0 0.0
zero smooth test num:  68
train loglikelihood:-37.9642256486 test loglikelihood:-155.502581029
-157.077516066 -157.077516066 0.0 150.0 0.0
zero smooth test num:  68
train loglikelihood:-38.1958643465 test loglikelihood:-157.077516066
log likelihood: -140.043469421
log likelihood: -38.1516096446
log likelihood: -37.6354945893
original grammar count: 834
added grammar count: 0
smooth count:0.0
train loglikelihood:-37.6354945893
test loglikelihood:-153.36688653
subgraph size: 25, train sample size: 500
split:  3
-129.872914954 -129.872914954 0.0 160.0 0.0
zero smooth test num:  69
train loglikelihood:-37.9730101193 test loglikelihood:-129.872914954
-132.465824063 -132.465824063 0.0 160.0 0.0
zero smooth test num:  69
train loglikelihood:-38.5718863986 test loglikelihood:-132.465824063
-131.051511447 -131.051511447 0.0 160.0 0.0
zero smooth test num:  69
train loglikelihood:-38.2131042568 test loglikelihood:-131.051511447
-130.667511283 -130.667511283 0.0 160.0 0.0
zero smooth test num:  69
train loglikelihood:-38.1197510143 test loglikelihood:-130.667511283
-129.780897281 -129.780897281 0.0 160.0 0.0
zero smooth test num:  69
train loglikelihood:-37.8881884228 test loglikelihood:-129.780897281
log likelihood: -132.174063114
log likelihood: -38.2419338748
log likelihood: -37.8881884228
original grammar count: 834
added grammar count: 0
smooth count:0.0
train loglikelihood:-37.8881884228
test loglikelihood:-129.780897281
subgraph size: 25, train sample size: 500
split:  3
-145.366236945 -145.366236945 0.0 151.0 0.0
zero smooth test num:  70
train loglikelihood:-38.1813794052 test loglikelihood:-145.366236945
-141.12304247 -141.12304247 0.0 151.0 0.0
zero smooth test num:  70
train loglikelihood:-37.8003779562 test loglikelihood:-141.12304247
-147.159523834 -147.159523834 0.0 151.0 0.0
zero smooth test num:  70
train loglikelihood:-38.6131735218 test loglikelihood:-147.159523834
-147.452297308 -147.452297308 0.0 151.0 0.0
zero smooth test num:  70
train loglikelihood:-38.5909855107 test loglikelihood:-147.452297308
-143.114080872 -143.114080872 0.0 151.0 0.0
zero smooth test num:  70
train loglikelihood:-38.0176225947 test loglikelihood:-143.114080872
log likelihood: -145.931100678
log likelihood: -38.3092527822
log likelihood: -37.8003779562
original grammar count: 834
added grammar count: 0
smooth count:0.0
train loglikelihood:-37.8003779562
test loglikelihood:-141.12304247
subgraph size: 25, train sample size: 500
split:  3
-139.551632211 -139.551632211 0.0 151.0 0.0
zero smooth test num:  71
train loglikelihood:-38.5279487566 test loglikelihood:-139.551632211
-139.347034571 -139.347034571 0.0 151.0 0.0
zero smooth test num:  71
train loglikelihood:-38.6289182157 test loglikelihood:-139.347034571
-137.887088704 -137.887088704 0.0 151.0 0.0
zero smooth test num:  71
train loglikelihood:-38.3282221901 test loglikelihood:-137.887088704
-137.492290719 -137.492290719 0.0 151.0 0.0
zero smooth test num:  71
train loglikelihood:-38.175259463 test loglikelihood:-137.492290719
-138.339634376 -138.339634376 0.0 151.0 0.0
zero smooth test num:  71
train loglikelihood:-38.4102560601 test loglikelihood:-138.339634376
log likelihood: -138.310193246
log likelihood: -38.3936873212
log likelihood: -38.175259463
original grammar count: 834
added grammar count: 0
smooth count:0.0
train loglikelihood:-38.175259463
test loglikelihood:-137.492290719
subgraph size: 25, train sample size: 500
split:  3
-149.972033719 -149.972033719 0.0 154.0 0.0
zero smooth test num:  72
train loglikelihood:-37.5036275128 test loglikelihood:-149.972033719
-149.490670097 -149.490670097 0.0 154.0 0.0
zero smooth test num:  72
train loglikelihood:-37.7821098076 test loglikelihood:-149.490670097
-154.062015197 -154.062015197 0.0 154.0 0.0
zero smooth test num:  72
train loglikelihood:-38.5340368798 test loglikelihood:-154.062015197
-151.846542937 -151.846542937 0.0 154.0 0.0
zero smooth test num:  72
train loglikelihood:-38.4020945061 test loglikelihood:-151.846542937
-152.273482499 -152.273482499 0.0 154.0 0.0
zero smooth test num:  72
train loglikelihood:-38.0648991095 test loglikelihood:-152.273482499
log likelihood: -141.039000071
log likelihood: -38.0276982871
log likelihood: -37.5036275128
original grammar count: 834
added grammar count: 0
smooth count:0.0
train loglikelihood:-37.5036275128
test loglikelihood:-149.972033719
subgraph size: 25, train sample size: 500
split:  3
-174.85776351 -174.85776351 0.0 163.0 0.0
zero smooth test num:  73
train loglikelihood:-38.6192674073 test loglikelihood:-174.85776351
-169.502502155 -169.502502155 0.0 163.0 0.0
zero smooth test num:  73
train loglikelihood:-38.1157224905 test loglikelihood:-169.502502155
-171.469303942 -171.469303942 0.0 163.0 0.0
zero smooth test num:  73
train loglikelihood:-38.5116891237 test loglikelihood:-171.469303942
-174.80294758 -174.80294758 0.0 163.0 0.0
zero smooth test num:  73
train loglikelihood:-38.6191883066 test loglikelihood:-174.80294758
-165.269754578 -165.269754578 0.0 163.0 0.0
zero smooth test num:  73
train loglikelihood:-37.920859757 test loglikelihood:-165.269754578
log likelihood: -130.475415178
log likelihood: -38.3594610026
log likelihood: -37.920859757
original grammar count: 834
added grammar count: 0
smooth count:0.0
train loglikelihood:-37.920859757
test loglikelihood:-165.269754578
subgraph size: 25, train sample size: 500
split:  3
-159.524077497 -159.524077497 0.0 139.0 0.0
zero smooth test num:  74
train loglikelihood:-38.3785861213 test loglikelihood:-159.524077497
-156.536400596 -156.536400596 0.0 139.0 0.0
zero smooth test num:  74
train loglikelihood:-37.6846254901 test loglikelihood:-156.536400596
-155.422790939 -155.422790939 0.0 139.0 0.0
zero smooth test num:  74
train loglikelihood:-37.6703437841 test loglikelihood:-155.422790939
-156.915333572 -156.915333572 0.0 139.0 0.0
zero smooth test num:  74
train loglikelihood:-37.9287021767 test loglikelihood:-156.915333572
-160.789012885 -160.789012885 0.0 139.0 0.0
zero smooth test num:  74
train loglikelihood:-38.7040357202 test loglikelihood:-160.789012885
log likelihood: -137.973748277
log likelihood: -38.1834321986
log likelihood: -37.6703437841
original grammar count: 834
added grammar count: 0
smooth count:0.0
train loglikelihood:-37.6703437841
test loglikelihood:-155.422790939
subgraph size: 25, train sample size: 500
split:  3
-177.541179431 -177.541179431 0.0 143.0 0.0
zero smooth test num:  75
train loglikelihood:-37.7630379992 test loglikelihood:-177.541179431
-181.770566179 -181.770566179 0.0 143.0 0.0
zero smooth test num:  75
train loglikelihood:-38.1950007474 test loglikelihood:-181.770566179
-185.202798348 -185.202798348 0.0 143.0 0.0
zero smooth test num:  75
train loglikelihood:-38.1268763047 test loglikelihood:-185.202798348
-189.706981374 -189.706981374 0.0 143.0 0.0
zero smooth test num:  75
train loglikelihood:-38.4638840178 test loglikelihood:-189.706981374
-184.384628962 -184.384628962 0.0 143.0 0.0
zero smooth test num:  75
train loglikelihood:-38.1664751223 test loglikelihood:-184.384628962
log likelihood: -131.886006434
log likelihood: -38.3465935015
log likelihood: -37.7630379992
original grammar count: 834
added grammar count: 0
smooth count:0.0
train loglikelihood:-37.7630379992
test loglikelihood:-177.541179431
subgraph size: 25, train sample size: 500
split:  3
-134.28463831 -134.28463831 0.0 156.0 0.0
zero smooth test num:  76
train loglikelihood:-38.4567509593 test loglikelihood:-134.28463831
-131.513864756 -131.513864756 0.0 156.0 0.0
zero smooth test num:  76
train loglikelihood:-38.1005390835 test loglikelihood:-131.513864756
-134.264860337 -134.264860337 0.0 156.0 0.0
zero smooth test num:  76
train loglikelihood:-38.622204836 test loglikelihood:-134.264860337
-135.306320744 -135.306320744 0.0 156.0 0.0
zero smooth test num:  76
train loglikelihood:-38.6565383042 test loglikelihood:-135.306320744
-135.377001663 -135.377001663 0.0 156.0 0.0
zero smooth test num:  76
train loglikelihood:-38.7314881127 test loglikelihood:-135.377001663
log likelihood: -132.51822302
log likelihood: -38.456940542
log likelihood: -38.1005390835
original grammar count: 834
added grammar count: 0
smooth count:0.0
train loglikelihood:-38.1005390835
test loglikelihood:-131.513864756
subgraph size: 25, train sample size: 500
split:  3
-144.534863375 -144.534863375 0.0 145.0 0.0
zero smooth test num:  77
train loglikelihood:-37.905182734 test loglikelihood:-144.534863375
-146.868468921 -146.868468921 0.0 145.0 0.0
zero smooth test num:  77
train loglikelihood:-38.1252562193 test loglikelihood:-146.868468921
-149.593074776 -149.593074776 0.0 145.0 0.0
zero smooth test num:  77
train loglikelihood:-38.5591611993 test loglikelihood:-149.593074776
-147.794408397 -147.794408397 0.0 145.0 0.0
zero smooth test num:  77
train loglikelihood:-38.4526421777 test loglikelihood:-147.794408397
-150.442700026 -150.442700026 0.0 145.0 0.0
zero smooth test num:  77
train loglikelihood:-38.6880017528 test loglikelihood:-150.442700026
log likelihood: -135.180175499
log likelihood: -38.393488389
log likelihood: -37.905182734
original grammar count: 834
added grammar count: 0
smooth count:0.0
train loglikelihood:-37.905182734
test loglikelihood:-144.534863375
subgraph size: 25, train sample size: 500
split:  3
-168.318299197 -168.318299197 0.0 153.0 0.0
zero smooth test num:  78
train loglikelihood:-37.598023511 test loglikelihood:-168.318299197
-165.858159938 -165.858159938 0.0 153.0 0.0
zero smooth test num:  78
train loglikelihood:-38.0813490227 test loglikelihood:-165.858159938
-169.577834068 -169.577834068 0.0 153.0 0.0
zero smooth test num:  78
train loglikelihood:-38.6055774211 test loglikelihood:-169.577834068
-166.007549364 -166.007549364 0.0 153.0 0.0
zero smooth test num:  78
train loglikelihood:-37.6950288641 test loglikelihood:-166.007549364
-166.749921304 -166.749921304 0.0 153.0 0.0
zero smooth test num:  78
train loglikelihood:-38.17935682 test loglikelihood:-166.749921304
log likelihood: -132.853062318
log likelihood: -38.0258843334
log likelihood: -37.598023511
original grammar count: 834
added grammar count: 0
smooth count:0.0
train loglikelihood:-37.598023511
test loglikelihood:-168.318299197
subgraph size: 25, train sample size: 500
split:  3
-160.119263129 -160.119263129 0.0 144.0 0.0
zero smooth test num:  79
train loglikelihood:-38.3198561024 test loglikelihood:-160.119263129
-162.260308057 -162.260308057 0.0 144.0 0.0
zero smooth test num:  79
train loglikelihood:-38.5879132633 test loglikelihood:-162.260308057
-162.187847271 -162.187847271 0.0 144.0 0.0
zero smooth test num:  79
train loglikelihood:-38.5589189876 test loglikelihood:-162.187847271
-160.957640663 -160.957640663 0.0 144.0 0.0
zero smooth test num:  79
train loglikelihood:-38.4582741712 test loglikelihood:-160.957640663
-160.46194658 -160.46194658 0.0 144.0 0.0
zero smooth test num:  79
train loglikelihood:-38.307612048 test loglikelihood:-160.46194658
log likelihood: -152.22455495
log likelihood: -38.6116787762
log likelihood: -38.307612048
original grammar count: 834
added grammar count: 0
smooth count:0.0
train loglikelihood:-38.307612048
test loglikelihood:-160.46194658
subgraph size: 25, train sample size: 500
split:  3
-159.491438705 -159.491438705 0.0 147.0 0.0
zero smooth test num:  80
train loglikelihood:-37.9332385442 test loglikelihood:-159.491438705
-161.617634338 -161.617634338 0.0 147.0 0.0
zero smooth test num:  80
train loglikelihood:-38.3021741417 test loglikelihood:-161.617634338
-161.172081605 -161.172081605 0.0 147.0 0.0
zero smooth test num:  80
train loglikelihood:-38.5635595586 test loglikelihood:-161.172081605
-162.188899823 -162.188899823 0.0 147.0 0.0
zero smooth test num:  80
train loglikelihood:-38.4600376975 test loglikelihood:-162.188899823
-156.839341495 -156.839341495 0.0 147.0 0.0
zero smooth test num:  80
train loglikelihood:-37.6685156807 test loglikelihood:-156.839341495
log likelihood: -135.992399397
log likelihood: -38.3757618368
log likelihood: -37.6685156807
original grammar count: 834
added grammar count: 0
smooth count:0.0
train loglikelihood:-37.6685156807
test loglikelihood:-156.839341495
subgraph size: 25, train sample size: 500
split:  3
-160.044937922 -160.044937922 0.0 147.0 0.0
zero smooth test num:  81
train loglikelihood:-38.589961496 test loglikelihood:-160.044937922
-158.479654105 -158.479654105 0.0 147.0 0.0
zero smooth test num:  81
train loglikelihood:-38.4828072408 test loglikelihood:-158.479654105
-156.324041905 -156.324041905 0.0 147.0 0.0
zero smooth test num:  81
train loglikelihood:-37.9380579991 test loglikelihood:-156.324041905
-158.637332876 -158.637332876 0.0 147.0 0.0
zero smooth test num:  81
train loglikelihood:-38.521858501 test loglikelihood:-158.637332876
-154.607345161 -154.607345161 0.0 147.0 0.0
zero smooth test num:  81
train loglikelihood:-37.7556966219 test loglikelihood:-154.607345161
log likelihood: -136.090456324
log likelihood: -38.1651284836
log likelihood: -37.7556966219
original grammar count: 834
added grammar count: 0
smooth count:0.0
train loglikelihood:-37.7556966219
test loglikelihood:-154.607345161
subgraph size: 25, train sample size: 500
split:  3
-195.397638089 -195.397638089 0.0 146.0 0.0
zero smooth test num:  82
train loglikelihood:-37.6890455076 test loglikelihood:-195.397638089
-195.345619487 -195.345619487 0.0 146.0 0.0
zero smooth test num:  82
train loglikelihood:-37.5643982349 test loglikelihood:-195.345619487
-200.684714935 -200.684714935 0.0 146.0 0.0
zero smooth test num:  82
train loglikelihood:-38.450417741 test loglikelihood:-200.684714935
-196.856899452 -196.856899452 0.0 146.0 0.0
zero smooth test num:  82
train loglikelihood:-38.1242233149 test loglikelihood:-196.856899452
-197.856453593 -197.856453593 0.0 146.0 0.0
zero smooth test num:  82
train loglikelihood:-38.5086738953 test loglikelihood:-197.856453593
log likelihood: -141.332714299
log likelihood: -38.0413435665
log likelihood: -37.5643982349
original grammar count: 834
added grammar count: 0
smooth count:0.0
train loglikelihood:-37.5643982349
test loglikelihood:-195.345619487
subgraph size: 25, train sample size: 500
split:  3
-158.333544978 -158.333544978 0.0 143.0 0.0
zero smooth test num:  83
train loglikelihood:-38.4387622932 test loglikelihood:-158.333544978
-155.877435632 -155.877435632 0.0 143.0 0.0
zero smooth test num:  83
train loglikelihood:-38.2792676813 test loglikelihood:-155.877435632
-159.719286674 -159.719286674 0.0 143.0 0.0
zero smooth test num:  83
train loglikelihood:-38.6511695979 test loglikelihood:-159.719286674
-157.513747423 -157.513747423 0.0 143.0 0.0
zero smooth test num:  83
train loglikelihood:-38.2937915715 test loglikelihood:-157.513747423
-155.100965295 -155.100965295 0.0 143.0 0.0
zero smooth test num:  83
train loglikelihood:-38.1521844096 test loglikelihood:-155.100965295
log likelihood: -135.325744923
log likelihood: -38.4967714628
log likelihood: -38.1521844096
original grammar count: 834
added grammar count: 0
smooth count:0.0
train loglikelihood:-38.1521844096
test loglikelihood:-155.100965295
subgraph size: 25, train sample size: 500
split:  3
-176.27512226 -176.27512226 0.0 156.0 0.0
zero smooth test num:  84
train loglikelihood:-38.432708982 test loglikelihood:-176.27512226
-168.030862976 -168.030862976 0.0 156.0 0.0
zero smooth test num:  84
train loglikelihood:-37.4133760195 test loglikelihood:-168.030862976
-168.918211848 -168.918211848 0.0 156.0 0.0
zero smooth test num:  84
train loglikelihood:-37.861719245 test loglikelihood:-168.918211848
-177.879294037 -177.879294037 0.0 156.0 0.0
zero smooth test num:  84
train loglikelihood:-38.6336872432 test loglikelihood:-177.879294037
-174.76756527 -174.76756527 0.0 156.0 0.0
zero smooth test num:  84
train loglikelihood:-38.3059603026 test loglikelihood:-174.76756527
log likelihood: -136.268697941
log likelihood: -37.8519325438
log likelihood: -37.4133760195
original grammar count: 834
added grammar count: 0
smooth count:0.0
train loglikelihood:-37.4133760195
test loglikelihood:-168.030862976
subgraph size: 25, train sample size: 500
split:  3
-133.737541093 -133.737541093 0.0 154.0 0.0
zero smooth test num:  85
train loglikelihood:-38.1768446148 test loglikelihood:-133.737541093
-134.729387777 -134.729387777 0.0 154.0 0.0
zero smooth test num:  85
train loglikelihood:-38.1751366807 test loglikelihood:-134.729387777
-135.712531264 -135.712531264 0.0 154.0 0.0
zero smooth test num:  85
train loglikelihood:-38.6622246654 test loglikelihood:-135.712531264
-132.400155237 -132.400155237 0.0 154.0 0.0
zero smooth test num:  85
train loglikelihood:-37.8437185218 test loglikelihood:-132.400155237
-133.173808102 -133.173808102 0.0 154.0 0.0
zero smooth test num:  85
train loglikelihood:-38.0855159769 test loglikelihood:-133.173808102
log likelihood: -139.906832904
log likelihood: -38.2711390909
log likelihood: -37.8437185218
original grammar count: 834
added grammar count: 0
smooth count:0.0
train loglikelihood:-37.8437185218
test loglikelihood:-132.400155237
subgraph size: 25, train sample size: 500
split:  3
-148.290049259 -148.290049259 0.0 138.0 0.0
zero smooth test num:  86
train loglikelihood:-37.633206035 test loglikelihood:-148.290049259
-153.352973713 -153.352973713 0.0 138.0 0.0
zero smooth test num:  86
train loglikelihood:-38.5929007984 test loglikelihood:-153.352973713
-152.359984777 -152.359984777 0.0 138.0 0.0
zero smooth test num:  86
train loglikelihood:-38.5808900153 test loglikelihood:-152.359984777
-153.624968213 -153.624968213 0.0 138.0 0.0
zero smooth test num:  86
train loglikelihood:-38.6913271568 test loglikelihood:-153.624968213
-152.456409334 -152.456409334 0.0 138.0 0.0
zero smooth test num:  86
train loglikelihood:-38.4078518372 test loglikelihood:-152.456409334
log likelihood: -134.902083657
log likelihood: -38.1455863287
log likelihood: -37.633206035
original grammar count: 834
added grammar count: 0
smooth count:0.0
train loglikelihood:-37.633206035
test loglikelihood:-148.290049259
subgraph size: 25, train sample size: 500
split:  3
-166.97460693 -166.97460693 0.0 141.0 0.0
zero smooth test num:  87
train loglikelihood:-38.5315008306 test loglikelihood:-166.97460693
-163.285180105 -163.285180105 0.0 141.0 0.0
zero smooth test num:  87
train loglikelihood:-37.8377982776 test loglikelihood:-163.285180105
-163.274324353 -163.274324353 0.0 141.0 0.0
zero smooth test num:  87
train loglikelihood:-37.8854517835 test loglikelihood:-163.274324353
-162.490985313 -162.490985313 0.0 141.0 0.0
zero smooth test num:  87
train loglikelihood:-37.9255604964 test loglikelihood:-162.490985313
-163.192500353 -163.192500353 0.0 141.0 0.0
zero smooth test num:  87
train loglikelihood:-38.0223346241 test loglikelihood:-163.192500353
log likelihood: -145.522953581
log likelihood: -38.2665752048
log likelihood: -37.8377982776
original grammar count: 834
added grammar count: 0
smooth count:0.0
train loglikelihood:-37.8377982776
test loglikelihood:-163.285180105
subgraph size: 25, train sample size: 500
split:  3
-166.604329019 -166.604329019 0.0 143.0 0.0
zero smooth test num:  88
train loglikelihood:-37.3702675637 test loglikelihood:-166.604329019
-170.671761825 -170.671761825 0.0 143.0 0.0
zero smooth test num:  88
train loglikelihood:-37.7561375873 test loglikelihood:-170.671761825
-172.485130099 -172.485130099 0.0 143.0 0.0
zero smooth test num:  88
train loglikelihood:-38.026494752 test loglikelihood:-172.485130099
-174.376139495 -174.376139495 0.0 143.0 0.0
zero smooth test num:  88
train loglikelihood:-38.5821836585 test loglikelihood:-174.376139495
-171.211852425 -171.211852425 0.0 143.0 0.0
zero smooth test num:  88
train loglikelihood:-37.9731131815 test loglikelihood:-171.211852425
log likelihood: -134.775641125
log likelihood: -38.0424200149
log likelihood: -37.3702675637
original grammar count: 834
added grammar count: 0
smooth count:0.0
train loglikelihood:-37.3702675637
test loglikelihood:-166.604329019
subgraph size: 25, train sample size: 500
split:  3
-139.399574868 -139.399574868 0.0 151.0 0.0
zero smooth test num:  89
train loglikelihood:-38.7059127429 test loglikelihood:-139.399574868
-137.593512596 -137.593512596 0.0 151.0 0.0
zero smooth test num:  89
train loglikelihood:-38.2478070166 test loglikelihood:-137.593512596
-134.770874145 -134.770874145 0.0 151.0 0.0
zero smooth test num:  89
train loglikelihood:-37.6767086628 test loglikelihood:-134.770874145
-137.086313628 -137.086313628 0.0 151.0 0.0
zero smooth test num:  89
train loglikelihood:-38.339546184 test loglikelihood:-137.086313628
-137.27133903 -137.27133903 0.0 151.0 0.0
zero smooth test num:  89
train loglikelihood:-38.0374122194 test loglikelihood:-137.27133903
log likelihood: -126.150039892
log likelihood: -38.054837266
log likelihood: -37.6767086628
original grammar count: 834
added grammar count: 0
smooth count:0.0
train loglikelihood:-37.6767086628
test loglikelihood:-134.770874145
subgraph size: 25, train sample size: 500
split:  3
-160.529520804 -160.529520804 0.0 137.0 0.0
zero smooth test num:  90
train loglikelihood:-37.9197972175 test loglikelihood:-160.529520804
-163.414872194 -163.414872194 0.0 137.0 0.0
zero smooth test num:  90
train loglikelihood:-38.5221372353 test loglikelihood:-163.414872194
-161.521845302 -161.521845302 0.0 137.0 0.0
zero smooth test num:  90
train loglikelihood:-38.3041822444 test loglikelihood:-161.521845302
-161.313784066 -161.313784066 0.0 137.0 0.0
zero smooth test num:  90
train loglikelihood:-37.6917939523 test loglikelihood:-161.313784066
-161.477765774 -161.477765774 0.0 137.0 0.0
zero smooth test num:  90
train loglikelihood:-38.2262874225 test loglikelihood:-161.477765774
log likelihood: -135.716896773
log likelihood: -38.1835261623
log likelihood: -37.6917939523
original grammar count: 834
added grammar count: 0
smooth count:0.0
train loglikelihood:-37.6917939523
test loglikelihood:-161.313784066
subgraph size: 25, train sample size: 500
split:  3
-140.389206164 -140.389206164 0.0 157.0 0.0
zero smooth test num:  91
train loglikelihood:-38.0884640063 test loglikelihood:-140.389206164
-142.633574683 -142.633574683 0.0 157.0 0.0
zero smooth test num:  91
train loglikelihood:-38.4455152557 test loglikelihood:-142.633574683
-142.285233134 -142.285233134 0.0 157.0 0.0
zero smooth test num:  91
train loglikelihood:-38.4208992042 test loglikelihood:-142.285233134
-142.66510823 -142.66510823 0.0 157.0 0.0
zero smooth test num:  91
train loglikelihood:-38.5825360909 test loglikelihood:-142.66510823
-143.431139199 -143.431139199 0.0 157.0 0.0
zero smooth test num:  91
train loglikelihood:-38.5672281772 test loglikelihood:-143.431139199
log likelihood: -137.565227458
log likelihood: -38.3786219292
log likelihood: -38.0884640063
original grammar count: 834
added grammar count: 0
smooth count:0.0
train loglikelihood:-38.0884640063
test loglikelihood:-140.389206164
subgraph size: 25, train sample size: 500
split:  3
-164.530057086 -164.530057086 0.0 142.0 0.0
zero smooth test num:  92
train loglikelihood:-38.0420001871 test loglikelihood:-164.530057086
-168.438110085 -168.438110085 0.0 142.0 0.0
zero smooth test num:  92
train loglikelihood:-38.5928308536 test loglikelihood:-168.438110085
-164.566122118 -164.566122118 0.0 142.0 0.0
zero smooth test num:  92
train loglikelihood:-38.0122150905 test loglikelihood:-164.566122118
-166.076201861 -166.076201861 0.0 142.0 0.0
zero smooth test num:  92
train loglikelihood:-37.6341644994 test loglikelihood:-166.076201861
-167.204351381 -167.204351381 0.0 142.0 0.0
zero smooth test num:  92
train loglikelihood:-38.3618228079 test loglikelihood:-167.204351381
log likelihood: -142.329113459
log likelihood: -38.1402509919
log likelihood: -37.6341644994
original grammar count: 834
added grammar count: 0
smooth count:0.0
train loglikelihood:-37.6341644994
test loglikelihood:-166.076201861
subgraph size: 25, train sample size: 500
split:  3
-175.579739208 -175.579739208 0.0 137.0 0.0
zero smooth test num:  93
train loglikelihood:-38.4724791138 test loglikelihood:-175.579739208
-172.812738946 -172.812738946 0.0 137.0 0.0
zero smooth test num:  93
train loglikelihood:-38.100486755 test loglikelihood:-172.812738946
-176.262269147 -176.262269147 0.0 137.0 0.0
zero smooth test num:  93
train loglikelihood:-38.5692847096 test loglikelihood:-176.262269147
-173.772256932 -173.772256932 0.0 137.0 0.0
zero smooth test num:  93
train loglikelihood:-38.0667867791 test loglikelihood:-173.772256932
-174.217089596 -174.217089596 0.0 137.0 0.0
zero smooth test num:  93
train loglikelihood:-38.5045570215 test loglikelihood:-174.217089596
log likelihood: -131.971187332
log likelihood: -38.3620317823
log likelihood: -38.0667867791
original grammar count: 834
added grammar count: 0
smooth count:0.0
train loglikelihood:-38.0667867791
test loglikelihood:-173.772256932
subgraph size: 25, train sample size: 500
split:  3
-162.919814135 -162.919814135 0.0 141.0 0.0
zero smooth test num:  94
train loglikelihood:-38.3933011851 test loglikelihood:-162.919814135
-162.924110222 -162.924110222 0.0 141.0 0.0
zero smooth test num:  94
train loglikelihood:-38.5961468345 test loglikelihood:-162.924110222
-162.168346675 -162.168346675 0.0 141.0 0.0
zero smooth test num:  94
train loglikelihood:-38.3699519475 test loglikelihood:-162.168346675
-164.41392464 -164.41392464 0.0 141.0 0.0
zero smooth test num:  94
train loglikelihood:-38.455540279 test loglikelihood:-164.41392464
-164.214783276 -164.214783276 0.0 141.0 0.0
zero smooth test num:  94
train loglikelihood:-38.5275681267 test loglikelihood:-164.214783276
log likelihood: -136.219846131
log likelihood: -38.5859696317
log likelihood: -38.3699519475
original grammar count: 834
added grammar count: 0
smooth count:0.0
train loglikelihood:-38.3699519475
test loglikelihood:-162.168346675
subgraph size: 25, train sample size: 500
split:  3
-156.934348267 -156.934348267 0.0 150.0 0.0
zero smooth test num:  95
train loglikelihood:-38.4499540995 test loglikelihood:-156.934348267
-155.235027283 -155.235027283 0.0 150.0 0.0
zero smooth test num:  95
train loglikelihood:-38.2158310353 test loglikelihood:-155.235027283
-158.771161956 -158.771161956 0.0 150.0 0.0
zero smooth test num:  95
train loglikelihood:-38.6474600615 test loglikelihood:-158.771161956
-156.954297735 -156.954297735 0.0 150.0 0.0
zero smooth test num:  95
train loglikelihood:-38.463186143 test loglikelihood:-156.954297735
-152.135571729 -152.135571729 0.0 150.0 0.0
zero smooth test num:  95
train loglikelihood:-37.8698855664 test loglikelihood:-152.135571729
log likelihood: -140.768261897
log likelihood: -38.3134562507
log likelihood: -37.8698855664
original grammar count: 834
added grammar count: 0
smooth count:0.0
train loglikelihood:-37.8698855664
test loglikelihood:-152.135571729
subgraph size: 25, train sample size: 500
split:  3
-158.899710631 -158.899710631 0.0 153.0 0.0
zero smooth test num:  96
train loglikelihood:-37.6270775468 test loglikelihood:-158.899710631
-160.077288474 -160.077288474 0.0 153.0 0.0
zero smooth test num:  96
train loglikelihood:-38.3870744365 test loglikelihood:-160.077288474
-157.703890127 -157.703890127 0.0 153.0 0.0
zero smooth test num:  96
train loglikelihood:-37.8260631833 test loglikelihood:-157.703890127
-159.889754405 -159.889754405 0.0 153.0 0.0
zero smooth test num:  96
train loglikelihood:-38.2360981274 test loglikelihood:-159.889754405
-159.181436256 -159.181436256 0.0 153.0 0.0
zero smooth test num:  96
train loglikelihood:-38.5579662018 test loglikelihood:-159.181436256
log likelihood: -134.586544717
log likelihood: -38.0861132489
log likelihood: -37.6270775468
original grammar count: 834
added grammar count: 0
smooth count:0.0
train loglikelihood:-37.6270775468
test loglikelihood:-158.899710631
subgraph size: 25, train sample size: 500
split:  3
-152.101100589 -152.101100589 0.0 157.0 0.0
zero smooth test num:  97
train loglikelihood:-38.3965450694 test loglikelihood:-152.101100589
-151.786182698 -151.786182698 0.0 157.0 0.0
zero smooth test num:  97
train loglikelihood:-38.243213236 test loglikelihood:-151.786182698
-145.624127344 -145.624127344 0.0 157.0 0.0
zero smooth test num:  97
train loglikelihood:-37.5789357735 test loglikelihood:-145.624127344
-152.08708239 -152.08708239 0.0 157.0 0.0
zero smooth test num:  97
train loglikelihood:-38.4394550917 test loglikelihood:-152.08708239
-155.567582292 -155.567582292 0.0 157.0 0.0
zero smooth test num:  97
train loglikelihood:-38.553648652 test loglikelihood:-155.567582292
log likelihood: -135.018334234
log likelihood: -38.1249040726
log likelihood: -37.5789357735
original grammar count: 834
added grammar count: 0
smooth count:0.0
train loglikelihood:-37.5789357735
test loglikelihood:-145.624127344
subgraph size: 25, train sample size: 500
split:  3
-141.283252583 -141.283252583 0.0 149.0 0.0
zero smooth test num:  98
train loglikelihood:-38.5189109281 test loglikelihood:-141.283252583
-137.033472363 -137.033472363 0.0 149.0 0.0
zero smooth test num:  98
train loglikelihood:-37.3957205906 test loglikelihood:-137.033472363
-137.076516832 -137.076516832 0.0 149.0 0.0
zero smooth test num:  98
train loglikelihood:-37.4596404275 test loglikelihood:-137.076516832
-140.454405917 -140.454405917 0.0 149.0 0.0
zero smooth test num:  98
train loglikelihood:-38.2520523505 test loglikelihood:-140.454405917
-136.560586118 -136.560586118 0.0 149.0 0.0
zero smooth test num:  98
train loglikelihood:-37.6343895952 test loglikelihood:-136.560586118
log likelihood: -137.208593178
log likelihood: -38.0561644965
log likelihood: -37.3957205906
original grammar count: 834
added grammar count: 0
smooth count:0.0
train loglikelihood:-37.3957205906
test loglikelihood:-137.033472363
subgraph size: 25, train sample size: 500
split:  3
-179.927741987 -179.927741987 0.0 140.0 0.0
zero smooth test num:  99
train loglikelihood:-38.4889642592 test loglikelihood:-179.927741987
-181.4726062 -181.4726062 0.0 140.0 0.0
zero smooth test num:  99
train loglikelihood:-38.1027105134 test loglikelihood:-181.4726062
-182.433689961 -182.433689961 0.0 140.0 0.0
zero smooth test num:  99
train loglikelihood:-38.7064999584 test loglikelihood:-182.433689961
-177.126393118 -177.126393118 0.0 140.0 0.0
zero smooth test num:  99
train loglikelihood:-37.6534305307 test loglikelihood:-177.126393118
-179.361543008 -179.361543008 0.0 140.0 0.0
zero smooth test num:  99
train loglikelihood:-37.7975844001 test loglikelihood:-179.361543008
log likelihood: -143.14075701
log likelihood: -38.1724982053
log likelihood: -37.6534305307
original grammar count: 834
added grammar count: 0
smooth count:0.0
train loglikelihood:-37.6534305307
test loglikelihood:-177.126393118
