subgraph size: 25, train sample size: 500
split:  4
-141.176665012 -141.176665012 0.0 155.0 0.0
zero smooth test num:  0
train loglikelihood:-38.3279643989 test loglikelihood:-141.176665012
-140.924313676 -140.924313676 0.0 155.0 0.0
zero smooth test num:  0
train loglikelihood:-38.2744952881 test loglikelihood:-140.924313676
-141.708226172 -141.708226172 0.0 155.0 0.0
zero smooth test num:  0
train loglikelihood:-38.3851567045 test loglikelihood:-141.708226172
-141.254258285 -141.254258285 0.0 155.0 0.0
zero smooth test num:  0
train loglikelihood:-38.2700259291 test loglikelihood:-141.254258285
-139.063241891 -139.063241891 0.0 155.0 0.0
zero smooth test num:  0
train loglikelihood:-37.6812576058 test loglikelihood:-139.063241891
log likelihood: -141.833857638
log likelihood: -38.1232734705
log likelihood: -37.6812576058
original grammar count: 1892
added grammar count: 0
smooth count:0.0
train loglikelihood:-37.6812576058
test loglikelihood:-139.063241891
subgraph size: 25, train sample size: 500
split:  4
-121.026017981 -121.026017981 0.0 168.0 0.0
zero smooth test num:  1
train loglikelihood:-38.5560714493 test loglikelihood:-121.026017981
-117.800924232 -117.800924232 0.0 168.0 0.0
zero smooth test num:  1
train loglikelihood:-38.0006195567 test loglikelihood:-117.800924232
-120.69472488 -120.69472488 0.0 168.0 0.0
zero smooth test num:  1
train loglikelihood:-38.3888680478 test loglikelihood:-120.69472488
-120.209339847 -120.209339847 0.0 168.0 0.0
zero smooth test num:  1
train loglikelihood:-38.3630118368 test loglikelihood:-120.209339847
-120.783234299 -120.783234299 0.0 168.0 0.0
zero smooth test num:  1
train loglikelihood:-38.4819371002 test loglikelihood:-120.783234299
log likelihood: -145.198128037
log likelihood: -38.3231309557
log likelihood: -38.0006195567
original grammar count: 1892
added grammar count: 0
smooth count:0.0
train loglikelihood:-38.0006195567
test loglikelihood:-117.800924232
subgraph size: 25, train sample size: 500
split:  4
-166.712827279 -166.712827279 0.0 150.0 0.0
zero smooth test num:  2
train loglikelihood:-38.5834971684 test loglikelihood:-166.712827279
-165.369095554 -165.369095554 0.0 150.0 0.0
zero smooth test num:  2
train loglikelihood:-38.5710794949 test loglikelihood:-165.369095554
-161.013696209 -161.013696209 0.0 150.0 0.0
zero smooth test num:  2
train loglikelihood:-37.7188791307 test loglikelihood:-161.013696209
-164.635327664 -164.635327664 0.0 150.0 0.0
zero smooth test num:  2
train loglikelihood:-38.547312343 test loglikelihood:-164.635327664
-164.898523682 -164.898523682 0.0 150.0 0.0
zero smooth test num:  2
train loglikelihood:-38.268223207 test loglikelihood:-164.898523682
log likelihood: -149.16188245
log likelihood: -38.1544786701
log likelihood: -37.7188791307
original grammar count: 1892
added grammar count: 0
smooth count:0.0
train loglikelihood:-37.7188791307
test loglikelihood:-161.013696209
subgraph size: 25, train sample size: 500
split:  4
-158.730773184 -158.730773184 0.0 138.0 0.0
zero smooth test num:  3
train loglikelihood:-38.2825893211 test loglikelihood:-158.730773184
-155.050050434 -155.050050434 0.0 138.0 0.0
zero smooth test num:  3
train loglikelihood:-37.7861976756 test loglikelihood:-155.050050434
-159.378926516 -159.378926516 0.0 138.0 0.0
zero smooth test num:  3
train loglikelihood:-38.459319158 test loglikelihood:-159.378926516
-159.815047134 -159.815047134 0.0 138.0 0.0
zero smooth test num:  3
train loglikelihood:-38.5967642204 test loglikelihood:-159.815047134
-155.184580047 -155.184580047 0.0 138.0 0.0
zero smooth test num:  3
train loglikelihood:-37.5413656312 test loglikelihood:-155.184580047
log likelihood: -143.655964825
log likelihood: -37.9175074894
log likelihood: -37.5413656312
original grammar count: 1892
added grammar count: 0
smooth count:0.0
train loglikelihood:-37.5413656312
test loglikelihood:-155.184580047
subgraph size: 25, train sample size: 500
split:  4
-162.802255703 -162.802255703 0.0 150.0 0.0
zero smooth test num:  4
train loglikelihood:-37.8833376791 test loglikelihood:-162.802255703
-166.436012013 -166.436012013 0.0 150.0 0.0
zero smooth test num:  4
train loglikelihood:-38.4198032934 test loglikelihood:-166.436012013
-163.862667108 -163.862667108 0.0 150.0 0.0
zero smooth test num:  4
train loglikelihood:-38.3170592711 test loglikelihood:-163.862667108
-162.011865898 -162.011865898 0.0 150.0 0.0
zero smooth test num:  4
train loglikelihood:-37.7545291555 test loglikelihood:-162.011865898
-162.433870125 -162.433870125 0.0 150.0 0.0
zero smooth test num:  4
train loglikelihood:-37.8891373688 test loglikelihood:-162.433870125
log likelihood: -141.049865879
log likelihood: -38.2138081969
log likelihood: -37.7545291555
original grammar count: 1892
added grammar count: 0
smooth count:0.0
train loglikelihood:-37.7545291555
test loglikelihood:-162.011865898
subgraph size: 25, train sample size: 500
split:  4
-137.477351049 -137.477351049 0.0 161.0 0.0
zero smooth test num:  5
train loglikelihood:-37.5626750406 test loglikelihood:-137.477351049
-141.362159391 -141.362159391 0.0 161.0 0.0
zero smooth test num:  5
train loglikelihood:-37.9900424837 test loglikelihood:-141.362159391
-141.512433513 -141.512433513 0.0 161.0 0.0
zero smooth test num:  5
train loglikelihood:-37.9123518713 test loglikelihood:-141.512433513
-146.723228162 -146.723228162 0.0 161.0 0.0
zero smooth test num:  5
train loglikelihood:-38.4939087786 test loglikelihood:-146.723228162
-142.490189048 -142.490189048 0.0 161.0 0.0
zero smooth test num:  5
train loglikelihood:-38.2322136343 test loglikelihood:-142.490189048
log likelihood: -143.434437368
log likelihood: -38.0420168732
log likelihood: -37.5626750406
original grammar count: 1892
added grammar count: 0
smooth count:0.0
train loglikelihood:-37.5626750406
test loglikelihood:-137.477351049
subgraph size: 25, train sample size: 500
split:  4
-152.140654151 -152.140654151 0.0 146.0 0.0
zero smooth test num:  6
train loglikelihood:-37.8996434234 test loglikelihood:-152.140654151
-152.223753926 -152.223753926 0.0 146.0 0.0
zero smooth test num:  6
train loglikelihood:-37.7413589846 test loglikelihood:-152.223753926
-156.131985711 -156.131985711 0.0 146.0 0.0
zero smooth test num:  6
train loglikelihood:-38.6331125323 test loglikelihood:-156.131985711
-153.165719823 -153.165719823 0.0 146.0 0.0
zero smooth test num:  6
train loglikelihood:-38.2898305289 test loglikelihood:-153.165719823
-154.83819865 -154.83819865 0.0 146.0 0.0
zero smooth test num:  6
train loglikelihood:-38.1618219026 test loglikelihood:-154.83819865
log likelihood: -144.895315367
log likelihood: -38.3073663268
log likelihood: -37.7413589846
original grammar count: 1892
added grammar count: 0
smooth count:0.0
train loglikelihood:-37.7413589846
test loglikelihood:-152.223753926
subgraph size: 25, train sample size: 500
split:  4
-154.636330775 -154.636330775 0.0 134.0 0.0
zero smooth test num:  7
train loglikelihood:-38.5289621154 test loglikelihood:-154.636330775
-151.02905641 -151.02905641 0.0 134.0 0.0
zero smooth test num:  7
train loglikelihood:-37.4359152645 test loglikelihood:-151.02905641
-153.391981846 -153.391981846 0.0 134.0 0.0
zero smooth test num:  7
train loglikelihood:-38.2760456519 test loglikelihood:-153.391981846
-152.180335051 -152.180335051 0.0 134.0 0.0
zero smooth test num:  7
train loglikelihood:-37.9912592696 test loglikelihood:-152.180335051
-152.490624244 -152.490624244 0.0 134.0 0.0
zero smooth test num:  7
train loglikelihood:-38.1294906232 test loglikelihood:-152.490624244
log likelihood: -145.383745389
log likelihood: -38.0100386077
log likelihood: -37.4359152645
original grammar count: 1892
added grammar count: 0
smooth count:0.0
train loglikelihood:-37.4359152645
test loglikelihood:-151.02905641
subgraph size: 25, train sample size: 500
split:  4
-170.818733529 -170.818733529 0.0 144.0 0.0
zero smooth test num:  8
train loglikelihood:-37.744503733 test loglikelihood:-170.818733529
-171.849368472 -171.849368472 0.0 144.0 0.0
zero smooth test num:  8
train loglikelihood:-37.9372392077 test loglikelihood:-171.849368472
-171.523512336 -171.523512336 0.0 144.0 0.0
zero smooth test num:  8
train loglikelihood:-38.0210372461 test loglikelihood:-171.523512336
-175.511759161 -175.511759161 0.0 144.0 0.0
zero smooth test num:  8
train loglikelihood:-38.619041947 test loglikelihood:-175.511759161
-173.996710295 -173.996710295 0.0 144.0 0.0
zero smooth test num:  8
train loglikelihood:-38.3304422589 test loglikelihood:-173.996710295
log likelihood: -138.195656959
log likelihood: -38.1663718503
log likelihood: -37.744503733
original grammar count: 1892
added grammar count: 0
smooth count:0.0
train loglikelihood:-37.744503733
test loglikelihood:-170.818733529
subgraph size: 25, train sample size: 500
split:  4
-153.94831546 -153.94831546 0.0 143.0 0.0
zero smooth test num:  9
train loglikelihood:-37.7890940296 test loglikelihood:-153.94831546
-155.062850987 -155.062850987 0.0 143.0 0.0
zero smooth test num:  9
train loglikelihood:-38.5554550119 test loglikelihood:-155.062850987
-154.532196282 -154.532196282 0.0 143.0 0.0
zero smooth test num:  9
train loglikelihood:-37.7688747788 test loglikelihood:-154.532196282
-153.544783469 -153.544783469 0.0 143.0 0.0
zero smooth test num:  9
train loglikelihood:-38.0271748184 test loglikelihood:-153.544783469
-154.887857124 -154.887857124 0.0 143.0 0.0
zero smooth test num:  9
train loglikelihood:-38.3100843923 test loglikelihood:-154.887857124
log likelihood: -137.866392137
log likelihood: -38.2491437889
log likelihood: -37.7688747788
original grammar count: 1892
added grammar count: 0
smooth count:0.0
train loglikelihood:-37.7688747788
test loglikelihood:-154.532196282
subgraph size: 25, train sample size: 500
split:  4
-164.332883283 -164.332883283 0.0 156.0 0.0
zero smooth test num:  10
train loglikelihood:-38.6078868045 test loglikelihood:-164.332883283
-164.469636064 -164.469636064 0.0 156.0 0.0
zero smooth test num:  10
train loglikelihood:-38.612115661 test loglikelihood:-164.469636064
-161.044311528 -161.044311528 0.0 156.0 0.0
zero smooth test num:  10
train loglikelihood:-37.8675959043 test loglikelihood:-161.044311528
-158.214516317 -158.214516317 0.0 156.0 0.0
zero smooth test num:  10
train loglikelihood:-37.6705602646 test loglikelihood:-158.214516317
-160.918203722 -160.918203722 0.0 156.0 0.0
zero smooth test num:  10
train loglikelihood:-38.0898787017 test loglikelihood:-160.918203722
log likelihood: -144.212060323
log likelihood: -38.2095346864
log likelihood: -37.6705602646
original grammar count: 1892
added grammar count: 0
smooth count:0.0
train loglikelihood:-37.6705602646
test loglikelihood:-158.214516317
subgraph size: 25, train sample size: 500
split:  4
-136.704991828 -136.704991828 0.0 152.0 0.0
zero smooth test num:  11
train loglikelihood:-38.056298647 test loglikelihood:-136.704991828
-138.910478214 -138.910478214 0.0 152.0 0.0
zero smooth test num:  11
train loglikelihood:-38.1816795877 test loglikelihood:-138.910478214
-134.828322823 -134.828322823 0.0 152.0 0.0
zero smooth test num:  11
train loglikelihood:-37.8137994874 test loglikelihood:-134.828322823
-137.883996268 -137.883996268 0.0 152.0 0.0
zero smooth test num:  11
train loglikelihood:-38.094748625 test loglikelihood:-137.883996268
-139.611067318 -139.611067318 0.0 152.0 0.0
zero smooth test num:  11
train loglikelihood:-38.2985637999 test loglikelihood:-139.611067318
log likelihood: -146.084757897
log likelihood: -38.1600708504
log likelihood: -37.8137994874
original grammar count: 1892
added grammar count: 0
smooth count:0.0
train loglikelihood:-37.8137994874
test loglikelihood:-134.828322823
subgraph size: 25, train sample size: 500
split:  4
-138.717402932 -138.717402932 0.0 150.0 0.0
zero smooth test num:  12
train loglikelihood:-38.4478722775 test loglikelihood:-138.717402932
-138.370421386 -138.370421386 0.0 150.0 0.0
zero smooth test num:  12
train loglikelihood:-38.2749913321 test loglikelihood:-138.370421386
-137.549685131 -137.549685131 0.0 150.0 0.0
zero smooth test num:  12
train loglikelihood:-38.1090663603 test loglikelihood:-137.549685131
-139.347223545 -139.347223545 0.0 150.0 0.0
zero smooth test num:  12
train loglikelihood:-38.3541680943 test loglikelihood:-139.347223545
-139.595713009 -139.595713009 0.0 150.0 0.0
zero smooth test num:  12
train loglikelihood:-38.4912203348 test loglikelihood:-139.595713009
log likelihood: -148.327621979
log likelihood: -38.4130944033
log likelihood: -38.1090663603
original grammar count: 1892
added grammar count: 0
smooth count:0.0
train loglikelihood:-38.1090663603
test loglikelihood:-137.549685131
subgraph size: 25, train sample size: 500
split:  4
-151.37560652 -151.37560652 0.0 153.0 0.0
zero smooth test num:  13
train loglikelihood:-38.1241317865 test loglikelihood:-151.37560652
-148.593375923 -148.593375923 0.0 153.0 0.0
zero smooth test num:  13
train loglikelihood:-37.7038921519 test loglikelihood:-148.593375923
-150.409404387 -150.409404387 0.0 153.0 0.0
zero smooth test num:  13
train loglikelihood:-38.033122139 test loglikelihood:-150.409404387
-153.072659045 -153.072659045 0.0 153.0 0.0
zero smooth test num:  13
train loglikelihood:-38.4893597806 test loglikelihood:-153.072659045
-149.536382447 -149.536382447 0.0 153.0 0.0
zero smooth test num:  13
train loglikelihood:-37.7411356879 test loglikelihood:-149.536382447
log likelihood: -141.748564396
log likelihood: -38.1733931736
log likelihood: -37.7038921519
original grammar count: 1892
added grammar count: 0
smooth count:0.0
train loglikelihood:-37.7038921519
test loglikelihood:-148.593375923
subgraph size: 25, train sample size: 500
split:  4
-130.501539132 -130.501539132 0.0 159.0 0.0
zero smooth test num:  14
train loglikelihood:-37.9043382193 test loglikelihood:-130.501539132
-131.83642393 -131.83642393 0.0 159.0 0.0
zero smooth test num:  14
train loglikelihood:-38.1547945899 test loglikelihood:-131.83642393
-133.265757819 -133.265757819 0.0 159.0 0.0
zero smooth test num:  14
train loglikelihood:-38.4220324921 test loglikelihood:-133.265757819
-130.93542733 -130.93542733 0.0 159.0 0.0
zero smooth test num:  14
train loglikelihood:-38.0891969396 test loglikelihood:-130.93542733
-133.659802619 -133.659802619 0.0 159.0 0.0
zero smooth test num:  14
train loglikelihood:-38.447707773 test loglikelihood:-133.659802619
log likelihood: -144.04866571
log likelihood: -38.2857995823
log likelihood: -37.9043382193
original grammar count: 1892
added grammar count: 0
smooth count:0.0
train loglikelihood:-37.9043382193
test loglikelihood:-130.501539132
subgraph size: 25, train sample size: 500
split:  4
-142.360106556 -142.360106556 0.0 149.0 0.0
zero smooth test num:  15
train loglikelihood:-38.1169817953 test loglikelihood:-142.360106556
-144.888253502 -144.888253502 0.0 149.0 0.0
zero smooth test num:  15
train loglikelihood:-38.4917044355 test loglikelihood:-144.888253502
-141.236708911 -141.236708911 0.0 149.0 0.0
zero smooth test num:  15
train loglikelihood:-37.7655642053 test loglikelihood:-141.236708911
-143.249271141 -143.249271141 0.0 149.0 0.0
zero smooth test num:  15
train loglikelihood:-38.148463646 test loglikelihood:-143.249271141
-143.697191759 -143.697191759 0.0 149.0 0.0
zero smooth test num:  15
train loglikelihood:-38.3191046673 test loglikelihood:-143.697191759
log likelihood: -143.205431195
log likelihood: -38.1883777347
log likelihood: -37.7655642053
original grammar count: 1892
added grammar count: 0
smooth count:0.0
train loglikelihood:-37.7655642053
test loglikelihood:-141.236708911
subgraph size: 25, train sample size: 500
split:  4
-156.913989579 -156.913989579 0.0 155.0 0.0
zero smooth test num:  16
train loglikelihood:-37.7682610128 test loglikelihood:-156.913989579
-156.541499009 -156.541499009 0.0 155.0 0.0
zero smooth test num:  16
train loglikelihood:-38.0159490421 test loglikelihood:-156.541499009
-157.544637885 -157.544637885 0.0 155.0 0.0
zero smooth test num:  16
train loglikelihood:-38.1987162514 test loglikelihood:-157.544637885
-156.133957886 -156.133957886 0.0 155.0 0.0
zero smooth test num:  16
train loglikelihood:-37.7720919744 test loglikelihood:-156.133957886
-157.075212787 -157.075212787 0.0 155.0 0.0
zero smooth test num:  16
train loglikelihood:-37.9850957538 test loglikelihood:-157.075212787
log likelihood: -142.04517936
log likelihood: -38.2525816441
log likelihood: -37.7682610128
original grammar count: 1892
added grammar count: 0
smooth count:0.0
train loglikelihood:-37.7682610128
test loglikelihood:-156.913989579
subgraph size: 25, train sample size: 500
split:  4
-10154.1631722 -154.163172187 0.999999999999 157.0 0.00636942675159
train loglikelihood:-38.6022244565 test loglikelihood:-154.163172187
-10149.1012649 -149.101264916 0.999999999999 157.0 0.00636942675159
train loglikelihood:-38.3139619217 test loglikelihood:-149.101264916
-10148.6054407 -148.605440638 1.0 157.0 0.0063694267516
train loglikelihood:-37.9937775954 test loglikelihood:-148.605440638
-10147.4506541 -147.450654096 1.0 157.0 0.0063694267516
train loglikelihood:-38.0055725007 test loglikelihood:-147.450654096
-10153.6453727 -153.64537275 0.999999999998 157.0 0.00636942675158
train loglikelihood:-38.5880147286 test loglikelihood:-153.64537275
log likelihood: -145.970734186
log likelihood: -38.4140042639
log likelihood: -37.9937775954
original grammar count: 1892
added grammar count: 16
smooth count:1.0
train loglikelihood:-37.9937775954
test loglikelihood:-148.605440638
subgraph size: 25, train sample size: 500
split:  4
-152.827672345 -152.827672345 0.0 150.0 0.0
zero smooth test num:  18
train loglikelihood:-38.0885820323 test loglikelihood:-152.827672345
-155.166320988 -155.166320988 0.0 150.0 0.0
zero smooth test num:  18
train loglikelihood:-38.5496179118 test loglikelihood:-155.166320988
-150.74688857 -150.74688857 0.0 150.0 0.0
zero smooth test num:  18
train loglikelihood:-38.0114706025 test loglikelihood:-150.74688857
-154.542234818 -154.542234818 0.0 150.0 0.0
zero smooth test num:  18
train loglikelihood:-38.3878472067 test loglikelihood:-154.542234818
-149.349698228 -149.349698228 0.0 150.0 0.0
zero smooth test num:  18
train loglikelihood:-37.780300122 test loglikelihood:-149.349698228
log likelihood: -143.6949577
log likelihood: -38.2398797324
log likelihood: -37.780300122
original grammar count: 1892
added grammar count: 0
smooth count:0.0
train loglikelihood:-37.780300122
test loglikelihood:-149.349698228
subgraph size: 25, train sample size: 500
split:  4
-158.737534445 -158.737534445 0.0 145.0 0.0
zero smooth test num:  19
train loglikelihood:-38.0646565821 test loglikelihood:-158.737534445
-159.214688046 -159.214688046 0.0 145.0 0.0
zero smooth test num:  19
train loglikelihood:-38.2252608823 test loglikelihood:-159.214688046
-159.132547383 -159.132547383 0.0 145.0 0.0
zero smooth test num:  19
train loglikelihood:-38.2317326894 test loglikelihood:-159.132547383
-158.141587623 -158.141587623 0.0 145.0 0.0
zero smooth test num:  19
train loglikelihood:-38.2249285711 test loglikelihood:-158.141587623
-158.252242152 -158.252242152 0.0 145.0 0.0
zero smooth test num:  19
train loglikelihood:-38.1553941384 test loglikelihood:-158.252242152
log likelihood: -139.675575684
log likelihood: -38.391937919
log likelihood: -38.0646565821
original grammar count: 1892
added grammar count: 0
smooth count:0.0
train loglikelihood:-38.0646565821
test loglikelihood:-158.737534445
subgraph size: 25, train sample size: 500
split:  4
-167.810032012 -167.810032012 0.0 147.0 0.0
zero smooth test num:  20
train loglikelihood:-38.4442991803 test loglikelihood:-167.810032012
-168.018318693 -168.018318693 0.0 147.0 0.0
zero smooth test num:  20
train loglikelihood:-38.4061054076 test loglikelihood:-168.018318693
-163.203923031 -163.203923031 0.0 147.0 0.0
zero smooth test num:  20
train loglikelihood:-38.2055840437 test loglikelihood:-163.203923031
-166.123632354 -166.123632354 0.0 147.0 0.0
zero smooth test num:  20
train loglikelihood:-38.4216366297 test loglikelihood:-166.123632354
-161.953557881 -161.953557881 0.0 147.0 0.0
zero smooth test num:  20
train loglikelihood:-37.9308301284 test loglikelihood:-161.953557881
log likelihood: -136.917053542
log likelihood: -38.3674775578
log likelihood: -37.9308301284
original grammar count: 1892
added grammar count: 0
smooth count:0.0
train loglikelihood:-37.9308301284
test loglikelihood:-161.953557881
subgraph size: 25, train sample size: 500
split:  4
-144.836054139 -144.836054139 0.0 156.0 0.0
zero smooth test num:  21
train loglikelihood:-37.8051905087 test loglikelihood:-144.836054139
-149.810704057 -149.810704057 0.0 156.0 0.0
zero smooth test num:  21
train loglikelihood:-38.5769922866 test loglikelihood:-149.810704057
-143.771790539 -143.771790539 0.0 156.0 0.0
zero smooth test num:  21
train loglikelihood:-37.6708680959 test loglikelihood:-143.771790539
-150.474695726 -150.474695726 0.0 156.0 0.0
zero smooth test num:  21
train loglikelihood:-38.6189763521 test loglikelihood:-150.474695726
-146.347056943 -146.347056943 0.0 156.0 0.0
zero smooth test num:  21
train loglikelihood:-37.9208035694 test loglikelihood:-146.347056943
log likelihood: -150.528005165
log likelihood: -38.2025406537
log likelihood: -37.6708680959
original grammar count: 1892
added grammar count: 0
smooth count:0.0
train loglikelihood:-37.6708680959
test loglikelihood:-143.771790539
subgraph size: 25, train sample size: 500
split:  4
-146.109646807 -146.109646807 0.0 140.0 0.0
zero smooth test num:  22
train loglikelihood:-37.9867889081 test loglikelihood:-146.109646807
-146.337165092 -146.337165092 0.0 140.0 0.0
zero smooth test num:  22
train loglikelihood:-38.1049355092 test loglikelihood:-146.337165092
-149.085665911 -149.085665911 0.0 140.0 0.0
zero smooth test num:  22
train loglikelihood:-38.5679371227 test loglikelihood:-149.085665911
-148.595059681 -148.595059681 0.0 140.0 0.0
zero smooth test num:  22
train loglikelihood:-38.4541767067 test loglikelihood:-148.595059681
-147.511404065 -147.511404065 0.0 140.0 0.0
zero smooth test num:  22
train loglikelihood:-38.3429570026 test loglikelihood:-147.511404065
log likelihood: -139.765774632
log likelihood: -38.4085424465
log likelihood: -37.9867889081
original grammar count: 1892
added grammar count: 0
smooth count:0.0
train loglikelihood:-37.9867889081
test loglikelihood:-146.109646807
subgraph size: 25, train sample size: 500
split:  4
-161.261161203 -161.261161203 0.0 139.0 0.0
zero smooth test num:  23
train loglikelihood:-38.5346649038 test loglikelihood:-161.261161203
-162.443079519 -162.443079519 0.0 139.0 0.0
zero smooth test num:  23
train loglikelihood:-38.6098052473 test loglikelihood:-162.443079519
-161.773337766 -161.773337766 0.0 139.0 0.0
zero smooth test num:  23
train loglikelihood:-38.4916419708 test loglikelihood:-161.773337766
-160.59781555 -160.59781555 0.0 139.0 0.0
zero smooth test num:  23
train loglikelihood:-38.3874263152 test loglikelihood:-160.59781555
-159.976730387 -159.976730387 0.0 139.0 0.0
zero smooth test num:  23
train loglikelihood:-38.2315667178 test loglikelihood:-159.976730387
log likelihood: -136.774214754
log likelihood: -38.5287601253
log likelihood: -38.2315667178
original grammar count: 1892
added grammar count: 0
smooth count:0.0
train loglikelihood:-38.2315667178
test loglikelihood:-159.976730387
subgraph size: 25, train sample size: 500
split:  4
-158.348739554 -158.348739554 0.0 142.0 0.0
zero smooth test num:  24
train loglikelihood:-38.3147593218 test loglikelihood:-158.348739554
-159.828456672 -159.828456672 0.0 142.0 0.0
zero smooth test num:  24
train loglikelihood:-38.5927017247 test loglikelihood:-159.828456672
-158.356502572 -158.356502572 0.0 142.0 0.0
zero smooth test num:  24
train loglikelihood:-38.2180540749 test loglikelihood:-158.356502572
-160.092665907 -160.092665907 0.0 142.0 0.0
zero smooth test num:  24
train loglikelihood:-38.5883906285 test loglikelihood:-160.092665907
-157.668144336 -157.668144336 0.0 142.0 0.0
zero smooth test num:  24
train loglikelihood:-37.5358526818 test loglikelihood:-157.668144336
log likelihood: -146.57245701
log likelihood: -38.1373339139
log likelihood: -37.5358526818
original grammar count: 1892
added grammar count: 0
smooth count:0.0
train loglikelihood:-37.5358526818
test loglikelihood:-157.668144336
subgraph size: 25, train sample size: 500
split:  4
-192.702888395 -192.702888395 0.0 151.0 0.0
zero smooth test num:  25
train loglikelihood:-38.3757498189 test loglikelihood:-192.702888395
-186.167556954 -186.167556954 0.0 151.0 0.0
zero smooth test num:  25
train loglikelihood:-37.7609854703 test loglikelihood:-186.167556954
-191.264831462 -191.264831462 0.0 151.0 0.0
zero smooth test num:  25
train loglikelihood:-37.9361097904 test loglikelihood:-191.264831462
-192.932618926 -192.932618926 0.0 151.0 0.0
zero smooth test num:  25
train loglikelihood:-38.1377778247 test loglikelihood:-192.932618926
-196.274214549 -196.274214549 0.0 151.0 0.0
zero smooth test num:  25
train loglikelihood:-38.6369490009 test loglikelihood:-196.274214549
log likelihood: -143.425783139
log likelihood: -38.2909745988
log likelihood: -37.7609854703
original grammar count: 1892
added grammar count: 0
smooth count:0.0
train loglikelihood:-37.7609854703
test loglikelihood:-186.167556954
subgraph size: 25, train sample size: 500
split:  4
-159.635593154 -159.635593154 0.0 156.0 0.0
zero smooth test num:  26
train loglikelihood:-38.6474946829 test loglikelihood:-159.635593154
-158.137232002 -158.137232002 0.0 156.0 0.0
zero smooth test num:  26
train loglikelihood:-38.5851763491 test loglikelihood:-158.137232002
-155.848480349 -155.848480349 0.0 156.0 0.0
zero smooth test num:  26
train loglikelihood:-38.3572661424 test loglikelihood:-155.848480349
-154.647262496 -154.647262496 0.0 156.0 0.0
zero smooth test num:  26
train loglikelihood:-38.1508873994 test loglikelihood:-154.647262496
-159.096335354 -159.096335354 0.0 156.0 0.0
zero smooth test num:  26
train loglikelihood:-38.4611754151 test loglikelihood:-159.096335354
log likelihood: -136.487124325
log likelihood: -38.4663406507
log likelihood: -38.1508873994
original grammar count: 1892
added grammar count: 0
smooth count:0.0
train loglikelihood:-38.1508873994
test loglikelihood:-154.647262496
subgraph size: 25, train sample size: 500
split:  4
-153.136555831 -153.136555831 0.0 148.0 0.0
zero smooth test num:  27
train loglikelihood:-38.5706292021 test loglikelihood:-153.136555831
-149.203369264 -149.203369264 0.0 148.0 0.0
zero smooth test num:  27
train loglikelihood:-37.9886477377 test loglikelihood:-149.203369264
-148.381409782 -148.381409782 0.0 148.0 0.0
zero smooth test num:  27
train loglikelihood:-37.9205864536 test loglikelihood:-148.381409782
-148.81704625 -148.81704625 0.0 148.0 0.0
zero smooth test num:  27
train loglikelihood:-38.0607072281 test loglikelihood:-148.81704625
-149.13116258 -149.13116258 0.0 148.0 0.0
zero smooth test num:  27
train loglikelihood:-38.0297145352 test loglikelihood:-149.13116258
log likelihood: -140.331550941
log likelihood: -38.3617493135
log likelihood: -37.9205864536
original grammar count: 1892
added grammar count: 0
smooth count:0.0
train loglikelihood:-37.9205864536
test loglikelihood:-148.381409782
subgraph size: 25, train sample size: 500
split:  4
-197.408966359 -197.408966359 0.0 147.0 0.0
zero smooth test num:  28
train loglikelihood:-38.4114718503 test loglikelihood:-197.408966359
-191.144210302 -191.144210302 0.0 147.0 0.0
zero smooth test num:  28
train loglikelihood:-38.0371842954 test loglikelihood:-191.144210302
-187.837539217 -187.837539217 0.0 147.0 0.0
zero smooth test num:  28
train loglikelihood:-37.6417774548 test loglikelihood:-187.837539217
-188.628630723 -188.628630723 0.0 147.0 0.0
zero smooth test num:  28
train loglikelihood:-37.862713344 test loglikelihood:-188.628630723
-187.521407321 -187.521407321 0.0 147.0 0.0
zero smooth test num:  28
train loglikelihood:-37.9828341418 test loglikelihood:-187.521407321
log likelihood: -146.49673447
log likelihood: -38.1174871465
log likelihood: -37.6417774548
original grammar count: 1892
added grammar count: 0
smooth count:0.0
train loglikelihood:-37.6417774548
test loglikelihood:-187.837539217
subgraph size: 25, train sample size: 500
split:  4
-10193.2525668 -193.252566816 1.0 148.0 0.00675675675677
train loglikelihood:-37.9232992239 test loglikelihood:-193.252566816
-10197.8116586 -197.811658595 0.999999999999 148.0 0.00675675675675
train loglikelihood:-37.9955459807 test loglikelihood:-197.811658595
-10192.3255716 -192.325571593 1.0 148.0 0.00675675675676
train loglikelihood:-38.2079849615 test loglikelihood:-192.325571593
-10190.3841945 -190.384194476 0.999999999999 148.0 0.00675675675675
train loglikelihood:-37.9846924831 test loglikelihood:-190.384194476
-10202.3605506 -202.360550617 0.999999999998 148.0 0.00675675675675
train loglikelihood:-38.6565221398 test loglikelihood:-202.360550617
log likelihood: -165.284651941
log likelihood: -38.3082189216
log likelihood: -37.9232992239
original grammar count: 1892
added grammar count: 16
smooth count:1.0
train loglikelihood:-37.9232992239
test loglikelihood:-193.252566816
subgraph size: 25, train sample size: 500
split:  4
-143.585419912 -143.585419912 0.0 146.0 0.0
zero smooth test num:  30
train loglikelihood:-38.5557967543 test loglikelihood:-143.585419912
-142.496160872 -142.496160872 0.0 146.0 0.0
zero smooth test num:  30
train loglikelihood:-38.0198057523 test loglikelihood:-142.496160872
-142.844569636 -142.844569636 0.0 146.0 0.0
zero smooth test num:  30
train loglikelihood:-38.2777888789 test loglikelihood:-142.844569636
-142.735443234 -142.735443234 0.0 146.0 0.0
zero smooth test num:  30
train loglikelihood:-38.0511366872 test loglikelihood:-142.735443234
-141.643997419 -141.643997419 0.0 146.0 0.0
zero smooth test num:  30
train loglikelihood:-38.1768933778 test loglikelihood:-141.643997419
log likelihood: -141.950841865
log likelihood: -38.3853250952
log likelihood: -38.0198057523
original grammar count: 1892
added grammar count: 0
smooth count:0.0
train loglikelihood:-38.0198057523
test loglikelihood:-142.496160872
subgraph size: 25, train sample size: 500
split:  4
-10164.5533024 -164.553302356 1.0 140.0 0.00714285714286
train loglikelihood:-37.9947318956 test loglikelihood:-164.553302356
-10165.3096361 -165.309636149 0.999999999998 140.0 0.00714285714285
train loglikelihood:-37.7718187983 test loglikelihood:-165.309636149
-10162.6737533 -162.67375326 0.999999999999 140.0 0.00714285714285
train loglikelihood:-37.5318030177 test loglikelihood:-162.67375326
-10166.2853857 -166.285385674 1.0 140.0 0.00714285714287
train loglikelihood:-38.4677316501 test loglikelihood:-166.285385674
-10165.3900142 -165.3900142 1.0 140.0 0.00714285714288
train loglikelihood:-38.6020306372 test loglikelihood:-165.3900142
log likelihood: -146.187213031
log likelihood: -38.1486927491
log likelihood: -37.5318030177
original grammar count: 1892
added grammar count: 16
smooth count:0.999999999999
train loglikelihood:-37.5318030177
test loglikelihood:-162.67375326
subgraph size: 25, train sample size: 500
split:  4
-178.787602848 -178.787602848 0.0 153.0 0.0
zero smooth test num:  32
train loglikelihood:-38.3461702546 test loglikelihood:-178.787602848
-171.842688241 -171.842688241 0.0 153.0 0.0
zero smooth test num:  32
train loglikelihood:-38.3196785746 test loglikelihood:-171.842688241
-179.19778361 -179.19778361 0.0 153.0 0.0
zero smooth test num:  32
train loglikelihood:-37.8850572033 test loglikelihood:-179.19778361
-178.817990894 -178.817990894 0.0 153.0 0.0
zero smooth test num:  32
train loglikelihood:-38.4944679829 test loglikelihood:-178.817990894
-174.925660208 -174.925660208 0.0 153.0 0.0
zero smooth test num:  32
train loglikelihood:-37.759042888 test loglikelihood:-174.925660208
log likelihood: -141.633152734
log likelihood: -38.271299624
log likelihood: -37.759042888
original grammar count: 1892
added grammar count: 0
smooth count:0.0
train loglikelihood:-37.759042888
test loglikelihood:-174.925660208
subgraph size: 25, train sample size: 500
split:  4
-169.993097081 -169.993097081 0.0 150.0 0.0
zero smooth test num:  33
train loglikelihood:-37.7015976833 test loglikelihood:-169.993097081
-172.575297367 -172.575297367 0.0 150.0 0.0
zero smooth test num:  33
train loglikelihood:-38.2893338415 test loglikelihood:-172.575297367
-173.604957527 -173.604957527 0.0 150.0 0.0
zero smooth test num:  33
train loglikelihood:-38.442221365 test loglikelihood:-173.604957527
-171.010677127 -171.010677127 0.0 150.0 0.0
zero smooth test num:  33
train loglikelihood:-37.9524716603 test loglikelihood:-171.010677127
-173.513114707 -173.513114707 0.0 150.0 0.0
zero smooth test num:  33
train loglikelihood:-38.5165454799 test loglikelihood:-173.513114707
log likelihood: -141.895001037
log likelihood: -38.2622125234
log likelihood: -37.7015976833
original grammar count: 1892
added grammar count: 0
smooth count:0.0
train loglikelihood:-37.7015976833
test loglikelihood:-169.993097081
subgraph size: 25, train sample size: 500
split:  4
-158.929391499 -158.929391499 0.0 154.0 0.0
zero smooth test num:  34
train loglikelihood:-38.167712119 test loglikelihood:-158.929391499
-162.546034794 -162.546034794 0.0 154.0 0.0
zero smooth test num:  34
train loglikelihood:-38.606461013 test loglikelihood:-162.546034794
-162.112855164 -162.112855164 0.0 154.0 0.0
zero smooth test num:  34
train loglikelihood:-38.4408801529 test loglikelihood:-162.112855164
-160.256882686 -160.256882686 0.0 154.0 0.0
zero smooth test num:  34
train loglikelihood:-38.4874886519 test loglikelihood:-160.256882686
-162.368977058 -162.368977058 0.0 154.0 0.0
zero smooth test num:  34
train loglikelihood:-38.5879547887 test loglikelihood:-162.368977058
log likelihood: -141.473300811
log likelihood: -38.4296204485
log likelihood: -38.167712119
original grammar count: 1892
added grammar count: 0
smooth count:0.0
train loglikelihood:-38.167712119
test loglikelihood:-158.929391499
subgraph size: 25, train sample size: 500
split:  4
-146.483576664 -146.483576664 0.0 152.0 0.0
zero smooth test num:  35
train loglikelihood:-38.2527421843 test loglikelihood:-146.483576664
-146.800100022 -146.800100022 0.0 152.0 0.0
zero smooth test num:  35
train loglikelihood:-38.2817654142 test loglikelihood:-146.800100022
-148.138389272 -148.138389272 0.0 152.0 0.0
zero smooth test num:  35
train loglikelihood:-38.4768352951 test loglikelihood:-148.138389272
-148.170162242 -148.170162242 0.0 152.0 0.0
zero smooth test num:  35
train loglikelihood:-38.4665478711 test loglikelihood:-148.170162242
-144.315344818 -144.315344818 0.0 152.0 0.0
zero smooth test num:  35
train loglikelihood:-37.9377758787 test loglikelihood:-144.315344818
log likelihood: -145.25615187
log likelihood: -38.3432271969
log likelihood: -37.9377758787
original grammar count: 1892
added grammar count: 0
smooth count:0.0
train loglikelihood:-37.9377758787
test loglikelihood:-144.315344818
subgraph size: 25, train sample size: 500
split:  4
-165.427732191 -165.427732191 0.0 140.0 0.0
zero smooth test num:  36
train loglikelihood:-37.8783053133 test loglikelihood:-165.427732191
-169.932582739 -169.932582739 0.0 140.0 0.0
zero smooth test num:  36
train loglikelihood:-38.3213848661 test loglikelihood:-169.932582739
-166.207906358 -166.207906358 0.0 140.0 0.0
zero smooth test num:  36
train loglikelihood:-37.9918279306 test loglikelihood:-166.207906358
-169.15876554 -169.15876554 0.0 140.0 0.0
zero smooth test num:  36
train loglikelihood:-38.4457119974 test loglikelihood:-169.15876554
-167.887105041 -167.887105041 0.0 140.0 0.0
zero smooth test num:  36
train loglikelihood:-38.2576167632 test loglikelihood:-167.887105041
log likelihood: -143.024389832
log likelihood: -38.2747917158
log likelihood: -37.8783053133
original grammar count: 1892
added grammar count: 0
smooth count:0.0
train loglikelihood:-37.8783053133
test loglikelihood:-165.427732191
subgraph size: 25, train sample size: 500
split:  4
-158.545624696 -158.545624696 0.0 147.0 0.0
zero smooth test num:  37
train loglikelihood:-37.8044835764 test loglikelihood:-158.545624696
-157.997412332 -157.997412332 0.0 147.0 0.0
zero smooth test num:  37
train loglikelihood:-37.7499884109 test loglikelihood:-157.997412332
-159.180636822 -159.180636822 0.0 147.0 0.0
zero smooth test num:  37
train loglikelihood:-38.1711414822 test loglikelihood:-159.180636822
-154.462300304 -154.462300304 0.0 147.0 0.0
zero smooth test num:  37
train loglikelihood:-37.6394461596 test loglikelihood:-154.462300304
-158.773488689 -158.773488689 0.0 147.0 0.0
zero smooth test num:  37
train loglikelihood:-38.1403189967 test loglikelihood:-158.773488689
log likelihood: -147.276164006
log likelihood: -38.1712941211
log likelihood: -37.6394461596
original grammar count: 1892
added grammar count: 0
smooth count:0.0
train loglikelihood:-37.6394461596
test loglikelihood:-154.462300304
subgraph size: 25, train sample size: 500
split:  4
-167.097667606 -167.097667606 0.0 146.0 0.0
zero smooth test num:  38
train loglikelihood:-38.5637881196 test loglikelihood:-167.097667606
-161.733550834 -161.733550834 0.0 146.0 0.0
zero smooth test num:  38
train loglikelihood:-37.6900614751 test loglikelihood:-161.733550834
-162.33587387 -162.33587387 0.0 146.0 0.0
zero smooth test num:  38
train loglikelihood:-38.452966238 test loglikelihood:-162.33587387
-163.88181717 -163.88181717 0.0 146.0 0.0
zero smooth test num:  38
train loglikelihood:-38.1834203044 test loglikelihood:-163.88181717
-163.16526809 -163.16526809 0.0 146.0 0.0
zero smooth test num:  38
train loglikelihood:-38.0870530792 test loglikelihood:-163.16526809
log likelihood: -148.483141412
log likelihood: -38.2556585605
log likelihood: -37.6900614751
original grammar count: 1892
added grammar count: 0
smooth count:0.0
train loglikelihood:-37.6900614751
test loglikelihood:-161.733550834
subgraph size: 25, train sample size: 500
split:  4
-134.460741698 -134.460741698 0.0 163.0 0.0
zero smooth test num:  39
train loglikelihood:-38.2169218598 test loglikelihood:-134.460741698
-136.762097496 -136.762097496 0.0 163.0 0.0
zero smooth test num:  39
train loglikelihood:-38.5442033382 test loglikelihood:-136.762097496
-131.719457746 -131.719457746 0.0 163.0 0.0
zero smooth test num:  39
train loglikelihood:-37.9384097402 test loglikelihood:-131.719457746
-136.776948973 -136.776948973 0.0 163.0 0.0
zero smooth test num:  39
train loglikelihood:-38.6043567555 test loglikelihood:-136.776948973
-133.439184049 -133.439184049 0.0 163.0 0.0
zero smooth test num:  39
train loglikelihood:-38.042622045 test loglikelihood:-133.439184049
log likelihood: -140.925295043
log likelihood: -38.3895876388
log likelihood: -37.9384097402
original grammar count: 1892
added grammar count: 0
smooth count:0.0
train loglikelihood:-37.9384097402
test loglikelihood:-131.719457746
subgraph size: 25, train sample size: 500
split:  4
-176.250775186 -176.250775186 0.0 136.0 0.0
zero smooth test num:  40
train loglikelihood:-37.6216587714 test loglikelihood:-176.250775186
-183.114520514 -183.114520514 0.0 136.0 0.0
zero smooth test num:  40
train loglikelihood:-38.5899482438 test loglikelihood:-183.114520514
-177.742251123 -177.742251123 0.0 136.0 0.0
zero smooth test num:  40
train loglikelihood:-37.9766934694 test loglikelihood:-177.742251123
-179.020965157 -179.020965157 0.0 136.0 0.0
zero smooth test num:  40
train loglikelihood:-37.9064560401 test loglikelihood:-179.020965157
-179.549087365 -179.549087365 0.0 136.0 0.0
zero smooth test num:  40
train loglikelihood:-38.2615124881 test loglikelihood:-179.549087365
log likelihood: -142.534190689
log likelihood: -38.1637900637
log likelihood: -37.6216587714
original grammar count: 1892
added grammar count: 0
smooth count:0.0
train loglikelihood:-37.6216587714
test loglikelihood:-176.250775186
subgraph size: 25, train sample size: 500
split:  4
-158.869754242 -158.869754242 0.0 154.0 0.0
zero smooth test num:  41
train loglikelihood:-37.6941325133 test loglikelihood:-158.869754242
-163.156443889 -163.156443889 0.0 154.0 0.0
zero smooth test num:  41
train loglikelihood:-38.3635817386 test loglikelihood:-163.156443889
-158.259160956 -158.259160956 0.0 154.0 0.0
zero smooth test num:  41
train loglikelihood:-37.973639172 test loglikelihood:-158.259160956
-161.80560719 -161.80560719 0.0 154.0 0.0
zero smooth test num:  41
train loglikelihood:-38.1214907738 test loglikelihood:-161.80560719
-162.792444504 -162.792444504 0.0 154.0 0.0
zero smooth test num:  41
train loglikelihood:-38.3650891992 test loglikelihood:-162.792444504
log likelihood: -149.572833124
log likelihood: -38.2188566697
log likelihood: -37.6941325133
original grammar count: 1892
added grammar count: 0
smooth count:0.0
train loglikelihood:-37.6941325133
test loglikelihood:-158.869754242
subgraph size: 25, train sample size: 500
split:  4
-157.810516169 -157.810516169 0.0 143.0 0.0
zero smooth test num:  42
train loglikelihood:-37.5910280518 test loglikelihood:-157.810516169
-166.963962318 -166.963962318 0.0 143.0 0.0
zero smooth test num:  42
train loglikelihood:-38.5377674403 test loglikelihood:-166.963962318
-164.908620228 -164.908620228 0.0 143.0 0.0
zero smooth test num:  42
train loglikelihood:-38.228071452 test loglikelihood:-164.908620228
-161.463879724 -161.463879724 0.0 143.0 0.0
zero smooth test num:  42
train loglikelihood:-37.7014015374 test loglikelihood:-161.463879724
-163.997718455 -163.997718455 0.0 143.0 0.0
zero smooth test num:  42
train loglikelihood:-38.0317680077 test loglikelihood:-163.997718455
log likelihood: -138.297770684
log likelihood: -38.1546929506
log likelihood: -37.5910280518
original grammar count: 1892
added grammar count: 0
smooth count:0.0
train loglikelihood:-37.5910280518
test loglikelihood:-157.810516169
subgraph size: 25, train sample size: 500
split:  4
-154.987228683 -154.987228683 0.0 138.0 0.0
zero smooth test num:  43
train loglikelihood:-38.1914283188 test loglikelihood:-154.987228683
-154.65539866 -154.65539866 0.0 138.0 0.0
zero smooth test num:  43
train loglikelihood:-38.1696934613 test loglikelihood:-154.65539866
-155.357813938 -155.357813938 0.0 138.0 0.0
zero smooth test num:  43
train loglikelihood:-38.3879108876 test loglikelihood:-155.357813938
-156.859997275 -156.859997275 0.0 138.0 0.0
zero smooth test num:  43
train loglikelihood:-38.5734118154 test loglikelihood:-156.859997275
-156.693702599 -156.693702599 0.0 138.0 0.0
zero smooth test num:  43
train loglikelihood:-38.5192415085 test loglikelihood:-156.693702599
log likelihood: -142.650565087
log likelihood: -38.457035173
log likelihood: -38.1696934613
original grammar count: 1892
added grammar count: 0
smooth count:0.0
train loglikelihood:-38.1696934613
test loglikelihood:-154.65539866
subgraph size: 25, train sample size: 500
split:  4
-154.107224328 -154.107224328 0.0 159.0 0.0
zero smooth test num:  44
train loglikelihood:-38.2202813203 test loglikelihood:-154.107224328
-149.365697 -149.365697 0.0 159.0 0.0
zero smooth test num:  44
train loglikelihood:-37.654617699 test loglikelihood:-149.365697
-156.927348173 -156.927348173 0.0 159.0 0.0
zero smooth test num:  44
train loglikelihood:-38.6935422235 test loglikelihood:-156.927348173
-153.42645067 -153.42645067 0.0 159.0 0.0
zero smooth test num:  44
train loglikelihood:-37.7884596741 test loglikelihood:-153.42645067
-152.994783689 -152.994783689 0.0 159.0 0.0
zero smooth test num:  44
train loglikelihood:-38.1086267034 test loglikelihood:-152.994783689
log likelihood: -140.012764914
log likelihood: -38.2317164891
log likelihood: -37.654617699
original grammar count: 1892
added grammar count: 0
smooth count:0.0
train loglikelihood:-37.654617699
test loglikelihood:-149.365697
subgraph size: 25, train sample size: 500
split:  4
-154.023888663 -154.023888663 0.0 135.0 0.0
zero smooth test num:  45
train loglikelihood:-38.2602488223 test loglikelihood:-154.023888663
-153.387640996 -153.387640996 0.0 135.0 0.0
zero smooth test num:  45
train loglikelihood:-37.979865053 test loglikelihood:-153.387640996
-155.529228831 -155.529228831 0.0 135.0 0.0
zero smooth test num:  45
train loglikelihood:-38.4361612838 test loglikelihood:-155.529228831
-155.48754729 -155.48754729 0.0 135.0 0.0
zero smooth test num:  45
train loglikelihood:-38.4899460799 test loglikelihood:-155.48754729
-156.513959695 -156.513959695 0.0 135.0 0.0
zero smooth test num:  45
train loglikelihood:-38.6207731966 test loglikelihood:-156.513959695
log likelihood: -138.501880438
log likelihood: -38.3928860906
log likelihood: -37.979865053
original grammar count: 1892
added grammar count: 0
smooth count:0.0
train loglikelihood:-37.979865053
test loglikelihood:-153.387640996
subgraph size: 25, train sample size: 500
split:  4
-131.69590756 -131.69590756 0.0 158.0 0.0
zero smooth test num:  46
train loglikelihood:-38.2135352007 test loglikelihood:-131.69590756
-129.547133311 -129.547133311 0.0 158.0 0.0
zero smooth test num:  46
train loglikelihood:-38.15451088 test loglikelihood:-129.547133311
-131.477690309 -131.477690309 0.0 158.0 0.0
zero smooth test num:  46
train loglikelihood:-38.4258416394 test loglikelihood:-131.477690309
-131.980310447 -131.980310447 0.0 158.0 0.0
zero smooth test num:  46
train loglikelihood:-38.5406513344 test loglikelihood:-131.980310447
-132.662709138 -132.662709138 0.0 158.0 0.0
zero smooth test num:  46
train loglikelihood:-38.6638950415 test loglikelihood:-132.662709138
log likelihood: -144.401794634
log likelihood: -38.5504240948
log likelihood: -38.15451088
original grammar count: 1892
added grammar count: 0
smooth count:0.0
train loglikelihood:-38.15451088
test loglikelihood:-129.547133311
subgraph size: 25, train sample size: 500
split:  4
-156.096601266 -156.096601266 0.0 144.0 0.0
zero smooth test num:  47
train loglikelihood:-38.342044223 test loglikelihood:-156.096601266
-154.078753515 -154.078753515 0.0 144.0 0.0
zero smooth test num:  47
train loglikelihood:-38.063329591 test loglikelihood:-154.078753515
-154.901583375 -154.901583375 0.0 144.0 0.0
zero smooth test num:  47
train loglikelihood:-38.2583066206 test loglikelihood:-154.901583375
-154.726164826 -154.726164826 0.0 144.0 0.0
zero smooth test num:  47
train loglikelihood:-38.2699074641 test loglikelihood:-154.726164826
-149.235093731 -149.235093731 0.0 144.0 0.0
zero smooth test num:  47
train loglikelihood:-37.4013433104 test loglikelihood:-149.235093731
log likelihood: -141.441979527
log likelihood: -37.9484023201
log likelihood: -37.4013433104
original grammar count: 1892
added grammar count: 0
smooth count:0.0
train loglikelihood:-37.4013433104
test loglikelihood:-149.235093731
subgraph size: 25, train sample size: 500
split:  4
-165.888851514 -165.888851514 0.0 153.0 0.0
zero smooth test num:  48
train loglikelihood:-38.2644432761 test loglikelihood:-165.888851514
-164.05296635 -164.05296635 0.0 153.0 0.0
zero smooth test num:  48
train loglikelihood:-37.8185907308 test loglikelihood:-164.05296635
-166.394198916 -166.394198916 0.0 153.0 0.0
zero smooth test num:  48
train loglikelihood:-37.955576944 test loglikelihood:-166.394198916
-165.90691132 -165.90691132 0.0 153.0 0.0
zero smooth test num:  48
train loglikelihood:-38.0196664741 test loglikelihood:-165.90691132
-166.459909029 -166.459909029 0.0 153.0 0.0
zero smooth test num:  48
train loglikelihood:-38.1643486953 test loglikelihood:-166.459909029
log likelihood: -142.43116755
log likelihood: -38.2209127016
log likelihood: -37.8185907308
original grammar count: 1892
added grammar count: 0
smooth count:0.0
train loglikelihood:-37.8185907308
test loglikelihood:-164.05296635
subgraph size: 25, train sample size: 500
split:  4
-156.754596823 -156.754596823 0.0 150.0 0.0
zero smooth test num:  49
train loglikelihood:-38.3115153637 test loglikelihood:-156.754596823
-157.761021477 -157.761021477 0.0 150.0 0.0
zero smooth test num:  49
train loglikelihood:-38.4726711884 test loglikelihood:-157.761021477
-155.468972371 -155.468972371 0.0 150.0 0.0
zero smooth test num:  49
train loglikelihood:-37.9673718885 test loglikelihood:-155.468972371
-156.291633698 -156.291633698 0.0 150.0 0.0
zero smooth test num:  49
train loglikelihood:-38.1206347872 test loglikelihood:-156.291633698
-158.855369648 -158.855369648 0.0 150.0 0.0
zero smooth test num:  49
train loglikelihood:-38.6777261001 test loglikelihood:-158.855369648
log likelihood: -153.572516619
log likelihood: -38.3682909061
log likelihood: -37.9673718885
original grammar count: 1892
added grammar count: 0
smooth count:0.0
train loglikelihood:-37.9673718885
test loglikelihood:-155.468972371
subgraph size: 25, train sample size: 500
split:  4
-142.405766459 -142.405766459 0.0 149.0 0.0
zero smooth test num:  50
train loglikelihood:-38.5273264719 test loglikelihood:-142.405766459
-141.312177382 -141.312177382 0.0 149.0 0.0
zero smooth test num:  50
train loglikelihood:-38.1340724953 test loglikelihood:-141.312177382
-140.297991017 -140.297991017 0.0 149.0 0.0
zero smooth test num:  50
train loglikelihood:-37.8234821322 test loglikelihood:-140.297991017
-140.679941478 -140.679941478 0.0 149.0 0.0
zero smooth test num:  50
train loglikelihood:-38.076534229 test loglikelihood:-140.679941478
-140.918889587 -140.918889587 0.0 149.0 0.0
zero smooth test num:  50
train loglikelihood:-38.0919780137 test loglikelihood:-140.918889587
log likelihood: -140.212455105
log likelihood: -38.3009192419
log likelihood: -37.8234821322
original grammar count: 1892
added grammar count: 0
smooth count:0.0
train loglikelihood:-37.8234821322
test loglikelihood:-140.297991017
subgraph size: 25, train sample size: 500
split:  4
-197.169126059 -197.169126059 0.0 136.0 0.0
zero smooth test num:  51
train loglikelihood:-38.5280846113 test loglikelihood:-197.169126059
-193.091702995 -193.091702995 0.0 136.0 0.0
zero smooth test num:  51
train loglikelihood:-38.2119886374 test loglikelihood:-193.091702995
-191.089222766 -191.089222766 0.0 136.0 0.0
zero smooth test num:  51
train loglikelihood:-38.1973452448 test loglikelihood:-191.089222766
-194.092352715 -194.092352715 0.0 136.0 0.0
zero smooth test num:  51
train loglikelihood:-38.3003407922 test loglikelihood:-194.092352715
-193.379521291 -193.379521291 0.0 136.0 0.0
zero smooth test num:  51
train loglikelihood:-38.0904418726 test loglikelihood:-193.379521291
log likelihood: -146.519032173
log likelihood: -38.4624769997
log likelihood: -38.0904418726
original grammar count: 1892
added grammar count: 0
smooth count:0.0
train loglikelihood:-38.0904418726
test loglikelihood:-193.379521291
subgraph size: 25, train sample size: 500
split:  4
-129.524197718 -129.524197718 0.0 158.0 0.0
zero smooth test num:  52
train loglikelihood:-38.6838324814 test loglikelihood:-129.524197718
-128.813353053 -128.813353053 0.0 158.0 0.0
zero smooth test num:  52
train loglikelihood:-38.5487744456 test loglikelihood:-128.813353053
-124.653354661 -124.653354661 0.0 158.0 0.0
zero smooth test num:  52
train loglikelihood:-37.8227617839 test loglikelihood:-124.653354661
-129.557609072 -129.557609072 0.0 158.0 0.0
zero smooth test num:  52
train loglikelihood:-38.6868023236 test loglikelihood:-129.557609072
-127.690134674 -127.690134674 0.0 158.0 0.0
zero smooth test num:  52
train loglikelihood:-38.3338881335 test loglikelihood:-127.690134674
log likelihood: -145.467797019
log likelihood: -38.186787273
log likelihood: -37.8227617839
original grammar count: 1892
added grammar count: 0
smooth count:0.0
train loglikelihood:-37.8227617839
test loglikelihood:-124.653354661
subgraph size: 25, train sample size: 500
split:  4
-10197.1730206 -197.173020577 1.0 145.0 0.00689655172415
train loglikelihood:-38.0160853556 test loglikelihood:-197.173020577
-10199.804136 -199.804135997 0.999999999999 145.0 0.00689655172414
train loglikelihood:-38.331094301 test loglikelihood:-199.804135997
-10201.1991875 -201.199187532 0.999999999998 145.0 0.00689655172413
train loglikelihood:-38.303941356 test loglikelihood:-201.199187532
-10202.2355214 -202.235521404 1.0 145.0 0.00689655172413
train loglikelihood:-37.9524829125 test loglikelihood:-202.235521404
-10201.1257063 -201.125706252 1.0 145.0 0.00689655172414
train loglikelihood:-38.0393810458 test loglikelihood:-201.125706252
log likelihood: -142.617286167
log likelihood: -38.3530027352
log likelihood: -37.9524829125
original grammar count: 1892
added grammar count: 16
smooth count:1.0
train loglikelihood:-37.9524829125
test loglikelihood:-202.235521404
subgraph size: 25, train sample size: 500
split:  4
-175.219987305 -175.219987305 0.0 140.0 0.0
zero smooth test num:  54
train loglikelihood:-38.3081605579 test loglikelihood:-175.219987305
-174.843538383 -174.843538383 0.0 140.0 0.0
zero smooth test num:  54
train loglikelihood:-38.4071173638 test loglikelihood:-174.843538383
-172.213760888 -172.213760888 0.0 140.0 0.0
zero smooth test num:  54
train loglikelihood:-37.7441292375 test loglikelihood:-172.213760888
-171.064990087 -171.064990087 0.0 140.0 0.0
zero smooth test num:  54
train loglikelihood:-37.4809716383 test loglikelihood:-171.064990087
-173.438707791 -173.438707791 0.0 140.0 0.0
zero smooth test num:  54
train loglikelihood:-38.1783209429 test loglikelihood:-173.438707791
log likelihood: -144.639613244
log likelihood: -37.97377319
log likelihood: -37.4809716383
original grammar count: 1892
added grammar count: 0
smooth count:0.0
train loglikelihood:-37.4809716383
test loglikelihood:-171.064990087
subgraph size: 25, train sample size: 500
split:  4
-149.554525629 -149.554525629 0.0 155.0 0.0
zero smooth test num:  55
train loglikelihood:-37.4346446017 test loglikelihood:-149.554525629
-155.860726018 -155.860726018 0.0 155.0 0.0
zero smooth test num:  55
train loglikelihood:-38.4934685307 test loglikelihood:-155.860726018
-151.464274464 -151.464274464 0.0 155.0 0.0
zero smooth test num:  55
train loglikelihood:-38.1964247909 test loglikelihood:-151.464274464
-154.175725626 -154.175725626 0.0 155.0 0.0
zero smooth test num:  55
train loglikelihood:-38.4246952998 test loglikelihood:-154.175725626
-157.488935529 -157.488935529 0.0 155.0 0.0
zero smooth test num:  55
train loglikelihood:-38.6472730752 test loglikelihood:-157.488935529
log likelihood: -148.018713412
log likelihood: -37.909273867
log likelihood: -37.4346446017
original grammar count: 1892
added grammar count: 0
smooth count:0.0
train loglikelihood:-37.4346446017
test loglikelihood:-149.554525629
subgraph size: 25, train sample size: 500
split:  4
-145.805647334 -145.805647334 0.0 157.0 0.0
zero smooth test num:  56
train loglikelihood:-38.0273959176 test loglikelihood:-145.805647334
-149.380574685 -149.380574685 0.0 157.0 0.0
zero smooth test num:  56
train loglikelihood:-38.520272654 test loglikelihood:-149.380574685
-145.958765855 -145.958765855 0.0 157.0 0.0
zero smooth test num:  56
train loglikelihood:-38.1332122417 test loglikelihood:-145.958765855
-150.434574338 -150.434574338 0.0 157.0 0.0
zero smooth test num:  56
train loglikelihood:-38.6424768745 test loglikelihood:-150.434574338
-143.43052549 -143.43052549 0.0 157.0 0.0
zero smooth test num:  56
train loglikelihood:-38.0227688584 test loglikelihood:-143.43052549
log likelihood: -152.54529441
log likelihood: -38.4196847808
log likelihood: -38.0227688584
original grammar count: 1892
added grammar count: 0
smooth count:0.0
train loglikelihood:-38.0227688584
test loglikelihood:-143.43052549
subgraph size: 25, train sample size: 500
split:  4
-156.343196283 -156.343196283 0.0 156.0 0.0
zero smooth test num:  57
train loglikelihood:-37.80658483 test loglikelihood:-156.343196283
-158.610979815 -158.610979815 0.0 156.0 0.0
zero smooth test num:  57
train loglikelihood:-37.976186613 test loglikelihood:-158.610979815
-153.684329138 -153.684329138 0.0 156.0 0.0
zero smooth test num:  57
train loglikelihood:-37.5179424773 test loglikelihood:-153.684329138
-158.313427837 -158.313427837 0.0 156.0 0.0
zero smooth test num:  57
train loglikelihood:-38.0486563801 test loglikelihood:-158.313427837
-156.743236641 -156.743236641 0.0 156.0 0.0
zero smooth test num:  57
train loglikelihood:-37.7437348372 test loglikelihood:-156.743236641
log likelihood: -151.222706621
log likelihood: -38.0664259103
log likelihood: -37.5179424773
original grammar count: 1892
added grammar count: 0
smooth count:0.0
train loglikelihood:-37.5179424773
test loglikelihood:-153.684329138
subgraph size: 25, train sample size: 500
split:  4
-143.515309454 -143.515309454 0.0 145.0 0.0
zero smooth test num:  58
train loglikelihood:-38.3184811783 test loglikelihood:-143.515309454
-140.632349153 -140.632349153 0.0 145.0 0.0
zero smooth test num:  58
train loglikelihood:-37.7520376827 test loglikelihood:-140.632349153
-143.59886478 -143.59886478 0.0 145.0 0.0
zero smooth test num:  58
train loglikelihood:-38.318240207 test loglikelihood:-143.59886478
-145.146937559 -145.146937559 0.0 145.0 0.0
zero smooth test num:  58
train loglikelihood:-38.5935492648 test loglikelihood:-145.146937559
-144.336826283 -144.336826283 0.0 145.0 0.0
zero smooth test num:  58
train loglikelihood:-38.4620501466 test loglikelihood:-144.336826283
log likelihood: -161.360241311
log likelihood: -38.1816257421
log likelihood: -37.7520376827
original grammar count: 1892
added grammar count: 0
smooth count:0.0
train loglikelihood:-37.7520376827
test loglikelihood:-140.632349153
subgraph size: 25, train sample size: 500
split:  4
-138.970680063 -138.970680063 0.0 153.0 0.0
zero smooth test num:  59
train loglikelihood:-38.1425208699 test loglikelihood:-138.970680063
-140.670761017 -140.670761017 0.0 153.0 0.0
zero smooth test num:  59
train loglikelihood:-38.5850924613 test loglikelihood:-140.670761017
-136.55118767 -136.55118767 0.0 153.0 0.0
zero smooth test num:  59
train loglikelihood:-38.1001160979 test loglikelihood:-136.55118767
-137.638380942 -137.638380942 0.0 153.0 0.0
zero smooth test num:  59
train loglikelihood:-38.1776774876 test loglikelihood:-137.638380942
-138.952231011 -138.952231011 0.0 153.0 0.0
zero smooth test num:  59
train loglikelihood:-38.3856314004 test loglikelihood:-138.952231011
log likelihood: -148.033128523
log likelihood: -38.4462670385
log likelihood: -38.1001160979
original grammar count: 1892
added grammar count: 0
smooth count:0.0
train loglikelihood:-38.1001160979
test loglikelihood:-136.55118767
subgraph size: 25, train sample size: 500
split:  4
-150.690116233 -150.690116233 0.0 140.0 0.0
zero smooth test num:  60
train loglikelihood:-38.5291637415 test loglikelihood:-150.690116233
-148.371824395 -148.371824395 0.0 140.0 0.0
zero smooth test num:  60
train loglikelihood:-38.2119725156 test loglikelihood:-148.371824395
-149.169213291 -149.169213291 0.0 140.0 0.0
zero smooth test num:  60
train loglikelihood:-38.2334464353 test loglikelihood:-149.169213291
-149.356539372 -149.356539372 0.0 140.0 0.0
zero smooth test num:  60
train loglikelihood:-38.1891893839 test loglikelihood:-149.356539372
-148.204695898 -148.204695898 0.0 140.0 0.0
zero smooth test num:  60
train loglikelihood:-38.149494874 test loglikelihood:-148.204695898
log likelihood: -139.402932711
log likelihood: -38.4375759816
log likelihood: -38.149494874
original grammar count: 1892
added grammar count: 0
smooth count:0.0
train loglikelihood:-38.149494874
test loglikelihood:-148.204695898
subgraph size: 25, train sample size: 500
split:  4
-150.64825661 -150.64825661 0.0 147.0 0.0
zero smooth test num:  61
train loglikelihood:-38.6465151775 test loglikelihood:-150.64825661
-149.300402916 -149.300402916 0.0 147.0 0.0
zero smooth test num:  61
train loglikelihood:-37.9778142198 test loglikelihood:-149.300402916
-150.296926695 -150.296926695 0.0 147.0 0.0
zero smooth test num:  61
train loglikelihood:-38.5294476029 test loglikelihood:-150.296926695
-149.439128415 -149.439128415 0.0 147.0 0.0
zero smooth test num:  61
train loglikelihood:-38.518456361 test loglikelihood:-149.439128415
-150.548628582 -150.548628582 0.0 147.0 0.0
zero smooth test num:  61
train loglikelihood:-38.4860182775 test loglikelihood:-150.548628582
log likelihood: -140.764248593
log likelihood: -38.3354306616
log likelihood: -37.9778142198
original grammar count: 1892
added grammar count: 0
smooth count:0.0
train loglikelihood:-37.9778142198
test loglikelihood:-149.300402916
subgraph size: 25, train sample size: 500
split:  4
-150.527519736 -150.527519736 0.0 142.0 0.0
zero smooth test num:  62
train loglikelihood:-38.4911860601 test loglikelihood:-150.527519736
-150.617487586 -150.617487586 0.0 142.0 0.0
zero smooth test num:  62
train loglikelihood:-38.5309538824 test loglikelihood:-150.617487586
-150.211429641 -150.211429641 0.0 142.0 0.0
zero smooth test num:  62
train loglikelihood:-38.5085350085 test loglikelihood:-150.211429641
-148.121764188 -148.121764188 0.0 142.0 0.0
zero smooth test num:  62
train loglikelihood:-38.244840797 test loglikelihood:-148.121764188
-151.322964328 -151.322964328 0.0 142.0 0.0
zero smooth test num:  62
train loglikelihood:-38.7095872451 test loglikelihood:-151.322964328
log likelihood: -147.902075206
log likelihood: -38.522935168
log likelihood: -38.244840797
original grammar count: 1892
added grammar count: 0
smooth count:0.0
train loglikelihood:-38.244840797
test loglikelihood:-148.121764188
subgraph size: 25, train sample size: 500
split:  4
-117.410662036 -117.410662036 0.0 164.0 0.0
zero smooth test num:  63
train loglikelihood:-37.6992674671 test loglikelihood:-117.410662036
-123.063729282 -123.063729282 0.0 164.0 0.0
zero smooth test num:  63
train loglikelihood:-38.5970807768 test loglikelihood:-123.063729282
-118.38421476 -118.38421476 0.0 164.0 0.0
zero smooth test num:  63
train loglikelihood:-37.8462512134 test loglikelihood:-118.38421476
-122.453138998 -122.453138998 0.0 164.0 0.0
zero smooth test num:  63
train loglikelihood:-38.4521132004 test loglikelihood:-122.453138998
-120.95073644 -120.95073644 0.0 164.0 0.0
zero smooth test num:  63
train loglikelihood:-38.2562895086 test loglikelihood:-120.95073644
log likelihood: -145.650724361
log likelihood: -38.2041834171
log likelihood: -37.6992674671
original grammar count: 1892
added grammar count: 0
smooth count:0.0
train loglikelihood:-37.6992674671
test loglikelihood:-117.410662036
subgraph size: 25, train sample size: 500
split:  4
-147.027613516 -147.027613516 0.0 160.0 0.0
zero smooth test num:  64
train loglikelihood:-38.6239781784 test loglikelihood:-147.027613516
-143.257399385 -143.257399385 0.0 160.0 0.0
zero smooth test num:  64
train loglikelihood:-38.2655684946 test loglikelihood:-143.257399385
-144.421370963 -144.421370963 0.0 160.0 0.0
zero smooth test num:  64
train loglikelihood:-38.4267700304 test loglikelihood:-144.421370963
-141.639982191 -141.639982191 0.0 160.0 0.0
zero smooth test num:  64
train loglikelihood:-38.089587973 test loglikelihood:-141.639982191
-144.822277608 -144.822277608 0.0 160.0 0.0
zero smooth test num:  64
train loglikelihood:-38.4514314141 test loglikelihood:-144.822277608
log likelihood: -140.204765327
log likelihood: -38.4849114777
log likelihood: -38.089587973
original grammar count: 1892
added grammar count: 0
smooth count:0.0
train loglikelihood:-38.089587973
test loglikelihood:-141.639982191
subgraph size: 25, train sample size: 500
split:  4
-133.567986913 -133.567986913 0.0 156.0 0.0
zero smooth test num:  65
train loglikelihood:-38.2945277781 test loglikelihood:-133.567986913
-133.037048604 -133.037048604 0.0 156.0 0.0
zero smooth test num:  65
train loglikelihood:-38.2023670041 test loglikelihood:-133.037048604
-133.796460586 -133.796460586 0.0 156.0 0.0
zero smooth test num:  65
train loglikelihood:-38.3837742196 test loglikelihood:-133.796460586
-133.254455666 -133.254455666 0.0 156.0 0.0
zero smooth test num:  65
train loglikelihood:-38.3515094226 test loglikelihood:-133.254455666
-131.176010549 -131.176010549 0.0 156.0 0.0
zero smooth test num:  65
train loglikelihood:-37.7785922534 test loglikelihood:-131.176010549
log likelihood: -151.116659268
log likelihood: -38.2247203652
log likelihood: -37.7785922534
original grammar count: 1892
added grammar count: 0
smooth count:0.0
train loglikelihood:-37.7785922534
test loglikelihood:-131.176010549
subgraph size: 25, train sample size: 500
split:  4
-142.77245976 -142.77245976 0.0 171.0 0.0
zero smooth test num:  66
train loglikelihood:-38.1267158263 test loglikelihood:-142.77245976
-142.768583374 -142.768583374 0.0 171.0 0.0
zero smooth test num:  66
train loglikelihood:-38.1057509142 test loglikelihood:-142.768583374
-144.976768453 -144.976768453 0.0 171.0 0.0
zero smooth test num:  66
train loglikelihood:-38.2497946814 test loglikelihood:-144.976768453
-140.490053165 -140.490053165 0.0 171.0 0.0
zero smooth test num:  66
train loglikelihood:-37.8678450788 test loglikelihood:-140.490053165
-143.146662666 -143.146662666 0.0 171.0 0.0
zero smooth test num:  66
train loglikelihood:-38.1455355242 test loglikelihood:-143.146662666
log likelihood: -139.363072805
log likelihood: -38.3277088901
log likelihood: -37.8678450788
original grammar count: 1892
added grammar count: 0
smooth count:0.0
train loglikelihood:-37.8678450788
test loglikelihood:-140.490053165
subgraph size: 25, train sample size: 500
split:  4
-140.716655487 -140.716655487 0.0 160.0 0.0
zero smooth test num:  67
train loglikelihood:-38.2671476747 test loglikelihood:-140.716655487
-141.695107696 -141.695107696 0.0 160.0 0.0
zero smooth test num:  67
train loglikelihood:-38.5080071518 test loglikelihood:-141.695107696
-140.954523926 -140.954523926 0.0 160.0 0.0
zero smooth test num:  67
train loglikelihood:-38.2909090188 test loglikelihood:-140.954523926
-142.197533722 -142.197533722 0.0 160.0 0.0
zero smooth test num:  67
train loglikelihood:-38.5808599313 test loglikelihood:-142.197533722
-142.289701416 -142.289701416 0.0 160.0 0.0
zero smooth test num:  67
train loglikelihood:-38.5201754787 test loglikelihood:-142.289701416
log likelihood: -138.093175833
log likelihood: -38.5357436157
log likelihood: -38.2671476747
original grammar count: 1892
added grammar count: 0
smooth count:0.0
train loglikelihood:-38.2671476747
test loglikelihood:-140.716655487
subgraph size: 25, train sample size: 500
split:  4
-155.508784216 -155.508784216 0.0 150.0 0.0
zero smooth test num:  68
train loglikelihood:-38.2596756237 test loglikelihood:-155.508784216
-153.167948355 -153.167948355 0.0 150.0 0.0
zero smooth test num:  68
train loglikelihood:-37.963713344 test loglikelihood:-153.167948355
-154.134097287 -154.134097287 0.0 150.0 0.0
zero smooth test num:  68
train loglikelihood:-38.2473843564 test loglikelihood:-154.134097287
-156.182677967 -156.182677967 0.0 150.0 0.0
zero smooth test num:  68
train loglikelihood:-38.4319986487 test loglikelihood:-156.182677967
-155.528465291 -155.528465291 0.0 150.0 0.0
zero smooth test num:  68
train loglikelihood:-38.1608800722 test loglikelihood:-155.528465291
log likelihood: -143.722982722
log likelihood: -38.3672657075
log likelihood: -37.963713344
original grammar count: 1892
added grammar count: 0
smooth count:0.0
train loglikelihood:-37.963713344
test loglikelihood:-153.167948355
subgraph size: 25, train sample size: 500
split:  4
-131.220683229 -131.220683229 0.0 160.0 0.0
zero smooth test num:  69
train loglikelihood:-38.2696554445 test loglikelihood:-131.220683229
-131.612239283 -131.612239283 0.0 160.0 0.0
zero smooth test num:  69
train loglikelihood:-38.3607943314 test loglikelihood:-131.612239283
-130.87445717 -130.87445717 0.0 160.0 0.0
zero smooth test num:  69
train loglikelihood:-38.1831981893 test loglikelihood:-130.87445717
-131.366864701 -131.366864701 0.0 160.0 0.0
zero smooth test num:  69
train loglikelihood:-38.4436522337 test loglikelihood:-131.366864701
-130.530480235 -130.530480235 0.0 160.0 0.0
zero smooth test num:  69
train loglikelihood:-38.2093574032 test loglikelihood:-130.530480235
log likelihood: -140.844706989
log likelihood: -38.4694359139
log likelihood: -38.1831981893
original grammar count: 1892
added grammar count: 0
smooth count:0.0
train loglikelihood:-38.1831981893
test loglikelihood:-130.87445717
subgraph size: 25, train sample size: 500
split:  4
-145.789572607 -145.789572607 0.0 151.0 0.0
zero smooth test num:  70
train loglikelihood:-38.4595333188 test loglikelihood:-145.789572607
-146.363346829 -146.363346829 0.0 151.0 0.0
zero smooth test num:  70
train loglikelihood:-38.5072538188 test loglikelihood:-146.363346829
-144.264479996 -144.264479996 0.0 151.0 0.0
zero smooth test num:  70
train loglikelihood:-38.1534635068 test loglikelihood:-144.264479996
-140.835446621 -140.835446621 0.0 151.0 0.0
zero smooth test num:  70
train loglikelihood:-37.6891903659 test loglikelihood:-140.835446621
-142.371029887 -142.371029887 0.0 151.0 0.0
zero smooth test num:  70
train loglikelihood:-37.8606708565 test loglikelihood:-142.371029887
log likelihood: -160.209950024
log likelihood: -38.1679781482
log likelihood: -37.6891903659
original grammar count: 1892
added grammar count: 0
smooth count:0.0
train loglikelihood:-37.6891903659
test loglikelihood:-140.835446621
subgraph size: 25, train sample size: 500
split:  4
-137.497635818 -137.497635818 0.0 151.0 0.0
zero smooth test num:  71
train loglikelihood:-38.2724718683 test loglikelihood:-137.497635818
-135.376107704 -135.376107704 0.0 151.0 0.0
zero smooth test num:  71
train loglikelihood:-37.8410060119 test loglikelihood:-135.376107704
-136.958289762 -136.958289762 0.0 151.0 0.0
zero smooth test num:  71
train loglikelihood:-38.1712206835 test loglikelihood:-136.958289762
-138.571808965 -138.571808965 0.0 151.0 0.0
zero smooth test num:  71
train loglikelihood:-38.4604773507 test loglikelihood:-138.571808965
-138.806508069 -138.806508069 0.0 151.0 0.0
zero smooth test num:  71
train loglikelihood:-38.5182412333 test loglikelihood:-138.806508069
log likelihood: -154.01492769
log likelihood: -38.2427510201
log likelihood: -37.8410060119
original grammar count: 1892
added grammar count: 0
smooth count:0.0
train loglikelihood:-37.8410060119
test loglikelihood:-135.376107704
subgraph size: 25, train sample size: 500
split:  4
-151.185268251 -151.185268251 0.0 154.0 0.0
zero smooth test num:  72
train loglikelihood:-37.8548633492 test loglikelihood:-151.185268251
-151.799247236 -151.799247236 0.0 154.0 0.0
zero smooth test num:  72
train loglikelihood:-38.3097483921 test loglikelihood:-151.799247236
-152.642295007 -152.642295007 0.0 154.0 0.0
zero smooth test num:  72
train loglikelihood:-37.7962431833 test loglikelihood:-152.642295007
-154.235237884 -154.235237884 0.0 154.0 0.0
zero smooth test num:  72
train loglikelihood:-38.603690601 test loglikelihood:-154.235237884
-151.684222033 -151.684222033 0.0 154.0 0.0
zero smooth test num:  72
train loglikelihood:-37.8289362012 test loglikelihood:-151.684222033
log likelihood: -151.609393548
log likelihood: -38.3305883175
log likelihood: -37.7962431833
original grammar count: 1892
added grammar count: 0
smooth count:0.0
train loglikelihood:-37.7962431833
test loglikelihood:-152.642295007
subgraph size: 25, train sample size: 500
split:  4
-163.654599186 -163.654599186 0.0 163.0 0.0
zero smooth test num:  73
train loglikelihood:-37.8146602538 test loglikelihood:-163.654599186
-167.605089083 -167.605089083 0.0 163.0 0.0
zero smooth test num:  73
train loglikelihood:-38.4087234374 test loglikelihood:-167.605089083
-170.214370821 -170.214370821 0.0 163.0 0.0
zero smooth test num:  73
train loglikelihood:-38.4303532745 test loglikelihood:-170.214370821
-173.61402597 -173.61402597 0.0 163.0 0.0
zero smooth test num:  73
train loglikelihood:-38.603529218 test loglikelihood:-173.61402597
-162.09339564 -162.09339564 0.0 163.0 0.0
zero smooth test num:  73
train loglikelihood:-37.831554408 test loglikelihood:-162.09339564
log likelihood: -144.289814221
log likelihood: -38.2946530462
log likelihood: -37.8146602538
original grammar count: 1892
added grammar count: 0
smooth count:0.0
train loglikelihood:-37.8146602538
test loglikelihood:-163.654599186
subgraph size: 25, train sample size: 500
split:  4
-160.152975849 -160.152975849 0.0 139.0 0.0
zero smooth test num:  74
train loglikelihood:-38.6561175364 test loglikelihood:-160.152975849
-157.441669532 -157.441669532 0.0 139.0 0.0
zero smooth test num:  74
train loglikelihood:-38.1338797349 test loglikelihood:-157.441669532
-155.723633122 -155.723633122 0.0 139.0 0.0
zero smooth test num:  74
train loglikelihood:-37.8593913286 test loglikelihood:-155.723633122
-159.831332753 -159.831332753 0.0 139.0 0.0
zero smooth test num:  74
train loglikelihood:-38.5469580089 test loglikelihood:-159.831332753
-157.831561432 -157.831561432 0.0 139.0 0.0
zero smooth test num:  74
train loglikelihood:-38.2621104388 test loglikelihood:-157.831561432
log likelihood: -140.513816489
log likelihood: -38.2381150805
log likelihood: -37.8593913286
original grammar count: 1892
added grammar count: 0
smooth count:0.0
train loglikelihood:-37.8593913286
test loglikelihood:-155.723633122
subgraph size: 25, train sample size: 500
split:  4
-185.271858606 -185.271858606 0.0 143.0 0.0
zero smooth test num:  75
train loglikelihood:-38.4242212779 test loglikelihood:-185.271858606
-187.375767861 -187.375767861 0.0 143.0 0.0
zero smooth test num:  75
train loglikelihood:-38.3757307443 test loglikelihood:-187.375767861
-187.252942331 -187.252942331 0.0 143.0 0.0
zero smooth test num:  75
train loglikelihood:-38.491093097 test loglikelihood:-187.252942331
-185.136380888 -185.136380888 0.0 143.0 0.0
zero smooth test num:  75
train loglikelihood:-38.1895681497 test loglikelihood:-185.136380888
-185.240041835 -185.240041835 0.0 143.0 0.0
zero smooth test num:  75
train loglikelihood:-38.3776080847 test loglikelihood:-185.240041835
log likelihood: -145.061335477
log likelihood: -38.5212868914
log likelihood: -38.1895681497
original grammar count: 1892
added grammar count: 0
smooth count:0.0
train loglikelihood:-38.1895681497
test loglikelihood:-185.136380888
subgraph size: 25, train sample size: 500
split:  4
-132.801319862 -132.801319862 0.0 156.0 0.0
zero smooth test num:  76
train loglikelihood:-38.2683710235 test loglikelihood:-132.801319862
-131.701362854 -131.701362854 0.0 156.0 0.0
zero smooth test num:  76
train loglikelihood:-38.1228900858 test loglikelihood:-131.701362854
-131.988437128 -131.988437128 0.0 156.0 0.0
zero smooth test num:  76
train loglikelihood:-37.9885652691 test loglikelihood:-131.988437128
-133.866621451 -133.866621451 0.0 156.0 0.0
zero smooth test num:  76
train loglikelihood:-38.458160624 test loglikelihood:-133.866621451
-135.247108933 -135.247108933 0.0 156.0 0.0
zero smooth test num:  76
train loglikelihood:-38.6382395244 test loglikelihood:-135.247108933
log likelihood: -139.46465697
log likelihood: -38.3988571104
log likelihood: -37.9885652691
original grammar count: 1892
added grammar count: 0
smooth count:0.0
train loglikelihood:-37.9885652691
test loglikelihood:-131.988437128
subgraph size: 25, train sample size: 500
split:  4
-148.414929128 -148.414929128 0.0 145.0 0.0
zero smooth test num:  77
train loglikelihood:-38.4940914014 test loglikelihood:-148.414929128
-147.116343756 -147.116343756 0.0 145.0 0.0
zero smooth test num:  77
train loglikelihood:-38.1971870659 test loglikelihood:-147.116343756
-145.319013172 -145.319013172 0.0 145.0 0.0
zero smooth test num:  77
train loglikelihood:-37.9748228134 test loglikelihood:-145.319013172
-147.445792153 -147.445792153 0.0 145.0 0.0
zero smooth test num:  77
train loglikelihood:-38.3862587073 test loglikelihood:-147.445792153
-150.366756747 -150.366756747 0.0 145.0 0.0
zero smooth test num:  77
train loglikelihood:-38.5763284381 test loglikelihood:-150.366756747
log likelihood: -156.134940619
log likelihood: -38.4183863009
log likelihood: -37.9748228134
original grammar count: 1892
added grammar count: 0
smooth count:0.0
train loglikelihood:-37.9748228134
test loglikelihood:-145.319013172
subgraph size: 25, train sample size: 500
split:  4
-165.78749635 -165.78749635 0.0 153.0 0.0
zero smooth test num:  78
train loglikelihood:-37.4016380163 test loglikelihood:-165.78749635
-165.504671105 -165.504671105 0.0 153.0 0.0
zero smooth test num:  78
train loglikelihood:-38.4093907912 test loglikelihood:-165.504671105
-169.07084763 -169.07084763 0.0 153.0 0.0
zero smooth test num:  78
train loglikelihood:-38.6081845563 test loglikelihood:-169.07084763
-168.547692964 -168.547692964 0.0 153.0 0.0
zero smooth test num:  78
train loglikelihood:-38.127009166 test loglikelihood:-168.547692964
-167.511653644 -167.511653644 0.0 153.0 0.0
zero smooth test num:  78
train loglikelihood:-38.3620945845 test loglikelihood:-167.511653644
log likelihood: -149.020036567
log likelihood: -37.983250563
log likelihood: -37.4016380163
original grammar count: 1892
added grammar count: 0
smooth count:0.0
train loglikelihood:-37.4016380163
test loglikelihood:-165.78749635
subgraph size: 25, train sample size: 500
split:  4
-159.255624311 -159.255624311 0.0 144.0 0.0
zero smooth test num:  79
train loglikelihood:-38.2897277245 test loglikelihood:-159.255624311
-159.386461228 -159.386461228 0.0 144.0 0.0
zero smooth test num:  79
train loglikelihood:-38.1474170288 test loglikelihood:-159.386461228
-157.074491505 -157.074491505 0.0 144.0 0.0
zero smooth test num:  79
train loglikelihood:-37.791853618 test loglikelihood:-157.074491505
-158.243512398 -158.243512398 0.0 144.0 0.0
zero smooth test num:  79
train loglikelihood:-38.0927146394 test loglikelihood:-158.243512398
-157.142909088 -157.142909088 0.0 144.0 0.0
zero smooth test num:  79
train loglikelihood:-37.8829973606 test loglikelihood:-157.142909088
log likelihood: -145.496674585
log likelihood: -38.2191877309
log likelihood: -37.791853618
original grammar count: 1892
added grammar count: 0
smooth count:0.0
train loglikelihood:-37.791853618
test loglikelihood:-157.074491505
subgraph size: 25, train sample size: 500
split:  4
-157.96380563 -157.96380563 0.0 147.0 0.0
zero smooth test num:  80
train loglikelihood:-37.2398821241 test loglikelihood:-157.96380563
-160.231608776 -160.231608776 0.0 147.0 0.0
zero smooth test num:  80
train loglikelihood:-38.088059051 test loglikelihood:-160.231608776
-158.850278455 -158.850278455 0.0 147.0 0.0
zero smooth test num:  80
train loglikelihood:-37.8645609424 test loglikelihood:-158.850278455
-162.510220396 -162.510220396 0.0 147.0 0.0
zero smooth test num:  80
train loglikelihood:-38.675667442 test loglikelihood:-162.510220396
-159.3373599 -159.3373599 0.0 147.0 0.0
zero smooth test num:  80
train loglikelihood:-38.0147880684 test loglikelihood:-159.3373599
log likelihood: -145.375562741
log likelihood: -37.7169997146
log likelihood: -37.2398821241
original grammar count: 1892
added grammar count: 0
smooth count:0.0
train loglikelihood:-37.2398821241
test loglikelihood:-157.96380563
subgraph size: 25, train sample size: 500
split:  4
-154.195885517 -154.195885517 0.0 147.0 0.0
zero smooth test num:  81
train loglikelihood:-37.5667572751 test loglikelihood:-154.195885517
-160.309636992 -160.309636992 0.0 147.0 0.0
zero smooth test num:  81
train loglikelihood:-38.6562357034 test loglikelihood:-160.309636992
-158.085515847 -158.085515847 0.0 147.0 0.0
zero smooth test num:  81
train loglikelihood:-38.3098257821 test loglikelihood:-158.085515847
-155.758174397 -155.758174397 0.0 147.0 0.0
zero smooth test num:  81
train loglikelihood:-37.6965304291 test loglikelihood:-155.758174397
-157.440944931 -157.440944931 0.0 147.0 0.0
zero smooth test num:  81
train loglikelihood:-38.2217366161 test loglikelihood:-157.440944931
log likelihood: -151.621295681
log likelihood: -38.0672102394
log likelihood: -37.5667572751
original grammar count: 1892
added grammar count: 0
smooth count:0.0
train loglikelihood:-37.5667572751
test loglikelihood:-154.195885517
subgraph size: 25, train sample size: 500
split:  4
-195.770728319 -195.770728319 0.0 146.0 0.0
zero smooth test num:  82
train loglikelihood:-38.1717619697 test loglikelihood:-195.770728319
-196.598538492 -196.598538492 0.0 146.0 0.0
zero smooth test num:  82
train loglikelihood:-37.6624925927 test loglikelihood:-196.598538492
-197.107261768 -197.107261768 0.0 146.0 0.0
zero smooth test num:  82
train loglikelihood:-38.1912411407 test loglikelihood:-197.107261768
-199.614628686 -199.614628686 0.0 146.0 0.0
zero smooth test num:  82
train loglikelihood:-38.3359022777 test loglikelihood:-199.614628686
-202.044133658 -202.044133658 0.0 146.0 0.0
zero smooth test num:  82
train loglikelihood:-38.6286172129 test loglikelihood:-202.044133658
log likelihood: -141.772904792
log likelihood: -38.1246978316
log likelihood: -37.6624925927
original grammar count: 1892
added grammar count: 0
smooth count:0.0
train loglikelihood:-37.6624925927
test loglikelihood:-196.598538492
subgraph size: 25, train sample size: 500
split:  4
-155.287167231 -155.287167231 0.0 143.0 0.0
zero smooth test num:  83
train loglikelihood:-38.0676747348 test loglikelihood:-155.287167231
-159.077332541 -159.077332541 0.0 143.0 0.0
zero smooth test num:  83
train loglikelihood:-38.61107388 test loglikelihood:-159.077332541
-157.432752545 -157.432752545 0.0 143.0 0.0
zero smooth test num:  83
train loglikelihood:-38.0964601551 test loglikelihood:-157.432752545
-157.825769149 -157.825769149 0.0 143.0 0.0
zero smooth test num:  83
train loglikelihood:-38.5096971492 test loglikelihood:-157.825769149
-156.236920632 -156.236920632 0.0 143.0 0.0
zero smooth test num:  83
train loglikelihood:-38.2901078734 test loglikelihood:-156.236920632
log likelihood: -142.260686674
log likelihood: -38.4447029932
log likelihood: -38.0676747348
original grammar count: 1892
added grammar count: 0
smooth count:0.0
train loglikelihood:-38.0676747348
test loglikelihood:-155.287167231
subgraph size: 25, train sample size: 500
split:  4
-175.833783604 -175.833783604 0.0 156.0 0.0
zero smooth test num:  84
train loglikelihood:-38.370482598 test loglikelihood:-175.833783604
-172.525139239 -172.525139239 0.0 156.0 0.0
zero smooth test num:  84
train loglikelihood:-37.8152362342 test loglikelihood:-172.525139239
-172.560921402 -172.560921402 0.0 156.0 0.0
zero smooth test num:  84
train loglikelihood:-38.0186735172 test loglikelihood:-172.560921402
-171.807209942 -171.807209942 0.0 156.0 0.0
zero smooth test num:  84
train loglikelihood:-37.8885619779 test loglikelihood:-171.807209942
-173.791995898 -173.791995898 0.0 156.0 0.0
zero smooth test num:  84
train loglikelihood:-38.1416563757 test loglikelihood:-173.791995898
log likelihood: -140.039957835
log likelihood: -38.1982013676
log likelihood: -37.8152362342
original grammar count: 1892
added grammar count: 0
smooth count:0.0
train loglikelihood:-37.8152362342
test loglikelihood:-172.525139239
subgraph size: 25, train sample size: 500
split:  4
-134.148322862 -134.148322862 0.0 154.0 0.0
zero smooth test num:  85
train loglikelihood:-38.1921077828 test loglikelihood:-134.148322862
-134.452990577 -134.452990577 0.0 154.0 0.0
zero smooth test num:  85
train loglikelihood:-38.4422884439 test loglikelihood:-134.452990577
-134.172943837 -134.172943837 0.0 154.0 0.0
zero smooth test num:  85
train loglikelihood:-38.1086741513 test loglikelihood:-134.172943837
-135.047654181 -135.047654181 0.0 154.0 0.0
zero smooth test num:  85
train loglikelihood:-38.3313148217 test loglikelihood:-135.047654181
-136.296582615 -136.296582615 0.0 154.0 0.0
zero smooth test num:  85
train loglikelihood:-38.6785422526 test loglikelihood:-136.296582615
log likelihood: -143.948338627
log likelihood: -38.5049610361
log likelihood: -38.1086741513
original grammar count: 1892
added grammar count: 0
smooth count:0.0
train loglikelihood:-38.1086741513
test loglikelihood:-134.172943837
subgraph size: 25, train sample size: 500
split:  4
-148.495074701 -148.495074701 0.0 138.0 0.0
zero smooth test num:  86
train loglikelihood:-37.6729392069 test loglikelihood:-148.495074701
-150.321351794 -150.321351794 0.0 138.0 0.0
zero smooth test num:  86
train loglikelihood:-38.3412362191 test loglikelihood:-150.321351794
-149.799807834 -149.799807834 0.0 138.0 0.0
zero smooth test num:  86
train loglikelihood:-38.1983637733 test loglikelihood:-149.799807834
-153.128889132 -153.128889132 0.0 138.0 0.0
zero smooth test num:  86
train loglikelihood:-38.6566124514 test loglikelihood:-153.128889132
-152.819002783 -152.819002783 0.0 138.0 0.0
zero smooth test num:  86
train loglikelihood:-38.5014999206 test loglikelihood:-152.819002783
log likelihood: -145.97499504
log likelihood: -38.182946327
log likelihood: -37.6729392069
original grammar count: 1892
added grammar count: 0
smooth count:0.0
train loglikelihood:-37.6729392069
test loglikelihood:-148.495074701
subgraph size: 25, train sample size: 500
split:  4
-165.492373762 -165.492373762 0.0 141.0 0.0
zero smooth test num:  87
train loglikelihood:-38.2972276769 test loglikelihood:-165.492373762
-165.863033161 -165.863033161 0.0 141.0 0.0
zero smooth test num:  87
train loglikelihood:-38.4565562333 test loglikelihood:-165.863033161
-167.059347804 -167.059347804 0.0 141.0 0.0
zero smooth test num:  87
train loglikelihood:-38.5868269774 test loglikelihood:-167.059347804
-166.387070231 -166.387070231 0.0 141.0 0.0
zero smooth test num:  87
train loglikelihood:-38.4556734947 test loglikelihood:-166.387070231
-162.043604207 -162.043604207 0.0 141.0 0.0
zero smooth test num:  87
train loglikelihood:-37.7420953796 test loglikelihood:-162.043604207
log likelihood: -151.341559743
log likelihood: -38.2059834914
log likelihood: -37.7420953796
original grammar count: 1892
added grammar count: 0
smooth count:0.0
train loglikelihood:-37.7420953796
test loglikelihood:-162.043604207
subgraph size: 25, train sample size: 500
split:  4
-171.183269391 -171.183269391 0.0 143.0 0.0
zero smooth test num:  88
train loglikelihood:-37.7760092719 test loglikelihood:-171.183269391
-173.692477972 -173.692477972 0.0 143.0 0.0
zero smooth test num:  88
train loglikelihood:-38.6279558415 test loglikelihood:-173.692477972
-169.041055796 -169.041055796 0.0 143.0 0.0
zero smooth test num:  88
train loglikelihood:-37.6986197736 test loglikelihood:-169.041055796
-172.205547476 -172.205547476 0.0 143.0 0.0
zero smooth test num:  88
train loglikelihood:-38.4770424144 test loglikelihood:-172.205547476
-171.864418293 -171.864418293 0.0 143.0 0.0
zero smooth test num:  88
train loglikelihood:-38.4533507172 test loglikelihood:-171.864418293
log likelihood: -147.801304089
log likelihood: -38.1643252232
log likelihood: -37.6986197736
original grammar count: 1892
added grammar count: 0
smooth count:0.0
train loglikelihood:-37.6986197736
test loglikelihood:-169.041055796
subgraph size: 25, train sample size: 500
split:  4
-138.487253392 -138.487253392 0.0 151.0 0.0
zero smooth test num:  89
train loglikelihood:-38.5186778688 test loglikelihood:-138.487253392
-136.500074874 -136.500074874 0.0 151.0 0.0
zero smooth test num:  89
train loglikelihood:-38.1150188275 test loglikelihood:-136.500074874
-136.034220273 -136.034220273 0.0 151.0 0.0
zero smooth test num:  89
train loglikelihood:-38.1097375277 test loglikelihood:-136.034220273
-138.55699833 -138.55699833 0.0 151.0 0.0
zero smooth test num:  89
train loglikelihood:-38.6084043374 test loglikelihood:-138.55699833
-138.449580417 -138.449580417 0.0 151.0 0.0
zero smooth test num:  89
train loglikelihood:-38.591569929 test loglikelihood:-138.449580417
log likelihood: -135.47952246
log likelihood: -38.4671840987
log likelihood: -38.1097375277
original grammar count: 1892
added grammar count: 0
smooth count:0.0
train loglikelihood:-38.1097375277
test loglikelihood:-136.034220273
subgraph size: 25, train sample size: 500
split:  4
-161.501608608 -161.501608608 0.0 137.0 0.0
zero smooth test num:  90
train loglikelihood:-38.1989540605 test loglikelihood:-161.501608608
-161.622064796 -161.622064796 0.0 137.0 0.0
zero smooth test num:  90
train loglikelihood:-38.3210021332 test loglikelihood:-161.622064796
-162.33938725 -162.33938725 0.0 137.0 0.0
zero smooth test num:  90
train loglikelihood:-38.4518753138 test loglikelihood:-162.33938725
-162.734053423 -162.734053423 0.0 137.0 0.0
zero smooth test num:  90
train loglikelihood:-38.5907416836 test loglikelihood:-162.734053423
-161.045277298 -161.045277298 0.0 137.0 0.0
zero smooth test num:  90
train loglikelihood:-38.3119469904 test loglikelihood:-161.045277298
log likelihood: -138.067303089
log likelihood: -38.5498948889
log likelihood: -38.1989540605
original grammar count: 1892
added grammar count: 0
smooth count:0.0
train loglikelihood:-38.1989540605
test loglikelihood:-161.501608608
subgraph size: 25, train sample size: 500
split:  4
-142.809042557 -142.809042557 0.0 157.0 0.0
zero smooth test num:  91
train loglikelihood:-38.458731437 test loglikelihood:-142.809042557
-140.2148736 -140.2148736 0.0 157.0 0.0
zero smooth test num:  91
train loglikelihood:-38.0746647824 test loglikelihood:-140.2148736
-141.192185211 -141.192185211 0.0 157.0 0.0
zero smooth test num:  91
train loglikelihood:-38.2300295616 test loglikelihood:-141.192185211
-141.379825912 -141.379825912 0.0 157.0 0.0
zero smooth test num:  91
train loglikelihood:-38.2759532872 test loglikelihood:-141.379825912
-142.133911287 -142.133911287 0.0 157.0 0.0
zero smooth test num:  91
train loglikelihood:-38.212502547 test loglikelihood:-142.133911287
log likelihood: -141.454858207
log likelihood: -38.4034918373
log likelihood: -38.0746647824
original grammar count: 1892
added grammar count: 0
smooth count:0.0
train loglikelihood:-38.0746647824
test loglikelihood:-140.2148736
subgraph size: 25, train sample size: 500
split:  4
-168.1714104 -168.1714104 0.0 142.0 0.0
zero smooth test num:  92
train loglikelihood:-38.5306881945 test loglikelihood:-168.1714104
-167.580656874 -167.580656874 0.0 142.0 0.0
zero smooth test num:  92
train loglikelihood:-38.4672838193 test loglikelihood:-167.580656874
-167.692564158 -167.692564158 0.0 142.0 0.0
zero smooth test num:  92
train loglikelihood:-38.3791457072 test loglikelihood:-167.692564158
-167.358547399 -167.358547399 0.0 142.0 0.0
zero smooth test num:  92
train loglikelihood:-38.4735606124 test loglikelihood:-167.358547399
-165.802292269 -165.802292269 0.0 142.0 0.0
zero smooth test num:  92
train loglikelihood:-38.2404365244 test loglikelihood:-165.802292269
log likelihood: -140.125575308
log likelihood: -38.48905293
log likelihood: -38.2404365244
original grammar count: 1892
added grammar count: 0
smooth count:0.0
train loglikelihood:-38.2404365244
test loglikelihood:-165.802292269
subgraph size: 25, train sample size: 500
split:  4
-170.875796 -170.875796 0.0 137.0 0.0
zero smooth test num:  93
train loglikelihood:-38.045051401 test loglikelihood:-170.875796
-169.990704284 -169.990704284 0.0 137.0 0.0
zero smooth test num:  93
train loglikelihood:-38.0248837789 test loglikelihood:-169.990704284
-173.605591255 -173.605591255 0.0 137.0 0.0
zero smooth test num:  93
train loglikelihood:-38.2029799047 test loglikelihood:-173.605591255
-170.961506395 -170.961506395 0.0 137.0 0.0
zero smooth test num:  93
train loglikelihood:-37.5399565819 test loglikelihood:-170.961506395
-176.227282577 -176.227282577 0.0 137.0 0.0
zero smooth test num:  93
train loglikelihood:-38.7199178741 test loglikelihood:-176.227282577
log likelihood: -155.779330111
log likelihood: -38.0812711906
log likelihood: -37.5399565819
original grammar count: 1892
added grammar count: 0
smooth count:0.0
train loglikelihood:-37.5399565819
test loglikelihood:-170.961506395
subgraph size: 25, train sample size: 500
split:  4
-164.775275097 -164.775275097 0.0 141.0 0.0
zero smooth test num:  94
train loglikelihood:-38.6541813374 test loglikelihood:-164.775275097
-159.553972166 -159.553972166 0.0 141.0 0.0
zero smooth test num:  94
train loglikelihood:-37.7489454321 test loglikelihood:-159.553972166
-161.264892624 -161.264892624 0.0 141.0 0.0
zero smooth test num:  94
train loglikelihood:-38.2775673182 test loglikelihood:-161.264892624
-160.669575526 -160.669575526 0.0 141.0 0.0
zero smooth test num:  94
train loglikelihood:-37.8260111794 test loglikelihood:-160.669575526
-160.874467672 -160.874467672 0.0 141.0 0.0
zero smooth test num:  94
train loglikelihood:-37.96341401 test loglikelihood:-160.874467672
log likelihood: -138.849217618
log likelihood: -38.1959441026
log likelihood: -37.7489454321
original grammar count: 1892
added grammar count: 0
smooth count:0.0
train loglikelihood:-37.7489454321
test loglikelihood:-159.553972166
subgraph size: 25, train sample size: 500
split:  4
-155.367659145 -155.367659145 0.0 150.0 0.0
zero smooth test num:  95
train loglikelihood:-38.017980248 test loglikelihood:-155.367659145
-152.487454361 -152.487454361 0.0 150.0 0.0
zero smooth test num:  95
train loglikelihood:-37.8058451291 test loglikelihood:-152.487454361
-153.76809522 -153.76809522 0.0 150.0 0.0
zero smooth test num:  95
train loglikelihood:-37.9642711906 test loglikelihood:-153.76809522
-151.17310431 -151.17310431 0.0 150.0 0.0
zero smooth test num:  95
train loglikelihood:-37.5822200225 test loglikelihood:-151.17310431
-157.45246217 -157.45246217 0.0 150.0 0.0
zero smooth test num:  95
train loglikelihood:-38.5486247063 test loglikelihood:-157.45246217
log likelihood: -147.962880913
log likelihood: -38.1000563914
log likelihood: -37.5822200225
original grammar count: 1892
added grammar count: 0
smooth count:0.0
train loglikelihood:-37.5822200225
test loglikelihood:-151.17310431
subgraph size: 25, train sample size: 500
split:  4
-156.315520074 -156.315520074 0.0 153.0 0.0
zero smooth test num:  96
train loglikelihood:-37.7835692151 test loglikelihood:-156.315520074
-160.566571091 -160.566571091 0.0 153.0 0.0
zero smooth test num:  96
train loglikelihood:-38.5283592133 test loglikelihood:-160.566571091
-160.561763374 -160.561763374 0.0 153.0 0.0
zero smooth test num:  96
train loglikelihood:-38.5538252522 test loglikelihood:-160.561763374
-156.668414782 -156.668414782 0.0 153.0 0.0
zero smooth test num:  96
train loglikelihood:-37.6955452808 test loglikelihood:-156.668414782
-158.774143428 -158.774143428 0.0 153.0 0.0
zero smooth test num:  96
train loglikelihood:-37.7376944284 test loglikelihood:-158.774143428
log likelihood: -154.232520154
log likelihood: -38.0996917244
log likelihood: -37.6955452808
original grammar count: 1892
added grammar count: 0
smooth count:0.0
train loglikelihood:-37.6955452808
test loglikelihood:-156.668414782
subgraph size: 25, train sample size: 500
split:  4
-153.360907006 -153.360907006 0.0 157.0 0.0
zero smooth test num:  97
train loglikelihood:-38.5056477189 test loglikelihood:-153.360907006
-153.058208053 -153.058208053 0.0 157.0 0.0
zero smooth test num:  97
train loglikelihood:-38.4313165139 test loglikelihood:-153.058208053
-152.307626798 -152.307626798 0.0 157.0 0.0
zero smooth test num:  97
train loglikelihood:-38.3849312388 test loglikelihood:-152.307626798
-151.96079909 -151.96079909 0.0 157.0 0.0
zero smooth test num:  97
train loglikelihood:-38.2875487827 test loglikelihood:-151.96079909
-152.009564033 -152.009564033 0.0 157.0 0.0
zero smooth test num:  97
train loglikelihood:-38.1816943349 test loglikelihood:-152.009564033
log likelihood: -134.331434466
log likelihood: -38.5038120944
log likelihood: -38.1816943349
original grammar count: 1892
added grammar count: 0
smooth count:0.0
train loglikelihood:-38.1816943349
test loglikelihood:-152.009564033
subgraph size: 25, train sample size: 500
split:  4
-141.373791167 -141.373791167 0.0 149.0 0.0
zero smooth test num:  98
train loglikelihood:-38.4783548214 test loglikelihood:-141.373791167
-139.851029549 -139.851029549 0.0 149.0 0.0
zero smooth test num:  98
train loglikelihood:-37.9594217457 test loglikelihood:-139.851029549
-142.04911335 -142.04911335 0.0 149.0 0.0
zero smooth test num:  98
train loglikelihood:-38.6044563208 test loglikelihood:-142.04911335
-142.177238246 -142.177238246 0.0 149.0 0.0
zero smooth test num:  98
train loglikelihood:-38.6294730864 test loglikelihood:-142.177238246
-137.400949176 -137.400949176 0.0 149.0 0.0
zero smooth test num:  98
train loglikelihood:-37.8022062245 test loglikelihood:-137.400949176
log likelihood: -134.350255667
log likelihood: -38.2691393061
log likelihood: -37.8022062245
original grammar count: 1892
added grammar count: 0
smooth count:0.0
train loglikelihood:-37.8022062245
test loglikelihood:-137.400949176
subgraph size: 25, train sample size: 500
split:  4
-180.165193114 -180.165193114 0.0 140.0 0.0
zero smooth test num:  99
train loglikelihood:-38.4329415928 test loglikelihood:-180.165193114
-180.207046097 -180.207046097 0.0 140.0 0.0
zero smooth test num:  99
train loglikelihood:-37.900463416 test loglikelihood:-180.207046097
-181.071210569 -181.071210569 0.0 140.0 0.0
zero smooth test num:  99
train loglikelihood:-38.3647832528 test loglikelihood:-181.071210569
-177.32498757 -177.32498757 0.0 140.0 0.0
zero smooth test num:  99
train loglikelihood:-38.2749101758 test loglikelihood:-177.32498757
-180.061214045 -180.061214045 0.0 140.0 0.0
zero smooth test num:  99
train loglikelihood:-37.8921849888 test loglikelihood:-180.061214045
log likelihood: -142.789878005
log likelihood: -38.3413404093
log likelihood: -37.8921849888
original grammar count: 1892
added grammar count: 0
smooth count:0.0
train loglikelihood:-37.8921849888
test loglikelihood:-180.061214045
